2026-02-01T02:10:47+00:00 INFO ENVIRONMENT: array (
  'WP_User' => 'Guest (non logged-in user)',
  'HTTP_REFERER' => '--',
  'HTTP_USER_AGENT' => 'Mozilla/5.0 (Windows NT 10.0; Win64; x64) AppleWebKit/537.36 (KHTML, like Gecko) Chrome/133.0.0.0 Safari/537.36',
  'REQUEST_URI' => '/product/california-tobiko-roll/?add-to-cart=398',
  'DOING_AJAX' => false,
  'DOING_CRON' => false,
  'WP_CLI' => false,
)
2026-02-01T02:10:47+00:00 INFO REQUEST GET https://public-api.wordpress.com/wpcom/v2/sites/%s/wcpay/currency/rates?test_mode=0&currency_from=gbp
2026-02-01T02:10:47+00:00 INFO HEADERS: array (
  'Content-Type' => 'application/json; charset=utf-8',
  'User-Agent' => 'WooCommerce Payments/8.6.0',
)
2026-02-01T02:10:47+00:00 INFO RESPONSE: array (
  'AED' => 5.0283870000000003841478246613405644893646240234375,
  'AFN' => 88.99799799999999549982021562755107879638671875,
  'ALL' => 111.62884900000000243380782194435596466064453125,
  'AMD' => 523.0977020000000266009010374546051025390625,
  'ANG' => 2.4508679999999998244675225578248500823974609375,
  'AOA' => 1255.556385000000091167748905718326568603515625,
  'ARS' => 1984.409535999999889099854044616222381591796875,
  'AUD' => 1.9672419999999999351558699345332570374011993408203125,
  'AWG' => 2.46627099999999988000354278483428061008453369140625,
  'AZN' => 2.327640000000000153335122377029620110988616943359375,
  'BAM' => 2.258433999999999830521346666500903666019439697265625,
  'BBD' => 2.738399999999999945288209346472285687923431396484375,
  'BDT' => 167.345808000000005222318577580153942108154296875,
  'BGN' => 2.2597550000000001801936377887614071369171142578125,
  'BHD' => 0.51757299999999994977173400911851786077022552490234375,
  'BIF' => 4059.67794999999978244886733591556549072265625,
  'BMD' => 1.3691999999999999726441046732361428439617156982421875,
  'BND' => 1.7342839999999999367474856626358814537525177001953125,
  'BOB' => 9.4629919999999998481143848039209842681884765625,
  'BRL' => 7.20021199999999961249841362587176263332366943359375,
  'BSD' => 1.3691999999999999726441046732361428439617156982421875,
  'BTC' => 1.69999999999999998659926114807916519566788338124752044677734375E-5,
  'BTN' => 126.7092650000000020327206584624946117401123046875,
  'BWP' => 18.054382000000000374484443455003201961517333984375,
  'BYN' => 3.930029999999999912319026407203637063503265380859375,
  'BZD' => 2.754204000000000096548546935082413256168365478515625,
  'CAD' => 1.8654669999999999863149469092604704201221466064453125,
  'CDF' => 3174.9617859999998472630977630615234375,
  'CHF' => 1.057900000000000062527760746888816356658935546875,
  'CLF' => 0.03004400000000000126032517755447770468890666961669921875,
  'CLP' => 1186.315941999999949985067360103130340576171875,
  'CNH' => 9.525249999999999772626324556767940521240234375,
  'CNY' => 9.5183359999999996858832673751749098300933837890625,
  'COP' => 5024.6066810000002078595571219921112060546875,
  'CRC' => 678.121390000000019426806829869747161865234375,
  'CUC' => 1.3691999999999999726441046732361428439617156982421875,
  'CUP' => 35.256900000000001682565198279917240142822265625,
  'CVE' => 127.3275430000000056907083489932119846343994140625,
  'CZK' => 28.10762199999999921828930382616817951202392578125,
  'DJF' => 245.705865999999986115653882734477519989013671875,
  'DKK' => 8.6284240000000007597691364935599267482757568359375,
  'DOP' => 85.9172989999999998644852894358336925506591796875,
  'DZD' => 177.51875899999998864586814306676387786865234375,
  'EGP' => 64.25299499999999852661858312785625457763671875,
  'ERN' => 20.538000000000000255795384873636066913604736328125,
  'ETB' => 214.348172000000005255060386843979358673095703125,
  'EUR' => 1.1550789999999999668744976588641293346881866455078125,
  'FJD' => 3.018606999999999818129481354844756424427032470703125,
  'FKP' => 1,
  'GBP' => 1,
  'GEL' => 3.689993999999999996219912645756267011165618896484375,
  'GGP' => 1,
  'GHS' => 14.9858940000000000480895323562435805797576904296875,
  'GIP' => 1,
  'GMD' => 99.9515999999999991132426657713949680328369140625,
  'GNF' => 11980.499853999999686493538320064544677734375,
  'GTQ' => 10.503612000000000392674337490461766719818115234375,
  'GYD' => 286.502784000000019659637473523616790771484375,
  'HKD' => 10.693383000000000748741513234563171863555908203125,
  'HNL' => 36.22903099999999909641701378859579563140869140625,
  'HRK' => 8.70527799999999984947862685658037662506103515625,
  'HTG' => 179.216672999999985904651111923158168792724609375,
  'HUF' => 440.4442510000000083891791291534900665283203125,
  'IDR' => 22966.275920000000041909515857696533203125,
  'ILS' => 4.2316839999999995569623933988623321056365966796875,
  'IMP' => 1,
  'INR' => 125.5317459999999982755980454385280609130859375,
  'IQD' => 1807.7353450000000520958565175533294677734375,
  'IRR' => 57624.1504970000023604370653629302978515625,
  'ISK' => 167.466849999999993769961292855441570281982421875,
  'JEP' => 1,
  'JMD' => 214.595633999999989782736520282924175262451171875,
  'JOD' => 0.9707630000000000425330881625995971262454986572265625,
  'JPY' => 211.8768509999999878345988690853118896484375,
  'KES' => 176.626798000000007959897629916667938232421875,
  'KGS' => 119.73653899999999339343048632144927978515625,
  'KHR' => 5548.5270289999998567509464919567108154296875,
  'KMF' => 568.217703000000028623617254197597503662109375,
  'KPW' => 1232.279984999999896899680607020854949951171875,
  'KRW' => 1986.421644000000014784745872020721435546875,
  'KWD' => 0.42023500000000002518873998269555158913135528564453125,
  'KYD' => 1.141010000000000079722894952283240854740142822265625,
  'KZT' => 688.7459589999999707288225181400775909423828125,
  'LAK' => 29437.79964100000142934732139110565185546875,
  'LBP' => 123518.291553000002750195562839508056640625,
  'LKR' => 423.49523900000002640808816067874431610107421875,
  'LRD' => 253.64424900000000207000994123518466949462890625,
  'LSL' => 21.908677000000000845147951622493565082550048828125,
  'LYD' => 8.65825099999999991950971889309585094451904296875,
  'MAD' => 12.5162420000000000896989149623550474643707275390625,
  'MDL' => 23.207992999999998318116922746412456035614013671875,
  'MGA' => 6166.3005960000000413856469094753265380859375,
  'MKD' => 71.1724889999999987821865943260490894317626953125,
  'MMK' => 2875.18304500000022017047740519046783447265625,
  'MNT' => 4874.3519409999998970306478440761566162109375,
  'MOP' => 11.0121850000000005564970706473104655742645263671875,
  'MUR' => 62.202753000000001293301465921103954315185546875,
  'MVR' => 21.167832000000000647332853986881673336029052734375,
  'MWK' => 2378.30037099999981364817358553409576416015625,
  'MXN' => 23.914446999999999121655491762794554233551025390625,
  'MYR' => 5.3973870000000001567741492181085050106048583984375,
  'MZN' => 87.3001880000000056725184549577534198760986328125,
  'NAD' => 21.908677999999998320390659500844776630401611328125,
  'NGN' => 1898.368392999999969106283970177173614501953125,
  'NIO' => 50.2496390000000019426806829869747161865234375,
  'NOK' => 13.2031960000000001542730387882329523563385009765625,
  'NPR' => 202.735577000000006364643923006951808929443359375,
  'NZD' => 2.274040999999999979053200149792246520519256591796875,
  'OMR' => 0.5272989999999999621849156028474681079387664794921875,
  'PAB' => 1.3691999999999999726441046732361428439617156982421875,
  'PEN' => 4.61328799999999983327825248125009238719940185546875,
  'PGK' => 5.85264499999999987522869560052640736103057861328125,
  'PHP' => 80.642461999999994759491528384387493133544921875,
  'PKR' => 383.1278459999999768115230835974216461181640625,
  'PLN' => 4.86880600000000018923174138762988150119781494140625,
  'PYG' => 9242.55415100000027450732886791229248046875,
  'QAR' => 4.98532599999999970208364175050519406795501708984375,
  'RON' => 5.8874230000000000728732629795558750629425048828125,
  'RSD' => 135.43304699999998774728737771511077880859375,
  'RUB' => 104.2107740000000006830305210314691066741943359375,
  'RWF' => 1988.07837599999993472010828554630279541015625,
  'SAR' => 5.13599300000000003052491592825390398502349853515625,
  'SBD' => 11.024269000000000318095771945081651210784912109375,
  'SCR' => 19.8757260000000002264641807414591312408447265625,
  'SDG' => 823.5737900000000308864400722086429595947265625,
  'SEK' => 12.2206580000000002428350853733718395233154296875,
  'SGD' => 1.738747000000000042518877307884395122528076171875,
  'SHP' => 1,
  'SLL' => 28711.439050000000861473381519317626953125,
  'SOS' => 788.5721859999999878709786571562290191650390625,
  'SRD' => 52.09874400000000349564288626424968242645263671875,
  'SSP' => 178.3519900000000006912159733474254608154296875,
  'STD' => 30508.24018799999976181425154209136962890625,
  'SVC' => 11.981925000000000380850906367413699626922607421875,
  'SYP' => 17802.338182999999844469130039215087890625,
  'SZL' => 21.901979000000000752379492041654884815216064453125,
  'THB' => 43.2027590000000003556124283932149410247802734375,
  'TJS' => 12.78347899999999981446308083832263946533203125,
  'TMT' => 4.79220000000000023732127374387346208095550537109375,
  'TND' => 3.895373999999999892196456130477599799633026123046875,
  'TOP' => 3.29670500000000021856294551980681717395782470703125,
  'TRY' => 59.54568499999999886540535953827202320098876953125,
  'TTD' => 9.297959999999999780584403197281062602996826171875,
  'TWD' => 43.26398100000000113141140900552272796630859375,
  'TZS' => 3525.68995700000004944740794599056243896484375,
  'UAH' => 59.1389300000000019963408703915774822235107421875,
  'UGX' => 4933.0730819999998857383616268634796142578125,
  'USD' => 1.3691999999999999726441046732361428439617156982421875,
  'UYU' => 53.13021599999999722285792813636362552642822265625,
  'UZS' => 16868.3914020000011078082025051116943359375,
  'VND' => 35455.43356700000003911554813385009765625,
  'VUV' => 166.08395799999999553620000369846820831298828125,
  'WST' => 3.789671999999999929542582322028465569019317626953125,
  'XAF' => 757.6824769999999489300535060465335845947265625,
  'XAG' => 0.01297500000000000042188474935755948536098003387451171875,
  'XAU' => 0.0002790000000000000053741733285761483784881420433521270751953125,
  'XCD' => 3.700330999999999814775719642057083547115325927734375,
  'XDR' => 0.94203800000000004200018111077952198684215545654296875,
  'XOF' => 757.6824769999999489300535060465335845947265625,
  'XPD' => 0.00067800000000000000023592239273284576484002172946929931640625,
  'XPF' => 137.83764800000000150248524732887744903564453125,
  'XPT' => 0.00052800000000000004048150703539477035519666969776153564453125,
  'YER' => 326.3145359999999755018507130444049835205078125,
  'ZAR' => 22.103666000000000479985828860662877559661865234375,
  'ZMW' => 27.078686999999998619159669033251702785491943359375,
  'ZWL' => 440.8823949999999740612111054360866546630859375,
)
2026-02-01T09:09:48+00:00 INFO ENVIRONMENT: array (
  'WP_User' => 'Guest (non logged-in user)',
  'HTTP_REFERER' => '--',
  'HTTP_USER_AGENT' => 'Mozilla/5.0 (Windows NT 10.0; Win64; x64) AppleWebKit/537.36 (KHTML, like Gecko) Chrome/106.0.5249.119 Safari/537.36',
  'REQUEST_URI' => '/product/green-dragon-roll?add-to-cart=425',
  'DOING_AJAX' => false,
  'DOING_CRON' => false,
  'WP_CLI' => false,
)
2026-02-01T09:09:48+00:00 INFO REQUEST GET https://public-api.wordpress.com/wpcom/v2/sites/%s/wcpay/currency/rates?test_mode=0&currency_from=gbp
2026-02-01T09:09:48+00:00 INFO HEADERS: array (
  'Content-Type' => 'application/json; charset=utf-8',
  'User-Agent' => 'WooCommerce Payments/8.6.0',
)
2026-02-01T09:09:49+00:00 INFO RESPONSE: array (
  'AED' => 5.0283870000000003841478246613405644893646240234375,
  'AFN' => 88.99799799999999549982021562755107879638671875,
  'ALL' => 111.62884900000000243380782194435596466064453125,
  'AMD' => 523.0977020000000266009010374546051025390625,
  'ANG' => 2.4508679999999998244675225578248500823974609375,
  'AOA' => 1255.556385000000091167748905718326568603515625,
  'ARS' => 1984.409535999999889099854044616222381591796875,
  'AUD' => 1.9672419999999999351558699345332570374011993408203125,
  'AWG' => 2.46627099999999988000354278483428061008453369140625,
  'AZN' => 2.327640000000000153335122377029620110988616943359375,
  'BAM' => 2.258433999999999830521346666500903666019439697265625,
  'BBD' => 2.738399999999999945288209346472285687923431396484375,
  'BDT' => 167.345808000000005222318577580153942108154296875,
  'BGN' => 2.2597550000000001801936377887614071369171142578125,
  'BHD' => 0.51757299999999994977173400911851786077022552490234375,
  'BIF' => 4059.67794999999978244886733591556549072265625,
  'BMD' => 1.3691999999999999726441046732361428439617156982421875,
  'BND' => 1.7342839999999999367474856626358814537525177001953125,
  'BOB' => 9.4629919999999998481143848039209842681884765625,
  'BRL' => 7.20021199999999961249841362587176263332366943359375,
  'BSD' => 1.3691999999999999726441046732361428439617156982421875,
  'BTC' => 1.69999999999999998659926114807916519566788338124752044677734375E-5,
  'BTN' => 126.7092650000000020327206584624946117401123046875,
  'BWP' => 18.054382000000000374484443455003201961517333984375,
  'BYN' => 3.930029999999999912319026407203637063503265380859375,
  'BZD' => 2.754204000000000096548546935082413256168365478515625,
  'CAD' => 1.8654669999999999863149469092604704201221466064453125,
  'CDF' => 3174.9617859999998472630977630615234375,
  'CHF' => 1.057900000000000062527760746888816356658935546875,
  'CLF' => 0.03004400000000000126032517755447770468890666961669921875,
  'CLP' => 1186.315941999999949985067360103130340576171875,
  'CNH' => 9.525249999999999772626324556767940521240234375,
  'CNY' => 9.5183359999999996858832673751749098300933837890625,
  'COP' => 5024.6066810000002078595571219921112060546875,
  'CRC' => 678.121390000000019426806829869747161865234375,
  'CUC' => 1.3691999999999999726441046732361428439617156982421875,
  'CUP' => 35.256900000000001682565198279917240142822265625,
  'CVE' => 127.3275430000000056907083489932119846343994140625,
  'CZK' => 28.10762199999999921828930382616817951202392578125,
  'DJF' => 245.705865999999986115653882734477519989013671875,
  'DKK' => 8.6284240000000007597691364935599267482757568359375,
  'DOP' => 85.9172989999999998644852894358336925506591796875,
  'DZD' => 177.51875899999998864586814306676387786865234375,
  'EGP' => 64.25299499999999852661858312785625457763671875,
  'ERN' => 20.538000000000000255795384873636066913604736328125,
  'ETB' => 214.348172000000005255060386843979358673095703125,
  'EUR' => 1.1550789999999999668744976588641293346881866455078125,
  'FJD' => 3.018606999999999818129481354844756424427032470703125,
  'FKP' => 1,
  'GBP' => 1,
  'GEL' => 3.689993999999999996219912645756267011165618896484375,
  'GGP' => 1,
  'GHS' => 14.9858940000000000480895323562435805797576904296875,
  'GIP' => 1,
  'GMD' => 99.9515999999999991132426657713949680328369140625,
  'GNF' => 11980.499853999999686493538320064544677734375,
  'GTQ' => 10.503612000000000392674337490461766719818115234375,
  'GYD' => 286.502784000000019659637473523616790771484375,
  'HKD' => 10.693383000000000748741513234563171863555908203125,
  'HNL' => 36.22903099999999909641701378859579563140869140625,
  'HRK' => 8.70527799999999984947862685658037662506103515625,
  'HTG' => 179.216672999999985904651111923158168792724609375,
  'HUF' => 440.4442510000000083891791291534900665283203125,
  'IDR' => 22966.275920000000041909515857696533203125,
  'ILS' => 4.2316839999999995569623933988623321056365966796875,
  'IMP' => 1,
  'INR' => 125.5317459999999982755980454385280609130859375,
  'IQD' => 1807.7353450000000520958565175533294677734375,
  'IRR' => 57624.1504970000023604370653629302978515625,
  'ISK' => 167.466849999999993769961292855441570281982421875,
  'JEP' => 1,
  'JMD' => 214.595633999999989782736520282924175262451171875,
  'JOD' => 0.9707630000000000425330881625995971262454986572265625,
  'JPY' => 211.8768509999999878345988690853118896484375,
  'KES' => 176.626798000000007959897629916667938232421875,
  'KGS' => 119.73653899999999339343048632144927978515625,
  'KHR' => 5548.5270289999998567509464919567108154296875,
  'KMF' => 568.217703000000028623617254197597503662109375,
  'KPW' => 1232.279984999999896899680607020854949951171875,
  'KRW' => 1986.421644000000014784745872020721435546875,
  'KWD' => 0.42023500000000002518873998269555158913135528564453125,
  'KYD' => 1.141010000000000079722894952283240854740142822265625,
  'KZT' => 688.7459589999999707288225181400775909423828125,
  'LAK' => 29437.79964100000142934732139110565185546875,
  'LBP' => 123518.291553000002750195562839508056640625,
  'LKR' => 423.49523900000002640808816067874431610107421875,
  'LRD' => 253.64424900000000207000994123518466949462890625,
  'LSL' => 21.908677000000000845147951622493565082550048828125,
  'LYD' => 8.65825099999999991950971889309585094451904296875,
  'MAD' => 12.5162420000000000896989149623550474643707275390625,
  'MDL' => 23.207992999999998318116922746412456035614013671875,
  'MGA' => 6166.3005960000000413856469094753265380859375,
  'MKD' => 71.1724889999999987821865943260490894317626953125,
  'MMK' => 2875.18304500000022017047740519046783447265625,
  'MNT' => 4874.3519409999998970306478440761566162109375,
  'MOP' => 11.0121850000000005564970706473104655742645263671875,
  'MUR' => 62.202753000000001293301465921103954315185546875,
  'MVR' => 21.167832000000000647332853986881673336029052734375,
  'MWK' => 2378.30037099999981364817358553409576416015625,
  'MXN' => 23.914446999999999121655491762794554233551025390625,
  'MYR' => 5.3973870000000001567741492181085050106048583984375,
  'MZN' => 87.3001880000000056725184549577534198760986328125,
  'NAD' => 21.908677999999998320390659500844776630401611328125,
  'NGN' => 1898.368392999999969106283970177173614501953125,
  'NIO' => 50.2496390000000019426806829869747161865234375,
  'NOK' => 13.2031960000000001542730387882329523563385009765625,
  'NPR' => 202.735577000000006364643923006951808929443359375,
  'NZD' => 2.274040999999999979053200149792246520519256591796875,
  'OMR' => 0.5272989999999999621849156028474681079387664794921875,
  'PAB' => 1.3691999999999999726441046732361428439617156982421875,
  'PEN' => 4.61328799999999983327825248125009238719940185546875,
  'PGK' => 5.85264499999999987522869560052640736103057861328125,
  'PHP' => 80.642461999999994759491528384387493133544921875,
  'PKR' => 383.1278459999999768115230835974216461181640625,
  'PLN' => 4.86880600000000018923174138762988150119781494140625,
  'PYG' => 9242.55415100000027450732886791229248046875,
  'QAR' => 4.98532599999999970208364175050519406795501708984375,
  'RON' => 5.8874230000000000728732629795558750629425048828125,
  'RSD' => 135.43304699999998774728737771511077880859375,
  'RUB' => 104.2107740000000006830305210314691066741943359375,
  'RWF' => 1988.07837599999993472010828554630279541015625,
  'SAR' => 5.13599300000000003052491592825390398502349853515625,
  'SBD' => 11.024269000000000318095771945081651210784912109375,
  'SCR' => 19.8757260000000002264641807414591312408447265625,
  'SDG' => 823.5737900000000308864400722086429595947265625,
  'SEK' => 12.2206580000000002428350853733718395233154296875,
  'SGD' => 1.738747000000000042518877307884395122528076171875,
  'SHP' => 1,
  'SLL' => 28711.439050000000861473381519317626953125,
  'SOS' => 788.5721859999999878709786571562290191650390625,
  'SRD' => 52.09874400000000349564288626424968242645263671875,
  'SSP' => 178.3519900000000006912159733474254608154296875,
  'STD' => 30508.24018799999976181425154209136962890625,
  'SVC' => 11.981925000000000380850906367413699626922607421875,
  'SYP' => 17802.338182999999844469130039215087890625,
  'SZL' => 21.901979000000000752379492041654884815216064453125,
  'THB' => 43.2064060000000011996235116384923458099365234375,
  'TJS' => 12.78347899999999981446308083832263946533203125,
  'TMT' => 4.79220000000000023732127374387346208095550537109375,
  'TND' => 3.895373999999999892196456130477599799633026123046875,
  'TOP' => 3.29670500000000021856294551980681717395782470703125,
  'TRY' => 59.54568499999999886540535953827202320098876953125,
  'TTD' => 9.297959999999999780584403197281062602996826171875,
  'TWD' => 43.26398100000000113141140900552272796630859375,
  'TZS' => 3525.68995700000004944740794599056243896484375,
  'UAH' => 59.1389300000000019963408703915774822235107421875,
  'UGX' => 4933.0730819999998857383616268634796142578125,
  'USD' => 1.3691999999999999726441046732361428439617156982421875,
  'UYU' => 53.13021599999999722285792813636362552642822265625,
  'UZS' => 16868.3914020000011078082025051116943359375,
  'VND' => 35455.43356700000003911554813385009765625,
  'VUV' => 166.08395799999999553620000369846820831298828125,
  'WST' => 3.789671999999999929542582322028465569019317626953125,
  'XAF' => 757.6824769999999489300535060465335845947265625,
  'XAG' => 0.01297500000000000042188474935755948536098003387451171875,
  'XAU' => 0.0002790000000000000053741733285761483784881420433521270751953125,
  'XCD' => 3.700330999999999814775719642057083547115325927734375,
  'XDR' => 0.94203800000000004200018111077952198684215545654296875,
  'XOF' => 757.6824769999999489300535060465335845947265625,
  'XPD' => 0.00067800000000000000023592239273284576484002172946929931640625,
  'XPF' => 137.83764800000000150248524732887744903564453125,
  'XPT' => 0.00052800000000000004048150703539477035519666969776153564453125,
  'YER' => 326.3145359999999755018507130444049835205078125,
  'ZAR' => 22.103666000000000479985828860662877559661865234375,
  'ZMW' => 27.078686999999998619159669033251702785491943359375,
  'ZWL' => 440.8823949999999740612111054360866546630859375,
)
2026-02-01T14:25:20+00:00 INFO ENVIRONMENT: array (
  'WP_User' => 'Guest (non logged-in user)',
  'HTTP_REFERER' => '--',
  'HTTP_USER_AGENT' => 'WP Rocket/Preload',
  'REQUEST_URI' => '/product/prown-bowl/',
  'DOING_AJAX' => false,
  'DOING_CRON' => false,
  'WP_CLI' => false,
)
2026-02-01T14:25:20+00:00 INFO REQUEST GET https://public-api.wordpress.com/wpcom/v2/sites/%s/wcpay/disputes?test_mode=0&pagesize=50&search%5B0%5D=warning_needs_response&search%5B1%5D=needs_response
2026-02-01T14:25:20+00:00 INFO HEADERS: array (
  'Content-Type' => 'application/json; charset=utf-8',
  'User-Agent' => 'WooCommerce Payments/8.6.0',
)
2026-02-01T14:25:20+00:00 INFO RESPONSE: array (
  'data' => 
  array (
  ),
)
2026-02-01T15:11:46+00:00 INFO ENVIRONMENT: array (
  'WP_User' => 'Guest (non logged-in user)',
  'HTTP_REFERER' => '--',
  'HTTP_USER_AGENT' => '--',
  'REQUEST_URI' => '/.trash7309/f/',
  'DOING_AJAX' => false,
  'DOING_CRON' => false,
  'WP_CLI' => false,
)
2026-02-01T15:11:46+00:00 INFO REQUEST GET https://public-api.wordpress.com/wpcom/v2/sites/%s/wcpay/currency/rates?test_mode=0&currency_from=gbp
2026-02-01T15:11:46+00:00 INFO HEADERS: array (
  'Content-Type' => 'application/json; charset=utf-8',
  'User-Agent' => 'WooCommerce Payments/8.6.0',
)
2026-02-01T15:11:47+00:00 INFO RESPONSE: array (
  'AED' => 5.05354300000000034032154871965758502483367919921875,
  'AFN' => 89.4432469999999995025063981302082538604736328125,
  'ALL' => 112.21287100000000691579771228134632110595703125,
  'AMD' => 525.8345789999999624342308379709720611572265625,
  'ANG' => 2.463128999999999901859837336814962327480316162109375,
  'AOA' => 1261.83781399999998029670678079128265380859375,
  'ARS' => 2002.925625000000081854523159563541412353515625,
  'AUD' => 1.9765159999999999396180783151066862046718597412109375,
  'AWG' => 2.480329999999999923687710179365240037441253662109375,
  'AZN' => 2.339284999999999836717279322328977286815643310546875,
  'BAM' => 2.270258999999999804941808179137296974658966064453125,
  'BBD' => 2.752099999999999990762944435118697583675384521484375,
  'BDT' => 169.4975259999999934734660200774669647216796875,
  'BGN' => 2.271059999999999856612475923611782491207122802734375,
  'BHD' => 0.52212000000000002852829084076802246272563934326171875,
  'BIF' => 4108.3554830000002766610123217105865478515625,
  'BMD' => 1.3760499999999999953814722175593487918376922607421875,
  'BND' => 1.7562130000000000240589770328369922935962677001953125,
  'BOB' => 9.58458399999999954843588056974112987518310546875,
  'BRL' => 7.236233999999999610963641316629946231842041015625,
  'BSD' => 1.3760499999999999953814722175593487918376922607421875,
  'BTC' => 1.800000000000000045601543374740316494353464804589748382568359375E-5,
  'BTN' => 127.372712000000007037670002318918704986572265625,
  'BWP' => 18.148838999999998833345671300776302814483642578125,
  'BYN' => 3.95060799999999989751131579396314918994903564453125,
  'BZD' => 2.789592999999999989313437254168093204498291015625,
  'CAD' => 1.8747990000000001042934627548675052821636199951171875,
  'CDF' => 3191.54826999999977488187141716480255126953125,
  'CHF' => 1.0631930000000000546833689440973103046417236328125,
  'CLF' => 0.0301949999999999996180832795289461500942707061767578125,
  'CLP' => 1201.813276000000087151420302689075469970703125,
  'CNH' => 9.5729039999999994137169778696261346340179443359375,
  'CNY' => 9.565955999999999903593561612069606781005859375,
  'COP' => 5049.753356999999596155248582363128662109375,
  'CRC' => 686.8346330000000534710125066339969635009765625,
  'CUC' => 1.3760499999999999953814722175593487918376922607421875,
  'CUP' => 35.43328600000000250247467192821204662322998046875,
  'CVE' => 127.9937039999999939254848868586122989654541015625,
  'CZK' => 28.248242000000001183934728032909333705902099609375,
  'DJF' => 246.991370999999986679540597833693027496337890625,
  'DKK' => 8.671592000000000410864231525920331478118896484375,
  'DOP' => 87.3256860000000045829438022337853908538818359375,
  'DZD' => 179.130617999999998346538632176816463470458984375,
  'EGP' => 64.8947229999999990468495525419712066650390625,
  'ERN' => 20.640748999999999568899511359632015228271484375,
  'ETB' => 215.4696069999999963329173624515533447265625,
  'EUR' => 1.160930000000000017479351299698464572429656982421875,
  'FJD' => 3.0337089999999999889723767410032451152801513671875,
  'FKP' => 1,
  'GBP' => 1,
  'GEL' => 3.70845499999999983486986820935271680355072021484375,
  'GGP' => 1,
  'GHS' => 15.1946460000000005408082870417274534702301025390625,
  'GIP' => 1,
  'GMD' => 100.451648000000005822585080750286579132080078125,
  'GNF' => 12170.79884200000014971010386943817138671875,
  'GTQ' => 10.6385740000000001970192897715605795383453369140625,
  'GYD' => 290.1840770000000020445440895855426788330078125,
  'HKD' => 10.7482570000000006160689736134372651576995849609375,
  'HNL' => 36.60992900000000105364961200393736362457275390625,
  'HRK' => 8.7488290000000006330083124339580535888671875,
  'HTG' => 181.48187400000000479849404655396938323974609375,
  'HUF' => 444.92838999999997895429260097444057464599609375,
  'IDR' => 23081.17401299999983166344463825225830078125,
  'ILS' => 4.25285400000000013420731193036772310733795166015625,
  'IMP' => 1,
  'INR' => 126.176209999999997535269358195364475250244140625,
  'IQD' => 1817.090308999999933803337626159191131591796875,
  'IRR' => 57912.4386379999996279366314411163330078125,
  'ISK' => 168.313476000000008525603334419429302215576171875,
  'JEP' => 1,
  'JMD' => 217.356595999999996138285496272146701812744140625,
  'JOD' => 0.9756190000000000139834810397587716579437255859375,
  'JPY' => 212.964371999999997342456481419503688812255859375,
  'KES' => 179.0739770000000135041773319244384765625,
  'KGS' => 120.3355690000000066675056586973369121551513671875,
  'KHR' => 5576.2857819999999264837242662906646728515625,
  'KMF' => 571.060441999999966355971992015838623046875,
  'KPW' => 1238.444964000000027226633392274379730224609375,
  'KRW' => 1996.3732829999999012215994298458099365234375,
  'KWD' => 0.424265999999999976477482732661883346736431121826171875,
  'KYD' => 1.15590700000000001779199010343290865421295166015625,
  'KZT' => 697.5956720000000359505065716803073883056640625,
  'LAK' => 29849.15656700000181444920599460601806640625,
  'LBP' => 124228.5971450000070035457611083984375,
  'LKR' => 428.94418400000000701766111887991428375244140625,
  'LRD' => 250.009398000000004458343028090894222259521484375,
  'LSL' => 22.02329999999999898818714427761733531951904296875,
  'LYD' => 8.7035490000000006460822987719438970088958740234375,
  'MAD' => 12.5817250000000004916955731459893286228179931640625,
  'MDL' => 23.329412999999998845623849774710834026336669921875,
  'MGA' => 6198.5630119999996168189682066440582275390625,
  'MKD' => 71.550646999999997888153302483260631561279296875,
  'MMK' => 2889.5673120000001290463842451572418212890625,
  'MNT' => 4898.7378589999998439452610909938812255859375,
  'MOP' => 11.15396199999999993224264471791684627532958984375,
  'MUR' => 62.513947000000001708031049929559230804443359375,
  'MVR' => 21.273731999999998976136339479126036167144775390625,
  'MWK' => 2405.1325040000001536100171506404876708984375,
  'MXN' => 24.03408900000000159025148604996502399444580078125,
  'MYR' => 5.4243889999999996831547832698561251163482666015625,
  'MZN' => 87.73694199999999909778125584125518798828125,
  'NAD' => 22.02329999999999898818714427761733531951904296875,
  'NGN' => 1925.387778999999909501639194786548614501953125,
  'NIO' => 51.0396190000000018471837393008172512054443359375,
  'NOK' => 13.26924999999999954525264911353588104248046875,
  'NPR' => 203.79635300000001052467268891632556915283203125,
  'NZD' => 2.280682999999999793772076372988522052764892578125,
  'OMR' => 0.5311660000000000270148348135990090668201446533203125,
  'PAB' => 1.3760499999999999953814722175593487918376922607421875,
  'PEN' => 4.6374440000000003436753104324452579021453857421875,
  'PGK' => 5.93740399999999990399146554409526288509368896484375,
  'PHP' => 81.069986999999997578925103880465030670166015625,
  'PKR' => 388.05734499999999798092176206409931182861328125,
  'PLN' => 4.88399400000000039057113099261187016963958740234375,
  'PYG' => 9290.9443539999992935918271541595458984375,
  'QAR' => 5.05706599999999983907628120505250990390777587890625,
  'RON' => 5.91687700000000038613734432146884500980377197265625,
  'RSD' => 136.275899000000009664290701039135456085205078125,
  'RUB' => 105.0972770000000053869371186010539531707763671875,
  'RWF' => 2023.708495999999968262272886931896209716796875,
  'SAR' => 5.1625139999999998252633304218761622905731201171875,
  'SBD' => 11.0794219999999992154471328831277787685394287109375,
  'SCR' => 19.936333999999998667362888227216899394989013671875,
  'SDG' => 827.69405099999994490644894540309906005859375,
  'SEK' => 12.2817959999999999354258761741220951080322265625,
  'SGD' => 1.7457949999999999857180910112219862639904022216796875,
  'SHP' => 1,
  'SLL' => 28855.0796469999986584298312664031982421875,
  'SOS' => 792.6990409999999656065483577549457550048828125,
  'SRD' => 52.35938900000000018053469830192625522613525390625,
  'SSP' => 179.244268000000005258698365651071071624755859375,
  'STD' => 30660.870009999998728744685649871826171875,
  'SVC' => 12.13598400000000054888005251996219158172607421875,
  'SYP' => 17891.401587000000290572643280029296875,
  'SZL' => 22.016566999999998444081938941963016986846923828125,
  'THB' => 43.422562999999996691258274950087070465087890625,
  'TJS' => 12.9479520000000007939888746477663516998291015625,
  'TMT' => 4.81617500000000031690206014900468289852142333984375,
  'TND' => 3.985199000000000157939439304755069315433502197265625,
  'TOP' => 3.31319799999999986539478413760662078857421875,
  'TRY' => 59.740194000000002461092662997543811798095703125,
  'TTD' => 9.41743100000000055160853662528097629547119140625,
  'TWD' => 43.48042699999999882720658206380903720855712890625,
  'TZS' => 3571.6171690000001035514287650585174560546875,
  'UAH' => 59.44832999999999856299837119877338409423828125,
  'UGX' => 4958.853417000000263215042650699615478515625,
  'USD' => 1.3760499999999999953814722175593487918376922607421875,
  'UYU' => 53.39602099999999751389623270370066165924072265625,
  'UZS' => 16956.3188609999997424893081188201904296875,
  'VND' => 35694.7359760000035748817026615142822265625,
  'VUV' => 166.914860000000004447429091669619083404541015625,
  'WST' => 3.8086310000000000997033566818572580814361572265625,
  'XAF' => 761.5199619999999640640453435480594635009765625,
  'XAG' => 0.0130399999999999995081712000910556525923311710357666015625,
  'XAU' => 0.0002809999999999999997779553950749686919152736663818359375,
  'XCD' => 3.71884399999999981645260049845091998577117919921875,
  'XDR' => 0.94696700000000000319033688356284983456134796142578125,
  'XOF' => 761.5199619999999640640453435480594635009765625,
  'XPD' => 0.00068099999999999996473654118034346538479439914226531982421875,
  'XPF' => 138.535763000000002875822247005999088287353515625,
  'XPT' => 0.00053100000000000000498212582300538997515104711055755615234375,
  'YER' => 327.9470559999999750289134681224822998046875,
  'ZAR' => 22.214248999999998801513356738723814487457275390625,
  'ZMW' => 27.220355999999998886096364003606140613555908203125,
  'ZWL' => 443.0880869999999731589923612773418426513671875,
)
2026-02-01T15:12:06+00:00 INFO ENVIRONMENT: array (
  'WP_User' => 'Guest (non logged-in user)',
  'HTTP_REFERER' => '--',
  'HTTP_USER_AGENT' => '--',
  'REQUEST_URI' => '/wp-admin/',
  'DOING_AJAX' => false,
  'DOING_CRON' => false,
  'WP_CLI' => false,
)
2026-02-01T15:12:06+00:00 INFO REQUEST GET https://public-api.wordpress.com/wpcom/v2/sites/%s/wcpay/accounts?test_mode=0
2026-02-01T15:12:06+00:00 INFO HEADERS: array (
  'Content-Type' => 'application/json; charset=utf-8',
  'User-Agent' => 'WooCommerce Payments/8.6.0',
)
2026-02-01T15:12:09+00:00 INFO RESPONSE: array (
  'account_id' => 'acct_1QJjXwFt5S7zes6j',
  'email' => '(redacted)',
  'communications_email' => 'contactus@papapoke.co.uk',
  'live_publishable_key' => 'pk_live_51ETDmyFuiXB5oUVxaIafkGPnwuNcBxr1pXVhvLJ4BrWuiqfG6SldjatOGLQhuqXnDmgqwRA7tDoSFlbY4wFji7KR0079TvtxNs',
  'test_publishable_key' => 'pk_test_51ETDmyFuiXB5oUVxwSobQMW5Tno1GclIq7ePZWzLeW4q8oa7Zb8hI5VfwI5sNT5nXuKYinLukNvGCXmsQXAoDGHG00MqHqlYHR',
  'is_live' => true,
  'is_test_drive' => false,
  'created' => '2024-11-10 22:23:55',
  'has_pending_requirements' => false,
  'has_future_requirements' => false,
  'has_overdue_requirements' => false,
  'details_submitted' => true,
  'current_deadline' => NULL,
  'status' => 'complete',
  'capabilities' => 
  array (
    'card_payments' => 'active',
    'transfers' => 'active',
    'afterpay_clearpay_payments' => 'unrequested',
    'alipay_payments' => 'unrequested',
    'amazon_pay_payments' => 'unrequested',
    'bacs_debit_payments' => 'unrequested',
    'bancontact_payments' => 'unrequested',
    'bank_transfer_payments' => 'unrequested',
    'billie_payments' => 'unrequested',
    'cartes_bancaires_payments' => 'unrequested',
    'eps_payments' => 'unrequested',
    'gb_bank_transfer_payments' => 'unrequested',
    'ideal_payments' => 'unrequested',
    'kakao_pay_payments' => 'unrequested',
    'klarna' => 'unrequested',
    'klarna_payments' => 'unrequested',
    'kr_card_payments' => 'unrequested',
    'legacy_payments' => 'unrequested',
    'link_payments' => 'unrequested',
    'mb_way_payments' => 'unrequested',
    'multibanco_payments' => 'unrequested',
    'naver_pay_payments' => 'unrequested',
    'p24_payments' => 'unrequested',
    'pay_by_bank_payments' => 'unrequested',
    'payco_payments' => 'unrequested',
    'revolut_pay_payments' => 'unrequested',
    'samsung_pay_payments' => 'unrequested',
    'sepa_bank_transfer_payments' => 'unrequested',
    'sepa_debit_payments' => 'unrequested',
    'twint_payments' => 'unrequested',
    'us_bank_account_ach_payments' => 'unrequested',
    'us_bank_transfer_payments' => 'unrequested',
    'wechat_pay_payments' => 'unrequested',
  ),
  'capability_requirements' => 
  array (
    'afterpay_clearpay_payments' => 
    array (
    ),
    'alipay_payments' => 
    array (
      0 => 'business_profile.product_description',
    ),
    'amazon_pay_payments' => 
    array (
    ),
    'bacs_debit_payments' => 
    array (
    ),
    'bancontact_payments' => 
    array (
    ),
    'bank_transfer_payments' => 
    array (
    ),
    'billie_payments' => 
    array (
    ),
    'card_payments' => 
    array (
    ),
    'cartes_bancaires_payments' => 
    array (
    ),
    'eps_payments' => 
    array (
    ),
    'gb_bank_transfer_payments' => 
    array (
    ),
    'ideal_payments' => 
    array (
    ),
    'kakao_pay_payments' => 
    array (
    ),
    'klarna' => 
    array (
    ),
    'klarna_payments' => 
    array (
    ),
    'kr_card_payments' => 
    array (
    ),
    'legacy_payments' => 
    array (
    ),
    'link_payments' => 
    array (
    ),
    'mb_way_payments' => 
    array (
    ),
    'multibanco_payments' => 
    array (
    ),
    'naver_pay_payments' => 
    array (
    ),
    'p24_payments' => 
    array (
    ),
    'pay_by_bank_payments' => 
    array (
    ),
    'payco_payments' => 
    array (
    ),
    'revolut_pay_payments' => 
    array (
    ),
    'samsung_pay_payments' => 
    array (
    ),
    'sepa_bank_transfer_payments' => 
    array (
    ),
    'sepa_debit_payments' => 
    array (
    ),
    'transfers' => 
    array (
    ),
    'twint_payments' => 
    array (
    ),
    'us_bank_account_ach_payments' => 
    array (
    ),
    'us_bank_transfer_payments' => 
    array (
    ),
    'wechat_pay_payments' => 
    array (
      0 => 'business_profile.product_description',
    ),
  ),
  'payments_enabled' => true,
  'deposits' => 
  array (
    'status' => 'enabled',
    'restrictions' => 'deposits_unrestricted',
    'interval' => 'daily',
    'weekly_anchor' => '',
    'monthly_anchor' => NULL,
    'delay_days' => 3,
    'completed_waiting_period' => false,
    'minimum_manual_deposit_amounts' => 
    array (
      'aud' => 500,
      'bgn' => 100,
      'cad' => 500,
      'chf' => 500,
      'czk' => 3000,
      'dkk' => 5000,
      'eur' => 500,
      'gbp' => 500,
      'hkd' => 5000,
      'huf' => 36000,
      'nok' => 5000,
      'nzd' => 500,
      'jpy' => 50,
      'sek' => 5000,
      'sgd' => 500,
      'usd' => 500,
      'ron' => 500,
      'pln' => 500,
      'aed' => 200,
    ),
    'minimum_scheduled_deposit_amounts' => 
    array (
      'aed' => 200,
      'aud' => 0,
      'bgn' => 100,
      'cad' => 0,
      'chf' => 500,
      'czk' => 3000,
      'dkk' => 2000,
      'eur' => 100,
      'gbp' => 100,
      'hkd' => 0,
      'huf' => 36000,
      'jpy' => 1,
      'nok' => 2000,
      'nzd' => 0,
      'pln' => 500,
      'ron' => 500,
      'sek' => 2000,
      'sgd' => 100,
      'usd' => 0,
    ),
  ),
  'lifetime_total_payment_volume' => 0,
  'requirements' => 
  array (
    'errors' => 
    array (
    ),
  ),
  'statement_descriptor' => 'PAPA POKE',
  'statement_descriptor_kanji' => '',
  'statement_descriptor_kana' => '',
  'latest_tos_agreement' => 
  array (
    'date' => '2024-11-10 22:23:55',
    'source' => 'signup',
    'is_current_version' => true,
  ),
  'fees' => 
  array (
    'base' => 
    array (
      'percentage_rate' => 0.01499999999999999944488848768742172978818416595458984375,
      'fixed_rate' => 25,
      'currency' => 'gbp',
    ),
    'discount' => 
    array (
    ),
    'card' => 
    array (
      'base' => 
      array (
        'percentage_rate' => 0.01499999999999999944488848768742172978818416595458984375,
        'fixed_rate' => 25,
        'currency' => 'gbp',
      ),
      'additional' => 
      array (
        'percentage_rate' => 0.0200000000000000004163336342344337026588618755340576171875,
        'fixed_rate' => 0,
        'currency' => 'eur',
      ),
      'fx' => 
      array (
        'percentage_rate' => 0.0200000000000000004163336342344337026588618755340576171875,
        'fixed_rate' => 0,
        'currency' => 'gbp',
      ),
      'discount' => 
      array (
      ),
    ),
    'card_present' => 
    array (
      'base' => 
      array (
        'percentage_rate' => 0.01400000000000000029143354396410359186120331287384033203125,
        'fixed_rate' => 20,
        'currency' => 'gbp',
      ),
      'additional' => 
      array (
        'percentage_rate' => 0.0200000000000000004163336342344337026588618755340576171875,
        'fixed_rate' => 0,
        'currency' => 'gbp',
      ),
      'fx' => 
      array (
        'percentage_rate' => 0.0200000000000000004163336342344337026588618755340576171875,
        'fixed_rate' => 0,
        'currency' => 'gbp',
      ),
      'discount' => 
      array (
      ),
    ),
    'bancontact' => 
    array (
      'base' => 
      array (
        'percentage_rate' => 0.01400000000000000029143354396410359186120331287384033203125,
        'fixed_rate' => 20,
        'currency' => 'gbp',
      ),
      'additional' => 
      array (
        'percentage_rate' => 0,
        'fixed_rate' => 0,
        'currency' => 'gbp',
      ),
      'fx' => 
      array (
        'percentage_rate' => 0,
        'fixed_rate' => 0,
        'currency' => 'gbp',
      ),
      'discount' => 
      array (
      ),
    ),
    'eps' => 
    array (
      'base' => 
      array (
        'percentage_rate' => 0.01600000000000000033306690738754696212708950042724609375,
        'fixed_rate' => 20,
        'currency' => 'gbp',
      ),
      'additional' => 
      array (
        'percentage_rate' => 0,
        'fixed_rate' => 0,
        'currency' => 'gbp',
      ),
      'fx' => 
      array (
        'percentage_rate' => 0,
        'fixed_rate' => 0,
        'currency' => 'gbp',
      ),
      'discount' => 
      array (
      ),
    ),
    'ideal' => 
    array (
      'base' => 
      array (
        'percentage_rate' => 0,
        'fixed_rate' => 25,
        'currency' => 'gbp',
      ),
      'additional' => 
      array (
        'percentage_rate' => 0,
        'fixed_rate' => 0,
        'currency' => 'gbp',
      ),
      'fx' => 
      array (
        'percentage_rate' => 0,
        'fixed_rate' => 0,
        'currency' => 'gbp',
      ),
      'discount' => 
      array (
      ),
    ),
    'p24' => 
    array (
      'base' => 
      array (
        'percentage_rate' => 0.021999999999999998723243521681069978512823581695556640625,
        'fixed_rate' => 20,
        'currency' => 'gbp',
      ),
      'additional' => 
      array (
        'percentage_rate' => 0,
        'fixed_rate' => 0,
        'currency' => 'gbp',
      ),
      'fx' => 
      array (
        'percentage_rate' => 0,
        'fixed_rate' => 0,
        'currency' => 'gbp',
      ),
      'discount' => 
      array (
      ),
    ),
    'klarna' => 
    array (
      'base' => 
      array (
        'percentage_rate' => 0.049899999999999999911182158029987476766109466552734375,
        'fixed_rate' => 35,
        'currency' => 'gbp',
      ),
      'additional' => 
      array (
        'percentage_rate' => 0,
        'fixed_rate' => 0,
        'currency' => 'gbp',
      ),
      'fx' => 
      array (
        'percentage_rate' => 0,
        'fixed_rate' => 0,
        'currency' => 'gbp',
      ),
      'discount' => 
      array (
      ),
    ),
    'afterpay_clearpay' => 
    array (
      'base' => 
      array (
        'percentage_rate' => 0.059999999999999997779553950749686919152736663818359375,
        'fixed_rate' => 30,
        'currency' => 'gbp',
      ),
      'additional' => 
      array (
        'percentage_rate' => 0,
        'fixed_rate' => 0,
        'currency' => 'gbp',
      ),
      'fx' => 
      array (
        'percentage_rate' => 0,
        'fixed_rate' => 0,
        'currency' => 'gbp',
      ),
      'discount' => 
      array (
      ),
    ),
  ),
  'capital' => 
  array (
    'has_active_loan' => false,
    'has_previous_loans' => false,
    'loans' => 
    array (
    ),
  ),
  'fraud_services' => 
  array (
    'stripe' => 
    array (
    ),
    'sift' => 
    array (
      'beacon_key' => '1d81b5c86a',
      'sandbox_beacon_key' => '43e8654e6f',
    ),
  ),
  'store_currencies' => 
  array (
    'default' => 'gbp',
    'supported' => 
    array (
      0 => 'gbp',
    ),
  ),
  'customer_currencies' => 
  array (
    'supported' => 
    array (
      0 => 'usd',
      1 => 'aed',
      2 => 'afn',
      3 => 'all',
      4 => 'amd',
      5 => 'ang',
      6 => 'aoa',
      7 => 'ars',
      8 => 'aud',
      9 => 'awg',
      10 => 'azn',
      11 => 'bam',
      12 => 'bbd',
      13 => 'bdt',
      14 => 'bif',
      15 => 'bmd',
      16 => 'bnd',
      17 => 'bob',
      18 => 'brl',
      19 => 'bsd',
      20 => 'bwp',
      21 => 'byn',
      22 => 'bzd',
      23 => 'cad',
      24 => 'cdf',
      25 => 'chf',
      26 => 'clp',
      27 => 'cny',
      28 => 'cop',
      29 => 'crc',
      30 => 'cve',
      31 => 'czk',
      32 => 'djf',
      33 => 'dkk',
      34 => 'dop',
      35 => 'dzd',
      36 => 'egp',
      37 => 'etb',
      38 => 'eur',
      39 => 'fjd',
      40 => 'fkp',
      41 => 'gbp',
      42 => 'gel',
      43 => 'gip',
      44 => 'gmd',
      45 => 'gnf',
      46 => 'gtq',
      47 => 'gyd',
      48 => 'hkd',
      49 => 'hnl',
      50 => 'htg',
      51 => 'huf',
      52 => 'idr',
      53 => 'ils',
      54 => 'inr',
      55 => 'isk',
      56 => 'jmd',
      57 => 'jpy',
      58 => 'kes',
      59 => 'kgs',
      60 => 'khr',
      61 => 'kmf',
      62 => 'krw',
      63 => 'kyd',
      64 => 'kzt',
      65 => 'lak',
      66 => 'lbp',
      67 => 'lkr',
      68 => 'lrd',
      69 => 'lsl',
      70 => 'mad',
      71 => 'mdl',
      72 => 'mga',
      73 => 'mkd',
      74 => 'mmk',
      75 => 'mnt',
      76 => 'mop',
      77 => 'mur',
      78 => 'mvr',
      79 => 'mwk',
      80 => 'mxn',
      81 => 'myr',
      82 => 'mzn',
      83 => 'nad',
      84 => 'ngn',
      85 => 'nio',
      86 => 'nok',
      87 => 'npr',
      88 => 'nzd',
      89 => 'pab',
      90 => 'pen',
      91 => 'pgk',
      92 => 'php',
      93 => 'pkr',
      94 => 'pln',
      95 => 'pyg',
      96 => 'qar',
      97 => 'ron',
      98 => 'rsd',
      99 => 'rub',
      100 => 'rwf',
      101 => 'sar',
      102 => 'sbd',
      103 => 'scr',
      104 => 'sek',
      105 => 'sgd',
      106 => 'shp',
      107 => 'sle',
      108 => 'sos',
      109 => 'srd',
      110 => 'std',
      111 => 'szl',
      112 => 'thb',
      113 => 'tjs',
      114 => 'top',
      115 => 'try',
      116 => 'ttd',
      117 => 'twd',
      118 => 'tzs',
      119 => 'uah',
      120 => 'ugx',
      121 => 'uyu',
      122 => 'uzs',
      123 => 'vnd',
      124 => 'vuv',
      125 => 'wst',
      126 => 'xaf',
      127 => 'xcd',
      128 => 'xcg',
      129 => 'xof',
      130 => 'xpf',
      131 => 'yer',
      132 => 'zar',
      133 => 'zmw',
    ),
  ),
  'country' => '(redacted)',
  'instant_deposits_eligible' => false,
  'card_present_eligible' => true,
  'has_card_readers_available' => false,
  'platform_checkout_eligible' => false,
  'platform_direct_checkout_eligible' => false,
  'platform_global_theme_support_enabled' => false,
  'business_profile' => 
  array (
    'name' => '(redacted)',
    'url' => 'https://papapoke.co.uk',
    'support_address' => 
    array (
    ),
    'support_email' => 'contactus@papapoke.co.uk',
    'support_phone' => '+447387156597',
  ),
  'branding' => 
  array (
    'icon' => NULL,
    'logo' => NULL,
    'primary_color' => NULL,
    'secondary_color' => NULL,
  ),
  'locale' => 'en_GB',
  'has_more_failed_events' => false,
  'has_submitted_vat_data' => false,
  'is_documents_enabled' => true,
  'card_testing_protection_eligible' => false,
  'fraud_mitigation_settings' => 
  array (
    'avs_check_enabled' => false,
    'cvc_check_enabled' => true,
  ),
  'is_deferred_intent_creation_upe_enabled' => true,
  'pre_check_save_my_info' => false,
  'is_tokenized_ece_disabled' => false,
  'ece_confirmation_tokens_disabled' => false,
  'eligibility_wporg_review_campaign_2025' => false,
  'progressive_onboarding' => 
  array (
    'is_enabled' => false,
    'is_complete' => false,
  ),
)
2026-02-01T15:38:05+00:00 INFO ENVIRONMENT: array (
  'WP_User' => 'Guest (non logged-in user)',
  'HTTP_REFERER' => '--',
  'HTTP_USER_AGENT' => 'WordPress/6.9; https://papapoke.co.uk',
  'REQUEST_URI' => '/wp-cron.php?doing_wp_cron=1769960284.7548859119415283203125',
  'DOING_AJAX' => false,
  'DOING_CRON' => true,
  'WP_CLI' => false,
)
2026-02-01T15:38:05+00:00 INFO REQUEST POST https://public-api.wordpress.com/wpcom/v2/sites/%s/wcpay/compatibility
2026-02-01T15:38:05+00:00 INFO HEADERS: array (
  'Content-Type' => 'application/json; charset=utf-8',
  'User-Agent' => 'WooCommerce Payments/8.6.0',
  'Idempotency-Key' => '4a12aeca-9932-448f-bd70-60695e7187f0',
)
2026-02-01T15:38:05+00:00 INFO BODY: array (
  'test_mode' => false,
  'compatibility_data' => 
  array (
    'woopayments_version' => '8.6.0',
    'woocommerce_version' => '10.0.5',
    'woocommerce_permalinks' => 
    array (
      'product_base' => 'product',
      'category_base' => 'product-category',
      'tag_base' => 'product-tag',
      'attribute_base' => '',
      'use_verbose_page_rules' => false,
    ),
    'woocommerce_shop' => 'https://papapoke.co.uk/?page_id=7',
    'woocommerce_cart' => 'Not set',
    'woocommerce_checkout' => 'https://papapoke.co.uk/checkout/',
    'blog_theme' => 'papa',
    'active_plugins' => 
    array (
      0 => 'added-to-cart-popup-woocommerce/xoo-cp-main.php',
      1 => 'advanced-custom-fields-pro/acf.php',
      2 => 'classic-editor/classic-editor.php',
      3 => 'classic-widgets/classic-widgets.php',
      4 => 'contact-form-7/wp-contact-form-7.php',
      5 => 'health-check/health-check.php',
      6 => 'popup-maker/popup-maker.php',
      8 => 'regenerate-thumbnails/regenerate-thumbnails.php',
      9 => 'shipping-zones-by-drawing-for-woocommerce/shipping-zones-by-drawing.php',
      10 => 'svg-support/svg-support.php',
      11 => 'webp-converter-for-media/webp-converter-for-media.php',
      12 => 'woo-pincode-checker/woo-pincode-checker.php',
      13 => 'woocommerce-google-analytics-integration/woocommerce-google-analytics-integration.php',
      14 => 'woocommerce-lightbox/main.php',
      15 => 'woocommerce-payments/woocommerce-payments.php',
      17 => 'woocommerce/woocommerce.php',
      18 => 'wordpress-seo/wp-seo.php',
      19 => 'wp-rocket/wp-rocket.php',
      20 => 'wp-sitemap-page/wp-sitemap-page.php',
    ),
    'post_types_count' => 
    array (
      'post' => 0,
      'page' => 7,
      'attachment' => 0,
      'product' => 55,
      'popup' => 2,
      'popup_theme' => 8,
      'szbdzones' => 2,
    ),
  ),
)
2026-02-01T15:38:05+00:00 INFO RESPONSE: array (
  'result' => 'success',
)
2026-02-01T21:18:56+00:00 INFO ENVIRONMENT: array (
  'WP_User' => 'Guest (non logged-in user)',
  'HTTP_REFERER' => '--',
  'HTTP_USER_AGENT' => 'Mozilla/5.0 AppleWebKit/537.36 (KHTML, like Gecko; compatible; bingbot/2.0; +http://www.bing.com/bingbot.htm) Chrome/116.0.1938.76 Safari/537.36',
  'REQUEST_URI' => '/product/hosomaki-roll-with-salmon',
  'DOING_AJAX' => false,
  'DOING_CRON' => false,
  'WP_CLI' => false,
)
2026-02-01T21:18:56+00:00 INFO REQUEST GET https://public-api.wordpress.com/wpcom/v2/sites/%s/wcpay/currency/rates?test_mode=0&currency_from=gbp
2026-02-01T21:18:56+00:00 INFO HEADERS: array (
  'Content-Type' => 'application/json; charset=utf-8',
  'User-Agent' => 'WooCommerce Payments/8.6.0',
)
2026-02-01T21:18:56+00:00 INFO RESPONSE: array (
  'AED' => 5.02948799999999973664444041787646710872650146484375,
  'AFN' => 89.0174870000000026948328013531863689422607421875,
  'ALL' => 111.6787259999999974979800754226744174957275390625,
  'AMD' => 523.33154899999999543069861829280853271484375,
  'ANG' => 2.451404999999999834159325473592616617679595947265625,
  'AOA' => 1255.8313299999999799183569848537445068359375,
  'ARS' => 1994.060236000000031708623282611370086669921875,
  'AUD' => 1.969497000000000053177018344285897910594940185546875,
  'AWG' => 2.468522999999999800735395183437503874301910400390625,
  'AZN' => 2.32814999999999994173549566767178475856781005859375,
  'BAM' => 2.259452000000000015944578990456648170948028564453125,
  'BBD' => 2.73899999999999987920773492078296840190887451171875,
  'BDT' => 168.6906999999999925421434454619884490966796875,
  'BGN' => 2.26025000000000009237055564881302416324615478515625,
  'BHD' => 0.51963499999999995804245145336608402431011199951171875,
  'BIF' => 4088.7992690000000948202796280384063720703125,
  'BMD' => 1.369499999999999939603867460391484200954437255859375,
  'BND' => 1.74785300000000010101075531565584242343902587890625,
  'BOB' => 9.538959999999999439523890032432973384857177734375,
  'BRL' => 7.2017889999999997741042534471489489078521728515625,
  'BSD' => 1.369499999999999939603867460391484200954437255859375,
  'BTC' => 1.800000000000000045601543374740316494353464804589748382568359375E-5,
  'BTN' => 126.766403999999994312020135112106800079345703125,
  'BWP' => 18.062447999999999836973074707202613353729248046875,
  'BYN' => 3.931802999999999936875383355072699487209320068359375,
  'BZD' => 2.77631400000000017058710000128485262393951416015625,
  'CAD' => 1.8633830000000000115534248834592290222644805908203125,
  'CDF' => 3176.356157000000166590325534343719482421875,
  'CHF' => 1.0580000000000000515143483426072634756565093994140625,
  'CLF' => 0.030051000000000001322053577723636408336460590362548828125,
  'CLP' => 1196.092515999999932319042272865772247314453125,
  'CNH' => 9.5302810000000004464482117327861487865447998046875,
  'CNY' => 9.5204210000000006886011760798282921314239501953125,
  'COP' => 5027.457793999999921652488410472869873046875,
  'CRC' => 683.5652270000000498839654028415679931640625,
  'CUC' => 1.369499999999999939603867460391484200954437255859375,
  'CUP' => 35.26462000000000074351191869936883449554443359375,
  'CVE' => 127.3844409999999953697624732740223407745361328125,
  'CZK' => 28.13350700000000159661794896237552165985107421875,
  'DJF' => 245.815664999999995643520378507673740386962890625,
  'DKK' => 8.630337000000000813315637060441076755523681640625,
  'DOP' => 86.9100059999999956517058308236300945281982421875,
  'DZD' => 178.27793700000000853833626024425029754638671875,
  'EGP' => 64.6073449999999951387508190236985683441162109375,
  'ERN' => 20.542497000000000895170160220004618167877197265625,
  'ETB' => 214.443948000000006004484021104872226715087890625,
  'EUR' => 1.155707000000000039818814911996014416217803955078125,
  'FJD' => 3.019267999999999840810005480307154357433319091796875,
  'FKP' => 1,
  'GBP' => 1,
  'GEL' => 3.690802000000000138157929541193880140781402587890625,
  'GGP' => 1,
  'GHS' => 15.12231799999999992678567650727927684783935546875,
  'GIP' => 1,
  'GMD' => 99.973488000000003239620127715170383453369140625,
  'GNF' => 12112.8645319999995990656316280364990234375,
  'GTQ' => 10.587934000000000622776497039012610912322998046875,
  'GYD' => 288.802770000000009531504474580287933349609375,
  'HKD' => 10.6976490000000001856506059993989765644073486328125,
  'HNL' => 36.43566200000000065983840613625943660736083984375,
  'HRK' => 8.7071839999999998127577782724983990192413330078125,
  'HTG' => 180.61800099999999247302184812724590301513671875,
  'HUF' => 440.18400100000002339584170840680599212646484375,
  'IDR' => 22971.30514400000174646265804767608642578125,
  'ILS' => 4.23261000000000020548895918182097375392913818359375,
  'IMP' => 1,
  'INR' => 125.5755979999999993879100657068192958831787109375,
  'IQD' => 1808.4407639999999446445144712924957275390625,
  'IRR' => 57636.769207999997888691723346710205078125,
  'ISK' => 167.512284999999991441654856316745281219482421875,
  'JEP' => 1,
  'JMD' => 216.3219550000000026557245291769504547119140625,
  'JOD' => 0.97097500000000003250733016102458350360393524169921875,
  'JPY' => 212.20296899999999595820554532110691070556640625,
  'KES' => 178.22156599999999571082298643887042999267578125,
  'KGS' => 119.7627590000000026293491828255355358123779296875,
  'KHR' => 5549.742062999999689054675400257110595703125,
  'KMF' => 568.3421329999999898063833825290203094482421875,
  'KPW' => 1232.5498330000000350992195308208465576171875,
  'KRW' => 1986.870331000000078347511589527130126953125,
  'KWD' => 0.422246999999999983455012397826067171990871429443359375,
  'KYD' => 1.1504049999999998998845285314018838107585906982421875,
  'KZT' => 694.275041999999984909663908183574676513671875,
  'LAK' => 29707.0713739999991958029568195343017578125,
  'LBP' => 123637.255673000006936490535736083984375,
  'LKR' => 426.90236399999997729537426494061946868896484375,
  'LRD' => 248.81932699999998703788151033222675323486328125,
  'LSL' => 21.91846699999999970032149576582014560699462890625,
  'LYD' => 8.662119000000000568206814932636916637420654296875,
  'MAD' => 12.5218340000000001310809238930232822895050048828125,
  'MDL' => 23.2183619999999990568539942614734172821044921875,
  'MGA' => 6169.057186000000001513399183750152587890625,
  'MKD' => 71.2100590000000011059455573558807373046875,
  'MMK' => 2875.81266099999993457458913326263427734375,
  'MNT' => 4875.4193409999998038983903825283050537109375,
  'MOP' => 11.1008680000000001797388904378749430179595947265625,
  'MUR' => 62.216374000000001842636265791952610015869140625,
  'MVR' => 21.172467000000001036141838994808495044708251953125,
  'MWK' => 2393.68381399999998393468558788299560546875,
  'MXN' => 23.831351000000001505441105109639465808868408203125,
  'MYR' => 5.3985690000000001731450538500212132930755615234375,
  'MZN' => 87.3193049999999999499777914024889469146728515625,
  'NAD' => 21.91846699999999970032149576582014560699462890625,
  'NGN' => 1916.222727000000077168806456029415130615234375,
  'NIO' => 50.79666499999999729197952547110617160797119140625,
  'NOK' => 13.196884000000000725094650988467037677764892578125,
  'NPR' => 202.82625999999999066858435980975627899169921875,
  'NZD' => 2.27775499999999997413624441833235323429107666015625,
  'OMR' => 0.52863800000000005230305077930097468197345733642578125,
  'PAB' => 1.369499999999999939603867460391484200954437255859375,
  'PEN' => 4.61536900000000027688429327099584043025970458984375,
  'PGK' => 5.9091409999999999769215719425119459629058837890625,
  'PHP' => 80.6840859999999935325831756927073001861572265625,
  'PKR' => 386.2101499999999987267074175179004669189453125,
  'PLN' => 4.86941399999999990910737324156798422336578369140625,
  'PYG' => 9246.71846100000038859434425830841064453125,
  'QAR' => 5.0329940000000004118874130654148757457733154296875,
  'RON' => 5.8887119999999999464534994331188499927520751953125,
  'RSD' => 135.6272109999999884166754782199859619140625,
  'RUB' => 104.6318729999999987967385095544159412384033203125,
  'RWF' => 2014.075426000000106796505860984325408935546875,
  'SAR' => 5.13793900000000025585222829249687492847442626953125,
  'SBD' => 11.0266830000000002343085725442506372928619384765625,
  'SCR' => 19.84143399999999957117324811406433582305908203125,
  'SDG' => 823.7541390000000092186382971704006195068359375,
  'SEK' => 12.204344999999999998863131622783839702606201171875,
  'SGD' => 1.74053799999999991854338077246211469173431396484375,
  'SHP' => 1,
  'SLL' => 28717.72636699999929987825453281402587890625,
  'SOS' => 788.925707999999985986505635082721710205078125,
  'SRD' => 52.110152999999996836777427233755588531494140625,
  'SSP' => 178.391045999999988680428941734135150909423828125,
  'STD' => 30514.9209740000005695037543773651123046875,
  'SVC' => 12.07821500000000014551915228366851806640625,
  'SYP' => 17806.2365930000014486722648143768310546875,
  'SZL' => 21.91176600000000007639755494892597198486328125,
  'THB' => 43.2302710000000018908394849859178066253662109375,
  'TJS' => 12.886317999999999273086359607987105846405029296875,
  'TMT' => 4.79324900000000031496938390773721039295196533203125,
  'TND' => 3.966228999999999782488657729118131101131439208984375,
  'TOP' => 3.29742699999999988591525834635831415653228759765625,
  'TRY' => 59.5603559999999987439878168515861034393310546875,
  'TTD' => 9.3726029999999997954773789388127624988555908203125,
  'TWD' => 43.2734549999999984493115334771573543548583984375,
  'TZS' => 3554.61588799999981347355060279369354248046875,
  'UAH' => 59.16534999999999655528881703503429889678955078125,
  'UGX' => 4935.24874199999976553954184055328369140625,
  'USD' => 1.369499999999999939603867460391484200954437255859375,
  'UYU' => 53.14184999999999803321770741604268550872802734375,
  'UZS' => 16875.60496100000091246329247951507568359375,
  'VND' => 35524.8251969999982975423336029052734375,
  'VUV' => 166.120328000000000656655174680054187774658203125,
  'WST' => 3.790502000000000037971403799019753932952880859375,
  'XAF' => 758.093947999999954845407046377658843994140625,
  'XAG' => 0.0129779999999999999527044991509683313779532909393310546875,
  'XAU' => 0.0002790000000000000053741733285761483784881420433521270751953125,
  'XCD' => 3.70114199999999993195842762361280620098114013671875,
  'XDR' => 0.94245900000000004670397402151138521730899810791015625,
  'XOF' => 758.093947999999954845407046377658843994140625,
  'XPD' => 0.00067800000000000000023592239273284576484002172946929931640625,
  'XPF' => 137.912502999999986741386237554252147674560546875,
  'XPT' => 0.00052800000000000004048150703539477035519666969776153564453125,
  'YER' => 326.3859929999999849314917810261249542236328125,
  'ZAR' => 22.074647999999999825604390935041010379791259765625,
  'ZMW' => 27.0907839999999993096935213543474674224853515625,
  'ZWL' => 440.97894000000002279193722642958164215087890625,
)
2026-02-01T22:25:00+00:00 INFO ENVIRONMENT: array (
  'WP_User' => 'Guest (non logged-in user)',
  'HTTP_REFERER' => '--',
  'HTTP_USER_AGENT' => 'WordPress/6.9; https://papapoke.co.uk',
  'REQUEST_URI' => '/wp-cron.php?doing_wp_cron=1769984700.1087570190429687500000',
  'DOING_AJAX' => false,
  'DOING_CRON' => true,
  'WP_CLI' => false,
)
2026-02-01T22:25:00+00:00 INFO REQUEST GET https://public-api.wordpress.com/wpcom/v2/wcpay/woopay/compatibility?test_mode=0
2026-02-01T22:25:00+00:00 INFO HEADERS: array (
  'Content-Type' => 'application/json; charset=utf-8',
  'User-Agent' => 'WooCommerce Payments/8.6.0',
)
2026-02-01T22:25:00+00:00 INFO RESPONSE: array (
  'incompatible_extensions' => 
  array (
    0 => 'class-wcdonation',
    1 => 'woocommerce-avatax',
    2 => 'woocommerce-table-rate-shipping',
    3 => 'woocommerce-memberships-for-teams',
    4 => 'woocommerce-checkout-add-ons',
    5 => 'woocommerce-checkout-field-editor',
    6 => 'woocommerce-eu-vat-number',
    7 => 'woocommerce-order-delivery',
    8 => 'woocommerce-pdf-product-vouchers',
    9 => 'woocommerce-shipping-local-pickup-plus',
    10 => 'woocommerce-shipping-multiple-addresses',
    11 => 'woocommerce-smart-coupons',
    12 => 'woocommerce-subscriptions-gifting',
    13 => 'advanced-product-fields-for-woocommerce',
    14 => 'mage-eventpress',
  ),
  'adapted_extensions' => 
  array (
    0 => 'woocommerce-points-and-rewards',
    1 => 'woocommerce-gift-cards',
  ),
  'available_countries' => 
  array (
    0 => 'US',
  ),
)
