2026-01-25T03:17:21+00:00 INFO ENVIRONMENT: array (
  'WP_User' => 'Guest (non logged-in user)',
  'HTTP_REFERER' => '--',
  'HTTP_USER_AGENT' => 'Mozilla/5.0 (Windows NT 10.0; Win64; x64) AppleWebKit/537.36 (KHTML, like Gecko) Chrome/112.0.0.0 Safari/537.36',
  'REQUEST_URI' => '/product/crispy-roll-with-salmon?add-to-cart=400',
  'DOING_AJAX' => false,
  'DOING_CRON' => false,
  'WP_CLI' => false,
)
2026-01-25T03:17:21+00:00 INFO REQUEST GET https://public-api.wordpress.com/wpcom/v2/sites/%s/wcpay/currency/rates?test_mode=0&currency_from=gbp
2026-01-25T03:17:21+00:00 INFO HEADERS: array (
  'Content-Type' => 'application/json; charset=utf-8',
  'User-Agent' => 'WooCommerce Payments/8.6.0',
)
2026-01-25T03:17:21+00:00 INFO RESPONSE: array (
  'AED' => 5.01112599999999996924771039630286395549774169921875,
  'AFN' => 89.3747479999999967503754305653274059295654296875,
  'ALL' => 111.434841000000005806214176118373870849609375,
  'AMD' => 511.1468380000000024665496312081813812255859375,
  'ANG' => 2.44245499999999982065901349415071308612823486328125,
  'AOA' => 1244.71733799999992697848938405513763427734375,
  'ARS' => 1955.40328799999997499980963766574859619140625,
  'AUD' => 1.978969999999999895834434937569312751293182373046875,
  'AWG' => 2.458146999999999859909394217538647353649139404296875,
  'AZN' => 2.31965000000000021174173525650985538959503173828125,
  'BAM' => 2.2728690000000000281943357549607753753662109375,
  'BBD' => 2.72900000000000009237055564881302416324615478515625,
  'BDT' => 166.89161500000000160071067512035369873046875,
  'BGN' => 2.256336999999999815003093317500315606594085693359375,
  'BHD' => 0.51391500000000001069366817318950779736042022705078125,
  'BIF' => 4040.60178399999995235702954232692718505859375,
  'BMD' => 1.364500000000000046185277824406512081623077392578125,
  'BND' => 1.744728999999999974335196384345181286334991455078125,
  'BOB' => 9.4278999999999992809307514107786118984222412109375,
  'BRL' => 7.2166280000000000427462509833276271820068359375,
  'BSD' => 1.364500000000000046185277824406512081623077392578125,
  'BTC' => 1.5000000000000000380012861456169304119612206704914569854736328125E-5,
  'BTN' => 124.287923000000006368281901814043521881103515625,
  'BWP' => 18.065270999999999190777089097537100315093994140625,
  'BYN' => 3.862255999999999911409531705430708825588226318359375,
  'BZD' => 2.743878000000000039193537304527126252651214599609375,
  'CAD' => 1.8728450000000000930100441109971143305301666259765625,
  'CDF' => 3093.8818270000001575681380927562713623046875,
  'CHF' => 1.064982000000000095241148301283828914165496826171875,
  'CLF' => 0.0300829999999999986304288768224068917334079742431640625,
  'CLP' => 1186.521711000000095737050287425518035888671875,
  'CNH' => 9.483411000000000257159626926295459270477294921875,
  'CNY' => 9.5014230000000008402594176004640758037567138671875,
  'COP' => 4879.1385970000001179869286715984344482421875,
  'CRC' => 670.10868600000003425520844757556915283203125,
  'CUC' => 1.364500000000000046185277824406512081623077392578125,
  'CUP' => 35.13587400000000116051523946225643157958984375,
  'CVE' => 128.16649000000001024091034196317195892333984375,
  'CZK' => 28.00022200000000083264239947311580181121826171875,
  'DJF' => 241.11919299999999566352926194667816162109375,
  'DKK' => 8.6154530000000004719140633824281394481658935546875,
  'DOP' => 85.938580000000001746229827404022216796875,
  'DZD' => 176.8801310000000057698343880474567413330078125,
  'EGP' => 64.2722919999999930951162241399288177490234375,
  'ERN' => 20.467500000000001136868377216160297393798828125,
  'ETB' => 212.517193999999989273419487290084362030029296875,
  'EUR' => 1.153521000000000018559376258053816854953765869140625,
  'FJD' => 3.070533999999999874574996283627115190029144287109375,
  'FKP' => 1,
  'GBP' => 1,
  'GEL' => 3.670504999999999906634684521122835576534271240234375,
  'GGP' => 1,
  'GHS' => 14.758770999999999418150764540769159793853759765625,
  'GIP' => 1,
  'GMD' => 99.60849899999999479405232705175876617431640625,
  'GNF' => 11950.259900999999445048160851001739501953125,
  'GTQ' => 10.4716989999999992022594597074203193187713623046875,
  'GYD' => 285.4382170000000087384250946342945098876953125,
  'HKD' => 10.639756999999999464989741682074964046478271484375,
  'HNL' => 35.71567399999999992132870829664170742034912109375,
  'HRK' => 8.692164999999999253077476168982684612274169921875,
  'HTG' => 178.934429999999991878212313167750835418701171875,
  'HUF' => 440.93816500000002633896656334400177001953125,
  'IDR' => 22892.82998900000166031531989574432373046875,
  'ILS' => 4.27764599999999983737097863922826945781707763671875,
  'IMP' => 1,
  'INR' => 124.978645999999997684426489286124706268310546875,
  'IQD' => 1773.845622999999932289938442409038543701171875,
  'IRR' => 57426.3456559999976889230310916900634765625,
  'ISK' => 168.2019109999999955107341520488262176513671875,
  'JEP' => 1,
  'JMD' => 214.757645999999994046447682194411754608154296875,
  'JOD' => 0.9674300000000000121502807814977131783962249755859375,
  'JPY' => 212.44578400000000328873284161090850830078125,
  'KES' => 175.856755999999990081050782464444637298583984375,
  'KGS' => 119.325522000000006528352969326078891754150390625,
  'KHR' => 5449.452183999999760999344289302825927734375,
  'KMF' => 573.0900900000000319778337143361568450927734375,
  'KPW' => 1228.04997099999991405638866126537322998046875,
  'KRW' => 1973.489949000000024170731194317340850830078125,
  'KWD' => 0.41798999999999997267963181002414785325527191162109375,
  'KYD' => 1.1370109999999999939035433271783404052257537841796875,
  'KZT' => 686.8060420000000476647983305156230926513671875,
  'LAK' => 29483.311791000000084750354290008544921875,
  'LBP' => 121242.967913999993470497429370880126953125,
  'LKR' => 422.58057600000000775253283791244029998779296875,
  'LRD' => 250.486130000000002837623469531536102294921875,
  'LSL' => 22.01596299999999928331817500293254852294921875,
  'LYD' => 8.614858999999999156216290430165827274322509765625,
  'MAD' => 12.40237499999999926103555480949580669403076171875,
  'MDL' => 23.12724800000000158206603373400866985321044921875,
  'MGA' => 6125.4380149999997229315340518951416015625,
  'MKD' => 71.6362419999999957553882268257439136505126953125,
  'MMK' => 2865.313482999999905587173998355865478515625,
  'MNT' => 4857.6198860000004060566425323486328125,
  'MOP' => 10.95817100000000010595613275654613971710205078125,
  'MUR' => 62.64419600000000087902662926353514194488525390625,
  'MVR' => 21.08152499999999918145476840436458587646484375,
  'MWK' => 2365.7502599999997983104549348354339599609375,
  'MXN' => 23.69194900000000103545971796847879886627197265625,
  'MYR' => 5.46550500000000027966962079517543315887451171875,
  'MZN' => 87.205185000000000172803993336856365203857421875,
  'NAD' => 22.01596299999999928331817500293254852294921875,
  'NGN' => 1939.0363250000000334694050252437591552734375,
  'NIO' => 50.19184400000000323416315950453281402587890625,
  'NOK' => 13.334440000000000736690708436071872711181640625,
  'NPR' => 198.860410000000001673470251262187957763671875,
  'NZD' => 2.2928920000000001522266757092438638210296630859375,
  'OMR' => 0.524669999999999969730879456619732081890106201171875,
  'PAB' => 1.364500000000000046185277824406512081623077392578125,
  'PEN' => 4.54241199999999967218400342972017824649810791015625,
  'PGK' => 5.834996000000000293539414997212588787078857421875,
  'PHP' => 80.4604669999999941865098662674427032470703125,
  'PKR' => 381.6570120000000088111846707761287689208984375,
  'PLN' => 4.8513380000000001501803126302547752857208251953125,
  'PYG' => 9054.279388000000835745595395565032958984375,
  'QAR' => 4.93647100000000005337597031029872596263885498046875,
  'RON' => 5.88645300000000037954350773361511528491973876953125,
  'RSD' => 135.604006999999995741745806299149990081787109375,
  'RUB' => 102.9303689999999988913259585388004779815673828125,
  'RWF' => 1989.86353400000007241033017635345458984375,
  'SAR' => 5.11542399999999997106669979984872043132781982421875,
  'SBD' => 11.084666999999999603687683702446520328521728515625,
  'SCR' => 19.4632280000000008612914825789630413055419921875,
  'SDG' => 820.746730999999954292434267699718475341796875,
  'SEK' => 12.212410999999999461351762874983251094818115234375,
  'SGD' => 1.7365990000000000037516656448133289813995361328125,
  'SHP' => 1,
  'SLL' => 28612.88207999999940511770546436309814453125,
  'SOS' => 772.4299330000000054496922530233860015869140625,
  'SRD' => 52.0161030000000010886651580221951007843017578125,
  'SSP' => 177.739766000000003032255335710942745208740234375,
  'STD' => 30403.5153890000001410953700542449951171875,
  'SVC' => 11.93743500000000068439476308412849903106689453125,
  'SYP' => 17741.22858500000074855051934719085693359375,
  'SZL' => 22.015187999999998424982550204731523990631103515625,
  'THB' => 42.56210899999999952569851302541792392730712890625,
  'TJS' => 12.7565960000000000462705429526977241039276123046875,
  'TMT' => 4.7757500000000003836930773104541003704071044921875,
  'TND' => 3.941748000000000029530156098189763724803924560546875,
  'TOP' => 3.28538800000000019707613319042138755321502685546875,
  'TRY' => 59.17863299999999782130544190295040607452392578125,
  'TTD' => 9.2655609999999999359943103627301752567291259765625,
  'TWD' => 42.8259230000000030713636078871786594390869140625,
  'TZS' => 3486.297418000000106985680758953094482421875,
  'UAH' => 58.826875999999998612111085094511508941650390625,
  'UGX' => 4786.1725329999999303254298865795135498046875,
  'USD' => 1.364500000000000046185277824406512081623077392578125,
  'UYU' => 51.27618100000000112004272523336112499237060546875,
  'UZS' => 16433.8343099999983678571879863739013671875,
  'VND' => 35808.948734999998123385012149810791015625,
  'VUV' => 165.51384600000000091313268058001995086669921875,
  'WST' => 3.77666300000000010328449207008816301822662353515625,
  'XAF' => 756.660167000000001280568540096282958984375,
  'XAG' => 0.01320900000000000025501822875639845733530819416046142578125,
  'XAU' => 0.0002739999999999999922596638501914867447339929640293121337890625,
  'XCD' => 3.687628999999999823700136403203941881656646728515625,
  'XDR' => 0.947454000000000018388846001471392810344696044921875,
  'XOF' => 756.660167000000001280568540096282958984375,
  'XPD' => 0.00067500000000000003573530360512222614488564431667327880859375,
  'XPF' => 137.651668999999998277417034842073917388916015625,
  'XPT' => 0.000498999999999999986101395510473821559571661055088043212890625,
  'YER' => 325.16044900000002826345735229551792144775390625,
  'ZAR' => 21.991590999999999667124939151108264923095703125,
  'ZMW' => 27.14726699999999937062966637313365936279296875,
  'ZWL' => 439.36898999999999659848981536924839019775390625,
)
2026-01-25T09:27:11+00:00 INFO ENVIRONMENT: array (
  'WP_User' => 'Guest (non logged-in user)',
  'HTTP_REFERER' => 'http://www.papapoke.co.uk',
  'HTTP_USER_AGENT' => 'Mozilla/5.0 (iPhone; CPU iPhone OS 13_2_3 like Mac OS X) AppleWebKit/605.1.15 (KHTML, like Gecko) Version/13.0.3 Mobile/15E148 Safari/604.1',
  'REQUEST_URI' => '/',
  'DOING_AJAX' => false,
  'DOING_CRON' => false,
  'WP_CLI' => false,
)
2026-01-25T09:27:11+00:00 INFO REQUEST GET https://public-api.wordpress.com/wpcom/v2/sites/%s/wcpay/currency/rates?test_mode=0&currency_from=gbp
2026-01-25T09:27:11+00:00 INFO HEADERS: array (
  'Content-Type' => 'application/json; charset=utf-8',
  'User-Agent' => 'WooCommerce Payments/8.6.0',
)
2026-01-25T09:27:11+00:00 INFO RESPONSE: array (
  'AED' => 5.01039200000000040091663322527892887592315673828125,
  'AFN' => 89.36164999999999736246536485850811004638671875,
  'ALL' => 111.418509000000000241925590671598911285400390625,
  'AMD' => 511.07192600000001903026713989675045013427734375,
  'ANG' => 2.442096999999999962227548166993074119091033935546875,
  'AOA' => 1244.534918000000061510945670306682586669921875,
  'ARS' => 1934.924467999999933454091660678386688232421875,
  'AUD' => 1.9786799999999999943867123874952085316181182861328125,
  'AWG' => 2.457786000000000026233237804262898862361907958984375,
  'AZN' => 2.319310000000000204778416446060873568058013916015625,
  'BAM' => 2.25582100000000007611333785462193191051483154296875,
  'BBD' => 2.728600000000000136424205265939235687255859375,
  'BDT' => 165.605264000000005353285814635455608367919921875,
  'BGN' => 2.25600600000000017786305761546827852725982666015625,
  'BHD' => 0.51037999999999994482635656822822056710720062255859375,
  'BIF' => 4009.4693809999998848070390522480010986328125,
  'BMD' => 1.3643000000000000682121026329696178436279296875,
  'BND' => 1.7316000000000000280664380625239573419094085693359375,
  'BOB' => 9.3552330000000001319904185947962105274200439453125,
  'BRL' => 7.21557099999999973505282468977384269237518310546875,
  'BSD' => 1.3643000000000000682121026329696178436279296875,
  'BTC' => 1.5000000000000000380012861456169304119612206704914569854736328125E-5,
  'BTN' => 124.2697079999999942856447887606918811798095703125,
  'BWP' => 18.778515999999999763758751214481890201568603515625,
  'BYN' => 3.832520000000000148787648868164978921413421630859375,
  'BZD' => 2.722717999999999971549868860165588557720184326171875,
  'CAD' => 1.872570000000000067785776991513557732105255126953125,
  'CDF' => 3093.4284010000001217122189700603485107421875,
  'CHF' => 1.071565000000000100754959930782206356525421142578125,
  'CLF' => 0.030079000000000001568967178400271222926676273345947265625,
  'CLP' => 1186.3478199999999560532160103321075439453125,
  'CNH' => 9.482020999999999588681021123193204402923583984375,
  'CNY' => 9.5000300000000006406253305613063275814056396484375,
  'COP' => 4878.4235310000003664754331111907958984375,
  'CRC' => 670.0104780000000346262822858989238739013671875,
  'CUC' => 1.3643000000000000682121026329696178436279296875,
  'CUP' => 35.1307249999999982037479639984667301177978515625,
  'CVE' => 127.1797179999999940491761662997305393218994140625,
  'CZK' => 27.996117999999999170768205658532679080963134765625,
  'DJF' => 241.083854999999999790816218592226505279541015625,
  'DKK' => 8.61419000000000067984728957526385784149169921875,
  'DOP' => 85.2939779999999956316969473846256732940673828125,
  'DZD' => 176.7436010000000123909558169543743133544921875,
  'EGP' => 64.2628720000000015488694771192967891693115234375,
  'ERN' => 20.4645000000000010231815394945442676544189453125,
  'ETB' => 210.878317000000009784344001673161983489990234375,
  'EUR' => 1.1533519999999999328110789065249264240264892578125,
  'FJD' => 3.070084000000000035157654565409757196903228759765625,
  'FKP' => 1,
  'GBP' => 1,
  'GEL' => 3.669967000000000201254124476690776646137237548828125,
  'GGP' => 1,
  'GHS' => 14.756607999999999947249307297170162200927734375,
  'GIP' => 1,
  'GMD' => 99.5939010000000024547262000851333141326904296875,
  'GNF' => 11858.1589380000004894100129604339599609375,
  'GTQ' => 10.3909870000000008616325430921278893947601318359375,
  'GYD' => 283.24056699999999864303390495479106903076171875,
  'HKD' => 10.6381969999999999032525010989047586917877197265625,
  'HNL' => 35.71043900000000093086782726459205150604248046875,
  'HRK' => 8.69089100000000058798832469619810581207275390625,
  'HTG' => 177.55446699999998827479430474340915679931640625,
  'HUF' => 440.97932300000002214801497757434844970703125,
  'IDR' => 22889.47491200000149547122418880462646484375,
  'ILS' => 4.27701900000000012624923328985460102558135986328125,
  'IMP' => 1,
  'INR' => 124.96032900000000154250301420688629150390625,
  'IQD' => 1773.585655000000087966327555477619171142578125,
  'IRR' => 57417.9294920000029378570616245269775390625,
  'ISK' => 168.396470999999991136064636521041393280029296875,
  'JEP' => 1,
  'JMD' => 213.102339999999998099156073294579982757568359375,
  'JOD' => 0.96728899999999995440447264627437107264995574951171875,
  'JPY' => 212.441972999999990179276210255920886993408203125,
  'KES' => 174.498008999999996149199432693421840667724609375,
  'KGS' => 119.307489000000003898094291798770427703857421875,
  'KHR' => 5448.6535350000003745662979781627655029296875,
  'KMF' => 573.0060999999999467036104761064052581787109375,
  'KPW' => 1227.869993000000022220774553716182708740234375,
  'KRW' => 1973.268937000000050829839892685413360595703125,
  'KWD' => 0.41580099999999997617550206996384076774120330810546875,
  'KYD' => 1.128257000000000065398353399359621107578277587890625,
  'KZT' => 681.5098850000000538784661330282688140869140625,
  'LAK' => 29255.2844709999990300275385379791259765625,
  'LBP' => 121225.199051999996299855411052703857421875,
  'LKR' => 419.41114599999997381019056774675846099853515625,
  'LRD' => 250.449420000000003483364707790315151214599609375,
  'LSL' => 21.850829000000000945647116168402135372161865234375,
  'LYD' => 8.6135959999999993641495166230015456676483154296875,
  'MAD' => 12.40055699999999916371962171979248523712158203125,
  'MDL' => 23.123858999999999497276803595013916492462158203125,
  'MGA' => 6124.5402960000001257867552340030670166015625,
  'MKD' => 71.081197000000003072273102588951587677001953125,
  'MMK' => 2864.89355500000010579242371022701263427734375,
  'MNT' => 4856.907973999999740044586360454559326171875,
  'MOP' => 10.873568999999999817873685969971120357513427734375,
  'MUR' => 62.63501500000000277168510365299880504608154296875,
  'MVR' => 21.0784349999999989222487783990800380706787109375,
  'MWK' => 2347.515663000000131432898342609405517578125,
  'MXN' => 23.68847699999999889541868469677865505218505859375,
  'MYR' => 5.46470400000000022799895305070094764232635498046875,
  'MZN' => 87.1924049999999937199390842579305171966552734375,
  'NAD' => 21.850829000000000945647116168402135372161865234375,
  'NGN' => 1924.90597999999999956344254314899444580078125,
  'NIO' => 49.81537800000000260070009971968829631805419921875,
  'NOK' => 13.332485999999999393139660242013633251190185546875,
  'NPR' => 198.831265999999999394276528619229793548583984375,
  'NZD' => 2.31649599999999988853005561395548284053802490234375,
  'OMR' => 0.52404799999999995829824683823972009122371673583984375,
  'PAB' => 1.3643000000000000682121026329696178436279296875,
  'PEN' => 4.541745999999999838792064110748469829559326171875,
  'PGK' => 5.79007100000000018980017557623796164989471435546875,
  'PHP' => 80.4486749999999943838702165521681308746337890625,
  'PKR' => 378.7944400000000086947693489491939544677734375,
  'PLN' => 4.85062700000000024402879716944880783557891845703125,
  'PYG' => 9052.952429999999367282725870609283447265625,
  'QAR' => 4.93574700000000010646772352629341185092926025390625,
  'RON' => 5.88558999999999965524466460919938981533050537109375,
  'RSD' => 135.40924699999999347710399888455867767333984375,
  'RUB' => 102.491184000000004061803338117897510528564453125,
  'RWF' => 1974.50013600000011138035915791988372802734375,
  'SAR' => 5.11467399999999994264499036944471299648284912109375,
  'SBD' => 11.0830420000000007263452062034048140048980712890625,
  'SCR' => 19.453354999999998398152456502430140972137451171875,
  'SDG' => 820.626445999999987179762683808803558349609375,
  'SEK' => 12.210620999999999725105226389132440090179443359375,
  'SGD' => 1.736345000000000027284841053187847137451171875,
  'SHP' => 1,
  'SLL' => 28608.68869600000107311643660068511962890625,
  'SOS' => 772.316728000000011888914741575717926025390625,
  'SRD' => 52.00847999999999871079126023687422275543212890625,
  'SSP' => 177.713717000000002599335857667028903961181640625,
  'STD' => 30399.0595769999999902211129665374755859375,
  'SVC' => 11.8454250000000005371703082346357405185699462890625,
  'SYP' => 17738.62850500000058673322200775146484375,
  'SZL' => 21.84540799999999904912328929640352725982666015625,
  'THB' => 42.55587100000000333466232405044138431549072265625,
  'TJS' => 12.6581109999999998905195752740837633609771728515625,
  'TMT' => 4.77505000000000023874235921539366245269775390625,
  'TND' => 3.941170000000000062101435105432756245136260986328125,
  'TOP' => 3.284907000000000021344703782233409583568572998046875,
  'TRY' => 59.12125300000000294176061288453638553619384765625,
  'TTD' => 9.1960630000000005423999027698300778865814208984375,
  'TWD' => 42.819647000000003345121513120830059051513671875,
  'TZS' => 3465.74911999999994804966263473033905029296875,
  'UAH' => 58.37395599999999973306330502964556217193603515625,
  'UGX' => 4785.4710919999997713603079319000244140625,
  'USD' => 1.3643000000000000682121026329696178436279296875,
  'UYU' => 51.1927230000000008658389560878276824951171875,
  'UZS' => 16431.42583599999852594919502735137939453125,
  'VND' => 35807.270434999998542480170726776123046875,
  'VUV' => 165.489588999999995166945154778659343719482421875,
  'WST' => 3.77611000000000007759126674500294029712677001953125,
  'XAF' => 756.5492739999999685096554458141326904296875,
  'XAG' => 0.0132069999999999999895639035685235285200178623199462890625,
  'XAU' => 0.00027300000000000002216282712907968743820674717426300048828125,
  'XCD' => 3.687088999999999838763642401318065822124481201171875,
  'XDR' => 0.9409440000000000026147972675971686840057373046875,
  'XOF' => 756.5492739999999685096554458141326904296875,
  'XPD' => 0.00067500000000000003573530360512222614488564431667327880859375,
  'XPF' => 137.631495999999998502971720881760120391845703125,
  'XPT' => 0.000498999999999999986101395510473821559571661055088043212890625,
  'YER' => 325.1127950000000055297277867794036865234375,
  'ZAR' => 21.98836800000000124555299407802522182464599609375,
  'ZMW' => 26.559357999999999577767084701918065547943115234375,
  'ZWL' => 439.30459799999999859210220165550708770751953125,
)
2026-01-25T12:42:15+00:00 INFO ENVIRONMENT: array (
  'WP_User' => 'Guest (non logged-in user)',
  'HTTP_REFERER' => '--',
  'HTTP_USER_AGENT' => 'Mozilla/5.0 (Windows NT 10.0; Win64; x64) AppleWebKit/537.36 (KHTML, like Gecko) Chrome/120.0.0.0 Safari/537.36',
  'REQUEST_URI' => '/wp-admin/network/',
  'DOING_AJAX' => false,
  'DOING_CRON' => false,
  'WP_CLI' => false,
)
2026-01-25T12:42:15+00:00 INFO REQUEST GET https://public-api.wordpress.com/wpcom/v2/sites/%s/wcpay/accounts?test_mode=0
2026-01-25T12:42:15+00:00 INFO HEADERS: array (
  'Content-Type' => 'application/json; charset=utf-8',
  'User-Agent' => 'WooCommerce Payments/8.6.0',
)
2026-01-25T12:42:16+00:00 INFO RESPONSE: array (
  'account_id' => 'acct_1QJjXwFt5S7zes6j',
  'email' => '(redacted)',
  'communications_email' => 'contactus@papapoke.co.uk',
  'live_publishable_key' => 'pk_live_51ETDmyFuiXB5oUVxaIafkGPnwuNcBxr1pXVhvLJ4BrWuiqfG6SldjatOGLQhuqXnDmgqwRA7tDoSFlbY4wFji7KR0079TvtxNs',
  'test_publishable_key' => 'pk_test_51ETDmyFuiXB5oUVxwSobQMW5Tno1GclIq7ePZWzLeW4q8oa7Zb8hI5VfwI5sNT5nXuKYinLukNvGCXmsQXAoDGHG00MqHqlYHR',
  'is_live' => true,
  'is_test_drive' => false,
  'created' => '2024-11-10 22:23:55',
  'has_pending_requirements' => false,
  'has_future_requirements' => false,
  'has_overdue_requirements' => false,
  'details_submitted' => true,
  'current_deadline' => NULL,
  'status' => 'complete',
  'capabilities' => 
  array (
    'card_payments' => 'active',
    'transfers' => 'active',
    'afterpay_clearpay_payments' => 'unrequested',
    'alipay_payments' => 'unrequested',
    'amazon_pay_payments' => 'unrequested',
    'bacs_debit_payments' => 'unrequested',
    'bancontact_payments' => 'unrequested',
    'bank_transfer_payments' => 'unrequested',
    'billie_payments' => 'unrequested',
    'cartes_bancaires_payments' => 'unrequested',
    'eps_payments' => 'unrequested',
    'gb_bank_transfer_payments' => 'unrequested',
    'ideal_payments' => 'unrequested',
    'kakao_pay_payments' => 'unrequested',
    'klarna' => 'unrequested',
    'klarna_payments' => 'unrequested',
    'kr_card_payments' => 'unrequested',
    'legacy_payments' => 'unrequested',
    'link_payments' => 'unrequested',
    'mb_way_payments' => 'unrequested',
    'multibanco_payments' => 'unrequested',
    'naver_pay_payments' => 'unrequested',
    'p24_payments' => 'unrequested',
    'pay_by_bank_payments' => 'unrequested',
    'payco_payments' => 'unrequested',
    'revolut_pay_payments' => 'unrequested',
    'samsung_pay_payments' => 'unrequested',
    'sepa_bank_transfer_payments' => 'unrequested',
    'sepa_debit_payments' => 'unrequested',
    'twint_payments' => 'unrequested',
    'us_bank_account_ach_payments' => 'unrequested',
    'us_bank_transfer_payments' => 'unrequested',
    'wechat_pay_payments' => 'unrequested',
  ),
  'capability_requirements' => 
  array (
    'afterpay_clearpay_payments' => 
    array (
    ),
    'alipay_payments' => 
    array (
      0 => 'business_profile.product_description',
    ),
    'amazon_pay_payments' => 
    array (
    ),
    'bacs_debit_payments' => 
    array (
    ),
    'bancontact_payments' => 
    array (
    ),
    'bank_transfer_payments' => 
    array (
    ),
    'billie_payments' => 
    array (
    ),
    'card_payments' => 
    array (
    ),
    'cartes_bancaires_payments' => 
    array (
    ),
    'eps_payments' => 
    array (
    ),
    'gb_bank_transfer_payments' => 
    array (
    ),
    'ideal_payments' => 
    array (
    ),
    'kakao_pay_payments' => 
    array (
    ),
    'klarna' => 
    array (
    ),
    'klarna_payments' => 
    array (
    ),
    'kr_card_payments' => 
    array (
    ),
    'legacy_payments' => 
    array (
    ),
    'link_payments' => 
    array (
    ),
    'mb_way_payments' => 
    array (
    ),
    'multibanco_payments' => 
    array (
    ),
    'naver_pay_payments' => 
    array (
    ),
    'p24_payments' => 
    array (
    ),
    'pay_by_bank_payments' => 
    array (
    ),
    'payco_payments' => 
    array (
    ),
    'revolut_pay_payments' => 
    array (
    ),
    'samsung_pay_payments' => 
    array (
    ),
    'sepa_bank_transfer_payments' => 
    array (
    ),
    'sepa_debit_payments' => 
    array (
    ),
    'transfers' => 
    array (
    ),
    'twint_payments' => 
    array (
    ),
    'us_bank_account_ach_payments' => 
    array (
    ),
    'us_bank_transfer_payments' => 
    array (
    ),
    'wechat_pay_payments' => 
    array (
      0 => 'business_profile.product_description',
    ),
  ),
  'payments_enabled' => true,
  'deposits' => 
  array (
    'status' => 'enabled',
    'restrictions' => 'deposits_unrestricted',
    'interval' => 'daily',
    'weekly_anchor' => '',
    'monthly_anchor' => NULL,
    'delay_days' => 3,
    'completed_waiting_period' => false,
    'minimum_manual_deposit_amounts' => 
    array (
      'aud' => 500,
      'bgn' => 100,
      'cad' => 500,
      'chf' => 500,
      'czk' => 3000,
      'dkk' => 5000,
      'eur' => 500,
      'gbp' => 500,
      'hkd' => 5000,
      'huf' => 36000,
      'nok' => 5000,
      'nzd' => 500,
      'jpy' => 50,
      'sek' => 5000,
      'sgd' => 500,
      'usd' => 500,
      'ron' => 500,
      'pln' => 500,
      'aed' => 200,
    ),
    'minimum_scheduled_deposit_amounts' => 
    array (
      'aed' => 200,
      'aud' => 0,
      'bgn' => 100,
      'cad' => 0,
      'chf' => 500,
      'czk' => 3000,
      'dkk' => 2000,
      'eur' => 100,
      'gbp' => 100,
      'hkd' => 0,
      'huf' => 36000,
      'jpy' => 1,
      'nok' => 2000,
      'nzd' => 0,
      'pln' => 500,
      'ron' => 500,
      'sek' => 2000,
      'sgd' => 100,
      'usd' => 0,
    ),
  ),
  'lifetime_total_payment_volume' => 0,
  'requirements' => 
  array (
    'errors' => 
    array (
    ),
  ),
  'statement_descriptor' => 'PAPA POKE',
  'statement_descriptor_kanji' => '',
  'statement_descriptor_kana' => '',
  'latest_tos_agreement' => 
  array (
    'date' => '2024-11-10 22:23:55',
    'source' => 'signup',
    'is_current_version' => true,
  ),
  'fees' => 
  array (
    'base' => 
    array (
      'percentage_rate' => 0.01499999999999999944488848768742172978818416595458984375,
      'fixed_rate' => 25,
      'currency' => 'gbp',
    ),
    'discount' => 
    array (
    ),
    'card' => 
    array (
      'base' => 
      array (
        'percentage_rate' => 0.01499999999999999944488848768742172978818416595458984375,
        'fixed_rate' => 25,
        'currency' => 'gbp',
      ),
      'additional' => 
      array (
        'percentage_rate' => 0.0200000000000000004163336342344337026588618755340576171875,
        'fixed_rate' => 0,
        'currency' => 'eur',
      ),
      'fx' => 
      array (
        'percentage_rate' => 0.0200000000000000004163336342344337026588618755340576171875,
        'fixed_rate' => 0,
        'currency' => 'gbp',
      ),
      'discount' => 
      array (
      ),
    ),
    'card_present' => 
    array (
      'base' => 
      array (
        'percentage_rate' => 0.01400000000000000029143354396410359186120331287384033203125,
        'fixed_rate' => 20,
        'currency' => 'gbp',
      ),
      'additional' => 
      array (
        'percentage_rate' => 0.0200000000000000004163336342344337026588618755340576171875,
        'fixed_rate' => 0,
        'currency' => 'gbp',
      ),
      'fx' => 
      array (
        'percentage_rate' => 0.0200000000000000004163336342344337026588618755340576171875,
        'fixed_rate' => 0,
        'currency' => 'gbp',
      ),
      'discount' => 
      array (
      ),
    ),
    'bancontact' => 
    array (
      'base' => 
      array (
        'percentage_rate' => 0.01400000000000000029143354396410359186120331287384033203125,
        'fixed_rate' => 20,
        'currency' => 'gbp',
      ),
      'additional' => 
      array (
        'percentage_rate' => 0,
        'fixed_rate' => 0,
        'currency' => 'gbp',
      ),
      'fx' => 
      array (
        'percentage_rate' => 0,
        'fixed_rate' => 0,
        'currency' => 'gbp',
      ),
      'discount' => 
      array (
      ),
    ),
    'eps' => 
    array (
      'base' => 
      array (
        'percentage_rate' => 0.01600000000000000033306690738754696212708950042724609375,
        'fixed_rate' => 20,
        'currency' => 'gbp',
      ),
      'additional' => 
      array (
        'percentage_rate' => 0,
        'fixed_rate' => 0,
        'currency' => 'gbp',
      ),
      'fx' => 
      array (
        'percentage_rate' => 0,
        'fixed_rate' => 0,
        'currency' => 'gbp',
      ),
      'discount' => 
      array (
      ),
    ),
    'ideal' => 
    array (
      'base' => 
      array (
        'percentage_rate' => 0,
        'fixed_rate' => 25,
        'currency' => 'gbp',
      ),
      'additional' => 
      array (
        'percentage_rate' => 0,
        'fixed_rate' => 0,
        'currency' => 'gbp',
      ),
      'fx' => 
      array (
        'percentage_rate' => 0,
        'fixed_rate' => 0,
        'currency' => 'gbp',
      ),
      'discount' => 
      array (
      ),
    ),
    'p24' => 
    array (
      'base' => 
      array (
        'percentage_rate' => 0.021999999999999998723243521681069978512823581695556640625,
        'fixed_rate' => 20,
        'currency' => 'gbp',
      ),
      'additional' => 
      array (
        'percentage_rate' => 0,
        'fixed_rate' => 0,
        'currency' => 'gbp',
      ),
      'fx' => 
      array (
        'percentage_rate' => 0,
        'fixed_rate' => 0,
        'currency' => 'gbp',
      ),
      'discount' => 
      array (
      ),
    ),
    'klarna' => 
    array (
      'base' => 
      array (
        'percentage_rate' => 0.049899999999999999911182158029987476766109466552734375,
        'fixed_rate' => 35,
        'currency' => 'gbp',
      ),
      'additional' => 
      array (
        'percentage_rate' => 0,
        'fixed_rate' => 0,
        'currency' => 'gbp',
      ),
      'fx' => 
      array (
        'percentage_rate' => 0,
        'fixed_rate' => 0,
        'currency' => 'gbp',
      ),
      'discount' => 
      array (
      ),
    ),
    'afterpay_clearpay' => 
    array (
      'base' => 
      array (
        'percentage_rate' => 0.059999999999999997779553950749686919152736663818359375,
        'fixed_rate' => 30,
        'currency' => 'gbp',
      ),
      'additional' => 
      array (
        'percentage_rate' => 0,
        'fixed_rate' => 0,
        'currency' => 'gbp',
      ),
      'fx' => 
      array (
        'percentage_rate' => 0,
        'fixed_rate' => 0,
        'currency' => 'gbp',
      ),
      'discount' => 
      array (
      ),
    ),
  ),
  'capital' => 
  array (
    'has_active_loan' => false,
    'has_previous_loans' => false,
    'loans' => 
    array (
    ),
  ),
  'fraud_services' => 
  array (
    'stripe' => 
    array (
    ),
    'sift' => 
    array (
      'beacon_key' => '1d81b5c86a',
      'sandbox_beacon_key' => '43e8654e6f',
    ),
  ),
  'store_currencies' => 
  array (
    'default' => 'gbp',
    'supported' => 
    array (
      0 => 'gbp',
    ),
  ),
  'customer_currencies' => 
  array (
    'supported' => 
    array (
      0 => 'usd',
      1 => 'aed',
      2 => 'afn',
      3 => 'all',
      4 => 'amd',
      5 => 'ang',
      6 => 'aoa',
      7 => 'ars',
      8 => 'aud',
      9 => 'awg',
      10 => 'azn',
      11 => 'bam',
      12 => 'bbd',
      13 => 'bdt',
      15 => 'bif',
      16 => 'bmd',
      17 => 'bnd',
      18 => 'bob',
      19 => 'brl',
      20 => 'bsd',
      21 => 'bwp',
      22 => 'byn',
      23 => 'bzd',
      24 => 'cad',
      25 => 'cdf',
      26 => 'chf',
      27 => 'clp',
      28 => 'cny',
      29 => 'cop',
      30 => 'crc',
      31 => 'cve',
      32 => 'czk',
      33 => 'djf',
      34 => 'dkk',
      35 => 'dop',
      36 => 'dzd',
      37 => 'egp',
      38 => 'etb',
      39 => 'eur',
      40 => 'fjd',
      41 => 'fkp',
      42 => 'gbp',
      43 => 'gel',
      44 => 'gip',
      45 => 'gmd',
      46 => 'gnf',
      47 => 'gtq',
      48 => 'gyd',
      49 => 'hkd',
      50 => 'hnl',
      51 => 'htg',
      52 => 'huf',
      53 => 'idr',
      54 => 'ils',
      55 => 'inr',
      56 => 'isk',
      57 => 'jmd',
      58 => 'jpy',
      59 => 'kes',
      60 => 'kgs',
      61 => 'khr',
      62 => 'kmf',
      63 => 'krw',
      64 => 'kyd',
      65 => 'kzt',
      66 => 'lak',
      67 => 'lbp',
      68 => 'lkr',
      69 => 'lrd',
      70 => 'lsl',
      71 => 'mad',
      72 => 'mdl',
      73 => 'mga',
      74 => 'mkd',
      75 => 'mmk',
      76 => 'mnt',
      77 => 'mop',
      78 => 'mur',
      79 => 'mvr',
      80 => 'mwk',
      81 => 'mxn',
      82 => 'myr',
      83 => 'mzn',
      84 => 'nad',
      85 => 'ngn',
      86 => 'nio',
      87 => 'nok',
      88 => 'npr',
      89 => 'nzd',
      90 => 'pab',
      91 => 'pen',
      92 => 'pgk',
      93 => 'php',
      94 => 'pkr',
      95 => 'pln',
      96 => 'pyg',
      97 => 'qar',
      98 => 'ron',
      99 => 'rsd',
      100 => 'rub',
      101 => 'rwf',
      102 => 'sar',
      103 => 'sbd',
      104 => 'scr',
      105 => 'sek',
      106 => 'sgd',
      107 => 'shp',
      108 => 'sle',
      109 => 'sos',
      110 => 'srd',
      111 => 'std',
      112 => 'szl',
      113 => 'thb',
      114 => 'tjs',
      115 => 'top',
      116 => 'try',
      117 => 'ttd',
      118 => 'twd',
      119 => 'tzs',
      120 => 'uah',
      121 => 'ugx',
      122 => 'uyu',
      123 => 'uzs',
      124 => 'vnd',
      125 => 'vuv',
      126 => 'wst',
      127 => 'xaf',
      128 => 'xcd',
      129 => 'xcg',
      130 => 'xof',
      131 => 'xpf',
      132 => 'yer',
      133 => 'zar',
      134 => 'zmw',
    ),
  ),
  'country' => '(redacted)',
  'instant_deposits_eligible' => false,
  'card_present_eligible' => true,
  'has_card_readers_available' => false,
  'platform_checkout_eligible' => false,
  'platform_direct_checkout_eligible' => false,
  'platform_global_theme_support_enabled' => false,
  'business_profile' => 
  array (
    'name' => '(redacted)',
    'url' => 'https://papapoke.co.uk',
    'support_address' => 
    array (
    ),
    'support_email' => 'contactus@papapoke.co.uk',
    'support_phone' => '+447387156597',
  ),
  'branding' => 
  array (
    'icon' => NULL,
    'logo' => NULL,
    'primary_color' => NULL,
    'secondary_color' => NULL,
  ),
  'locale' => 'en_GB',
  'has_more_failed_events' => false,
  'has_submitted_vat_data' => false,
  'is_documents_enabled' => true,
  'card_testing_protection_eligible' => false,
  'fraud_mitigation_settings' => 
  array (
    'avs_check_enabled' => false,
    'cvc_check_enabled' => true,
  ),
  'is_deferred_intent_creation_upe_enabled' => true,
  'pre_check_save_my_info' => false,
  'is_tokenized_ece_disabled' => false,
  'ece_confirmation_tokens_disabled' => false,
  'eligibility_wporg_review_campaign_2025' => false,
  'progressive_onboarding' => 
  array (
    'is_enabled' => false,
    'is_complete' => false,
  ),
)
2026-01-25T12:48:22+00:00 INFO ENVIRONMENT: array (
  'WP_User' => 'Guest (non logged-in user)',
  'HTTP_REFERER' => '--',
  'HTTP_USER_AGENT' => 'Mozilla/5.0 (Windows NT 10.0; Win64; x64) AppleWebKit/537.36 (KHTML, like Gecko) Chrome/127.0.0.0 Safari/537.36',
  'REQUEST_URI' => '/?check_plugin',
  'DOING_AJAX' => false,
  'DOING_CRON' => false,
  'WP_CLI' => false,
)
2026-01-25T12:48:22+00:00 INFO REQUEST GET https://public-api.wordpress.com/wpcom/v2/sites/%s/wcpay/disputes?test_mode=0&pagesize=50&search%5B0%5D=warning_needs_response&search%5B1%5D=needs_response
2026-01-25T12:48:22+00:00 INFO HEADERS: array (
  'Content-Type' => 'application/json; charset=utf-8',
  'User-Agent' => 'WooCommerce Payments/8.6.0',
)
2026-01-25T12:48:22+00:00 INFO RESPONSE: array (
  'data' => 
  array (
  ),
)
2026-01-25T12:48:32+00:00 INFO ENVIRONMENT: array (
  'WP_User' => 'Guest (non logged-in user)',
  'HTTP_REFERER' => '--',
  'HTTP_USER_AGENT' => 'WordPress/6.9; https://papapoke.co.uk',
  'REQUEST_URI' => '/wp-cron.php?doing_wp_cron=1769345302.8187150955200195312500',
  'DOING_AJAX' => false,
  'DOING_CRON' => true,
  'WP_CLI' => false,
)
2026-01-25T12:48:32+00:00 INFO REQUEST POST https://public-api.wordpress.com/wpcom/v2/sites/%s/wcpay/compatibility
2026-01-25T12:48:32+00:00 INFO HEADERS: array (
  'Content-Type' => 'application/json; charset=utf-8',
  'User-Agent' => 'WooCommerce Payments/8.6.0',
  'Idempotency-Key' => '8dc00483-f43e-4d75-a7aa-538c72ab5a46',
)
2026-01-25T12:48:32+00:00 INFO BODY: array (
  'test_mode' => false,
  'compatibility_data' => 
  array (
    'woopayments_version' => '8.6.0',
    'woocommerce_version' => '10.0.5',
    'woocommerce_permalinks' => 
    array (
      'product_base' => 'product',
      'category_base' => 'product-category',
      'tag_base' => 'product-tag',
      'attribute_base' => '',
      'use_verbose_page_rules' => false,
    ),
    'woocommerce_shop' => 'https://papapoke.co.uk/?page_id=7',
    'woocommerce_cart' => 'Not set',
    'woocommerce_checkout' => 'https://papapoke.co.uk/checkout/',
    'blog_theme' => 'papa',
    'active_plugins' => 
    array (
      0 => 'added-to-cart-popup-woocommerce/xoo-cp-main.php',
      1 => 'advanced-custom-fields-pro/acf.php',
      2 => 'classic-editor/classic-editor.php',
      3 => 'classic-widgets/classic-widgets.php',
      4 => 'contact-form-7/wp-contact-form-7.php',
      5 => 'health-check/health-check.php',
      6 => 'popup-maker/popup-maker.php',
      8 => 'regenerate-thumbnails/regenerate-thumbnails.php',
      9 => 'shipping-zones-by-drawing-for-woocommerce/shipping-zones-by-drawing.php',
      10 => 'svg-support/svg-support.php',
      11 => 'webp-converter-for-media/webp-converter-for-media.php',
      12 => 'woo-pincode-checker/woo-pincode-checker.php',
      13 => 'woocommerce-google-analytics-integration/woocommerce-google-analytics-integration.php',
      14 => 'woocommerce-lightbox/main.php',
      15 => 'woocommerce-payments/woocommerce-payments.php',
      17 => 'woocommerce/woocommerce.php',
      18 => 'wordpress-seo/wp-seo.php',
      19 => 'wp-rocket/wp-rocket.php',
      20 => 'wp-sitemap-page/wp-sitemap-page.php',
    ),
    'post_types_count' => 
    array (
      'post' => 0,
      'page' => 7,
      'attachment' => 0,
      'product' => 55,
      'popup' => 2,
      'popup_theme' => 8,
      'szbdzones' => 2,
    ),
  ),
)
2026-01-25T12:48:32+00:00 INFO RESPONSE: array (
  'result' => 'success',
)
2026-01-25T15:31:11+00:00 INFO ENVIRONMENT: array (
  'WP_User' => 'Guest (non logged-in user)',
  'HTTP_REFERER' => '--',
  'HTTP_USER_AGENT' => 'Mozilla/5.0 (Windows NT 10.0; Win64; x64) AppleWebKit/537.36 (KHTML, like Gecko) Chrome/107.0.0.0 Safari/537.36',
  'REQUEST_URI' => '/product/cooked-comfort-box-1-2-persons/?add-to-cart=207',
  'DOING_AJAX' => false,
  'DOING_CRON' => false,
  'WP_CLI' => false,
)
2026-01-25T15:31:11+00:00 INFO REQUEST GET https://public-api.wordpress.com/wpcom/v2/sites/%s/wcpay/currency/rates?test_mode=0&currency_from=gbp
2026-01-25T15:31:11+00:00 INFO HEADERS: array (
  'Content-Type' => 'application/json; charset=utf-8',
  'User-Agent' => 'WooCommerce Payments/8.6.0',
)
2026-01-25T15:31:12+00:00 INFO RESPONSE: array (
  'AED' => 4.9764210000000002054321157629601657390594482421875,
  'AFN' => 88.755774999999999863575794734060764312744140625,
  'ALL' => 110.6630880000000018981154426001012325286865234375,
  'AMD' => 507.60684300000002622255124151706695556640625,
  'ANG' => 2.425539000000000111612052933196537196636199951171875,
  'AOA' => 1236.096933000000035463017411530017852783203125,
  'ARS' => 1921.8056200000000899308361113071441650390625,
  'AUD' => 1.965265000000000039648284655413590371608734130859375,
  'AWG' => 2.44112300000000015387513485620729625225067138671875,
  'AZN' => 2.3035849999999999937472239253111183643341064453125,
  'BAM' => 2.24052600000000001756461642798967659473419189453125,
  'BBD' => 2.710100000000000175504055732744745910167694091796875,
  'BDT' => 164.482454999999987421688274480402469635009765625,
  'BGN' => 2.24071100000000011931433618883602321147918701171875,
  'BHD' => 0.50691900000000000847677483761799521744251251220703125,
  'BIF' => 3982.28505600000016784179024398326873779296875,
  'BMD' => 1.3550500000000000877520278663723729550838470458984375,
  'BND' => 1.7198599999999999443645037899841554462909698486328125,
  'BOB' => 9.2918040000000008404867912759073078632354736328125,
  'BRL' => 7.16664899999999960300556267611682415008544921875,
  'BSD' => 1.3550500000000000877520278663723729550838470458984375,
  'BTC' => 1.5000000000000000380012861456169304119612206704914569854736328125E-5,
  'BTN' => 123.427155999999996538463165052235126495361328125,
  'BWP' => 18.651196999999999803776518092490732669830322265625,
  'BYN' => 3.806534999999999779873860461520962417125701904296875,
  'BZD' => 2.704257999999999828588670425233431160449981689453125,
  'CAD' => 1.859874000000000027199575924896635115146636962890625,
  'CDF' => 3072.45486200000004828325472772121429443359375,
  'CHF' => 1.0643000000000000238031816479633562266826629638671875,
  'CLF' => 0.02987499999999999877875467291232780553400516510009765625,
  'CLP' => 1178.30434500000001207808963954448699951171875,
  'CNH' => 9.4177330000000001319904185947962105274200439453125,
  'CNY' => 9.435620000000000118234311230480670928955078125,
  'COP' => 4845.3476700000001073931343853473663330078125,
  'CRC' => 665.4677860000000464424374513328075408935546875,
  'CUC' => 1.3550500000000000877520278663723729550838470458984375,
  'CUP' => 34.89253699999999724923327448777854442596435546875,
  'CVE' => 126.3174360000000007175913196988403797149658203125,
  'CZK' => 27.8063029999999997698978404514491558074951171875,
  'DJF' => 239.4492989999999963401933200657367706298828125,
  'DKK' => 8.5557859999999994471409081597812473773956298828125,
  'DOP' => 84.7156820000000010395524441264569759368896484375,
  'DZD' => 175.54527400000000625368556939065456390380859375,
  'EGP' => 63.827168000000000347426976077258586883544921875,
  'ERN' => 20.325749999999999317878973670303821563720703125,
  'ETB' => 209.44855599999999640203895978629589080810546875,
  'EUR' => 1.1455319999999999946993511912296526134014129638671875,
  'FJD' => 3.04926899999999978518872012500651180744171142578125,
  'FKP' => 1,
  'GBP' => 1,
  'GEL' => 3.645084000000000212793338505434803664684295654296875,
  'GGP' => 1,
  'GHS' => 14.656558000000000419049683841876685619354248046875,
  'GIP' => 1,
  'GMD' => 98.9186509999999969977579894475638866424560546875,
  'GNF' => 11777.760256999999910476617515087127685546875,
  'GTQ' => 10.32053499999999957026375341229140758514404296875,
  'GYD' => 281.32018799999997327176970429718494415283203125,
  'HKD' => 10.566069999999999851070242584683001041412353515625,
  'HNL' => 35.46832100000000309591996483504772186279296875,
  'HRK' => 8.631966999999999501369529752992093563079833984375,
  'HTG' => 176.3506419999999934589141048491001129150390625,
  'HUF' => 437.98946999999998297425918281078338623046875,
  'IDR' => 22734.2835709999999380670487880706787109375,
  'ILS' => 4.2480209999999996028918758383952081203460693359375,
  'IMP' => 1,
  'INR' => 124.1130940000000038025973481126129627227783203125,
  'IQD' => 1761.560690000000022337189875543117523193359375,
  'IRR' => 57028.634170999997877515852451324462890625,
  'ISK' => 167.254738000000003239620127715170383453369140625,
  'JEP' => 1,
  'JMD' => 211.657499000000001387888914905488491058349609375,
  'JOD' => 0.96072999999999997289279463075217790901660919189453125,
  'JPY' => 211.001609999999999445208231918513774871826171875,
  'KES' => 173.31490700000000515501596964895725250244140625,
  'KGS' => 118.49858000000000401996658183634281158447265625,
  'KHR' => 5411.71149700000023585744202136993408203125,
  'KMF' => 569.121100999999953273800201714038848876953125,
  'KPW' => 1219.5449969999999666470102965831756591796875,
  'KRW' => 1959.890114000000039595761336386203765869140625,
  'KWD' => 0.412982000000000015749179738122620619833469390869140625,
  'KYD' => 1.1206069999999999087236801642575301229953765869140625,
  'KZT' => 676.8892270000000053187250159680843353271484375,
  'LAK' => 29056.932746999998926185071468353271484375,
  'LBP' => 120403.288490999999339692294597625732421875,
  'LKR' => 416.56752499999998917701304890215396881103515625,
  'LRD' => 248.751364999999992733137332834303379058837890625,
  'LSL' => 21.7026800000000008594724931754171848297119140625,
  'LYD' => 8.5551960000000004669118425226770341396331787109375,
  'MAD' => 12.316480999999999568217390333302319049835205078125,
  'MDL' => 22.9670780000000007703420124016702175140380859375,
  'MGA' => 6083.015725999999631312675774097442626953125,
  'MKD' => 70.59926400000000512591213919222354888916015625,
  'MMK' => 2845.4694890000000668806023895740509033203125,
  'MNT' => 4823.9779889999999795691110193729400634765625,
  'MOP' => 10.7998460000000005010178938391618430614471435546875,
  'MUR' => 62.2103469999999987294359016232192516326904296875,
  'MVR' => 20.935522999999999882447809795849025249481201171875,
  'MWK' => 2331.59943500000008498318493366241455078125,
  'MXN' => 23.527868999999999033434505690820515155792236328125,
  'MYR' => 5.42765300000000028290969567024149000644683837890625,
  'MZN' => 86.601237999999995054167811758816242218017578125,
  'NAD' => 21.7026800000000008594724931754171848297119140625,
  'NGN' => 1911.85505899999998291605152189731597900390625,
  'NIO' => 49.47762800000000282807377516292035579681396484375,
  'NOK' => 13.2420910000000002781916919047944247722625732421875,
  'NPR' => 197.48318399999999428473529405891895294189453125,
  'NZD' => 2.277969999999999828332875040359795093536376953125,
  'OMR' => 0.52049500000000004096278871656977571547031402587890625,
  'PAB' => 1.3550500000000000877520278663723729550838470458984375,
  'PEN' => 4.51095299999999976847675497992895543575286865234375,
  'PGK' => 5.75081500000000023220536604640074074268341064453125,
  'PHP' => 79.903231000000005224137566983699798583984375,
  'PKR' => 376.22620200000000068030203692615032196044921875,
  'PLN' => 4.81773900000000043775116864708252251148223876953125,
  'PYG' => 8991.573136000000886269845068454742431640625,
  'QAR' => 4.90228299999999972413888826849870383739471435546875,
  'RON' => 5.84568599999999971572606227709911763668060302734375,
  'RSD' => 134.491167999999987614501151256263256072998046875,
  'RUB' => 101.796289999999999054125510156154632568359375,
  'RWF' => 1961.11296399999991990625858306884765625,
  'SAR' => 5.07999600000000040012082536122761666774749755859375,
  'SBD' => 11.0078990000000001003854777081869542598724365234375,
  'SCR' => 19.32146099999999933061189949512481689453125,
  'SDG' => 815.0625730000000430663931183516979217529296875,
  'SEK' => 12.1278330000000007515836841776035726070404052734375,
  'SGD' => 1.7245719999999999938466999083175323903560638427734375,
  'SHP' => 1,
  'SLL' => 28414.72091100000034202821552753448486328125,
  'SOS' => 767.080396999999948093318380415439605712890625,
  'SRD' => 51.6558610000000015816112863831222057342529296875,
  'SSP' => 176.508813000000003512468538247048854827880859375,
  'STD' => 30192.95302200000151060521602630615234375,
  'SVC' => 11.7651120000000002363549356232397258281707763671875,
  'SYP' => 17618.3600599999990663491189479827880859375,
  'SZL' => 21.69729600000000147019818541593849658966064453125,
  'THB' => 41.90419299999999935835148789919912815093994140625,
  'TJS' => 12.5722889999999996035739968647249042987823486328125,
  'TMT' => 4.7426750000000001961097950697876513004302978515625,
  'TND' => 3.914448999999999845300635570310987532138824462890625,
  'TOP' => 3.262634999999999951825202515465207397937774658203125,
  'TRY' => 58.72040899999999652436599717475473880767822265625,
  'TTD' => 9.1337139999999994444124240544624626636505126953125,
  'TWD' => 42.52932799999999957663021632470190525054931640625,
  'TZS' => 3442.25123500000017884303815662860870361328125,
  'UAH' => 57.9781779999999997698978404514491558074951171875,
  'UGX' => 4753.0254510000004302128218114376068115234375,
  'USD' => 1.3550500000000000877520278663723729550838470458984375,
  'UYU' => 50.8456350000000014688339433632791042327880859375,
  'UZS' => 16320.0202649999991990625858306884765625,
  'VND' => 35564.4960449999998672865331172943115234375,
  'VUV' => 164.36756500000001324224285781383514404296875,
  'WST' => 3.75050699999999981315568220452405512332916259765625,
  'XAF' => 751.4198470000000043000909499824047088623046875,
  'XAG' => 0.01311799999999999945254902655733530991710722446441650390625,
  'XAU' => 0.000271999999999999997855881783692666431306861340999603271484375,
  'XCD' => 3.66209000000000006735945135005749762058258056640625,
  'XDR' => 0.93456499999999997907451643186504952609539031982421875,
  'XOF' => 751.4198470000000043000909499824047088623046875,
  'XPD' => 0.0006700000000000000226207941267375645111314952373504638671875,
  'XPF' => 136.6983500000000049112713895738124847412109375,
  'XPT' => 0.000496000000000000021600776722863201939617283642292022705078125,
  'YER' => 322.90852000000000998625182546675205230712890625,
  'ZAR' => 21.8392869999999987840055837295949459075927734375,
  'ZMW' => 26.379284999999999428155206260271370410919189453125,
  'ZWL' => 436.3260989999999992505763657391071319580078125,
)
2026-01-25T21:32:32+00:00 INFO ENVIRONMENT: array (
  'WP_User' => 'Guest (non logged-in user)',
  'HTTP_REFERER' => '--',
  'HTTP_USER_AGENT' => 'Mozilla/5.0 (Windows NT 10.0; Win64; x64) AppleWebKit/537.36 (KHTML, like Gecko) Chrome/116.0.0.0 Safari/537.36',
  'REQUEST_URI' => '/product/hosomaki-roll-with-salmon?add-to-cart=198',
  'DOING_AJAX' => false,
  'DOING_CRON' => false,
  'WP_CLI' => false,
)
2026-01-25T21:32:32+00:00 INFO REQUEST GET https://public-api.wordpress.com/wpcom/v2/sites/%s/wcpay/currency/rates?test_mode=0&currency_from=gbp
2026-01-25T21:32:32+00:00 INFO HEADERS: array (
  'Content-Type' => 'application/json; charset=utf-8',
  'User-Agent' => 'WooCommerce Payments/8.6.0',
)
2026-01-25T21:32:32+00:00 INFO RESPONSE: array (
  'AED' => 5.02030699999999985294607540708966553211212158203125,
  'AFN' => 89.538499000000001615262590348720550537109375,
  'ALL' => 111.6390099999999989677235134877264499664306640625,
  'AMD' => 512.0833559999999806677806191146373748779296875,
  'ANG' => 2.4469300000000000494537744089029729366302490234375,
  'AOA' => 1246.997896999999966283212415874004364013671875,
  'ARS' => 1931.97714300000006915070116519927978515625,
  'AUD' => 1.974962000000000106325614979141391813755035400390625,
  'AWG' => 2.462650000000000005684341886080801486968994140625,
  'AZN' => 2.3239000000000000767386154620908200740814208984375,
  'BAM' => 2.260285000000000099618091553566046059131622314453125,
  'BBD' => 2.7339999999999999857891452847979962825775146484375,
  'BDT' => 165.933003000000013571479939855635166168212890625,
  'BGN' => 2.26047099999999989705656844307668507099151611328125,
  'BHD' => 0.511390000000000011226575225009582936763763427734375,
  'BIF' => 4017.4042650000001231092028319835662841796875,
  'BMD' => 1.36699999999999999289457264239899814128875732421875,
  'BND' => 1.735027000000000096946450867108069360256195068359375,
  'BOB' => 9.3737469999999998293560565798543393611907958984375,
  'BRL' => 7.22984999999999988773424774990417063236236572265625,
  'BSD' => 1.36699999999999999289457264239899814128875732421875,
  'BTC' => 1.599999999999999927596978921418013896982301957905292510986328125E-5,
  'BTN' => 124.5156419999999997116901795379817485809326171875,
  'BWP' => 18.8156800000000004047251422889530658721923828125,
  'BYN' => 3.840104000000000183945303433574736118316650390625,
  'BZD' => 2.728105999999999919936044534551911056041717529296875,
  'CAD' => 1.87252799999999997027089193579740822315216064453125,
  'CDF' => 3099.55040700000017750426195561885833740234375,
  'CHF' => 1.058702999999999949665152598754502832889556884765625,
  'CLF' => 0.0301380000000000015936141295469496981240808963775634765625,
  'CLP' => 1188.695645000000013169483281672000885009765625,
  'CNH' => 9.4958650000000002222577677457593381404876708984375,
  'CNY' => 9.5188310000000004862386049353517591953277587890625,
  'COP' => 4870.996427000000039697624742984771728515625,
  'CRC' => 671.33645200000000841100700199604034423828125,
  'CUC' => 1.36699999999999999289457264239899814128875732421875,
  'CUP' => 35.2002499999999969304553815163671970367431640625,
  'CVE' => 127.431410999999997102349880151450634002685546875,
  'CZK' => 27.893975999999998549583324347622692584991455078125,
  'DJF' => 241.5609690000000000509317032992839813232421875,
  'DKK' => 8.6024349999999998317434801720082759857177734375,
  'DOP' => 85.4627780000000001336957211606204509735107421875,
  'DZD' => 177.093382999999988669515005312860012054443359375,
  'EGP' => 64.164929999999998244675225578248500823974609375,
  'ERN' => 20.504999999999999005240169935859739780426025390625,
  'ETB' => 211.295652999999987287083058618009090423583984375,
  'EUR' => 1.1517310000000000602682348471716977655887603759765625,
  'FJD' => 3.0761599999999997834265741403214633464813232421875,
  'FKP' => 1,
  'GBP' => 1,
  'GEL' => 3.677230000000000220694573727087117731571197509765625,
  'GGP' => 1,
  'GHS' => 14.78581199999999995498001226224005222320556640625,
  'GIP' => 1,
  'GMD' => 99.79100099999999429201125167310237884521484375,
  'GNF' => 11881.626661000000240164808928966522216796875,
  'GTQ' => 10.411550999999999334022504626773297786712646484375,
  'GYD' => 283.801110999999991690856404602527618408203125,
  'HKD' => 10.658409999999999939745976007543504238128662109375,
  'HNL' => 35.78111100000000277532308246009051799774169921875,
  'HRK' => 8.708090999999999581859810859896242618560791015625,
  'HTG' => 177.905854000000005044057616032660007476806640625,
  'HUF' => 439.9611419999999952779035083949565887451171875,
  'IDR' => 22934.7740059999996447004377841949462890625,
  'ILS' => 4.28548300000000015330670066759921610355377197265625,
  'IMP' => 1,
  'INR' => 125.2076299999999946521711535751819610595703125,
  'IQD' => 1777.095645000000104118953458964824676513671875,
  'IRR' => 57531.561637999999220483005046844482421875,
  'ISK' => 168.72973400000000765430741012096405029296875,
  'JEP' => 1,
  'JMD' => 213.524077000000005455149221234023571014404296875,
  'JOD' => 0.9692030000000000367066377293667756021022796630859375,
  'JPY' => 211.280785000000008722054190002381801605224609375,
  'KES' => 174.843346999999994295649230480194091796875,
  'KGS' => 119.5436020000000070240275817923247814178466796875,
  'KHR' => 5459.4366159999999581486918032169342041015625,
  'KMF' => 574.1400999999999612555257044732570648193359375,
  'KPW' => 1230.299991999999974723323248326778411865234375,
  'KRW' => 1977.174107999999932872015051543712615966796875,
  'KWD' => 0.41662399999999999433697439599200151860713958740234375,
  'KYD' => 1.1304890000000000771507302488316781818866729736328125,
  'KZT' => 682.8586169999999810897861607372760772705078125,
  'LAK' => 29313.18173100000058184377849102020263671875,
  'LBP' => 121465.108078000004752539098262786865234375,
  'LKR' => 420.2411749999999983629095368087291717529296875,
  'LRD' => 250.9450689999999895007931627333164215087890625,
  'LSL' => 21.89407299999999878536982578225433826446533203125,
  'LYD' => 8.63064299999999917645254754461348056793212890625,
  'MAD' => 12.4250980000000001979287844733335077762603759765625,
  'MDL' => 23.169622000000000383579390472732484340667724609375,
  'MGA' => 6136.6609820000003310269676148891448974609375,
  'MKD' => 71.221868999999998095518094487488269805908203125,
  'MMK' => 2870.5632820000000720028765499591827392578125,
  'MNT' => 4866.5199689999999463907442986965179443359375,
  'MOP' => 10.8950890000000004675939635490067303180694580078125,
  'MUR' => 62.758971999999999979991116560995578765869140625,
  'MVR' => 21.120149999999998868815964669920504093170166015625,
  'MWK' => 2352.1614810000000943546183407306671142578125,
  'MXN' => 23.725736000000001268972482648678123950958251953125,
  'MYR' => 5.4755190000000002470414983690716326236724853515625,
  'MZN' => 87.3649620000000055597411119379103183746337890625,
  'NAD' => 21.89407299999999878536982578225433826446533203125,
  'NGN' => 1928.715437999999949170160107314586639404296875,
  'NIO' => 49.91396399999999999863575794734060764312744140625,
  'NOK' => 13.3069550000000003109335011686198413372039794921875,
  'NPR' => 199.22476000000000340151018463075160980224609375,
  'NZD' => 2.2925670000000000214868123293854296207427978515625,
  'OMR' => 0.5250850000000000239452901951153762638568878173828125,
  'PAB' => 1.36699999999999999289457264239899814128875732421875,
  'PEN' => 4.5507340000000002788738129311241209506988525390625,
  'PGK' => 5.8015299999999996316546457819640636444091796875,
  'PHP' => 80.6078859999999934871084406040608882904052734375,
  'PKR' => 379.5440879999999879146344028413295745849609375,
  'PLN' => 4.84620300000000003848299456876702606678009033203125,
  'PYG' => 9070.868549000000712112523615360260009765625,
  'QAR' => 4.9455150000000003274180926382541656494140625,
  'RON' => 5.8972379999999997579607224906794726848602294921875,
  'RSD' => 135.677225999999990335709298960864543914794921875,
  'RUB' => 102.3349719999999933861545287072658538818359375,
  'RWF' => 1978.407742999999982203007675707340240478515625,
  'SAR' => 5.124795999999999907004166743718087673187255859375,
  'SBD' => 11.10497600000000062436811276711523532867431640625,
  'SCR' => 19.491854000000000013415046851150691509246826171875,
  'SDG' => 822.250495000000000800355337560176849365234375,
  'SEK' => 12.196028999999999342662704293616116046905517578125,
  'SGD' => 1.7376370000000000981543735179002396762371063232421875,
  'SHP' => 1,
  'SLL' => 28665.30631899999934830702841281890869140625,
  'SOS' => 773.8451710000000502986949868500232696533203125,
  'SRD' => 52.1114069999999998117345967330038547515869140625,
  'SSP' => 178.065418999999991456206771545112133026123046875,
  'STD' => 30459.2204080000010435469448566436767578125,
  'SVC' => 11.8688669999999998339035300887189805507659912109375,
  'SYP' => 17773.73388799999884213320910930633544921875,
  'SZL' => 21.88864099999999979218046064488589763641357421875,
  'THB' => 42.12594200000000199679561774246394634246826171875,
  'TJS' => 12.683161999999999380861481768079102039337158203125,
  'TMT' => 4.78450000000000041922021409845910966396331787109375,
  'TND' => 3.94897000000000009123368727159686386585235595703125,
  'TOP' => 3.291408000000000111384679257753305137157440185546875,
  'TRY' => 59.28230700000000297222868539392948150634765625,
  'TTD' => 9.2142630000000007584048944409005343914031982421875,
  'TWD' => 42.9043879999999973051671986468136310577392578125,
  'TZS' => 3472.607962000000043190084397792816162109375,
  'UAH' => 58.4894800000000003592504072003066539764404296875,
  'UGX' => 4794.9417110000003958703018724918365478515625,
  'USD' => 1.36699999999999999289457264239899814128875732421875,
  'UYU' => 51.29403500000000093450580607168376445770263671875,
  'UZS' => 16463.94421800000054645352065563201904296875,
  'VND' => 35878.1343100000012782402336597442626953125,
  'VUV' => 165.817099000000013120370567776262760162353515625,
  'WST' => 3.78358300000000014051693142391741275787353515625,
  'XAF' => 755.485691999999971812940202653408050537109375,
  'XAG' => 0.01323299999999999997102317905728341429494321346282958984375,
  'XAU' => 0.0002739999999999999922596638501914867447339929640293121337890625,
  'XCD' => 3.694386000000000169762870427803136408329010009765625,
  'XDR' => 0.94280600000000003291233952040784060955047607421875,
  'XOF' => 755.485691999999971812940202653408050537109375,
  'XPD' => 0.0006759999999999999516220317019588037510402500629425048828125,
  'XPF' => 137.438008999999993875462678261101245880126953125,
  'XPT' => 0.0005000000000000000104083408558608425664715468883514404296875,
  'YER' => 325.7562050000000226646079681813716888427734375,
  'ZAR' => 22.015496999999999871988620725460350513458251953125,
  'ZMW' => 26.611920000000001351736500510014593601226806640625,
  'ZWL' => 440.1739969999999857463990338146686553955078125,
)
2026-01-25T22:30:24+00:00 INFO ENVIRONMENT: array (
  'WP_User' => 'Guest (non logged-in user)',
  'HTTP_REFERER' => '--',
  'HTTP_USER_AGENT' => 'WordPress/6.9; https://papapoke.co.uk',
  'REQUEST_URI' => '/wp-cron.php?doing_wp_cron=1769380223.7589840888977050781250',
  'DOING_AJAX' => false,
  'DOING_CRON' => true,
  'WP_CLI' => false,
)
2026-01-25T22:30:24+00:00 INFO REQUEST GET https://public-api.wordpress.com/wpcom/v2/wcpay/woopay/compatibility?test_mode=0
2026-01-25T22:30:24+00:00 INFO HEADERS: array (
  'Content-Type' => 'application/json; charset=utf-8',
  'User-Agent' => 'WooCommerce Payments/8.6.0',
)
2026-01-25T22:30:24+00:00 INFO RESPONSE: array (
  'incompatible_extensions' => 
  array (
    0 => 'class-wcdonation',
    1 => 'woocommerce-avatax',
    2 => 'woocommerce-table-rate-shipping',
    3 => 'woocommerce-memberships-for-teams',
    4 => 'woocommerce-checkout-add-ons',
    5 => 'woocommerce-checkout-field-editor',
    6 => 'woocommerce-eu-vat-number',
    7 => 'woocommerce-order-delivery',
    8 => 'woocommerce-pdf-product-vouchers',
    9 => 'woocommerce-shipping-local-pickup-plus',
    10 => 'woocommerce-shipping-multiple-addresses',
    11 => 'woocommerce-smart-coupons',
    12 => 'woocommerce-subscriptions-gifting',
    13 => 'advanced-product-fields-for-woocommerce',
    14 => 'mage-eventpress',
  ),
  'adapted_extensions' => 
  array (
    0 => 'woocommerce-points-and-rewards',
    1 => 'woocommerce-gift-cards',
  ),
  'available_countries' => 
  array (
    0 => 'US',
  ),
)
