2026-01-31T02:04:00+00:00 INFO ENVIRONMENT: array (
  'WP_User' => 'Guest (non logged-in user)',
  'HTTP_REFERER' => '--',
  'HTTP_USER_AGENT' => 'Mozilla/5.0 (Windows NT 10.0; Win64; x64) AppleWebKit/537.36 (KHTML, like Gecko) Chrome/120.0.0.0 Safari/537.36',
  'REQUEST_URI' => '/contact',
  'DOING_AJAX' => false,
  'DOING_CRON' => false,
  'WP_CLI' => false,
)
2026-01-31T02:04:00+00:00 INFO REQUEST GET https://public-api.wordpress.com/wpcom/v2/sites/%s/wcpay/currency/rates?test_mode=0&currency_from=gbp
2026-01-31T02:04:00+00:00 INFO HEADERS: array (
  'Content-Type' => 'application/json; charset=utf-8',
  'User-Agent' => 'WooCommerce Payments/8.6.0',
)
2026-01-31T02:04:00+00:00 INFO RESPONSE: array (
  'AED' => 5.0283870000000003841478246613405644893646240234375,
  'AFN' => 88.99799799999999549982021562755107879638671875,
  'ALL' => 111.62884900000000243380782194435596466064453125,
  'AMD' => 523.0977020000000266009010374546051025390625,
  'ANG' => 2.4508679999999998244675225578248500823974609375,
  'AOA' => 1255.556385000000091167748905718326568603515625,
  'ARS' => 1984.409535999999889099854044616222381591796875,
  'AUD' => 1.9672419999999999351558699345332570374011993408203125,
  'AWG' => 2.46627099999999988000354278483428061008453369140625,
  'AZN' => 2.327640000000000153335122377029620110988616943359375,
  'BAM' => 2.258433999999999830521346666500903666019439697265625,
  'BBD' => 2.738399999999999945288209346472285687923431396484375,
  'BDT' => 167.345808000000005222318577580153942108154296875,
  'BGN' => 2.2597550000000001801936377887614071369171142578125,
  'BHD' => 0.51757299999999994977173400911851786077022552490234375,
  'BIF' => 4059.67794999999978244886733591556549072265625,
  'BMD' => 1.3691999999999999726441046732361428439617156982421875,
  'BND' => 1.7342839999999999367474856626358814537525177001953125,
  'BOB' => 9.4629919999999998481143848039209842681884765625,
  'BRL' => 7.20021199999999961249841362587176263332366943359375,
  'BSD' => 1.3691999999999999726441046732361428439617156982421875,
  'BTC' => 1.599999999999999927596978921418013896982301957905292510986328125E-5,
  'BTN' => 126.7092650000000020327206584624946117401123046875,
  'BWP' => 18.054382000000000374484443455003201961517333984375,
  'BYN' => 3.930029999999999912319026407203637063503265380859375,
  'BZD' => 2.754204000000000096548546935082413256168365478515625,
  'CAD' => 1.8654669999999999863149469092604704201221466064453125,
  'CDF' => 3174.9617859999998472630977630615234375,
  'CHF' => 1.057900000000000062527760746888816356658935546875,
  'CLF' => 0.03004400000000000126032517755447770468890666961669921875,
  'CLP' => 1186.315941999999949985067360103130340576171875,
  'CNH' => 9.525249999999999772626324556767940521240234375,
  'CNY' => 9.5183359999999996858832673751749098300933837890625,
  'COP' => 5024.6066810000002078595571219921112060546875,
  'CRC' => 678.121390000000019426806829869747161865234375,
  'CUC' => 1.3691999999999999726441046732361428439617156982421875,
  'CUP' => 35.256900000000001682565198279917240142822265625,
  'CVE' => 127.3275430000000056907083489932119846343994140625,
  'CZK' => 28.10762199999999921828930382616817951202392578125,
  'DJF' => 245.705865999999986115653882734477519989013671875,
  'DKK' => 8.6284240000000007597691364935599267482757568359375,
  'DOP' => 85.9172989999999998644852894358336925506591796875,
  'DZD' => 177.51875899999998864586814306676387786865234375,
  'EGP' => 64.25299499999999852661858312785625457763671875,
  'ERN' => 20.538000000000000255795384873636066913604736328125,
  'ETB' => 214.348172000000005255060386843979358673095703125,
  'EUR' => 1.1550789999999999668744976588641293346881866455078125,
  'FJD' => 3.018606999999999818129481354844756424427032470703125,
  'FKP' => 1,
  'GBP' => 1,
  'GEL' => 3.689993999999999996219912645756267011165618896484375,
  'GGP' => 1,
  'GHS' => 14.9858940000000000480895323562435805797576904296875,
  'GIP' => 1,
  'GMD' => 99.9515999999999991132426657713949680328369140625,
  'GNF' => 11980.499853999999686493538320064544677734375,
  'GTQ' => 10.503612000000000392674337490461766719818115234375,
  'GYD' => 286.502784000000019659637473523616790771484375,
  'HKD' => 10.693383000000000748741513234563171863555908203125,
  'HNL' => 36.22903099999999909641701378859579563140869140625,
  'HRK' => 8.70527799999999984947862685658037662506103515625,
  'HTG' => 179.216672999999985904651111923158168792724609375,
  'HUF' => 440.4442510000000083891791291534900665283203125,
  'IDR' => 22966.275920000000041909515857696533203125,
  'ILS' => 4.2316839999999995569623933988623321056365966796875,
  'IMP' => 1,
  'INR' => 125.5317459999999982755980454385280609130859375,
  'IQD' => 1807.7353450000000520958565175533294677734375,
  'IRR' => 57624.1504970000023604370653629302978515625,
  'ISK' => 167.466849999999993769961292855441570281982421875,
  'JEP' => 1,
  'JMD' => 214.595633999999989782736520282924175262451171875,
  'JOD' => 0.9707630000000000425330881625995971262454986572265625,
  'JPY' => 211.8768509999999878345988690853118896484375,
  'KES' => 176.626798000000007959897629916667938232421875,
  'KGS' => 119.73653899999999339343048632144927978515625,
  'KHR' => 5548.5270289999998567509464919567108154296875,
  'KMF' => 568.217703000000028623617254197597503662109375,
  'KPW' => 1232.279984999999896899680607020854949951171875,
  'KRW' => 1986.421644000000014784745872020721435546875,
  'KWD' => 0.42023500000000002518873998269555158913135528564453125,
  'KYD' => 1.141010000000000079722894952283240854740142822265625,
  'KZT' => 688.7459589999999707288225181400775909423828125,
  'LAK' => 29437.79964100000142934732139110565185546875,
  'LBP' => 123518.291553000002750195562839508056640625,
  'LKR' => 423.49523900000002640808816067874431610107421875,
  'LRD' => 253.64424900000000207000994123518466949462890625,
  'LSL' => 21.908677000000000845147951622493565082550048828125,
  'LYD' => 8.65825099999999991950971889309585094451904296875,
  'MAD' => 12.5162420000000000896989149623550474643707275390625,
  'MDL' => 23.207992999999998318116922746412456035614013671875,
  'MGA' => 6166.3005960000000413856469094753265380859375,
  'MKD' => 71.1724889999999987821865943260490894317626953125,
  'MMK' => 2875.18304500000022017047740519046783447265625,
  'MNT' => 4874.3519409999998970306478440761566162109375,
  'MOP' => 11.0121850000000005564970706473104655742645263671875,
  'MUR' => 62.202753000000001293301465921103954315185546875,
  'MVR' => 21.167832000000000647332853986881673336029052734375,
  'MWK' => 2378.30037099999981364817358553409576416015625,
  'MXN' => 23.914446999999999121655491762794554233551025390625,
  'MYR' => 5.3973870000000001567741492181085050106048583984375,
  'MZN' => 87.3001880000000056725184549577534198760986328125,
  'NAD' => 21.908677999999998320390659500844776630401611328125,
  'NGN' => 1898.368392999999969106283970177173614501953125,
  'NIO' => 50.2496390000000019426806829869747161865234375,
  'NOK' => 13.2031960000000001542730387882329523563385009765625,
  'NPR' => 202.735577000000006364643923006951808929443359375,
  'NZD' => 2.274040999999999979053200149792246520519256591796875,
  'OMR' => 0.5272989999999999621849156028474681079387664794921875,
  'PAB' => 1.3691999999999999726441046732361428439617156982421875,
  'PEN' => 4.61328799999999983327825248125009238719940185546875,
  'PGK' => 5.85264499999999987522869560052640736103057861328125,
  'PHP' => 80.642461999999994759491528384387493133544921875,
  'PKR' => 383.1278459999999768115230835974216461181640625,
  'PLN' => 4.86880600000000018923174138762988150119781494140625,
  'PYG' => 9242.55415100000027450732886791229248046875,
  'QAR' => 4.98532599999999970208364175050519406795501708984375,
  'RON' => 5.8874230000000000728732629795558750629425048828125,
  'RSD' => 135.43304699999998774728737771511077880859375,
  'RUB' => 104.2107740000000006830305210314691066741943359375,
  'RWF' => 1988.07837599999993472010828554630279541015625,
  'SAR' => 5.13599300000000003052491592825390398502349853515625,
  'SBD' => 11.024269000000000318095771945081651210784912109375,
  'SCR' => 19.8757260000000002264641807414591312408447265625,
  'SDG' => 823.5737900000000308864400722086429595947265625,
  'SEK' => 12.2206580000000002428350853733718395233154296875,
  'SGD' => 1.738747000000000042518877307884395122528076171875,
  'SHP' => 1,
  'SLL' => 28711.439050000000861473381519317626953125,
  'SOS' => 788.5721859999999878709786571562290191650390625,
  'SRD' => 52.09874400000000349564288626424968242645263671875,
  'SSP' => 178.3519900000000006912159733474254608154296875,
  'STD' => 30508.24018799999976181425154209136962890625,
  'SVC' => 11.981925000000000380850906367413699626922607421875,
  'SYP' => 17802.338182999999844469130039215087890625,
  'SZL' => 21.901979000000000752379492041654884815216064453125,
  'THB' => 43.2027590000000003556124283932149410247802734375,
  'TJS' => 12.78347899999999981446308083832263946533203125,
  'TMT' => 4.79220000000000023732127374387346208095550537109375,
  'TND' => 3.895373999999999892196456130477599799633026123046875,
  'TOP' => 3.29670500000000021856294551980681717395782470703125,
  'TRY' => 59.54568499999999886540535953827202320098876953125,
  'TTD' => 9.297959999999999780584403197281062602996826171875,
  'TWD' => 43.26398100000000113141140900552272796630859375,
  'TZS' => 3525.68995700000004944740794599056243896484375,
  'UAH' => 59.1389300000000019963408703915774822235107421875,
  'UGX' => 4933.0730819999998857383616268634796142578125,
  'USD' => 1.3691999999999999726441046732361428439617156982421875,
  'UYU' => 53.13021599999999722285792813636362552642822265625,
  'UZS' => 16868.3914020000011078082025051116943359375,
  'VND' => 35455.43356700000003911554813385009765625,
  'VUV' => 166.08395799999999553620000369846820831298828125,
  'WST' => 3.789671999999999929542582322028465569019317626953125,
  'XAF' => 757.6824769999999489300535060465335845947265625,
  'XAG' => 0.01297500000000000042188474935755948536098003387451171875,
  'XAU' => 0.0002790000000000000053741733285761483784881420433521270751953125,
  'XCD' => 3.700330999999999814775719642057083547115325927734375,
  'XDR' => 0.94203800000000004200018111077952198684215545654296875,
  'XOF' => 757.6824769999999489300535060465335845947265625,
  'XPD' => 0.00067800000000000000023592239273284576484002172946929931640625,
  'XPF' => 137.83764800000000150248524732887744903564453125,
  'XPT' => 0.00052800000000000004048150703539477035519666969776153564453125,
  'YER' => 326.3145359999999755018507130444049835205078125,
  'ZAR' => 22.103666000000000479985828860662877559661865234375,
  'ZMW' => 27.078686999999998619159669033251702785491943359375,
  'ZWL' => 440.8823949999999740612111054360866546630859375,
)
2026-01-31T04:44:06+00:00 INFO ENVIRONMENT: array (
  'WP_User' => 'Guest (non logged-in user)',
  'HTTP_REFERER' => '--',
  'HTTP_USER_AGENT' => 'Mozilla/5.0 (Windows NT 10.0; Win64; x64) AppleWebKit/537.36 (KHTML, like Gecko) Chrome/120.0.0.0 Safari/537.36',
  'REQUEST_URI' => '/wp-admin/?p=',
  'DOING_AJAX' => false,
  'DOING_CRON' => false,
  'WP_CLI' => false,
)
2026-01-31T04:44:06+00:00 INFO REQUEST GET https://public-api.wordpress.com/wpcom/v2/sites/%s/wcpay/accounts?test_mode=0
2026-01-31T04:44:06+00:00 INFO HEADERS: array (
  'Content-Type' => 'application/json; charset=utf-8',
  'User-Agent' => 'WooCommerce Payments/8.6.0',
)
2026-01-31T04:44:07+00:00 INFO RESPONSE: array (
  'account_id' => 'acct_1QJjXwFt5S7zes6j',
  'email' => '(redacted)',
  'communications_email' => 'contactus@papapoke.co.uk',
  'live_publishable_key' => 'pk_live_51ETDmyFuiXB5oUVxaIafkGPnwuNcBxr1pXVhvLJ4BrWuiqfG6SldjatOGLQhuqXnDmgqwRA7tDoSFlbY4wFji7KR0079TvtxNs',
  'test_publishable_key' => 'pk_test_51ETDmyFuiXB5oUVxwSobQMW5Tno1GclIq7ePZWzLeW4q8oa7Zb8hI5VfwI5sNT5nXuKYinLukNvGCXmsQXAoDGHG00MqHqlYHR',
  'is_live' => true,
  'is_test_drive' => false,
  'created' => '2024-11-10 22:23:55',
  'has_pending_requirements' => false,
  'has_future_requirements' => false,
  'has_overdue_requirements' => false,
  'details_submitted' => true,
  'current_deadline' => NULL,
  'status' => 'complete',
  'capabilities' => 
  array (
    'card_payments' => 'active',
    'transfers' => 'active',
    'afterpay_clearpay_payments' => 'unrequested',
    'alipay_payments' => 'unrequested',
    'amazon_pay_payments' => 'unrequested',
    'bacs_debit_payments' => 'unrequested',
    'bancontact_payments' => 'unrequested',
    'bank_transfer_payments' => 'unrequested',
    'billie_payments' => 'unrequested',
    'cartes_bancaires_payments' => 'unrequested',
    'eps_payments' => 'unrequested',
    'gb_bank_transfer_payments' => 'unrequested',
    'ideal_payments' => 'unrequested',
    'kakao_pay_payments' => 'unrequested',
    'klarna' => 'unrequested',
    'klarna_payments' => 'unrequested',
    'kr_card_payments' => 'unrequested',
    'legacy_payments' => 'unrequested',
    'link_payments' => 'unrequested',
    'mb_way_payments' => 'unrequested',
    'multibanco_payments' => 'unrequested',
    'naver_pay_payments' => 'unrequested',
    'p24_payments' => 'unrequested',
    'pay_by_bank_payments' => 'unrequested',
    'payco_payments' => 'unrequested',
    'revolut_pay_payments' => 'unrequested',
    'samsung_pay_payments' => 'unrequested',
    'sepa_bank_transfer_payments' => 'unrequested',
    'sepa_debit_payments' => 'unrequested',
    'twint_payments' => 'unrequested',
    'us_bank_account_ach_payments' => 'unrequested',
    'us_bank_transfer_payments' => 'unrequested',
    'wechat_pay_payments' => 'unrequested',
  ),
  'capability_requirements' => 
  array (
    'afterpay_clearpay_payments' => 
    array (
    ),
    'alipay_payments' => 
    array (
      0 => 'business_profile.product_description',
    ),
    'amazon_pay_payments' => 
    array (
    ),
    'bacs_debit_payments' => 
    array (
    ),
    'bancontact_payments' => 
    array (
    ),
    'bank_transfer_payments' => 
    array (
    ),
    'billie_payments' => 
    array (
    ),
    'card_payments' => 
    array (
    ),
    'cartes_bancaires_payments' => 
    array (
    ),
    'eps_payments' => 
    array (
    ),
    'gb_bank_transfer_payments' => 
    array (
    ),
    'ideal_payments' => 
    array (
    ),
    'kakao_pay_payments' => 
    array (
    ),
    'klarna' => 
    array (
    ),
    'klarna_payments' => 
    array (
    ),
    'kr_card_payments' => 
    array (
    ),
    'legacy_payments' => 
    array (
    ),
    'link_payments' => 
    array (
    ),
    'mb_way_payments' => 
    array (
    ),
    'multibanco_payments' => 
    array (
    ),
    'naver_pay_payments' => 
    array (
    ),
    'p24_payments' => 
    array (
    ),
    'pay_by_bank_payments' => 
    array (
    ),
    'payco_payments' => 
    array (
    ),
    'revolut_pay_payments' => 
    array (
    ),
    'samsung_pay_payments' => 
    array (
    ),
    'sepa_bank_transfer_payments' => 
    array (
    ),
    'sepa_debit_payments' => 
    array (
    ),
    'transfers' => 
    array (
    ),
    'twint_payments' => 
    array (
    ),
    'us_bank_account_ach_payments' => 
    array (
    ),
    'us_bank_transfer_payments' => 
    array (
    ),
    'wechat_pay_payments' => 
    array (
      0 => 'business_profile.product_description',
    ),
  ),
  'payments_enabled' => true,
  'deposits' => 
  array (
    'status' => 'enabled',
    'restrictions' => 'deposits_unrestricted',
    'interval' => 'daily',
    'weekly_anchor' => '',
    'monthly_anchor' => NULL,
    'delay_days' => 3,
    'completed_waiting_period' => false,
    'minimum_manual_deposit_amounts' => 
    array (
      'aud' => 500,
      'bgn' => 100,
      'cad' => 500,
      'chf' => 500,
      'czk' => 3000,
      'dkk' => 5000,
      'eur' => 500,
      'gbp' => 500,
      'hkd' => 5000,
      'huf' => 36000,
      'nok' => 5000,
      'nzd' => 500,
      'jpy' => 50,
      'sek' => 5000,
      'sgd' => 500,
      'usd' => 500,
      'ron' => 500,
      'pln' => 500,
      'aed' => 200,
    ),
    'minimum_scheduled_deposit_amounts' => 
    array (
      'aed' => 200,
      'aud' => 0,
      'bgn' => 100,
      'cad' => 0,
      'chf' => 500,
      'czk' => 3000,
      'dkk' => 2000,
      'eur' => 100,
      'gbp' => 100,
      'hkd' => 0,
      'huf' => 36000,
      'jpy' => 1,
      'nok' => 2000,
      'nzd' => 0,
      'pln' => 500,
      'ron' => 500,
      'sek' => 2000,
      'sgd' => 100,
      'usd' => 0,
    ),
  ),
  'lifetime_total_payment_volume' => 0,
  'requirements' => 
  array (
    'errors' => 
    array (
    ),
  ),
  'statement_descriptor' => 'PAPA POKE',
  'statement_descriptor_kanji' => '',
  'statement_descriptor_kana' => '',
  'latest_tos_agreement' => 
  array (
    'date' => '2024-11-10 22:23:55',
    'source' => 'signup',
    'is_current_version' => true,
  ),
  'fees' => 
  array (
    'base' => 
    array (
      'percentage_rate' => 0.01499999999999999944488848768742172978818416595458984375,
      'fixed_rate' => 25,
      'currency' => 'gbp',
    ),
    'discount' => 
    array (
    ),
    'card' => 
    array (
      'base' => 
      array (
        'percentage_rate' => 0.01499999999999999944488848768742172978818416595458984375,
        'fixed_rate' => 25,
        'currency' => 'gbp',
      ),
      'additional' => 
      array (
        'percentage_rate' => 0.0200000000000000004163336342344337026588618755340576171875,
        'fixed_rate' => 0,
        'currency' => 'eur',
      ),
      'fx' => 
      array (
        'percentage_rate' => 0.0200000000000000004163336342344337026588618755340576171875,
        'fixed_rate' => 0,
        'currency' => 'gbp',
      ),
      'discount' => 
      array (
      ),
    ),
    'card_present' => 
    array (
      'base' => 
      array (
        'percentage_rate' => 0.01400000000000000029143354396410359186120331287384033203125,
        'fixed_rate' => 20,
        'currency' => 'gbp',
      ),
      'additional' => 
      array (
        'percentage_rate' => 0.0200000000000000004163336342344337026588618755340576171875,
        'fixed_rate' => 0,
        'currency' => 'gbp',
      ),
      'fx' => 
      array (
        'percentage_rate' => 0.0200000000000000004163336342344337026588618755340576171875,
        'fixed_rate' => 0,
        'currency' => 'gbp',
      ),
      'discount' => 
      array (
      ),
    ),
    'bancontact' => 
    array (
      'base' => 
      array (
        'percentage_rate' => 0.01400000000000000029143354396410359186120331287384033203125,
        'fixed_rate' => 20,
        'currency' => 'gbp',
      ),
      'additional' => 
      array (
        'percentage_rate' => 0,
        'fixed_rate' => 0,
        'currency' => 'gbp',
      ),
      'fx' => 
      array (
        'percentage_rate' => 0,
        'fixed_rate' => 0,
        'currency' => 'gbp',
      ),
      'discount' => 
      array (
      ),
    ),
    'eps' => 
    array (
      'base' => 
      array (
        'percentage_rate' => 0.01600000000000000033306690738754696212708950042724609375,
        'fixed_rate' => 20,
        'currency' => 'gbp',
      ),
      'additional' => 
      array (
        'percentage_rate' => 0,
        'fixed_rate' => 0,
        'currency' => 'gbp',
      ),
      'fx' => 
      array (
        'percentage_rate' => 0,
        'fixed_rate' => 0,
        'currency' => 'gbp',
      ),
      'discount' => 
      array (
      ),
    ),
    'ideal' => 
    array (
      'base' => 
      array (
        'percentage_rate' => 0,
        'fixed_rate' => 25,
        'currency' => 'gbp',
      ),
      'additional' => 
      array (
        'percentage_rate' => 0,
        'fixed_rate' => 0,
        'currency' => 'gbp',
      ),
      'fx' => 
      array (
        'percentage_rate' => 0,
        'fixed_rate' => 0,
        'currency' => 'gbp',
      ),
      'discount' => 
      array (
      ),
    ),
    'p24' => 
    array (
      'base' => 
      array (
        'percentage_rate' => 0.021999999999999998723243521681069978512823581695556640625,
        'fixed_rate' => 20,
        'currency' => 'gbp',
      ),
      'additional' => 
      array (
        'percentage_rate' => 0,
        'fixed_rate' => 0,
        'currency' => 'gbp',
      ),
      'fx' => 
      array (
        'percentage_rate' => 0,
        'fixed_rate' => 0,
        'currency' => 'gbp',
      ),
      'discount' => 
      array (
      ),
    ),
    'klarna' => 
    array (
      'base' => 
      array (
        'percentage_rate' => 0.049899999999999999911182158029987476766109466552734375,
        'fixed_rate' => 35,
        'currency' => 'gbp',
      ),
      'additional' => 
      array (
        'percentage_rate' => 0,
        'fixed_rate' => 0,
        'currency' => 'gbp',
      ),
      'fx' => 
      array (
        'percentage_rate' => 0,
        'fixed_rate' => 0,
        'currency' => 'gbp',
      ),
      'discount' => 
      array (
      ),
    ),
    'afterpay_clearpay' => 
    array (
      'base' => 
      array (
        'percentage_rate' => 0.059999999999999997779553950749686919152736663818359375,
        'fixed_rate' => 30,
        'currency' => 'gbp',
      ),
      'additional' => 
      array (
        'percentage_rate' => 0,
        'fixed_rate' => 0,
        'currency' => 'gbp',
      ),
      'fx' => 
      array (
        'percentage_rate' => 0,
        'fixed_rate' => 0,
        'currency' => 'gbp',
      ),
      'discount' => 
      array (
      ),
    ),
  ),
  'capital' => 
  array (
    'has_active_loan' => false,
    'has_previous_loans' => false,
    'loans' => 
    array (
    ),
  ),
  'fraud_services' => 
  array (
    'stripe' => 
    array (
    ),
    'sift' => 
    array (
      'beacon_key' => '1d81b5c86a',
      'sandbox_beacon_key' => '43e8654e6f',
    ),
  ),
  'store_currencies' => 
  array (
    'default' => 'gbp',
    'supported' => 
    array (
      0 => 'gbp',
    ),
  ),
  'customer_currencies' => 
  array (
    'supported' => 
    array (
      0 => 'usd',
      1 => 'aed',
      2 => 'afn',
      3 => 'all',
      4 => 'amd',
      5 => 'ang',
      6 => 'aoa',
      7 => 'ars',
      8 => 'aud',
      9 => 'awg',
      10 => 'azn',
      11 => 'bam',
      12 => 'bbd',
      13 => 'bdt',
      14 => 'bif',
      15 => 'bmd',
      16 => 'bnd',
      17 => 'bob',
      18 => 'brl',
      19 => 'bsd',
      20 => 'bwp',
      21 => 'byn',
      22 => 'bzd',
      23 => 'cad',
      24 => 'cdf',
      25 => 'chf',
      26 => 'clp',
      27 => 'cny',
      28 => 'cop',
      29 => 'crc',
      30 => 'cve',
      31 => 'czk',
      32 => 'djf',
      33 => 'dkk',
      34 => 'dop',
      35 => 'dzd',
      36 => 'egp',
      37 => 'etb',
      38 => 'eur',
      39 => 'fjd',
      40 => 'fkp',
      41 => 'gbp',
      42 => 'gel',
      43 => 'gip',
      44 => 'gmd',
      45 => 'gnf',
      46 => 'gtq',
      47 => 'gyd',
      48 => 'hkd',
      49 => 'hnl',
      50 => 'htg',
      51 => 'huf',
      52 => 'idr',
      53 => 'ils',
      54 => 'inr',
      55 => 'isk',
      56 => 'jmd',
      57 => 'jpy',
      58 => 'kes',
      59 => 'kgs',
      60 => 'khr',
      61 => 'kmf',
      62 => 'krw',
      63 => 'kyd',
      64 => 'kzt',
      65 => 'lak',
      66 => 'lbp',
      67 => 'lkr',
      68 => 'lrd',
      69 => 'lsl',
      70 => 'mad',
      71 => 'mdl',
      72 => 'mga',
      73 => 'mkd',
      74 => 'mmk',
      75 => 'mnt',
      76 => 'mop',
      77 => 'mur',
      78 => 'mvr',
      79 => 'mwk',
      80 => 'mxn',
      81 => 'myr',
      82 => 'mzn',
      83 => 'nad',
      84 => 'ngn',
      85 => 'nio',
      86 => 'nok',
      87 => 'npr',
      88 => 'nzd',
      89 => 'pab',
      90 => 'pen',
      91 => 'pgk',
      92 => 'php',
      93 => 'pkr',
      94 => 'pln',
      95 => 'pyg',
      96 => 'qar',
      97 => 'ron',
      98 => 'rsd',
      99 => 'rub',
      100 => 'rwf',
      101 => 'sar',
      102 => 'sbd',
      103 => 'scr',
      104 => 'sek',
      105 => 'sgd',
      106 => 'shp',
      107 => 'sle',
      108 => 'sos',
      109 => 'srd',
      110 => 'std',
      111 => 'szl',
      112 => 'thb',
      113 => 'tjs',
      114 => 'top',
      115 => 'try',
      116 => 'ttd',
      117 => 'twd',
      118 => 'tzs',
      119 => 'uah',
      120 => 'ugx',
      121 => 'uyu',
      122 => 'uzs',
      123 => 'vnd',
      124 => 'vuv',
      125 => 'wst',
      126 => 'xaf',
      127 => 'xcd',
      128 => 'xcg',
      129 => 'xof',
      130 => 'xpf',
      131 => 'yer',
      132 => 'zar',
      133 => 'zmw',
    ),
  ),
  'country' => '(redacted)',
  'instant_deposits_eligible' => false,
  'card_present_eligible' => true,
  'has_card_readers_available' => false,
  'platform_checkout_eligible' => false,
  'platform_direct_checkout_eligible' => false,
  'platform_global_theme_support_enabled' => false,
  'business_profile' => 
  array (
    'name' => '(redacted)',
    'url' => 'https://papapoke.co.uk',
    'support_address' => 
    array (
    ),
    'support_email' => 'contactus@papapoke.co.uk',
    'support_phone' => '+447387156597',
  ),
  'branding' => 
  array (
    'icon' => NULL,
    'logo' => NULL,
    'primary_color' => NULL,
    'secondary_color' => NULL,
  ),
  'locale' => 'en_GB',
  'has_more_failed_events' => false,
  'has_submitted_vat_data' => false,
  'is_documents_enabled' => true,
  'card_testing_protection_eligible' => false,
  'fraud_mitigation_settings' => 
  array (
    'avs_check_enabled' => false,
    'cvc_check_enabled' => true,
  ),
  'is_deferred_intent_creation_upe_enabled' => true,
  'pre_check_save_my_info' => false,
  'is_tokenized_ece_disabled' => false,
  'ece_confirmation_tokens_disabled' => false,
  'eligibility_wporg_review_campaign_2025' => false,
  'progressive_onboarding' => 
  array (
    'is_enabled' => false,
    'is_complete' => false,
  ),
)
2026-01-31T05:34:17+00:00 INFO ENVIRONMENT: array (
  'WP_User' => 'Guest (non logged-in user)',
  'HTTP_REFERER' => '--',
  'HTTP_USER_AGENT' => 'WordPress/6.9; https://papapoke.co.uk',
  'REQUEST_URI' => '/wp-cron.php?doing_wp_cron=1769837657.4102370738983154296875',
  'DOING_AJAX' => false,
  'DOING_CRON' => true,
  'WP_CLI' => false,
)
2026-01-31T05:34:17+00:00 INFO REQUEST POST https://public-api.wordpress.com/wpcom/v2/sites/%s/wcpay/compatibility
2026-01-31T05:34:17+00:00 INFO HEADERS: array (
  'Content-Type' => 'application/json; charset=utf-8',
  'User-Agent' => 'WooCommerce Payments/8.6.0',
  'Idempotency-Key' => '6ff29a4b-eac5-4f6c-8d37-9abdc8d944c8',
)
2026-01-31T05:34:17+00:00 INFO BODY: array (
  'test_mode' => false,
  'compatibility_data' => 
  array (
    'woopayments_version' => '8.6.0',
    'woocommerce_version' => '10.0.5',
    'woocommerce_permalinks' => 
    array (
      'product_base' => 'product',
      'category_base' => 'product-category',
      'tag_base' => 'product-tag',
      'attribute_base' => '',
      'use_verbose_page_rules' => false,
    ),
    'woocommerce_shop' => 'https://papapoke.co.uk/?page_id=7',
    'woocommerce_cart' => 'Not set',
    'woocommerce_checkout' => 'https://papapoke.co.uk/checkout/',
    'blog_theme' => 'papa',
    'active_plugins' => 
    array (
      0 => 'added-to-cart-popup-woocommerce/xoo-cp-main.php',
      1 => 'advanced-custom-fields-pro/acf.php',
      2 => 'classic-editor/classic-editor.php',
      3 => 'classic-widgets/classic-widgets.php',
      4 => 'contact-form-7/wp-contact-form-7.php',
      5 => 'health-check/health-check.php',
      6 => 'popup-maker/popup-maker.php',
      8 => 'regenerate-thumbnails/regenerate-thumbnails.php',
      9 => 'shipping-zones-by-drawing-for-woocommerce/shipping-zones-by-drawing.php',
      10 => 'svg-support/svg-support.php',
      11 => 'webp-converter-for-media/webp-converter-for-media.php',
      12 => 'woo-pincode-checker/woo-pincode-checker.php',
      13 => 'woocommerce-google-analytics-integration/woocommerce-google-analytics-integration.php',
      14 => 'woocommerce-lightbox/main.php',
      15 => 'woocommerce-payments/woocommerce-payments.php',
      17 => 'woocommerce/woocommerce.php',
      18 => 'wordpress-seo/wp-seo.php',
      19 => 'wp-rocket/wp-rocket.php',
      20 => 'wp-sitemap-page/wp-sitemap-page.php',
    ),
    'post_types_count' => 
    array (
      'post' => 0,
      'page' => 7,
      'attachment' => 0,
      'product' => 55,
      'popup' => 2,
      'popup_theme' => 8,
      'szbdzones' => 2,
    ),
  ),
)
2026-01-31T05:34:18+00:00 INFO RESPONSE: array (
  'result' => 'success',
)
2026-01-31T08:05:18+00:00 INFO ENVIRONMENT: array (
  'WP_User' => 'Guest (non logged-in user)',
  'HTTP_REFERER' => '--',
  'HTTP_USER_AGENT' => 'Mozilla/5.0 (Windows NT 10.0; Win64; x64) AppleWebKit/537.36 (KHTML, like Gecko) Chrome/106.0.5249.119 Safari/537.36',
  'REQUEST_URI' => '/shop/page/3/',
  'DOING_AJAX' => false,
  'DOING_CRON' => false,
  'WP_CLI' => false,
)
2026-01-31T08:05:18+00:00 INFO REQUEST GET https://public-api.wordpress.com/wpcom/v2/sites/%s/wcpay/currency/rates?test_mode=0&currency_from=gbp
2026-01-31T08:05:18+00:00 INFO HEADERS: array (
  'Content-Type' => 'application/json; charset=utf-8',
  'User-Agent' => 'WooCommerce Payments/8.6.0',
)
2026-01-31T08:05:19+00:00 INFO RESPONSE: array (
  'AED' => 5.0283870000000003841478246613405644893646240234375,
  'AFN' => 88.99799799999999549982021562755107879638671875,
  'ALL' => 111.62884900000000243380782194435596466064453125,
  'AMD' => 523.0977020000000266009010374546051025390625,
  'ANG' => 2.4508679999999998244675225578248500823974609375,
  'AOA' => 1255.556385000000091167748905718326568603515625,
  'ARS' => 1984.409535999999889099854044616222381591796875,
  'AUD' => 1.9672419999999999351558699345332570374011993408203125,
  'AWG' => 2.46627099999999988000354278483428061008453369140625,
  'AZN' => 2.327640000000000153335122377029620110988616943359375,
  'BAM' => 2.258433999999999830521346666500903666019439697265625,
  'BBD' => 2.738399999999999945288209346472285687923431396484375,
  'BDT' => 167.345808000000005222318577580153942108154296875,
  'BGN' => 2.2597550000000001801936377887614071369171142578125,
  'BHD' => 0.51757299999999994977173400911851786077022552490234375,
  'BIF' => 4059.67794999999978244886733591556549072265625,
  'BMD' => 1.3691999999999999726441046732361428439617156982421875,
  'BND' => 1.7342839999999999367474856626358814537525177001953125,
  'BOB' => 9.4629919999999998481143848039209842681884765625,
  'BRL' => 7.20021199999999961249841362587176263332366943359375,
  'BSD' => 1.3691999999999999726441046732361428439617156982421875,
  'BTC' => 1.599999999999999927596978921418013896982301957905292510986328125E-5,
  'BTN' => 126.7092650000000020327206584624946117401123046875,
  'BWP' => 18.054382000000000374484443455003201961517333984375,
  'BYN' => 3.930029999999999912319026407203637063503265380859375,
  'BZD' => 2.754204000000000096548546935082413256168365478515625,
  'CAD' => 1.8654669999999999863149469092604704201221466064453125,
  'CDF' => 3174.9617859999998472630977630615234375,
  'CHF' => 1.057900000000000062527760746888816356658935546875,
  'CLF' => 0.03004400000000000126032517755447770468890666961669921875,
  'CLP' => 1186.315941999999949985067360103130340576171875,
  'CNH' => 9.525249999999999772626324556767940521240234375,
  'CNY' => 9.5183359999999996858832673751749098300933837890625,
  'COP' => 5024.6066810000002078595571219921112060546875,
  'CRC' => 678.121390000000019426806829869747161865234375,
  'CUC' => 1.3691999999999999726441046732361428439617156982421875,
  'CUP' => 35.256900000000001682565198279917240142822265625,
  'CVE' => 127.3275430000000056907083489932119846343994140625,
  'CZK' => 28.10762199999999921828930382616817951202392578125,
  'DJF' => 245.705865999999986115653882734477519989013671875,
  'DKK' => 8.6284240000000007597691364935599267482757568359375,
  'DOP' => 85.9172989999999998644852894358336925506591796875,
  'DZD' => 177.51875899999998864586814306676387786865234375,
  'EGP' => 64.25299499999999852661858312785625457763671875,
  'ERN' => 20.538000000000000255795384873636066913604736328125,
  'ETB' => 214.348172000000005255060386843979358673095703125,
  'EUR' => 1.1550789999999999668744976588641293346881866455078125,
  'FJD' => 3.018606999999999818129481354844756424427032470703125,
  'FKP' => 1,
  'GBP' => 1,
  'GEL' => 3.689993999999999996219912645756267011165618896484375,
  'GGP' => 1,
  'GHS' => 14.9858940000000000480895323562435805797576904296875,
  'GIP' => 1,
  'GMD' => 99.9515999999999991132426657713949680328369140625,
  'GNF' => 11980.499853999999686493538320064544677734375,
  'GTQ' => 10.503612000000000392674337490461766719818115234375,
  'GYD' => 286.502784000000019659637473523616790771484375,
  'HKD' => 10.693383000000000748741513234563171863555908203125,
  'HNL' => 36.22903099999999909641701378859579563140869140625,
  'HRK' => 8.70527799999999984947862685658037662506103515625,
  'HTG' => 179.216672999999985904651111923158168792724609375,
  'HUF' => 440.4442510000000083891791291534900665283203125,
  'IDR' => 22966.275920000000041909515857696533203125,
  'ILS' => 4.2316839999999995569623933988623321056365966796875,
  'IMP' => 1,
  'INR' => 125.5317459999999982755980454385280609130859375,
  'IQD' => 1807.7353450000000520958565175533294677734375,
  'IRR' => 57624.1504970000023604370653629302978515625,
  'ISK' => 167.466849999999993769961292855441570281982421875,
  'JEP' => 1,
  'JMD' => 214.595633999999989782736520282924175262451171875,
  'JOD' => 0.9707630000000000425330881625995971262454986572265625,
  'JPY' => 211.8768509999999878345988690853118896484375,
  'KES' => 176.626798000000007959897629916667938232421875,
  'KGS' => 119.73653899999999339343048632144927978515625,
  'KHR' => 5548.5270289999998567509464919567108154296875,
  'KMF' => 568.217703000000028623617254197597503662109375,
  'KPW' => 1232.279984999999896899680607020854949951171875,
  'KRW' => 1986.421644000000014784745872020721435546875,
  'KWD' => 0.42023500000000002518873998269555158913135528564453125,
  'KYD' => 1.141010000000000079722894952283240854740142822265625,
  'KZT' => 688.7459589999999707288225181400775909423828125,
  'LAK' => 29437.79964100000142934732139110565185546875,
  'LBP' => 123518.291553000002750195562839508056640625,
  'LKR' => 423.49523900000002640808816067874431610107421875,
  'LRD' => 253.64424900000000207000994123518466949462890625,
  'LSL' => 21.908677000000000845147951622493565082550048828125,
  'LYD' => 8.65825099999999991950971889309585094451904296875,
  'MAD' => 12.5162420000000000896989149623550474643707275390625,
  'MDL' => 23.207992999999998318116922746412456035614013671875,
  'MGA' => 6166.3005960000000413856469094753265380859375,
  'MKD' => 71.1724889999999987821865943260490894317626953125,
  'MMK' => 2875.18304500000022017047740519046783447265625,
  'MNT' => 4874.3519409999998970306478440761566162109375,
  'MOP' => 11.0121850000000005564970706473104655742645263671875,
  'MUR' => 62.202753000000001293301465921103954315185546875,
  'MVR' => 21.167832000000000647332853986881673336029052734375,
  'MWK' => 2378.30037099999981364817358553409576416015625,
  'MXN' => 23.914446999999999121655491762794554233551025390625,
  'MYR' => 5.3973870000000001567741492181085050106048583984375,
  'MZN' => 87.3001880000000056725184549577534198760986328125,
  'NAD' => 21.908677999999998320390659500844776630401611328125,
  'NGN' => 1898.368392999999969106283970177173614501953125,
  'NIO' => 50.2496390000000019426806829869747161865234375,
  'NOK' => 13.2031960000000001542730387882329523563385009765625,
  'NPR' => 202.735577000000006364643923006951808929443359375,
  'NZD' => 2.274040999999999979053200149792246520519256591796875,
  'OMR' => 0.5272989999999999621849156028474681079387664794921875,
  'PAB' => 1.3691999999999999726441046732361428439617156982421875,
  'PEN' => 4.61328799999999983327825248125009238719940185546875,
  'PGK' => 5.85264499999999987522869560052640736103057861328125,
  'PHP' => 80.642461999999994759491528384387493133544921875,
  'PKR' => 383.1278459999999768115230835974216461181640625,
  'PLN' => 4.86880600000000018923174138762988150119781494140625,
  'PYG' => 9242.55415100000027450732886791229248046875,
  'QAR' => 4.98532599999999970208364175050519406795501708984375,
  'RON' => 5.8874230000000000728732629795558750629425048828125,
  'RSD' => 135.43304699999998774728737771511077880859375,
  'RUB' => 104.2107740000000006830305210314691066741943359375,
  'RWF' => 1988.07837599999993472010828554630279541015625,
  'SAR' => 5.13599300000000003052491592825390398502349853515625,
  'SBD' => 11.024269000000000318095771945081651210784912109375,
  'SCR' => 19.8757260000000002264641807414591312408447265625,
  'SDG' => 823.5737900000000308864400722086429595947265625,
  'SEK' => 12.2206580000000002428350853733718395233154296875,
  'SGD' => 1.738747000000000042518877307884395122528076171875,
  'SHP' => 1,
  'SLL' => 28711.439050000000861473381519317626953125,
  'SOS' => 788.5721859999999878709786571562290191650390625,
  'SRD' => 52.09874400000000349564288626424968242645263671875,
  'SSP' => 178.3519900000000006912159733474254608154296875,
  'STD' => 30508.24018799999976181425154209136962890625,
  'SVC' => 11.981925000000000380850906367413699626922607421875,
  'SYP' => 17802.338182999999844469130039215087890625,
  'SZL' => 21.901979000000000752379492041654884815216064453125,
  'THB' => 43.2027590000000003556124283932149410247802734375,
  'TJS' => 12.78347899999999981446308083832263946533203125,
  'TMT' => 4.79220000000000023732127374387346208095550537109375,
  'TND' => 3.895373999999999892196456130477599799633026123046875,
  'TOP' => 3.29670500000000021856294551980681717395782470703125,
  'TRY' => 59.54568499999999886540535953827202320098876953125,
  'TTD' => 9.297959999999999780584403197281062602996826171875,
  'TWD' => 43.26398100000000113141140900552272796630859375,
  'TZS' => 3525.68995700000004944740794599056243896484375,
  'UAH' => 59.1389300000000019963408703915774822235107421875,
  'UGX' => 4933.0730819999998857383616268634796142578125,
  'USD' => 1.3691999999999999726441046732361428439617156982421875,
  'UYU' => 53.13021599999999722285792813636362552642822265625,
  'UZS' => 16868.3914020000011078082025051116943359375,
  'VND' => 35455.43356700000003911554813385009765625,
  'VUV' => 166.08395799999999553620000369846820831298828125,
  'WST' => 3.789671999999999929542582322028465569019317626953125,
  'XAF' => 757.6824769999999489300535060465335845947265625,
  'XAG' => 0.01297500000000000042188474935755948536098003387451171875,
  'XAU' => 0.0002790000000000000053741733285761483784881420433521270751953125,
  'XCD' => 3.700330999999999814775719642057083547115325927734375,
  'XDR' => 0.94203800000000004200018111077952198684215545654296875,
  'XOF' => 757.6824769999999489300535060465335845947265625,
  'XPD' => 0.00067800000000000000023592239273284576484002172946929931640625,
  'XPF' => 137.83764800000000150248524732887744903564453125,
  'XPT' => 0.00052800000000000004048150703539477035519666969776153564453125,
  'YER' => 326.3145359999999755018507130444049835205078125,
  'ZAR' => 22.103666000000000479985828860662877559661865234375,
  'ZMW' => 27.078686999999998619159669033251702785491943359375,
  'ZWL' => 440.8823949999999740612111054360866546630859375,
)
2026-01-31T14:07:08+00:00 INFO ENVIRONMENT: array (
  'WP_User' => 'Guest (non logged-in user)',
  'HTTP_REFERER' => '--',
  'HTTP_USER_AGENT' => 'Mozilla/5.0 (Windows NT 10.0; Win64; x64) AppleWebKit/537.36 (KHTML, like Gecko) Chrome/131.0.0.0 Safari/537.36',
  'REQUEST_URI' => '/product/green-dragon-roll/?add-to-cart=199',
  'DOING_AJAX' => false,
  'DOING_CRON' => false,
  'WP_CLI' => false,
)
2026-01-31T14:07:08+00:00 INFO REQUEST GET https://public-api.wordpress.com/wpcom/v2/sites/%s/wcpay/currency/rates?test_mode=0&currency_from=gbp
2026-01-31T14:07:08+00:00 INFO HEADERS: array (
  'Content-Type' => 'application/json; charset=utf-8',
  'User-Agent' => 'WooCommerce Payments/8.6.0',
)
2026-01-31T14:07:08+00:00 INFO RESPONSE: array (
  'AED' => 5.0283870000000003841478246613405644893646240234375,
  'AFN' => 88.99799799999999549982021562755107879638671875,
  'ALL' => 111.62884900000000243380782194435596466064453125,
  'AMD' => 523.0977020000000266009010374546051025390625,
  'ANG' => 2.4508679999999998244675225578248500823974609375,
  'AOA' => 1255.556385000000091167748905718326568603515625,
  'ARS' => 1984.409535999999889099854044616222381591796875,
  'AUD' => 1.9672419999999999351558699345332570374011993408203125,
  'AWG' => 2.46627099999999988000354278483428061008453369140625,
  'AZN' => 2.327640000000000153335122377029620110988616943359375,
  'BAM' => 2.258433999999999830521346666500903666019439697265625,
  'BBD' => 2.738399999999999945288209346472285687923431396484375,
  'BDT' => 167.345808000000005222318577580153942108154296875,
  'BGN' => 2.2597550000000001801936377887614071369171142578125,
  'BHD' => 0.51757299999999994977173400911851786077022552490234375,
  'BIF' => 4059.67794999999978244886733591556549072265625,
  'BMD' => 1.3691999999999999726441046732361428439617156982421875,
  'BND' => 1.7342839999999999367474856626358814537525177001953125,
  'BOB' => 9.4629919999999998481143848039209842681884765625,
  'BRL' => 7.20021199999999961249841362587176263332366943359375,
  'BSD' => 1.3691999999999999726441046732361428439617156982421875,
  'BTC' => 1.599999999999999927596978921418013896982301957905292510986328125E-5,
  'BTN' => 126.7092650000000020327206584624946117401123046875,
  'BWP' => 18.054382000000000374484443455003201961517333984375,
  'BYN' => 3.930029999999999912319026407203637063503265380859375,
  'BZD' => 2.754204000000000096548546935082413256168365478515625,
  'CAD' => 1.8654669999999999863149469092604704201221466064453125,
  'CDF' => 3174.9617859999998472630977630615234375,
  'CHF' => 1.057900000000000062527760746888816356658935546875,
  'CLF' => 0.03004400000000000126032517755447770468890666961669921875,
  'CLP' => 1186.315941999999949985067360103130340576171875,
  'CNH' => 9.525249999999999772626324556767940521240234375,
  'CNY' => 9.5183359999999996858832673751749098300933837890625,
  'COP' => 5024.6066810000002078595571219921112060546875,
  'CRC' => 678.121390000000019426806829869747161865234375,
  'CUC' => 1.3691999999999999726441046732361428439617156982421875,
  'CUP' => 35.256900000000001682565198279917240142822265625,
  'CVE' => 127.3275430000000056907083489932119846343994140625,
  'CZK' => 28.10762199999999921828930382616817951202392578125,
  'DJF' => 245.705865999999986115653882734477519989013671875,
  'DKK' => 8.6284240000000007597691364935599267482757568359375,
  'DOP' => 85.9172989999999998644852894358336925506591796875,
  'DZD' => 177.51875899999998864586814306676387786865234375,
  'EGP' => 64.25299499999999852661858312785625457763671875,
  'ERN' => 20.538000000000000255795384873636066913604736328125,
  'ETB' => 214.348172000000005255060386843979358673095703125,
  'EUR' => 1.1550789999999999668744976588641293346881866455078125,
  'FJD' => 3.018606999999999818129481354844756424427032470703125,
  'FKP' => 1,
  'GBP' => 1,
  'GEL' => 3.689993999999999996219912645756267011165618896484375,
  'GGP' => 1,
  'GHS' => 14.9858940000000000480895323562435805797576904296875,
  'GIP' => 1,
  'GMD' => 99.9515999999999991132426657713949680328369140625,
  'GNF' => 11980.499853999999686493538320064544677734375,
  'GTQ' => 10.503612000000000392674337490461766719818115234375,
  'GYD' => 286.502784000000019659637473523616790771484375,
  'HKD' => 10.693383000000000748741513234563171863555908203125,
  'HNL' => 36.22903099999999909641701378859579563140869140625,
  'HRK' => 8.70527799999999984947862685658037662506103515625,
  'HTG' => 179.216672999999985904651111923158168792724609375,
  'HUF' => 440.4442510000000083891791291534900665283203125,
  'IDR' => 22966.275920000000041909515857696533203125,
  'ILS' => 4.2316839999999995569623933988623321056365966796875,
  'IMP' => 1,
  'INR' => 125.5317459999999982755980454385280609130859375,
  'IQD' => 1807.7353450000000520958565175533294677734375,
  'IRR' => 57624.1504970000023604370653629302978515625,
  'ISK' => 167.466849999999993769961292855441570281982421875,
  'JEP' => 1,
  'JMD' => 214.595633999999989782736520282924175262451171875,
  'JOD' => 0.9707630000000000425330881625995971262454986572265625,
  'JPY' => 211.8768509999999878345988690853118896484375,
  'KES' => 176.626798000000007959897629916667938232421875,
  'KGS' => 119.73653899999999339343048632144927978515625,
  'KHR' => 5548.5270289999998567509464919567108154296875,
  'KMF' => 568.217703000000028623617254197597503662109375,
  'KPW' => 1232.279984999999896899680607020854949951171875,
  'KRW' => 1986.421644000000014784745872020721435546875,
  'KWD' => 0.42023500000000002518873998269555158913135528564453125,
  'KYD' => 1.141010000000000079722894952283240854740142822265625,
  'KZT' => 688.7459589999999707288225181400775909423828125,
  'LAK' => 29437.79964100000142934732139110565185546875,
  'LBP' => 123518.291553000002750195562839508056640625,
  'LKR' => 423.49523900000002640808816067874431610107421875,
  'LRD' => 253.64424900000000207000994123518466949462890625,
  'LSL' => 21.908677000000000845147951622493565082550048828125,
  'LYD' => 8.65825099999999991950971889309585094451904296875,
  'MAD' => 12.5162420000000000896989149623550474643707275390625,
  'MDL' => 23.207992999999998318116922746412456035614013671875,
  'MGA' => 6166.3005960000000413856469094753265380859375,
  'MKD' => 71.1724889999999987821865943260490894317626953125,
  'MMK' => 2875.18304500000022017047740519046783447265625,
  'MNT' => 4874.3519409999998970306478440761566162109375,
  'MOP' => 11.0121850000000005564970706473104655742645263671875,
  'MUR' => 62.202753000000001293301465921103954315185546875,
  'MVR' => 21.167832000000000647332853986881673336029052734375,
  'MWK' => 2378.30037099999981364817358553409576416015625,
  'MXN' => 23.914446999999999121655491762794554233551025390625,
  'MYR' => 5.3973870000000001567741492181085050106048583984375,
  'MZN' => 87.3001880000000056725184549577534198760986328125,
  'NAD' => 21.908677999999998320390659500844776630401611328125,
  'NGN' => 1898.368392999999969106283970177173614501953125,
  'NIO' => 50.2496390000000019426806829869747161865234375,
  'NOK' => 13.2031960000000001542730387882329523563385009765625,
  'NPR' => 202.735577000000006364643923006951808929443359375,
  'NZD' => 2.274040999999999979053200149792246520519256591796875,
  'OMR' => 0.5272989999999999621849156028474681079387664794921875,
  'PAB' => 1.3691999999999999726441046732361428439617156982421875,
  'PEN' => 4.61328799999999983327825248125009238719940185546875,
  'PGK' => 5.85264499999999987522869560052640736103057861328125,
  'PHP' => 80.642461999999994759491528384387493133544921875,
  'PKR' => 383.1278459999999768115230835974216461181640625,
  'PLN' => 4.86880600000000018923174138762988150119781494140625,
  'PYG' => 9242.55415100000027450732886791229248046875,
  'QAR' => 4.98532599999999970208364175050519406795501708984375,
  'RON' => 5.8874230000000000728732629795558750629425048828125,
  'RSD' => 135.43304699999998774728737771511077880859375,
  'RUB' => 104.2107740000000006830305210314691066741943359375,
  'RWF' => 1988.07837599999993472010828554630279541015625,
  'SAR' => 5.13599300000000003052491592825390398502349853515625,
  'SBD' => 11.024269000000000318095771945081651210784912109375,
  'SCR' => 19.8757260000000002264641807414591312408447265625,
  'SDG' => 823.5737900000000308864400722086429595947265625,
  'SEK' => 12.2206580000000002428350853733718395233154296875,
  'SGD' => 1.738747000000000042518877307884395122528076171875,
  'SHP' => 1,
  'SLL' => 28711.439050000000861473381519317626953125,
  'SOS' => 788.5721859999999878709786571562290191650390625,
  'SRD' => 52.09874400000000349564288626424968242645263671875,
  'SSP' => 178.3519900000000006912159733474254608154296875,
  'STD' => 30508.24018799999976181425154209136962890625,
  'SVC' => 11.981925000000000380850906367413699626922607421875,
  'SYP' => 17802.338182999999844469130039215087890625,
  'SZL' => 21.901979000000000752379492041654884815216064453125,
  'THB' => 43.2064060000000011996235116384923458099365234375,
  'TJS' => 12.78347899999999981446308083832263946533203125,
  'TMT' => 4.79220000000000023732127374387346208095550537109375,
  'TND' => 3.895373999999999892196456130477599799633026123046875,
  'TOP' => 3.29670500000000021856294551980681717395782470703125,
  'TRY' => 59.54568499999999886540535953827202320098876953125,
  'TTD' => 9.297959999999999780584403197281062602996826171875,
  'TWD' => 43.26398100000000113141140900552272796630859375,
  'TZS' => 3525.68995700000004944740794599056243896484375,
  'UAH' => 59.1389300000000019963408703915774822235107421875,
  'UGX' => 4933.0730819999998857383616268634796142578125,
  'USD' => 1.3691999999999999726441046732361428439617156982421875,
  'UYU' => 53.13021599999999722285792813636362552642822265625,
  'UZS' => 16868.3914020000011078082025051116943359375,
  'VND' => 35455.43356700000003911554813385009765625,
  'VUV' => 166.08395799999999553620000369846820831298828125,
  'WST' => 3.789671999999999929542582322028465569019317626953125,
  'XAF' => 757.6824769999999489300535060465335845947265625,
  'XAG' => 0.01297500000000000042188474935755948536098003387451171875,
  'XAU' => 0.0002790000000000000053741733285761483784881420433521270751953125,
  'XCD' => 3.700330999999999814775719642057083547115325927734375,
  'XDR' => 0.94203800000000004200018111077952198684215545654296875,
  'XOF' => 757.6824769999999489300535060465335845947265625,
  'XPD' => 0.00067800000000000000023592239273284576484002172946929931640625,
  'XPF' => 137.83764800000000150248524732887744903564453125,
  'XPT' => 0.00052800000000000004048150703539477035519666969776153564453125,
  'YER' => 326.3145359999999755018507130444049835205078125,
  'ZAR' => 22.103666000000000479985828860662877559661865234375,
  'ZMW' => 27.078686999999998619159669033251702785491943359375,
  'ZWL' => 440.8823949999999740612111054360866546630859375,
)
2026-01-31T14:16:56+00:00 INFO ENVIRONMENT: array (
  'WP_User' => 'Guest (non logged-in user)',
  'HTTP_REFERER' => '--',
  'HTTP_USER_AGENT' => 'Mozilla/5.0 (Windows NT 10.0; Win64; x64) AppleWebKit/537.36 (KHTML, like Gecko) Chrome/110.0.0.0 Safari/537.36',
  'REQUEST_URI' => '/product/tofu-poke-bowl/?add-to-cart=438',
  'DOING_AJAX' => false,
  'DOING_CRON' => false,
  'WP_CLI' => false,
)
2026-01-31T14:16:56+00:00 INFO REQUEST GET https://public-api.wordpress.com/wpcom/v2/sites/%s/wcpay/disputes?test_mode=0&pagesize=50&search%5B0%5D=warning_needs_response&search%5B1%5D=needs_response
2026-01-31T14:16:56+00:00 INFO HEADERS: array (
  'Content-Type' => 'application/json; charset=utf-8',
  'User-Agent' => 'WooCommerce Payments/8.6.0',
)
2026-01-31T14:16:57+00:00 INFO RESPONSE: array (
  'data' => 
  array (
  ),
)
2026-01-31T20:08:14+00:00 INFO ENVIRONMENT: array (
  'WP_User' => 'Guest (non logged-in user)',
  'HTTP_REFERER' => '--',
  'HTTP_USER_AGENT' => 'Mozilla/5.0 AppleWebKit/537.36 (KHTML, like Gecko; compatible; bingbot/2.0; +http://www.bing.com/bingbot.htm) Chrome/116.0.1938.76 Safari/537.36',
  'REQUEST_URI' => '/?add-to-cart=409',
  'DOING_AJAX' => false,
  'DOING_CRON' => false,
  'WP_CLI' => false,
)
2026-01-31T20:08:14+00:00 INFO REQUEST GET https://public-api.wordpress.com/wpcom/v2/sites/%s/wcpay/currency/rates?test_mode=0&currency_from=gbp
2026-01-31T20:08:14+00:00 INFO HEADERS: array (
  'Content-Type' => 'application/json; charset=utf-8',
  'User-Agent' => 'WooCommerce Payments/8.6.0',
)
2026-01-31T20:08:15+00:00 INFO RESPONSE: array (
  'AED' => 5.0283870000000003841478246613405644893646240234375,
  'AFN' => 88.99799799999999549982021562755107879638671875,
  'ALL' => 111.62884900000000243380782194435596466064453125,
  'AMD' => 523.0977020000000266009010374546051025390625,
  'ANG' => 2.4508679999999998244675225578248500823974609375,
  'AOA' => 1255.556385000000091167748905718326568603515625,
  'ARS' => 1984.409535999999889099854044616222381591796875,
  'AUD' => 1.9672419999999999351558699345332570374011993408203125,
  'AWG' => 2.46627099999999988000354278483428061008453369140625,
  'AZN' => 2.327640000000000153335122377029620110988616943359375,
  'BAM' => 2.258433999999999830521346666500903666019439697265625,
  'BBD' => 2.738399999999999945288209346472285687923431396484375,
  'BDT' => 167.345808000000005222318577580153942108154296875,
  'BGN' => 2.2597550000000001801936377887614071369171142578125,
  'BHD' => 0.51757299999999994977173400911851786077022552490234375,
  'BIF' => 4059.67794999999978244886733591556549072265625,
  'BMD' => 1.3691999999999999726441046732361428439617156982421875,
  'BND' => 1.7342839999999999367474856626358814537525177001953125,
  'BOB' => 9.4629919999999998481143848039209842681884765625,
  'BRL' => 7.20021199999999961249841362587176263332366943359375,
  'BSD' => 1.3691999999999999726441046732361428439617156982421875,
  'BTC' => 1.69999999999999998659926114807916519566788338124752044677734375E-5,
  'BTN' => 126.7092650000000020327206584624946117401123046875,
  'BWP' => 18.054382000000000374484443455003201961517333984375,
  'BYN' => 3.930029999999999912319026407203637063503265380859375,
  'BZD' => 2.754204000000000096548546935082413256168365478515625,
  'CAD' => 1.8654669999999999863149469092604704201221466064453125,
  'CDF' => 3174.9617859999998472630977630615234375,
  'CHF' => 1.057900000000000062527760746888816356658935546875,
  'CLF' => 0.03004400000000000126032517755447770468890666961669921875,
  'CLP' => 1186.315941999999949985067360103130340576171875,
  'CNH' => 9.525249999999999772626324556767940521240234375,
  'CNY' => 9.5183359999999996858832673751749098300933837890625,
  'COP' => 5024.6066810000002078595571219921112060546875,
  'CRC' => 678.121390000000019426806829869747161865234375,
  'CUC' => 1.3691999999999999726441046732361428439617156982421875,
  'CUP' => 35.256900000000001682565198279917240142822265625,
  'CVE' => 127.3275430000000056907083489932119846343994140625,
  'CZK' => 28.10762199999999921828930382616817951202392578125,
  'DJF' => 245.705865999999986115653882734477519989013671875,
  'DKK' => 8.6284240000000007597691364935599267482757568359375,
  'DOP' => 85.9172989999999998644852894358336925506591796875,
  'DZD' => 177.51875899999998864586814306676387786865234375,
  'EGP' => 64.25299499999999852661858312785625457763671875,
  'ERN' => 20.538000000000000255795384873636066913604736328125,
  'ETB' => 214.348172000000005255060386843979358673095703125,
  'EUR' => 1.1550789999999999668744976588641293346881866455078125,
  'FJD' => 3.018606999999999818129481354844756424427032470703125,
  'FKP' => 1,
  'GBP' => 1,
  'GEL' => 3.689993999999999996219912645756267011165618896484375,
  'GGP' => 1,
  'GHS' => 14.9858940000000000480895323562435805797576904296875,
  'GIP' => 1,
  'GMD' => 99.9515999999999991132426657713949680328369140625,
  'GNF' => 11980.499853999999686493538320064544677734375,
  'GTQ' => 10.503612000000000392674337490461766719818115234375,
  'GYD' => 286.502784000000019659637473523616790771484375,
  'HKD' => 10.693383000000000748741513234563171863555908203125,
  'HNL' => 36.22903099999999909641701378859579563140869140625,
  'HRK' => 8.70527799999999984947862685658037662506103515625,
  'HTG' => 179.216672999999985904651111923158168792724609375,
  'HUF' => 440.4442510000000083891791291534900665283203125,
  'IDR' => 22966.275920000000041909515857696533203125,
  'ILS' => 4.2316839999999995569623933988623321056365966796875,
  'IMP' => 1,
  'INR' => 125.5317459999999982755980454385280609130859375,
  'IQD' => 1807.7353450000000520958565175533294677734375,
  'IRR' => 57624.1504970000023604370653629302978515625,
  'ISK' => 167.466849999999993769961292855441570281982421875,
  'JEP' => 1,
  'JMD' => 214.595633999999989782736520282924175262451171875,
  'JOD' => 0.9707630000000000425330881625995971262454986572265625,
  'JPY' => 211.8768509999999878345988690853118896484375,
  'KES' => 176.626798000000007959897629916667938232421875,
  'KGS' => 119.73653899999999339343048632144927978515625,
  'KHR' => 5548.5270289999998567509464919567108154296875,
  'KMF' => 568.217703000000028623617254197597503662109375,
  'KPW' => 1232.279984999999896899680607020854949951171875,
  'KRW' => 1986.421644000000014784745872020721435546875,
  'KWD' => 0.42023500000000002518873998269555158913135528564453125,
  'KYD' => 1.141010000000000079722894952283240854740142822265625,
  'KZT' => 688.7459589999999707288225181400775909423828125,
  'LAK' => 29437.79964100000142934732139110565185546875,
  'LBP' => 123518.291553000002750195562839508056640625,
  'LKR' => 423.49523900000002640808816067874431610107421875,
  'LRD' => 253.64424900000000207000994123518466949462890625,
  'LSL' => 21.908677000000000845147951622493565082550048828125,
  'LYD' => 8.65825099999999991950971889309585094451904296875,
  'MAD' => 12.5162420000000000896989149623550474643707275390625,
  'MDL' => 23.207992999999998318116922746412456035614013671875,
  'MGA' => 6166.3005960000000413856469094753265380859375,
  'MKD' => 71.1724889999999987821865943260490894317626953125,
  'MMK' => 2875.18304500000022017047740519046783447265625,
  'MNT' => 4874.3519409999998970306478440761566162109375,
  'MOP' => 11.0121850000000005564970706473104655742645263671875,
  'MUR' => 62.202753000000001293301465921103954315185546875,
  'MVR' => 21.167832000000000647332853986881673336029052734375,
  'MWK' => 2378.30037099999981364817358553409576416015625,
  'MXN' => 23.914446999999999121655491762794554233551025390625,
  'MYR' => 5.3973870000000001567741492181085050106048583984375,
  'MZN' => 87.3001880000000056725184549577534198760986328125,
  'NAD' => 21.908677999999998320390659500844776630401611328125,
  'NGN' => 1898.368392999999969106283970177173614501953125,
  'NIO' => 50.2496390000000019426806829869747161865234375,
  'NOK' => 13.2031960000000001542730387882329523563385009765625,
  'NPR' => 202.735577000000006364643923006951808929443359375,
  'NZD' => 2.274040999999999979053200149792246520519256591796875,
  'OMR' => 0.5272989999999999621849156028474681079387664794921875,
  'PAB' => 1.3691999999999999726441046732361428439617156982421875,
  'PEN' => 4.61328799999999983327825248125009238719940185546875,
  'PGK' => 5.85264499999999987522869560052640736103057861328125,
  'PHP' => 80.642461999999994759491528384387493133544921875,
  'PKR' => 383.1278459999999768115230835974216461181640625,
  'PLN' => 4.86880600000000018923174138762988150119781494140625,
  'PYG' => 9242.55415100000027450732886791229248046875,
  'QAR' => 4.98532599999999970208364175050519406795501708984375,
  'RON' => 5.8874230000000000728732629795558750629425048828125,
  'RSD' => 135.43304699999998774728737771511077880859375,
  'RUB' => 104.2107740000000006830305210314691066741943359375,
  'RWF' => 1988.07837599999993472010828554630279541015625,
  'SAR' => 5.13599300000000003052491592825390398502349853515625,
  'SBD' => 11.024269000000000318095771945081651210784912109375,
  'SCR' => 19.8757260000000002264641807414591312408447265625,
  'SDG' => 823.5737900000000308864400722086429595947265625,
  'SEK' => 12.2206580000000002428350853733718395233154296875,
  'SGD' => 1.738747000000000042518877307884395122528076171875,
  'SHP' => 1,
  'SLL' => 28711.439050000000861473381519317626953125,
  'SOS' => 788.5721859999999878709786571562290191650390625,
  'SRD' => 52.09874400000000349564288626424968242645263671875,
  'SSP' => 178.3519900000000006912159733474254608154296875,
  'STD' => 30508.24018799999976181425154209136962890625,
  'SVC' => 11.981925000000000380850906367413699626922607421875,
  'SYP' => 17802.338182999999844469130039215087890625,
  'SZL' => 21.901979000000000752379492041654884815216064453125,
  'THB' => 43.2064060000000011996235116384923458099365234375,
  'TJS' => 12.78347899999999981446308083832263946533203125,
  'TMT' => 4.79220000000000023732127374387346208095550537109375,
  'TND' => 3.895373999999999892196456130477599799633026123046875,
  'TOP' => 3.29670500000000021856294551980681717395782470703125,
  'TRY' => 59.54568499999999886540535953827202320098876953125,
  'TTD' => 9.297959999999999780584403197281062602996826171875,
  'TWD' => 43.26398100000000113141140900552272796630859375,
  'TZS' => 3525.68995700000004944740794599056243896484375,
  'UAH' => 59.1389300000000019963408703915774822235107421875,
  'UGX' => 4933.0730819999998857383616268634796142578125,
  'USD' => 1.3691999999999999726441046732361428439617156982421875,
  'UYU' => 53.13021599999999722285792813636362552642822265625,
  'UZS' => 16868.3914020000011078082025051116943359375,
  'VND' => 35455.43356700000003911554813385009765625,
  'VUV' => 166.08395799999999553620000369846820831298828125,
  'WST' => 3.789671999999999929542582322028465569019317626953125,
  'XAF' => 757.6824769999999489300535060465335845947265625,
  'XAG' => 0.01297500000000000042188474935755948536098003387451171875,
  'XAU' => 0.0002790000000000000053741733285761483784881420433521270751953125,
  'XCD' => 3.700330999999999814775719642057083547115325927734375,
  'XDR' => 0.94203800000000004200018111077952198684215545654296875,
  'XOF' => 757.6824769999999489300535060465335845947265625,
  'XPD' => 0.00067800000000000000023592239273284576484002172946929931640625,
  'XPF' => 137.83764800000000150248524732887744903564453125,
  'XPT' => 0.00052800000000000004048150703539477035519666969776153564453125,
  'YER' => 326.3145359999999755018507130444049835205078125,
  'ZAR' => 22.103666000000000479985828860662877559661865234375,
  'ZMW' => 27.078686999999998619159669033251702785491943359375,
  'ZWL' => 440.8823949999999740612111054360866546630859375,
)
2026-01-31T21:00:53+00:00 INFO ENVIRONMENT: array (
  'WP_User' => 'Guest (non logged-in user)',
  'HTTP_REFERER' => '--',
  'HTTP_USER_AGENT' => '--',
  'REQUEST_URI' => '/wp-admin/',
  'DOING_AJAX' => false,
  'DOING_CRON' => false,
  'WP_CLI' => false,
)
2026-01-31T21:00:53+00:00 INFO REQUEST GET https://public-api.wordpress.com/wpcom/v2/sites/%s/wcpay/accounts?test_mode=0
2026-01-31T21:00:53+00:00 INFO HEADERS: array (
  'Content-Type' => 'application/json; charset=utf-8',
  'User-Agent' => 'WooCommerce Payments/8.6.0',
)
2026-01-31T21:00:54+00:00 INFO RESPONSE: array (
  'account_id' => 'acct_1QJjXwFt5S7zes6j',
  'email' => '(redacted)',
  'communications_email' => 'contactus@papapoke.co.uk',
  'live_publishable_key' => 'pk_live_51ETDmyFuiXB5oUVxaIafkGPnwuNcBxr1pXVhvLJ4BrWuiqfG6SldjatOGLQhuqXnDmgqwRA7tDoSFlbY4wFji7KR0079TvtxNs',
  'test_publishable_key' => 'pk_test_51ETDmyFuiXB5oUVxwSobQMW5Tno1GclIq7ePZWzLeW4q8oa7Zb8hI5VfwI5sNT5nXuKYinLukNvGCXmsQXAoDGHG00MqHqlYHR',
  'is_live' => true,
  'is_test_drive' => false,
  'created' => '2024-11-10 22:23:55',
  'has_pending_requirements' => false,
  'has_future_requirements' => false,
  'has_overdue_requirements' => false,
  'details_submitted' => true,
  'current_deadline' => NULL,
  'status' => 'complete',
  'capabilities' => 
  array (
    'card_payments' => 'active',
    'transfers' => 'active',
    'afterpay_clearpay_payments' => 'unrequested',
    'alipay_payments' => 'unrequested',
    'amazon_pay_payments' => 'unrequested',
    'bacs_debit_payments' => 'unrequested',
    'bancontact_payments' => 'unrequested',
    'bank_transfer_payments' => 'unrequested',
    'billie_payments' => 'unrequested',
    'cartes_bancaires_payments' => 'unrequested',
    'eps_payments' => 'unrequested',
    'gb_bank_transfer_payments' => 'unrequested',
    'ideal_payments' => 'unrequested',
    'kakao_pay_payments' => 'unrequested',
    'klarna' => 'unrequested',
    'klarna_payments' => 'unrequested',
    'kr_card_payments' => 'unrequested',
    'legacy_payments' => 'unrequested',
    'link_payments' => 'unrequested',
    'mb_way_payments' => 'unrequested',
    'multibanco_payments' => 'unrequested',
    'naver_pay_payments' => 'unrequested',
    'p24_payments' => 'unrequested',
    'pay_by_bank_payments' => 'unrequested',
    'payco_payments' => 'unrequested',
    'revolut_pay_payments' => 'unrequested',
    'samsung_pay_payments' => 'unrequested',
    'sepa_bank_transfer_payments' => 'unrequested',
    'sepa_debit_payments' => 'unrequested',
    'twint_payments' => 'unrequested',
    'us_bank_account_ach_payments' => 'unrequested',
    'us_bank_transfer_payments' => 'unrequested',
    'wechat_pay_payments' => 'unrequested',
  ),
  'capability_requirements' => 
  array (
    'afterpay_clearpay_payments' => 
    array (
    ),
    'alipay_payments' => 
    array (
      0 => 'business_profile.product_description',
    ),
    'amazon_pay_payments' => 
    array (
    ),
    'bacs_debit_payments' => 
    array (
    ),
    'bancontact_payments' => 
    array (
    ),
    'bank_transfer_payments' => 
    array (
    ),
    'billie_payments' => 
    array (
    ),
    'card_payments' => 
    array (
    ),
    'cartes_bancaires_payments' => 
    array (
    ),
    'eps_payments' => 
    array (
    ),
    'gb_bank_transfer_payments' => 
    array (
    ),
    'ideal_payments' => 
    array (
    ),
    'kakao_pay_payments' => 
    array (
    ),
    'klarna' => 
    array (
    ),
    'klarna_payments' => 
    array (
    ),
    'kr_card_payments' => 
    array (
    ),
    'legacy_payments' => 
    array (
    ),
    'link_payments' => 
    array (
    ),
    'mb_way_payments' => 
    array (
    ),
    'multibanco_payments' => 
    array (
    ),
    'naver_pay_payments' => 
    array (
    ),
    'p24_payments' => 
    array (
    ),
    'pay_by_bank_payments' => 
    array (
    ),
    'payco_payments' => 
    array (
    ),
    'revolut_pay_payments' => 
    array (
    ),
    'samsung_pay_payments' => 
    array (
    ),
    'sepa_bank_transfer_payments' => 
    array (
    ),
    'sepa_debit_payments' => 
    array (
    ),
    'transfers' => 
    array (
    ),
    'twint_payments' => 
    array (
    ),
    'us_bank_account_ach_payments' => 
    array (
    ),
    'us_bank_transfer_payments' => 
    array (
    ),
    'wechat_pay_payments' => 
    array (
      0 => 'business_profile.product_description',
    ),
  ),
  'payments_enabled' => true,
  'deposits' => 
  array (
    'status' => 'enabled',
    'restrictions' => 'deposits_unrestricted',
    'interval' => 'daily',
    'weekly_anchor' => '',
    'monthly_anchor' => NULL,
    'delay_days' => 3,
    'completed_waiting_period' => false,
    'minimum_manual_deposit_amounts' => 
    array (
      'aud' => 500,
      'bgn' => 100,
      'cad' => 500,
      'chf' => 500,
      'czk' => 3000,
      'dkk' => 5000,
      'eur' => 500,
      'gbp' => 500,
      'hkd' => 5000,
      'huf' => 36000,
      'nok' => 5000,
      'nzd' => 500,
      'jpy' => 50,
      'sek' => 5000,
      'sgd' => 500,
      'usd' => 500,
      'ron' => 500,
      'pln' => 500,
      'aed' => 200,
    ),
    'minimum_scheduled_deposit_amounts' => 
    array (
      'aed' => 200,
      'aud' => 0,
      'bgn' => 100,
      'cad' => 0,
      'chf' => 500,
      'czk' => 3000,
      'dkk' => 2000,
      'eur' => 100,
      'gbp' => 100,
      'hkd' => 0,
      'huf' => 36000,
      'jpy' => 1,
      'nok' => 2000,
      'nzd' => 0,
      'pln' => 500,
      'ron' => 500,
      'sek' => 2000,
      'sgd' => 100,
      'usd' => 0,
    ),
  ),
  'lifetime_total_payment_volume' => 0,
  'requirements' => 
  array (
    'errors' => 
    array (
    ),
  ),
  'statement_descriptor' => 'PAPA POKE',
  'statement_descriptor_kanji' => '',
  'statement_descriptor_kana' => '',
  'latest_tos_agreement' => 
  array (
    'date' => '2024-11-10 22:23:55',
    'source' => 'signup',
    'is_current_version' => true,
  ),
  'fees' => 
  array (
    'base' => 
    array (
      'percentage_rate' => 0.01499999999999999944488848768742172978818416595458984375,
      'fixed_rate' => 25,
      'currency' => 'gbp',
    ),
    'discount' => 
    array (
    ),
    'card' => 
    array (
      'base' => 
      array (
        'percentage_rate' => 0.01499999999999999944488848768742172978818416595458984375,
        'fixed_rate' => 25,
        'currency' => 'gbp',
      ),
      'additional' => 
      array (
        'percentage_rate' => 0.0200000000000000004163336342344337026588618755340576171875,
        'fixed_rate' => 0,
        'currency' => 'eur',
      ),
      'fx' => 
      array (
        'percentage_rate' => 0.0200000000000000004163336342344337026588618755340576171875,
        'fixed_rate' => 0,
        'currency' => 'gbp',
      ),
      'discount' => 
      array (
      ),
    ),
    'card_present' => 
    array (
      'base' => 
      array (
        'percentage_rate' => 0.01400000000000000029143354396410359186120331287384033203125,
        'fixed_rate' => 20,
        'currency' => 'gbp',
      ),
      'additional' => 
      array (
        'percentage_rate' => 0.0200000000000000004163336342344337026588618755340576171875,
        'fixed_rate' => 0,
        'currency' => 'gbp',
      ),
      'fx' => 
      array (
        'percentage_rate' => 0.0200000000000000004163336342344337026588618755340576171875,
        'fixed_rate' => 0,
        'currency' => 'gbp',
      ),
      'discount' => 
      array (
      ),
    ),
    'bancontact' => 
    array (
      'base' => 
      array (
        'percentage_rate' => 0.01400000000000000029143354396410359186120331287384033203125,
        'fixed_rate' => 20,
        'currency' => 'gbp',
      ),
      'additional' => 
      array (
        'percentage_rate' => 0,
        'fixed_rate' => 0,
        'currency' => 'gbp',
      ),
      'fx' => 
      array (
        'percentage_rate' => 0,
        'fixed_rate' => 0,
        'currency' => 'gbp',
      ),
      'discount' => 
      array (
      ),
    ),
    'eps' => 
    array (
      'base' => 
      array (
        'percentage_rate' => 0.01600000000000000033306690738754696212708950042724609375,
        'fixed_rate' => 20,
        'currency' => 'gbp',
      ),
      'additional' => 
      array (
        'percentage_rate' => 0,
        'fixed_rate' => 0,
        'currency' => 'gbp',
      ),
      'fx' => 
      array (
        'percentage_rate' => 0,
        'fixed_rate' => 0,
        'currency' => 'gbp',
      ),
      'discount' => 
      array (
      ),
    ),
    'ideal' => 
    array (
      'base' => 
      array (
        'percentage_rate' => 0,
        'fixed_rate' => 25,
        'currency' => 'gbp',
      ),
      'additional' => 
      array (
        'percentage_rate' => 0,
        'fixed_rate' => 0,
        'currency' => 'gbp',
      ),
      'fx' => 
      array (
        'percentage_rate' => 0,
        'fixed_rate' => 0,
        'currency' => 'gbp',
      ),
      'discount' => 
      array (
      ),
    ),
    'p24' => 
    array (
      'base' => 
      array (
        'percentage_rate' => 0.021999999999999998723243521681069978512823581695556640625,
        'fixed_rate' => 20,
        'currency' => 'gbp',
      ),
      'additional' => 
      array (
        'percentage_rate' => 0,
        'fixed_rate' => 0,
        'currency' => 'gbp',
      ),
      'fx' => 
      array (
        'percentage_rate' => 0,
        'fixed_rate' => 0,
        'currency' => 'gbp',
      ),
      'discount' => 
      array (
      ),
    ),
    'klarna' => 
    array (
      'base' => 
      array (
        'percentage_rate' => 0.049899999999999999911182158029987476766109466552734375,
        'fixed_rate' => 35,
        'currency' => 'gbp',
      ),
      'additional' => 
      array (
        'percentage_rate' => 0,
        'fixed_rate' => 0,
        'currency' => 'gbp',
      ),
      'fx' => 
      array (
        'percentage_rate' => 0,
        'fixed_rate' => 0,
        'currency' => 'gbp',
      ),
      'discount' => 
      array (
      ),
    ),
    'afterpay_clearpay' => 
    array (
      'base' => 
      array (
        'percentage_rate' => 0.059999999999999997779553950749686919152736663818359375,
        'fixed_rate' => 30,
        'currency' => 'gbp',
      ),
      'additional' => 
      array (
        'percentage_rate' => 0,
        'fixed_rate' => 0,
        'currency' => 'gbp',
      ),
      'fx' => 
      array (
        'percentage_rate' => 0,
        'fixed_rate' => 0,
        'currency' => 'gbp',
      ),
      'discount' => 
      array (
      ),
    ),
  ),
  'capital' => 
  array (
    'has_active_loan' => false,
    'has_previous_loans' => false,
    'loans' => 
    array (
    ),
  ),
  'fraud_services' => 
  array (
    'stripe' => 
    array (
    ),
    'sift' => 
    array (
      'beacon_key' => '1d81b5c86a',
      'sandbox_beacon_key' => '43e8654e6f',
    ),
  ),
  'store_currencies' => 
  array (
    'default' => 'gbp',
    'supported' => 
    array (
      0 => 'gbp',
    ),
  ),
  'customer_currencies' => 
  array (
    'supported' => 
    array (
      0 => 'usd',
      1 => 'aed',
      2 => 'afn',
      3 => 'all',
      4 => 'amd',
      5 => 'ang',
      6 => 'aoa',
      7 => 'ars',
      8 => 'aud',
      9 => 'awg',
      10 => 'azn',
      11 => 'bam',
      12 => 'bbd',
      13 => 'bdt',
      14 => 'bif',
      15 => 'bmd',
      16 => 'bnd',
      17 => 'bob',
      18 => 'brl',
      19 => 'bsd',
      20 => 'bwp',
      21 => 'byn',
      22 => 'bzd',
      23 => 'cad',
      24 => 'cdf',
      25 => 'chf',
      26 => 'clp',
      27 => 'cny',
      28 => 'cop',
      29 => 'crc',
      30 => 'cve',
      31 => 'czk',
      32 => 'djf',
      33 => 'dkk',
      34 => 'dop',
      35 => 'dzd',
      36 => 'egp',
      37 => 'etb',
      38 => 'eur',
      39 => 'fjd',
      40 => 'fkp',
      41 => 'gbp',
      42 => 'gel',
      43 => 'gip',
      44 => 'gmd',
      45 => 'gnf',
      46 => 'gtq',
      47 => 'gyd',
      48 => 'hkd',
      49 => 'hnl',
      50 => 'htg',
      51 => 'huf',
      52 => 'idr',
      53 => 'ils',
      54 => 'inr',
      55 => 'isk',
      56 => 'jmd',
      57 => 'jpy',
      58 => 'kes',
      59 => 'kgs',
      60 => 'khr',
      61 => 'kmf',
      62 => 'krw',
      63 => 'kyd',
      64 => 'kzt',
      65 => 'lak',
      66 => 'lbp',
      67 => 'lkr',
      68 => 'lrd',
      69 => 'lsl',
      70 => 'mad',
      71 => 'mdl',
      72 => 'mga',
      73 => 'mkd',
      74 => 'mmk',
      75 => 'mnt',
      76 => 'mop',
      77 => 'mur',
      78 => 'mvr',
      79 => 'mwk',
      80 => 'mxn',
      81 => 'myr',
      82 => 'mzn',
      83 => 'nad',
      84 => 'ngn',
      85 => 'nio',
      86 => 'nok',
      87 => 'npr',
      88 => 'nzd',
      89 => 'pab',
      90 => 'pen',
      91 => 'pgk',
      92 => 'php',
      93 => 'pkr',
      94 => 'pln',
      95 => 'pyg',
      96 => 'qar',
      97 => 'ron',
      98 => 'rsd',
      99 => 'rub',
      100 => 'rwf',
      101 => 'sar',
      102 => 'sbd',
      103 => 'scr',
      104 => 'sek',
      105 => 'sgd',
      106 => 'shp',
      107 => 'sle',
      108 => 'sos',
      109 => 'srd',
      110 => 'std',
      111 => 'szl',
      112 => 'thb',
      113 => 'tjs',
      114 => 'top',
      115 => 'try',
      116 => 'ttd',
      117 => 'twd',
      118 => 'tzs',
      119 => 'uah',
      120 => 'ugx',
      121 => 'uyu',
      122 => 'uzs',
      123 => 'vnd',
      124 => 'vuv',
      125 => 'wst',
      126 => 'xaf',
      127 => 'xcd',
      128 => 'xcg',
      129 => 'xof',
      130 => 'xpf',
      131 => 'yer',
      132 => 'zar',
      133 => 'zmw',
    ),
  ),
  'country' => '(redacted)',
  'instant_deposits_eligible' => false,
  'card_present_eligible' => true,
  'has_card_readers_available' => false,
  'platform_checkout_eligible' => false,
  'platform_direct_checkout_eligible' => false,
  'platform_global_theme_support_enabled' => false,
  'business_profile' => 
  array (
    'name' => '(redacted)',
    'url' => 'https://papapoke.co.uk',
    'support_address' => 
    array (
    ),
    'support_email' => 'contactus@papapoke.co.uk',
    'support_phone' => '+447387156597',
  ),
  'branding' => 
  array (
    'icon' => NULL,
    'logo' => NULL,
    'primary_color' => NULL,
    'secondary_color' => NULL,
  ),
  'locale' => 'en_GB',
  'has_more_failed_events' => false,
  'has_submitted_vat_data' => false,
  'is_documents_enabled' => true,
  'card_testing_protection_eligible' => false,
  'fraud_mitigation_settings' => 
  array (
    'avs_check_enabled' => false,
    'cvc_check_enabled' => true,
  ),
  'is_deferred_intent_creation_upe_enabled' => true,
  'pre_check_save_my_info' => false,
  'is_tokenized_ece_disabled' => false,
  'ece_confirmation_tokens_disabled' => false,
  'eligibility_wporg_review_campaign_2025' => false,
  'progressive_onboarding' => 
  array (
    'is_enabled' => false,
    'is_complete' => false,
  ),
)
2026-01-31T21:11:33+00:00 INFO ENVIRONMENT: array (
  'WP_User' => 'Guest (non logged-in user)',
  'HTTP_REFERER' => '--',
  'HTTP_USER_AGENT' => 'WordPress/6.9; https://papapoke.co.uk',
  'REQUEST_URI' => '/wp-cron.php?doing_wp_cron=1769893893.1516120433807373046875',
  'DOING_AJAX' => false,
  'DOING_CRON' => true,
  'WP_CLI' => false,
)
2026-01-31T21:11:33+00:00 INFO REQUEST POST https://public-api.wordpress.com/wpcom/v2/sites/%s/wcpay/compatibility
2026-01-31T21:11:33+00:00 INFO HEADERS: array (
  'Content-Type' => 'application/json; charset=utf-8',
  'User-Agent' => 'WooCommerce Payments/8.6.0',
  'Idempotency-Key' => '585d3019-4ec4-46cc-9cf8-6e9cee6a4971',
)
2026-01-31T21:11:33+00:00 INFO BODY: array (
  'test_mode' => false,
  'compatibility_data' => 
  array (
    'woopayments_version' => '8.6.0',
    'woocommerce_version' => '10.0.5',
    'woocommerce_permalinks' => 
    array (
      'product_base' => 'product',
      'category_base' => 'product-category',
      'tag_base' => 'product-tag',
      'attribute_base' => '',
      'use_verbose_page_rules' => false,
    ),
    'woocommerce_shop' => 'https://papapoke.co.uk/?page_id=7',
    'woocommerce_cart' => 'Not set',
    'woocommerce_checkout' => 'https://papapoke.co.uk/checkout/',
    'blog_theme' => 'papa',
    'active_plugins' => 
    array (
      0 => 'added-to-cart-popup-woocommerce/xoo-cp-main.php',
      1 => 'advanced-custom-fields-pro/acf.php',
      2 => 'classic-editor/classic-editor.php',
      3 => 'classic-widgets/classic-widgets.php',
      4 => 'contact-form-7/wp-contact-form-7.php',
      5 => 'health-check/health-check.php',
      6 => 'popup-maker/popup-maker.php',
      8 => 'regenerate-thumbnails/regenerate-thumbnails.php',
      9 => 'shipping-zones-by-drawing-for-woocommerce/shipping-zones-by-drawing.php',
      10 => 'svg-support/svg-support.php',
      11 => 'webp-converter-for-media/webp-converter-for-media.php',
      12 => 'woo-pincode-checker/woo-pincode-checker.php',
      13 => 'woocommerce-google-analytics-integration/woocommerce-google-analytics-integration.php',
      14 => 'woocommerce-lightbox/main.php',
      15 => 'woocommerce-payments/woocommerce-payments.php',
      17 => 'woocommerce/woocommerce.php',
      18 => 'wordpress-seo/wp-seo.php',
      19 => 'wp-rocket/wp-rocket.php',
      20 => 'wp-sitemap-page/wp-sitemap-page.php',
    ),
    'post_types_count' => 
    array (
      'post' => 0,
      'page' => 7,
      'attachment' => 0,
      'product' => 55,
      'popup' => 2,
      'popup_theme' => 8,
      'szbdzones' => 2,
    ),
  ),
)
2026-01-31T21:11:34+00:00 INFO RESPONSE: array (
  'result' => 'success',
)
2026-01-31T23:13:34+00:00 INFO ENVIRONMENT: array (
  'WP_User' => 'Guest (non logged-in user)',
  'HTTP_REFERER' => '--',
  'HTTP_USER_AGENT' => 'WordPress/6.9; https://papapoke.co.uk',
  'REQUEST_URI' => '/wp-cron.php?doing_wp_cron=1769901213.7024719715118408203125',
  'DOING_AJAX' => false,
  'DOING_CRON' => true,
  'WP_CLI' => false,
)
2026-01-31T23:13:34+00:00 INFO REQUEST GET https://public-api.wordpress.com/wpcom/v2/wcpay/woopay/compatibility?test_mode=0
2026-01-31T23:13:34+00:00 INFO HEADERS: array (
  'Content-Type' => 'application/json; charset=utf-8',
  'User-Agent' => 'WooCommerce Payments/8.6.0',
)
2026-01-31T23:13:34+00:00 INFO RESPONSE: array (
  'incompatible_extensions' => 
  array (
    0 => 'class-wcdonation',
    1 => 'woocommerce-avatax',
    2 => 'woocommerce-table-rate-shipping',
    3 => 'woocommerce-memberships-for-teams',
    4 => 'woocommerce-checkout-add-ons',
    5 => 'woocommerce-checkout-field-editor',
    6 => 'woocommerce-eu-vat-number',
    7 => 'woocommerce-order-delivery',
    8 => 'woocommerce-pdf-product-vouchers',
    9 => 'woocommerce-shipping-local-pickup-plus',
    10 => 'woocommerce-shipping-multiple-addresses',
    11 => 'woocommerce-smart-coupons',
    12 => 'woocommerce-subscriptions-gifting',
    13 => 'advanced-product-fields-for-woocommerce',
    14 => 'mage-eventpress',
  ),
  'adapted_extensions' => 
  array (
    0 => 'woocommerce-points-and-rewards',
    1 => 'woocommerce-gift-cards',
  ),
  'available_countries' => 
  array (
    0 => 'US',
  ),
)
