2026-01-28T00:05:50+00:00 INFO ENVIRONMENT: array (
  'WP_User' => 'Guest (non logged-in user)',
  'HTTP_REFERER' => '--',
  'HTTP_USER_AGENT' => 'WordPress/6.9; https://papapoke.co.uk',
  'REQUEST_URI' => '/wp-cron.php?doing_wp_cron=1769558750.1194279193878173828125',
  'DOING_AJAX' => false,
  'DOING_CRON' => true,
  'WP_CLI' => false,
)
2026-01-28T00:05:50+00:00 INFO REQUEST POST https://public-api.wordpress.com/wpcom/v2/sites/%s/wcpay/compatibility
2026-01-28T00:05:50+00:00 INFO HEADERS: array (
  'Content-Type' => 'application/json; charset=utf-8',
  'User-Agent' => 'WooCommerce Payments/8.6.0',
  'Idempotency-Key' => '3317bae9-89d2-429a-b961-e87c478dcfad',
)
2026-01-28T00:05:50+00:00 INFO BODY: array (
  'test_mode' => false,
  'compatibility_data' => 
  array (
    'woopayments_version' => '8.6.0',
    'woocommerce_version' => '10.0.5',
    'woocommerce_permalinks' => 
    array (
      'product_base' => 'product',
      'category_base' => 'product-category',
      'tag_base' => 'product-tag',
      'attribute_base' => '',
      'use_verbose_page_rules' => false,
    ),
    'woocommerce_shop' => 'https://papapoke.co.uk/?page_id=7',
    'woocommerce_cart' => 'Not set',
    'woocommerce_checkout' => 'https://papapoke.co.uk/checkout/',
    'blog_theme' => 'papa',
    'active_plugins' => 
    array (
      0 => 'added-to-cart-popup-woocommerce/xoo-cp-main.php',
      1 => 'advanced-custom-fields-pro/acf.php',
      2 => 'classic-editor/classic-editor.php',
      3 => 'classic-widgets/classic-widgets.php',
      4 => 'contact-form-7/wp-contact-form-7.php',
      5 => 'health-check/health-check.php',
      6 => 'popup-maker/popup-maker.php',
      8 => 'regenerate-thumbnails/regenerate-thumbnails.php',
      9 => 'shipping-zones-by-drawing-for-woocommerce/shipping-zones-by-drawing.php',
      10 => 'svg-support/svg-support.php',
      11 => 'webp-converter-for-media/webp-converter-for-media.php',
      12 => 'woo-pincode-checker/woo-pincode-checker.php',
      13 => 'woocommerce-google-analytics-integration/woocommerce-google-analytics-integration.php',
      14 => 'woocommerce-lightbox/main.php',
      15 => 'woocommerce-payments/woocommerce-payments.php',
      17 => 'woocommerce/woocommerce.php',
      18 => 'wordpress-seo/wp-seo.php',
      19 => 'wp-rocket/wp-rocket.php',
      20 => 'wp-sitemap-page/wp-sitemap-page.php',
    ),
    'post_types_count' => 
    array (
      'post' => 0,
      'page' => 7,
      'attachment' => 0,
      'product' => 55,
      'popup' => 2,
      'popup_theme' => 8,
      'szbdzones' => 2,
    ),
  ),
)
2026-01-28T00:05:50+00:00 INFO RESPONSE: array (
  'result' => 'success',
)
2026-01-28T05:16:44+00:00 INFO ENVIRONMENT: array (
  'WP_User' => 'Guest (non logged-in user)',
  'HTTP_REFERER' => '--',
  'HTTP_USER_AGENT' => 'Mozilla/5.0 (Windows NT 10.0; Win64; x64) AppleWebKit/537.36 (KHTML, like Gecko) Chrome/103.0.0.0 Safari/537.36',
  'REQUEST_URI' => '/product-category/bowl?add-to-cart=114',
  'DOING_AJAX' => false,
  'DOING_CRON' => false,
  'WP_CLI' => false,
)
2026-01-28T05:16:44+00:00 INFO ENVIRONMENT: array (
  'WP_User' => 'Guest (non logged-in user)',
  'HTTP_REFERER' => '--',
  'HTTP_USER_AGENT' => 'Mozilla/5.0 (Windows NT 10.0; Win64; x64) AppleWebKit/537.36 (KHTML, like Gecko) Chrome/103.0.0.0 Safari/537.36',
  'REQUEST_URI' => '/product/tuna-nigiri/?add-to-cart=400',
  'DOING_AJAX' => false,
  'DOING_CRON' => false,
  'WP_CLI' => false,
)
2026-01-28T05:16:44+00:00 INFO ENVIRONMENT: array (
  'WP_User' => 'Guest (non logged-in user)',
  'HTTP_REFERER' => '--',
  'HTTP_USER_AGENT' => 'Mozilla/5.0 (Windows NT 10.0; Win64; x64) AppleWebKit/537.36 (KHTML, like Gecko) Chrome/131.0.0.0 Safari/537.36',
  'REQUEST_URI' => '/product/ebi-california-set-1-2-persons/?add-to-cart=207',
  'DOING_AJAX' => false,
  'DOING_CRON' => false,
  'WP_CLI' => false,
)
2026-01-28T05:16:44+00:00 INFO REQUEST GET https://public-api.wordpress.com/wpcom/v2/sites/%s/wcpay/currency/rates?test_mode=0&currency_from=gbp
2026-01-28T05:16:44+00:00 INFO REQUEST GET https://public-api.wordpress.com/wpcom/v2/sites/%s/wcpay/currency/rates?test_mode=0&currency_from=gbp
2026-01-28T05:16:44+00:00 INFO HEADERS: array (
  'Content-Type' => 'application/json; charset=utf-8',
  'User-Agent' => 'WooCommerce Payments/8.6.0',
)
2026-01-28T05:16:44+00:00 INFO REQUEST GET https://public-api.wordpress.com/wpcom/v2/sites/%s/wcpay/currency/rates?test_mode=0&currency_from=gbp
2026-01-28T05:16:44+00:00 INFO HEADERS: array (
  'Content-Type' => 'application/json; charset=utf-8',
  'User-Agent' => 'WooCommerce Payments/8.6.0',
)
2026-01-28T05:16:44+00:00 INFO HEADERS: array (
  'Content-Type' => 'application/json; charset=utf-8',
  'User-Agent' => 'WooCommerce Payments/8.6.0',
)
2026-01-28T05:16:45+00:00 INFO RESPONSE: array (
  'AED' => 5.06989200000000028722979550366289913654327392578125,
  'AFN' => 89.732607000000001562511897645890712738037109375,
  'ALL' => 111.24862799999999651845428161323070526123046875,
  'AMD' => 518.7806130000000166546669788658618927001953125,
  'ANG' => 2.471098000000000016740386854507960379123687744140625,
  'AOA' => 1263.64104799999995520920492708683013916015625,
  'ARS' => 1991.7104939999999260180629789829254150390625,
  'AUD' => 1.973837000000000063693050833535380661487579345703125,
  'AWG' => 2.486629000000000200287786356057040393352508544921875,
  'AZN' => 2.346852999999999855873511478421278297901153564453125,
  'BAM' => 2.2669139999999998735802364535629749298095703125,
  'BBD' => 2.761003000000000096036956165335141122341156005859375,
  'BDT' => 167.31680299999999306237441487610340118408203125,
  'BGN' => 2.250341000000000146741285789175890386104583740234375,
  'BHD' => 0.52049199999999995469579516793601214885711669921875,
  'BIF' => 4055.73493800000005649053491652011871337890625,
  'BMD' => 1.38050199999999989586285664699971675872802734375,
  'BND' => 1.7462009999999998921538235663319937884807586669921875,
  'BOB' => 9.4616799999999994241761669400148093700408935546875,
  'BRL' => 7.15790099999999984703435984556563198566436767578125,
  'BSD' => 1.38050199999999989586285664699971675872802734375,
  'BTC' => 1.5000000000000000380012861456169304119612206704914569854736328125E-5,
  'BTN' => 125.58852600000000165891833603382110595703125,
  'BWP' => 18.020931999999998396333467098884284496307373046875,
  'BYN' => 3.9014720000000000510453901370055973529815673828125,
  'BZD' => 2.75376300000000018286527847521938383579254150390625,
  'CAD' => 1.877796000000000020691004465334117412567138671875,
  'CDF' => 3145.80965599999990445212461054325103759765625,
  'CHF' => 1.0567509999999999958930629873066209256649017333984375,
  'CLF' => 0.030075999999999998568700476653248188085854053497314453125,
  'CLP' => 1190.08764199999995980761013925075531005859375,
  'CNH' => 9.579644999999999299689079634845256805419921875,
  'CNY' => 9.5881360000000004362163963378407061100006103515625,
  'COP' => 5051.33140199999979813583195209503173828125,
  'CRC' => 680.26804700000002412707544863224029541015625,
  'CUC' => 1.38050199999999989586285664699971675872802734375,
  'CUP' => 35.54791800000000279169398709200322628021240234375,
  'CVE' => 126.9211949999999973215381032787263393402099609375,
  'CZK' => 27.876124000000000791033016867004334926605224609375,
  'DJF' => 243.826129000000008772985893301665782928466796875,
  'DKK' => 8.592214999999999491819835384376347064971923828125,
  'DOP' => 86.1443090000000069039742811582982540130615234375,
  'DZD' => 178.363148999999992838638718239963054656982421875,
  'EGP' => 64.88992899999999508509063161909580230712890625,
  'ERN' => 20.707525000000000403588273911736905574798583984375,
  'ETB' => 212.884876999999988811396178789436817169189453125,
  'EUR' => 1.1505939999999998946123014320619404315948486328125,
  'FJD' => 3.036137000000000085719875642098486423492431640625,
  'FKP' => 1,
  'GBP' => 1,
  'GEL' => 3.7204519999999998702833181596361100673675537109375,
  'GGP' => 1,
  'GHS' => 14.9660290000000006926939022378064692020416259765625,
  'GIP' => 1,
  'GMD' => 100.776623000000000729414750821888446807861328125,
  'GNF' => 12009.889468999999735387973487377166748046875,
  'GTQ' => 10.5056869999999999976125764078460633754730224609375,
  'GYD' => 286.46331700000001774242264218628406524658203125,
  'HKD' => 10.770039000000000584122972213663160800933837890625,
  'HNL' => 36.133645999999998821294866502285003662109375,
  'HRK' => 8.669050999999999618239598930813372135162353515625,
  'HTG' => 179.5655179999999973006197251379489898681640625,
  'HUF' => 437.40904399999999441206455230712890625,
  'IDR' => 23100.994158000001334585249423980712890625,
  'ILS' => 4.28844600000000042427927837707102298736572265625,
  'IMP' => 1,
  'INR' => 126.32880199999999604187905788421630859375,
  'IQD' => 1793.6755849999999554711394011974334716796875,
  'IRR' => 58099.79306399999768473207950592041015625,
  'ISK' => 167.082116000000013400494935922324657440185546875,
  'JEP' => 1,
  'JMD' => 215.120866000000006579284672625362873077392578125,
  'JOD' => 0.97877599999999997937294438088429160416126251220703125,
  'JPY' => 210.947418999999996458427631296217441558837890625,
  'KES' => 176.629536000000001649823389016091823577880859375,
  'KGS' => 120.723489999999998190105543471872806549072265625,
  'KHR' => 5505.5580429999999978463165462017059326171875,
  'KMF' => 568.7665399999999635838321410119533538818359375,
  'KPW' => 1242.45149799999990136711858212947845458984375,
  'KRW' => 1972.907296000000087587977759540081024169921875,
  'KWD' => 0.422638000000000013667289522345527075231075286865234375,
  'KYD' => 1.14103200000000004621369953383691608905792236328125,
  'KZT' => 689.799056999999947947799228131771087646484375,
  'LAK' => 29503.154225999998743645846843719482421875,
  'LBP' => 122634.8963130000047385692596435546875,
  'LKR' => 423.96481999999997469785739667713642120361328125,
  'LRD' => 253.300312999999988505805958993732929229736328125,
  'LSL' => 21.955887000000000597310645389370620250701904296875,
  'LYD' => 8.71408100000000018781065591610968112945556640625,
  'MAD' => 12.434397000000000588215698371641337871551513671875,
  'MDL' => 23.085288999999999504098013858310878276824951171875,
  'MGA' => 6189.4787100000003192690201103687286376953125,
  'MKD' => 70.911922000000004118192009627819061279296875,
  'MMK' => 2898.9154459999999744468368589878082275390625,
  'MNT' => 4914.5859270000000833533704280853271484375,
  'MOP' => 11.0022760000000001667785909376107156276702880859375,
  'MUR' => 62.84043299999999732108335592783987522125244140625,
  'MVR' => 21.342555999999998306293491623364388942718505859375,
  'MWK' => 2374.28948600000012447708286345005035400390625,
  'MXN' => 23.737666000000000821046342025510966777801513671875,
  'MYR' => 5.4136369999999995883399606100283563137054443359375,
  'MZN' => 88.02078299999999444480636157095432281494140625,
  'NAD' => 21.9559780000000017707861843518912792205810546875,
  'NGN' => 1937.161350999999967825715430080890655517578125,
  'NIO' => 50.38528800000000273939804174005985260009765625,
  'NOK' => 13.2603740000000005494484867085702717304229736328125,
  'NPR' => 200.939358999999996058249962516129016876220703125,
  'NZD' => 2.295220000000000037942982089589349925518035888671875,
  'OMR' => 0.530796000000000045560000216937623918056488037109375,
  'PAB' => 1.38050199999999989586285664699971675872802734375,
  'PEN' => 4.5892020000000002255546860396862030029296875,
  'PGK' => 5.85813900000000042922465581796132028102874755859375,
  'PHP' => 81.2390749999999997044142219237983226776123046875,
  'PKR' => 383.34850699999998369094100780785083770751953125,
  'PLN' => 4.831801999999999708279574406333267688751220703125,
  'PYG' => 9177.318928999999116058461368083953857421875,
  'QAR' => 4.97762599999999988398258210509084165096282958984375,
  'RON' => 5.86478500000000035896619010600261390209197998046875,
  'RSD' => 135.08622900000000299769453704357147216796875,
  'RUB' => 105.264128999999996949554770253598690032958984375,
  'RWF' => 1997.65303799999992406810633838176727294921875,
  'SAR' => 5.17677299999999984692067300784401595592498779296875,
  'SBD' => 11.151244999999999407691575470380485057830810546875,
  'SCR' => 19.33680700000000030058799893595278263092041015625,
  'SDG' => 830.3717510000000174841261468827724456787109375,
  'SEK' => 12.1627600000000004598632585839368402957916259765625,
  'SGD' => 1.741089000000000108769881990156136453151702880859375,
  'SHP' => 1,
  'SLL' => 28948.429659000001265667378902435302734375,
  'SOS' => 781.10626800000000002910383045673370361328125,
  'SRD' => 52.8690720000000027312125894241034984588623046875,
  'SSP' => 179.824147000000010621079127304255962371826171875,
  'STD' => 30760.06199399999968591146171092987060546875,
  'SVC' => 11.980090000000000571844793739728629589080810546875,
  'SYP' => 17949.28264499999932013452053070068359375,
  'SZL' => 21.94948600000000027421265258453786373138427734375,
  'THB' => 42.7479239999999975907485350035130977630615234375,
  'TJS' => 12.7885229999999996408632796374149620532989501953125,
  'TMT' => 4.8317560000000003839204509858973324298858642578125,
  'TND' => 3.948122000000000131336719277896918356418609619140625,
  'TOP' => 3.3239169999999997884287950000725686550140380859375,
  'TRY' => 59.93047299999999921737980912439525127410888671875,
  'TTD' => 9.31081400000000058980731409974396228790283203125,
  'TWD' => 43.1689769999999981564542395062744617462158203125,
  'TZS' => 3526.1104839999998148414306342601776123046875,
  'UAH' => 58.77406599999999770034264656715095043182373046875,
  'UGX' => 4888.55674999999973806552588939666748046875,
  'USD' => 1.38050199999999989586285664699971675872802734375,
  'UYU' => 51.68512199999999978672349243424832820892333984375,
  'UZS' => 16704.08773899999869172461330890655517578125,
  'VND' => 36030.319411999997100792825222015380859375,
  'VUV' => 167.454851999999988265699357725679874420166015625,
  'WST' => 3.820952999999999821767460161936469376087188720703125,
  'XAF' => 754.7399550000000090221874415874481201171875,
  'XAG' => 0.01199799999999999998434585535278529278002679347991943359375,
  'XAU' => 0.00026299999999999999593380817231036417069844901561737060546875,
  'XCD' => 3.73087500000000016342482922482304275035858154296875,
  'XDR' => 0.9480669999999999930651028989814221858978271484375,
  'XOF' => 754.7399550000000090221874415874481201171875,
  'XPD' => 0.000707999999999999970502762014490372166619636118412017822265625,
  'XPF' => 137.30234400000000505315256305038928985595703125,
  'XPT' => 0.00052099999999999997875310686623606670764274895191192626953125,
  'YER' => 329.1114999999999781721271574497222900390625,
  'ZAR' => 21.941734000000000293084667646326124668121337890625,
  'ZMW' => 27.03462499999999835154085303656756877899169921875,
  'ZWL' => 444.52153600000002597880666144192218780517578125,
)
2026-01-28T05:16:45+00:00 INFO RESPONSE: array (
  'AED' => 5.06989200000000028722979550366289913654327392578125,
  'AFN' => 89.732607000000001562511897645890712738037109375,
  'ALL' => 111.24862799999999651845428161323070526123046875,
  'AMD' => 518.7806130000000166546669788658618927001953125,
  'ANG' => 2.471098000000000016740386854507960379123687744140625,
  'AOA' => 1263.64104799999995520920492708683013916015625,
  'ARS' => 1991.7104939999999260180629789829254150390625,
  'AUD' => 1.973837000000000063693050833535380661487579345703125,
  'AWG' => 2.486629000000000200287786356057040393352508544921875,
  'AZN' => 2.346852999999999855873511478421278297901153564453125,
  'BAM' => 2.2669139999999998735802364535629749298095703125,
  'BBD' => 2.761003000000000096036956165335141122341156005859375,
  'BDT' => 167.31680299999999306237441487610340118408203125,
  'BGN' => 2.250341000000000146741285789175890386104583740234375,
  'BHD' => 0.52049199999999995469579516793601214885711669921875,
  'BIF' => 4055.73493800000005649053491652011871337890625,
  'BMD' => 1.38050199999999989586285664699971675872802734375,
  'BND' => 1.7462009999999998921538235663319937884807586669921875,
  'BOB' => 9.4616799999999994241761669400148093700408935546875,
  'BRL' => 7.15790099999999984703435984556563198566436767578125,
  'BSD' => 1.38050199999999989586285664699971675872802734375,
  'BTC' => 1.5000000000000000380012861456169304119612206704914569854736328125E-5,
  'BTN' => 125.58852600000000165891833603382110595703125,
  'BWP' => 18.020931999999998396333467098884284496307373046875,
  'BYN' => 3.9014720000000000510453901370055973529815673828125,
  'BZD' => 2.75376300000000018286527847521938383579254150390625,
  'CAD' => 1.877796000000000020691004465334117412567138671875,
  'CDF' => 3145.80965599999990445212461054325103759765625,
  'CHF' => 1.0567509999999999958930629873066209256649017333984375,
  'CLF' => 0.030075999999999998568700476653248188085854053497314453125,
  'CLP' => 1190.08764199999995980761013925075531005859375,
  'CNH' => 9.579644999999999299689079634845256805419921875,
  'CNY' => 9.5881360000000004362163963378407061100006103515625,
  'COP' => 5051.33140199999979813583195209503173828125,
  'CRC' => 680.26804700000002412707544863224029541015625,
  'CUC' => 1.38050199999999989586285664699971675872802734375,
  'CUP' => 35.54791800000000279169398709200322628021240234375,
  'CVE' => 126.9211949999999973215381032787263393402099609375,
  'CZK' => 27.876124000000000791033016867004334926605224609375,
  'DJF' => 243.826129000000008772985893301665782928466796875,
  'DKK' => 8.592214999999999491819835384376347064971923828125,
  'DOP' => 86.1443090000000069039742811582982540130615234375,
  'DZD' => 178.363148999999992838638718239963054656982421875,
  'EGP' => 64.88992899999999508509063161909580230712890625,
  'ERN' => 20.707525000000000403588273911736905574798583984375,
  'ETB' => 212.884876999999988811396178789436817169189453125,
  'EUR' => 1.1505939999999998946123014320619404315948486328125,
  'FJD' => 3.036137000000000085719875642098486423492431640625,
  'FKP' => 1,
  'GBP' => 1,
  'GEL' => 3.7204519999999998702833181596361100673675537109375,
  'GGP' => 1,
  'GHS' => 14.9660290000000006926939022378064692020416259765625,
  'GIP' => 1,
  'GMD' => 100.776623000000000729414750821888446807861328125,
  'GNF' => 12009.889468999999735387973487377166748046875,
  'GTQ' => 10.5056869999999999976125764078460633754730224609375,
  'GYD' => 286.46331700000001774242264218628406524658203125,
  'HKD' => 10.770039000000000584122972213663160800933837890625,
  'HNL' => 36.133645999999998821294866502285003662109375,
  'HRK' => 8.669050999999999618239598930813372135162353515625,
  'HTG' => 179.5655179999999973006197251379489898681640625,
  'HUF' => 437.40904399999999441206455230712890625,
  'IDR' => 23100.994158000001334585249423980712890625,
  'ILS' => 4.28844600000000042427927837707102298736572265625,
  'IMP' => 1,
  'INR' => 126.32880199999999604187905788421630859375,
  'IQD' => 1793.6755849999999554711394011974334716796875,
  'IRR' => 58099.79306399999768473207950592041015625,
  'ISK' => 167.082116000000013400494935922324657440185546875,
  'JEP' => 1,
  'JMD' => 215.120866000000006579284672625362873077392578125,
  'JOD' => 0.97877599999999997937294438088429160416126251220703125,
  'JPY' => 210.947418999999996458427631296217441558837890625,
  'KES' => 176.629536000000001649823389016091823577880859375,
  'KGS' => 120.723489999999998190105543471872806549072265625,
  'KHR' => 5505.5580429999999978463165462017059326171875,
  'KMF' => 568.7665399999999635838321410119533538818359375,
  'KPW' => 1242.45149799999990136711858212947845458984375,
  'KRW' => 1972.907296000000087587977759540081024169921875,
  'KWD' => 0.422638000000000013667289522345527075231075286865234375,
  'KYD' => 1.14103200000000004621369953383691608905792236328125,
  'KZT' => 689.799056999999947947799228131771087646484375,
  'LAK' => 29503.154225999998743645846843719482421875,
  'LBP' => 122634.8963130000047385692596435546875,
  'LKR' => 423.96481999999997469785739667713642120361328125,
  'LRD' => 253.300312999999988505805958993732929229736328125,
  'LSL' => 21.955887000000000597310645389370620250701904296875,
  'LYD' => 8.71408100000000018781065591610968112945556640625,
  'MAD' => 12.434397000000000588215698371641337871551513671875,
  'MDL' => 23.085288999999999504098013858310878276824951171875,
  'MGA' => 6189.4787100000003192690201103687286376953125,
  'MKD' => 70.911922000000004118192009627819061279296875,
  'MMK' => 2898.9154459999999744468368589878082275390625,
  'MNT' => 4914.5859270000000833533704280853271484375,
  'MOP' => 11.0022760000000001667785909376107156276702880859375,
  'MUR' => 62.84043299999999732108335592783987522125244140625,
  'MVR' => 21.342555999999998306293491623364388942718505859375,
  'MWK' => 2374.28948600000012447708286345005035400390625,
  'MXN' => 23.737666000000000821046342025510966777801513671875,
  'MYR' => 5.4136369999999995883399606100283563137054443359375,
  'MZN' => 88.02078299999999444480636157095432281494140625,
  'NAD' => 21.9559780000000017707861843518912792205810546875,
  'NGN' => 1937.161350999999967825715430080890655517578125,
  'NIO' => 50.38528800000000273939804174005985260009765625,
  'NOK' => 13.2603740000000005494484867085702717304229736328125,
  'NPR' => 200.939358999999996058249962516129016876220703125,
  'NZD' => 2.295220000000000037942982089589349925518035888671875,
  'OMR' => 0.530796000000000045560000216937623918056488037109375,
  'PAB' => 1.38050199999999989586285664699971675872802734375,
  'PEN' => 4.5892020000000002255546860396862030029296875,
  'PGK' => 5.85813900000000042922465581796132028102874755859375,
  'PHP' => 81.2390749999999997044142219237983226776123046875,
  'PKR' => 383.34850699999998369094100780785083770751953125,
  'PLN' => 4.831801999999999708279574406333267688751220703125,
  'PYG' => 9177.318928999999116058461368083953857421875,
  'QAR' => 4.97762599999999988398258210509084165096282958984375,
  'RON' => 5.86478500000000035896619010600261390209197998046875,
  'RSD' => 135.08622900000000299769453704357147216796875,
  'RUB' => 105.264128999999996949554770253598690032958984375,
  'RWF' => 1997.65303799999992406810633838176727294921875,
  'SAR' => 5.17677299999999984692067300784401595592498779296875,
  'SBD' => 11.151244999999999407691575470380485057830810546875,
  'SCR' => 19.33680700000000030058799893595278263092041015625,
  'SDG' => 830.3717510000000174841261468827724456787109375,
  'SEK' => 12.1627600000000004598632585839368402957916259765625,
  'SGD' => 1.741089000000000108769881990156136453151702880859375,
  'SHP' => 1,
  'SLL' => 28948.429659000001265667378902435302734375,
  'SOS' => 781.10626800000000002910383045673370361328125,
  'SRD' => 52.8690720000000027312125894241034984588623046875,
  'SSP' => 179.824147000000010621079127304255962371826171875,
  'STD' => 30760.06199399999968591146171092987060546875,
  'SVC' => 11.980090000000000571844793739728629589080810546875,
  'SYP' => 17949.28264499999932013452053070068359375,
  'SZL' => 21.94948600000000027421265258453786373138427734375,
  'THB' => 42.7479239999999975907485350035130977630615234375,
  'TJS' => 12.7885229999999996408632796374149620532989501953125,
  'TMT' => 4.8317560000000003839204509858973324298858642578125,
  'TND' => 3.948122000000000131336719277896918356418609619140625,
  'TOP' => 3.3239169999999997884287950000725686550140380859375,
  'TRY' => 59.93047299999999921737980912439525127410888671875,
  'TTD' => 9.31081400000000058980731409974396228790283203125,
  'TWD' => 43.1689769999999981564542395062744617462158203125,
  'TZS' => 3526.1104839999998148414306342601776123046875,
  'UAH' => 58.77406599999999770034264656715095043182373046875,
  'UGX' => 4888.55674999999973806552588939666748046875,
  'USD' => 1.38050199999999989586285664699971675872802734375,
  'UYU' => 51.68512199999999978672349243424832820892333984375,
  'UZS' => 16704.08773899999869172461330890655517578125,
  'VND' => 36030.319411999997100792825222015380859375,
  'VUV' => 167.454851999999988265699357725679874420166015625,
  'WST' => 3.820952999999999821767460161936469376087188720703125,
  'XAF' => 754.7399550000000090221874415874481201171875,
  'XAG' => 0.01199799999999999998434585535278529278002679347991943359375,
  'XAU' => 0.00026299999999999999593380817231036417069844901561737060546875,
  'XCD' => 3.73087500000000016342482922482304275035858154296875,
  'XDR' => 0.9480669999999999930651028989814221858978271484375,
  'XOF' => 754.7399550000000090221874415874481201171875,
  'XPD' => 0.000707999999999999970502762014490372166619636118412017822265625,
  'XPF' => 137.30234400000000505315256305038928985595703125,
  'XPT' => 0.00052099999999999997875310686623606670764274895191192626953125,
  'YER' => 329.1114999999999781721271574497222900390625,
  'ZAR' => 21.941734000000000293084667646326124668121337890625,
  'ZMW' => 27.03462499999999835154085303656756877899169921875,
  'ZWL' => 444.52153600000002597880666144192218780517578125,
)
2026-01-28T05:16:45+00:00 INFO RESPONSE: array (
  'AED' => 5.06989200000000028722979550366289913654327392578125,
  'AFN' => 89.732607000000001562511897645890712738037109375,
  'ALL' => 111.24862799999999651845428161323070526123046875,
  'AMD' => 518.7806130000000166546669788658618927001953125,
  'ANG' => 2.471098000000000016740386854507960379123687744140625,
  'AOA' => 1263.64104799999995520920492708683013916015625,
  'ARS' => 1991.7104939999999260180629789829254150390625,
  'AUD' => 1.973837000000000063693050833535380661487579345703125,
  'AWG' => 2.486629000000000200287786356057040393352508544921875,
  'AZN' => 2.346852999999999855873511478421278297901153564453125,
  'BAM' => 2.2669139999999998735802364535629749298095703125,
  'BBD' => 2.761003000000000096036956165335141122341156005859375,
  'BDT' => 167.31680299999999306237441487610340118408203125,
  'BGN' => 2.250341000000000146741285789175890386104583740234375,
  'BHD' => 0.52049199999999995469579516793601214885711669921875,
  'BIF' => 4055.73493800000005649053491652011871337890625,
  'BMD' => 1.38050199999999989586285664699971675872802734375,
  'BND' => 1.7462009999999998921538235663319937884807586669921875,
  'BOB' => 9.4616799999999994241761669400148093700408935546875,
  'BRL' => 7.15790099999999984703435984556563198566436767578125,
  'BSD' => 1.38050199999999989586285664699971675872802734375,
  'BTC' => 1.5000000000000000380012861456169304119612206704914569854736328125E-5,
  'BTN' => 125.58852600000000165891833603382110595703125,
  'BWP' => 18.020931999999998396333467098884284496307373046875,
  'BYN' => 3.9014720000000000510453901370055973529815673828125,
  'BZD' => 2.75376300000000018286527847521938383579254150390625,
  'CAD' => 1.877796000000000020691004465334117412567138671875,
  'CDF' => 3145.80965599999990445212461054325103759765625,
  'CHF' => 1.0567509999999999958930629873066209256649017333984375,
  'CLF' => 0.030075999999999998568700476653248188085854053497314453125,
  'CLP' => 1190.08764199999995980761013925075531005859375,
  'CNH' => 9.579644999999999299689079634845256805419921875,
  'CNY' => 9.5881360000000004362163963378407061100006103515625,
  'COP' => 5051.33140199999979813583195209503173828125,
  'CRC' => 680.26804700000002412707544863224029541015625,
  'CUC' => 1.38050199999999989586285664699971675872802734375,
  'CUP' => 35.54791800000000279169398709200322628021240234375,
  'CVE' => 126.9211949999999973215381032787263393402099609375,
  'CZK' => 27.876124000000000791033016867004334926605224609375,
  'DJF' => 243.826129000000008772985893301665782928466796875,
  'DKK' => 8.592214999999999491819835384376347064971923828125,
  'DOP' => 86.1443090000000069039742811582982540130615234375,
  'DZD' => 178.363148999999992838638718239963054656982421875,
  'EGP' => 64.88992899999999508509063161909580230712890625,
  'ERN' => 20.707525000000000403588273911736905574798583984375,
  'ETB' => 212.884876999999988811396178789436817169189453125,
  'EUR' => 1.1505939999999998946123014320619404315948486328125,
  'FJD' => 3.036137000000000085719875642098486423492431640625,
  'FKP' => 1,
  'GBP' => 1,
  'GEL' => 3.7204519999999998702833181596361100673675537109375,
  'GGP' => 1,
  'GHS' => 14.9660290000000006926939022378064692020416259765625,
  'GIP' => 1,
  'GMD' => 100.776623000000000729414750821888446807861328125,
  'GNF' => 12009.889468999999735387973487377166748046875,
  'GTQ' => 10.5056869999999999976125764078460633754730224609375,
  'GYD' => 286.46331700000001774242264218628406524658203125,
  'HKD' => 10.770039000000000584122972213663160800933837890625,
  'HNL' => 36.133645999999998821294866502285003662109375,
  'HRK' => 8.669050999999999618239598930813372135162353515625,
  'HTG' => 179.5655179999999973006197251379489898681640625,
  'HUF' => 437.40904399999999441206455230712890625,
  'IDR' => 23100.994158000001334585249423980712890625,
  'ILS' => 4.28844600000000042427927837707102298736572265625,
  'IMP' => 1,
  'INR' => 126.32880199999999604187905788421630859375,
  'IQD' => 1793.6755849999999554711394011974334716796875,
  'IRR' => 58099.79306399999768473207950592041015625,
  'ISK' => 167.082116000000013400494935922324657440185546875,
  'JEP' => 1,
  'JMD' => 215.120866000000006579284672625362873077392578125,
  'JOD' => 0.97877599999999997937294438088429160416126251220703125,
  'JPY' => 210.947418999999996458427631296217441558837890625,
  'KES' => 176.629536000000001649823389016091823577880859375,
  'KGS' => 120.723489999999998190105543471872806549072265625,
  'KHR' => 5505.5580429999999978463165462017059326171875,
  'KMF' => 568.7665399999999635838321410119533538818359375,
  'KPW' => 1242.45149799999990136711858212947845458984375,
  'KRW' => 1972.907296000000087587977759540081024169921875,
  'KWD' => 0.422638000000000013667289522345527075231075286865234375,
  'KYD' => 1.14103200000000004621369953383691608905792236328125,
  'KZT' => 689.799056999999947947799228131771087646484375,
  'LAK' => 29503.154225999998743645846843719482421875,
  'LBP' => 122634.8963130000047385692596435546875,
  'LKR' => 423.96481999999997469785739667713642120361328125,
  'LRD' => 253.300312999999988505805958993732929229736328125,
  'LSL' => 21.955887000000000597310645389370620250701904296875,
  'LYD' => 8.71408100000000018781065591610968112945556640625,
  'MAD' => 12.434397000000000588215698371641337871551513671875,
  'MDL' => 23.085288999999999504098013858310878276824951171875,
  'MGA' => 6189.4787100000003192690201103687286376953125,
  'MKD' => 70.911922000000004118192009627819061279296875,
  'MMK' => 2898.9154459999999744468368589878082275390625,
  'MNT' => 4914.5859270000000833533704280853271484375,
  'MOP' => 11.0022760000000001667785909376107156276702880859375,
  'MUR' => 62.84043299999999732108335592783987522125244140625,
  'MVR' => 21.342555999999998306293491623364388942718505859375,
  'MWK' => 2374.28948600000012447708286345005035400390625,
  'MXN' => 23.737666000000000821046342025510966777801513671875,
  'MYR' => 5.4136369999999995883399606100283563137054443359375,
  'MZN' => 88.02078299999999444480636157095432281494140625,
  'NAD' => 21.9559780000000017707861843518912792205810546875,
  'NGN' => 1937.161350999999967825715430080890655517578125,
  'NIO' => 50.38528800000000273939804174005985260009765625,
  'NOK' => 13.2603740000000005494484867085702717304229736328125,
  'NPR' => 200.939358999999996058249962516129016876220703125,
  'NZD' => 2.295220000000000037942982089589349925518035888671875,
  'OMR' => 0.530796000000000045560000216937623918056488037109375,
  'PAB' => 1.38050199999999989586285664699971675872802734375,
  'PEN' => 4.5892020000000002255546860396862030029296875,
  'PGK' => 5.85813900000000042922465581796132028102874755859375,
  'PHP' => 81.2390749999999997044142219237983226776123046875,
  'PKR' => 383.34850699999998369094100780785083770751953125,
  'PLN' => 4.831801999999999708279574406333267688751220703125,
  'PYG' => 9177.318928999999116058461368083953857421875,
  'QAR' => 4.97762599999999988398258210509084165096282958984375,
  'RON' => 5.86478500000000035896619010600261390209197998046875,
  'RSD' => 135.08622900000000299769453704357147216796875,
  'RUB' => 105.264128999999996949554770253598690032958984375,
  'RWF' => 1997.65303799999992406810633838176727294921875,
  'SAR' => 5.17677299999999984692067300784401595592498779296875,
  'SBD' => 11.151244999999999407691575470380485057830810546875,
  'SCR' => 19.33680700000000030058799893595278263092041015625,
  'SDG' => 830.3717510000000174841261468827724456787109375,
  'SEK' => 12.1627600000000004598632585839368402957916259765625,
  'SGD' => 1.741089000000000108769881990156136453151702880859375,
  'SHP' => 1,
  'SLL' => 28948.429659000001265667378902435302734375,
  'SOS' => 781.10626800000000002910383045673370361328125,
  'SRD' => 52.8690720000000027312125894241034984588623046875,
  'SSP' => 179.824147000000010621079127304255962371826171875,
  'STD' => 30760.06199399999968591146171092987060546875,
  'SVC' => 11.980090000000000571844793739728629589080810546875,
  'SYP' => 17949.28264499999932013452053070068359375,
  'SZL' => 21.94948600000000027421265258453786373138427734375,
  'THB' => 42.7479239999999975907485350035130977630615234375,
  'TJS' => 12.7885229999999996408632796374149620532989501953125,
  'TMT' => 4.8317560000000003839204509858973324298858642578125,
  'TND' => 3.948122000000000131336719277896918356418609619140625,
  'TOP' => 3.3239169999999997884287950000725686550140380859375,
  'TRY' => 59.93047299999999921737980912439525127410888671875,
  'TTD' => 9.31081400000000058980731409974396228790283203125,
  'TWD' => 43.1689769999999981564542395062744617462158203125,
  'TZS' => 3526.1104839999998148414306342601776123046875,
  'UAH' => 58.77406599999999770034264656715095043182373046875,
  'UGX' => 4888.55674999999973806552588939666748046875,
  'USD' => 1.38050199999999989586285664699971675872802734375,
  'UYU' => 51.68512199999999978672349243424832820892333984375,
  'UZS' => 16704.08773899999869172461330890655517578125,
  'VND' => 36030.319411999997100792825222015380859375,
  'VUV' => 167.454851999999988265699357725679874420166015625,
  'WST' => 3.820952999999999821767460161936469376087188720703125,
  'XAF' => 754.7399550000000090221874415874481201171875,
  'XAG' => 0.01199799999999999998434585535278529278002679347991943359375,
  'XAU' => 0.00026299999999999999593380817231036417069844901561737060546875,
  'XCD' => 3.73087500000000016342482922482304275035858154296875,
  'XDR' => 0.9480669999999999930651028989814221858978271484375,
  'XOF' => 754.7399550000000090221874415874481201171875,
  'XPD' => 0.000707999999999999970502762014490372166619636118412017822265625,
  'XPF' => 137.30234400000000505315256305038928985595703125,
  'XPT' => 0.00052099999999999997875310686623606670764274895191192626953125,
  'YER' => 329.1114999999999781721271574497222900390625,
  'ZAR' => 21.941734000000000293084667646326124668121337890625,
  'ZMW' => 27.03462499999999835154085303656756877899169921875,
  'ZWL' => 444.52153600000002597880666144192218780517578125,
)
2026-01-28T11:22:13+00:00 INFO ENVIRONMENT: array (
  'WP_User' => 'Guest (non logged-in user)',
  'HTTP_REFERER' => '--',
  'HTTP_USER_AGENT' => 'facebookexternalhit/1.1 (+http://www.facebook.com/externalhit_uatext.php)',
  'REQUEST_URI' => '/?fbclid=IwZXh0bgNhZW0CMTEAc3J0YwZhcHBfaWQMMjU2MjgxMDQwNTU4AAEeqZT0AVnykYejSFhR5np2NVGTyDhUunMvv3ePblCRMfA3TKIm62NEXNQqgfg_aem_o1XrEvzWgwBt3bdXZ9FdvA',
  'DOING_AJAX' => false,
  'DOING_CRON' => false,
  'WP_CLI' => false,
)
2026-01-28T11:22:13+00:00 INFO REQUEST GET https://public-api.wordpress.com/wpcom/v2/sites/%s/wcpay/currency/rates?test_mode=0&currency_from=gbp
2026-01-28T11:22:13+00:00 INFO HEADERS: array (
  'Content-Type' => 'application/json; charset=utf-8',
  'User-Agent' => 'WooCommerce Payments/8.6.0',
)
2026-01-28T11:22:14+00:00 INFO RESPONSE: array (
  'AED' => 5.061021000000000213958628592081367969512939453125,
  'AFN' => 89.575591000000002850356395356357097625732421875,
  'ALL' => 111.0539619999999985111571731977164745330810546875,
  'AMD' => 517.872838000000001557054929435253143310546875,
  'ANG' => 2.46677400000000002222577677457593381404876708984375,
  'AOA' => 1256.997192000000040934537537395954132080078125,
  'ARS' => 1988.134119000000055166310630738735198974609375,
  'AUD' => 1.970101000000000102119201983441598713397979736328125,
  'AWG' => 2.482276999999999844703779672272503376007080078125,
  'AZN' => 2.3427459999999999951114659779705107212066650390625,
  'BAM' => 2.262947000000000041808334572124294936656951904296875,
  'BBD' => 2.756171999999999844277454030816443264484405517578125,
  'BDT' => 167.02402799999998705970938317477703094482421875,
  'BGN' => 2.249623000000000150322421177406795322895050048828125,
  'BHD' => 0.519549000000000038568259697058238089084625244140625,
  'BIF' => 4048.6381110000002081505954265594482421875,
  'BMD' => 1.3780859999999999221387270154082216322422027587890625,
  'BND' => 1.7431460000000000842845793158630840480327606201171875,
  'BOB' => 9.4451230000000006015170583850704133510589599609375,
  'BRL' => 7.1572820000000003659579306258819997310638427734375,
  'BSD' => 1.3780859999999999221387270154082216322422027587890625,
  'BTC' => 1.599999999999999927596978921418013896982301957905292510986328125E-5,
  'BTN' => 125.3687680000000028712747734971344470977783203125,
  'BWP' => 17.98939800000000133195499074645340442657470703125,
  'BYN' => 3.894645000000000134576794152962975203990936279296875,
  'BZD' => 2.74894499999999997186250766390003263950347900390625,
  'CAD' => 1.8701350000000001028155338644864968955516815185546875,
  'CDF' => 3140.3050389999998515122570097446441650390625,
  'CHF' => 1.0574490000000000833324520499445497989654541015625,
  'CLF' => 0.0300239999999999986057819256757284165360033512115478515625,
  'CLP' => 1188.00519699999995282269082963466644287109375,
  'CNH' => 9.567733000000000487261786474846303462982177734375,
  'CNY' => 9.5732879999999997977511156932450830936431884765625,
  'COP' => 5050.345151999999870895408093929290771484375,
  'CRC' => 679.077696999999943727743811905384063720703125,
  'CUC' => 1.3780859999999999221387270154082216322422027587890625,
  'CUP' => 35.485714999999999008650775067508220672607421875,
  'CVE' => 126.699105000000002974047674797475337982177734375,
  'CZK' => 27.88362599999999957844920572824776172637939453125,
  'DJF' => 243.39947599999999283681972883641719818115234375,
  'DKK' => 8.58778399999999919600668363273143768310546875,
  'DOP' => 85.993572000000000343788997270166873931884765625,
  'DZD' => 178.017591000000010126314009539783000946044921875,
  'EGP' => 64.72773100000000567888491787016391754150390625,
  'ERN' => 20.671289999999999054125510156154632568359375,
  'ETB' => 212.51236599999998588828020729124546051025390625,
  'EUR' => 1.1501740000000000296864755000569857656955718994140625,
  'FJD' => 3.03082500000000010231815394945442676544189453125,
  'FKP' => 1,
  'GBP' => 1,
  'GEL' => 3.713941999999999854509269425761885941028594970703125,
  'GGP' => 1,
  'GHS' => 14.9398409999999994823838278534822165966033935546875,
  'GIP' => 1,
  'GMD' => 100.6002809999999954015947878360748291015625,
  'GNF' => 11988.874261999999362160451710224151611328125,
  'GTQ' => 10.4873039999999999594137989333830773830413818359375,
  'GYD' => 285.96205600000001822991180233657360076904296875,
  'HKD' => 10.7525770000000004955609256285242736339569091796875,
  'HNL' => 36.0704190000000011195879778824746608734130859375,
  'HRK' => 8.6662990000000004187086233287118375301361083984375,
  'HTG' => 179.251308999999992010998539626598358154296875,
  'HUF' => 437.14649100000002590604708530008792877197265625,
  'IDR' => 23078.98954800000137765891849994659423828125,
  'ILS' => 4.263268000000000057525539887137711048126220703125,
  'IMP' => 1,
  'INR' => 126.4731790000000017926140571944415569305419921875,
  'IQD' => 1790.536965999999893028871156275272369384765625,
  'IRR' => 57998.1285839999982272274792194366455078125,
  'ISK' => 167.01024599999999509236658923327922821044921875,
  'JEP' => 1,
  'JMD' => 214.74444199999999227657099254429340362548828125,
  'JOD' => 0.9770630000000000148219214679556898772716522216796875,
  'JPY' => 210.45161899999999377541826106607913970947265625,
  'KES' => 177.91090600000001131775206886231899261474609375,
  'KGS' => 120.5122449999999929559635347686707973480224609375,
  'KHR' => 5495.9242789999998421990312635898590087890625,
  'KMF' => 567.7712980000000015934347175061702728271484375,
  'KPW' => 1240.277424999999993815436027944087982177734375,
  'KRW' => 1969.18735100000003512832336127758026123046875,
  'KWD' => 0.422335999999999989196197702767676673829555511474609375,
  'KYD' => 1.13903599999999993741539583425037562847137451171875,
  'KZT' => 688.5920290000000250074663199484348297119140625,
  'LAK' => 29451.5288639999998849816620349884033203125,
  'LBP' => 122420.306685000003199093043804168701171875,
  'LKR' => 423.22295500000001311491359956562519073486328125,
  'LRD' => 252.8570809999999937645043246448040008544921875,
  'LSL' => 21.9174679999999995061443769372999668121337890625,
  'LYD' => 8.69883300000000048157744458876550197601318359375,
  'MAD' => 12.4126390000000004221192284603603184223175048828125,
  'MDL' => 23.1107429999999993697201716713607311248779296875,
  'MGA' => 6178.6482040000000779400579631328582763671875,
  'MKD' => 70.9385960000000039826772990636527538299560546875,
  'MMK' => 2893.84285099999988233321346342563629150390625,
  'MNT' => 4905.986259999999674619175493717193603515625,
  'MOP' => 10.9830240000000003419700078666210174560546875,
  'MUR' => 62.13789899999999732926880824379622936248779296875,
  'MVR' => 21.305209999999998871089701424352824687957763671875,
  'MWK' => 2370.1348950000001423177309334278106689453125,
  'MXN' => 23.6947049999999990177457220852375030517578125,
  'MYR' => 5.40071899999999960328977977042086422443389892578125,
  'MZN' => 87.8667619999999942592694424092769622802734375,
  'NAD' => 21.917559000000000679619915899820625782012939453125,
  'NGN' => 1930.68474500000002080923877656459808349609375,
  'NIO' => 50.29712299999999913779902271926403045654296875,
  'NOK' => 13.25645899999999954843588056974112987518310546875,
  'NPR' => 200.587749999999999772626324556767940521240234375,
  'NZD' => 2.2871030000000001081161826732568442821502685546875,
  'OMR' => 0.52984299999999995289812204646295867860317230224609375,
  'PAB' => 1.3780859999999999221387270154082216322422027587890625,
  'PEN' => 4.58117199999999957782392812077887356281280517578125,
  'PGK' => 5.8478890000000003368541001691482961177825927734375,
  'PHP' => 80.947395000000000209183781407773494720458984375,
  'PKR' => 382.67771499999997786289895884692668914794921875,
  'PLN' => 4.83036900000000013477574611897580325603485107421875,
  'PYG' => 9161.260224999999991268850862979888916015625,
  'QAR' => 4.96891600000000011050360626541078090667724609375,
  'RON' => 5.86072400000000026665247787605039775371551513671875,
  'RSD' => 135.02762500000000045474735088646411895751953125,
  'RUB' => 104.899776000000002795786713249981403350830078125,
  'RWF' => 1994.15749499999992622178979218006134033203125,
  'SAR' => 5.168065999999999604597178404219448566436767578125,
  'SBD' => 11.131733000000000544105205335654318332672119140625,
  'SCR' => 19.15669799999999867168298806063830852508544921875,
  'SDG' => 828.918746000000055573764257133007049560546875,
  'SEK' => 12.168535999999999575038600596599280834197998046875,
  'SGD' => 1.7375910000000001076614353223703801631927490234375,
  'SHP' => 1,
  'SLL' => 28897.7749689999982365407049655914306640625,
  'SOS' => 779.7394689999999854990164749324321746826171875,
  'SRD' => 52.7765610000000009449649951420724391937255859375,
  'SSP' => 179.509486000000009653376764617860317230224609375,
  'STD' => 30706.23726399999941349960863590240478515625,
  'SVC' => 11.9591270000000005069296094006858766078948974609375,
  'SYP' => 17917.87453900000036810524761676788330078125,
  'SZL' => 21.911077999999999832425601198337972164154052734375,
  'THB' => 42.75539500000000003865352482534945011138916015625,
  'TJS' => 12.7661460000000008818688002065755426883697509765625,
  'TMT' => 4.82330099999999983850784701644442975521087646484375,
  'TND' => 3.941212999999999855305077289813198149204254150390625,
  'TOP' => 3.318099999999999827338115210295654833316802978515625,
  'TRY' => 59.8293800000000004501998773775994777679443359375,
  'TTD' => 9.294520999999999588681021123193204402923583984375,
  'TWD' => 43.200930999999997084159986115992069244384765625,
  'TZS' => 3506.1595470000002023880369961261749267578125,
  'UAH' => 58.67122200000000020736479200422763824462890625,
  'UGX' => 4880.0026299999999537249095737934112548828125,
  'USD' => 1.3780859999999999221387270154082216322422027587890625,
  'UYU' => 51.59468199999999882265910855494439601898193359375,
  'UZS' => 16674.85850600000048871152102947235107421875,
  'VND' => 35927.3917989999972633086144924163818359375,
  'VUV' => 167.1618349999999963984009809792041778564453125,
  'WST' => 3.81426700000000007406697477563284337520599365234375,
  'XAF' => 754.4649399999999559440766461193561553955078125,
  'XAG' => 0.0121180000000000002990940828340171719901263713836669921875,
  'XAU' => 0.0002599999999999999772230807604245228503714315593242645263671875,
  'XCD' => 3.724346000000000156404666995513252913951873779296875,
  'XDR' => 0.94640800000000002700772938624140806496143341064453125,
  'XOF' => 754.4649399999999559440766461193561553955078125,
  'XPD' => 0.000702000000000000041501524439269132926710881292819976806640625,
  'XPF' => 137.252312999999986686816555447876453399658203125,
  'XPT' => 0.000522000000000000003060052211623087714542634785175323486328125,
  'YER' => 328.5356120000000146319507621228694915771484375,
  'ZAR' => 21.87593199999999882265910855494439601898193359375,
  'ZMW' => 26.9873189999999993915480445139110088348388671875,
  'ZWL' => 443.7437009999999872889020480215549468994140625,
)
2026-01-28T12:16:00+00:00 INFO ENVIRONMENT: array (
  'WP_User' => 'Guest (non logged-in user)',
  'HTTP_REFERER' => '--',
  'HTTP_USER_AGENT' => 'Mozilla/5.0 (Windows NT 10.0; Win64; x64) AppleWebKit/537.36 (KHTML, like Gecko) Chrome/120.0.0.0 Safari/537.36',
  'REQUEST_URI' => '/wp-admin/network/',
  'DOING_AJAX' => false,
  'DOING_CRON' => false,
  'WP_CLI' => false,
)
2026-01-28T12:16:00+00:00 INFO REQUEST GET https://public-api.wordpress.com/wpcom/v2/sites/%s/wcpay/accounts?test_mode=0
2026-01-28T12:16:00+00:00 INFO HEADERS: array (
  'Content-Type' => 'application/json; charset=utf-8',
  'User-Agent' => 'WooCommerce Payments/8.6.0',
)
2026-01-28T12:16:03+00:00 INFO RESPONSE: array (
  'account_id' => 'acct_1QJjXwFt5S7zes6j',
  'email' => '(redacted)',
  'communications_email' => 'contactus@papapoke.co.uk',
  'live_publishable_key' => 'pk_live_51ETDmyFuiXB5oUVxaIafkGPnwuNcBxr1pXVhvLJ4BrWuiqfG6SldjatOGLQhuqXnDmgqwRA7tDoSFlbY4wFji7KR0079TvtxNs',
  'test_publishable_key' => 'pk_test_51ETDmyFuiXB5oUVxwSobQMW5Tno1GclIq7ePZWzLeW4q8oa7Zb8hI5VfwI5sNT5nXuKYinLukNvGCXmsQXAoDGHG00MqHqlYHR',
  'is_live' => true,
  'is_test_drive' => false,
  'created' => '2024-11-10 22:23:55',
  'has_pending_requirements' => false,
  'has_future_requirements' => false,
  'has_overdue_requirements' => false,
  'details_submitted' => true,
  'current_deadline' => NULL,
  'status' => 'complete',
  'capabilities' => 
  array (
    'card_payments' => 'active',
    'transfers' => 'active',
    'afterpay_clearpay_payments' => 'unrequested',
    'alipay_payments' => 'unrequested',
    'amazon_pay_payments' => 'unrequested',
    'bacs_debit_payments' => 'unrequested',
    'bancontact_payments' => 'unrequested',
    'bank_transfer_payments' => 'unrequested',
    'billie_payments' => 'unrequested',
    'cartes_bancaires_payments' => 'unrequested',
    'eps_payments' => 'unrequested',
    'gb_bank_transfer_payments' => 'unrequested',
    'ideal_payments' => 'unrequested',
    'kakao_pay_payments' => 'unrequested',
    'klarna' => 'unrequested',
    'klarna_payments' => 'unrequested',
    'kr_card_payments' => 'unrequested',
    'legacy_payments' => 'unrequested',
    'link_payments' => 'unrequested',
    'mb_way_payments' => 'unrequested',
    'multibanco_payments' => 'unrequested',
    'naver_pay_payments' => 'unrequested',
    'p24_payments' => 'unrequested',
    'pay_by_bank_payments' => 'unrequested',
    'payco_payments' => 'unrequested',
    'revolut_pay_payments' => 'unrequested',
    'samsung_pay_payments' => 'unrequested',
    'sepa_bank_transfer_payments' => 'unrequested',
    'sepa_debit_payments' => 'unrequested',
    'twint_payments' => 'unrequested',
    'us_bank_account_ach_payments' => 'unrequested',
    'us_bank_transfer_payments' => 'unrequested',
    'wechat_pay_payments' => 'unrequested',
  ),
  'capability_requirements' => 
  array (
    'afterpay_clearpay_payments' => 
    array (
    ),
    'alipay_payments' => 
    array (
      0 => 'business_profile.product_description',
    ),
    'amazon_pay_payments' => 
    array (
    ),
    'bacs_debit_payments' => 
    array (
    ),
    'bancontact_payments' => 
    array (
    ),
    'bank_transfer_payments' => 
    array (
    ),
    'billie_payments' => 
    array (
    ),
    'card_payments' => 
    array (
    ),
    'cartes_bancaires_payments' => 
    array (
    ),
    'eps_payments' => 
    array (
    ),
    'gb_bank_transfer_payments' => 
    array (
    ),
    'ideal_payments' => 
    array (
    ),
    'kakao_pay_payments' => 
    array (
    ),
    'klarna' => 
    array (
    ),
    'klarna_payments' => 
    array (
    ),
    'kr_card_payments' => 
    array (
    ),
    'legacy_payments' => 
    array (
    ),
    'link_payments' => 
    array (
    ),
    'mb_way_payments' => 
    array (
    ),
    'multibanco_payments' => 
    array (
    ),
    'naver_pay_payments' => 
    array (
    ),
    'p24_payments' => 
    array (
    ),
    'pay_by_bank_payments' => 
    array (
    ),
    'payco_payments' => 
    array (
    ),
    'revolut_pay_payments' => 
    array (
    ),
    'samsung_pay_payments' => 
    array (
    ),
    'sepa_bank_transfer_payments' => 
    array (
    ),
    'sepa_debit_payments' => 
    array (
    ),
    'transfers' => 
    array (
    ),
    'twint_payments' => 
    array (
    ),
    'us_bank_account_ach_payments' => 
    array (
    ),
    'us_bank_transfer_payments' => 
    array (
    ),
    'wechat_pay_payments' => 
    array (
      0 => 'business_profile.product_description',
    ),
  ),
  'payments_enabled' => true,
  'deposits' => 
  array (
    'status' => 'enabled',
    'restrictions' => 'deposits_unrestricted',
    'interval' => 'daily',
    'weekly_anchor' => '',
    'monthly_anchor' => NULL,
    'delay_days' => 3,
    'completed_waiting_period' => false,
    'minimum_manual_deposit_amounts' => 
    array (
      'aud' => 500,
      'bgn' => 100,
      'cad' => 500,
      'chf' => 500,
      'czk' => 3000,
      'dkk' => 5000,
      'eur' => 500,
      'gbp' => 500,
      'hkd' => 5000,
      'huf' => 36000,
      'nok' => 5000,
      'nzd' => 500,
      'jpy' => 50,
      'sek' => 5000,
      'sgd' => 500,
      'usd' => 500,
      'ron' => 500,
      'pln' => 500,
      'aed' => 200,
    ),
    'minimum_scheduled_deposit_amounts' => 
    array (
      'aed' => 200,
      'aud' => 0,
      'bgn' => 100,
      'cad' => 0,
      'chf' => 500,
      'czk' => 3000,
      'dkk' => 2000,
      'eur' => 100,
      'gbp' => 100,
      'hkd' => 0,
      'huf' => 36000,
      'jpy' => 1,
      'nok' => 2000,
      'nzd' => 0,
      'pln' => 500,
      'ron' => 500,
      'sek' => 2000,
      'sgd' => 100,
      'usd' => 0,
    ),
  ),
  'lifetime_total_payment_volume' => 0,
  'requirements' => 
  array (
    'errors' => 
    array (
    ),
  ),
  'statement_descriptor' => 'PAPA POKE',
  'statement_descriptor_kanji' => '',
  'statement_descriptor_kana' => '',
  'latest_tos_agreement' => 
  array (
    'date' => '2024-11-10 22:23:55',
    'source' => 'signup',
    'is_current_version' => true,
  ),
  'fees' => 
  array (
    'base' => 
    array (
      'percentage_rate' => 0.01499999999999999944488848768742172978818416595458984375,
      'fixed_rate' => 25,
      'currency' => 'gbp',
    ),
    'discount' => 
    array (
    ),
    'card' => 
    array (
      'base' => 
      array (
        'percentage_rate' => 0.01499999999999999944488848768742172978818416595458984375,
        'fixed_rate' => 25,
        'currency' => 'gbp',
      ),
      'additional' => 
      array (
        'percentage_rate' => 0.0200000000000000004163336342344337026588618755340576171875,
        'fixed_rate' => 0,
        'currency' => 'eur',
      ),
      'fx' => 
      array (
        'percentage_rate' => 0.0200000000000000004163336342344337026588618755340576171875,
        'fixed_rate' => 0,
        'currency' => 'gbp',
      ),
      'discount' => 
      array (
      ),
    ),
    'card_present' => 
    array (
      'base' => 
      array (
        'percentage_rate' => 0.01400000000000000029143354396410359186120331287384033203125,
        'fixed_rate' => 20,
        'currency' => 'gbp',
      ),
      'additional' => 
      array (
        'percentage_rate' => 0.0200000000000000004163336342344337026588618755340576171875,
        'fixed_rate' => 0,
        'currency' => 'gbp',
      ),
      'fx' => 
      array (
        'percentage_rate' => 0.0200000000000000004163336342344337026588618755340576171875,
        'fixed_rate' => 0,
        'currency' => 'gbp',
      ),
      'discount' => 
      array (
      ),
    ),
    'bancontact' => 
    array (
      'base' => 
      array (
        'percentage_rate' => 0.01400000000000000029143354396410359186120331287384033203125,
        'fixed_rate' => 20,
        'currency' => 'gbp',
      ),
      'additional' => 
      array (
        'percentage_rate' => 0,
        'fixed_rate' => 0,
        'currency' => 'gbp',
      ),
      'fx' => 
      array (
        'percentage_rate' => 0,
        'fixed_rate' => 0,
        'currency' => 'gbp',
      ),
      'discount' => 
      array (
      ),
    ),
    'eps' => 
    array (
      'base' => 
      array (
        'percentage_rate' => 0.01600000000000000033306690738754696212708950042724609375,
        'fixed_rate' => 20,
        'currency' => 'gbp',
      ),
      'additional' => 
      array (
        'percentage_rate' => 0,
        'fixed_rate' => 0,
        'currency' => 'gbp',
      ),
      'fx' => 
      array (
        'percentage_rate' => 0,
        'fixed_rate' => 0,
        'currency' => 'gbp',
      ),
      'discount' => 
      array (
      ),
    ),
    'ideal' => 
    array (
      'base' => 
      array (
        'percentage_rate' => 0,
        'fixed_rate' => 25,
        'currency' => 'gbp',
      ),
      'additional' => 
      array (
        'percentage_rate' => 0,
        'fixed_rate' => 0,
        'currency' => 'gbp',
      ),
      'fx' => 
      array (
        'percentage_rate' => 0,
        'fixed_rate' => 0,
        'currency' => 'gbp',
      ),
      'discount' => 
      array (
      ),
    ),
    'p24' => 
    array (
      'base' => 
      array (
        'percentage_rate' => 0.021999999999999998723243521681069978512823581695556640625,
        'fixed_rate' => 20,
        'currency' => 'gbp',
      ),
      'additional' => 
      array (
        'percentage_rate' => 0,
        'fixed_rate' => 0,
        'currency' => 'gbp',
      ),
      'fx' => 
      array (
        'percentage_rate' => 0,
        'fixed_rate' => 0,
        'currency' => 'gbp',
      ),
      'discount' => 
      array (
      ),
    ),
    'klarna' => 
    array (
      'base' => 
      array (
        'percentage_rate' => 0.049899999999999999911182158029987476766109466552734375,
        'fixed_rate' => 35,
        'currency' => 'gbp',
      ),
      'additional' => 
      array (
        'percentage_rate' => 0,
        'fixed_rate' => 0,
        'currency' => 'gbp',
      ),
      'fx' => 
      array (
        'percentage_rate' => 0,
        'fixed_rate' => 0,
        'currency' => 'gbp',
      ),
      'discount' => 
      array (
      ),
    ),
    'afterpay_clearpay' => 
    array (
      'base' => 
      array (
        'percentage_rate' => 0.059999999999999997779553950749686919152736663818359375,
        'fixed_rate' => 30,
        'currency' => 'gbp',
      ),
      'additional' => 
      array (
        'percentage_rate' => 0,
        'fixed_rate' => 0,
        'currency' => 'gbp',
      ),
      'fx' => 
      array (
        'percentage_rate' => 0,
        'fixed_rate' => 0,
        'currency' => 'gbp',
      ),
      'discount' => 
      array (
      ),
    ),
  ),
  'capital' => 
  array (
    'has_active_loan' => false,
    'has_previous_loans' => false,
    'loans' => 
    array (
    ),
  ),
  'fraud_services' => 
  array (
    'stripe' => 
    array (
    ),
    'sift' => 
    array (
      'beacon_key' => '1d81b5c86a',
      'sandbox_beacon_key' => '43e8654e6f',
    ),
  ),
  'store_currencies' => 
  array (
    'default' => 'gbp',
    'supported' => 
    array (
      0 => 'gbp',
    ),
  ),
  'customer_currencies' => 
  array (
    'supported' => 
    array (
      0 => 'usd',
      1 => 'aed',
      2 => 'afn',
      3 => 'all',
      4 => 'amd',
      5 => 'ang',
      6 => 'aoa',
      7 => 'ars',
      8 => 'aud',
      9 => 'awg',
      10 => 'azn',
      11 => 'bam',
      12 => 'bbd',
      13 => 'bdt',
      15 => 'bif',
      16 => 'bmd',
      17 => 'bnd',
      18 => 'bob',
      19 => 'brl',
      20 => 'bsd',
      21 => 'bwp',
      22 => 'byn',
      23 => 'bzd',
      24 => 'cad',
      25 => 'cdf',
      26 => 'chf',
      27 => 'clp',
      28 => 'cny',
      29 => 'cop',
      30 => 'crc',
      31 => 'cve',
      32 => 'czk',
      33 => 'djf',
      34 => 'dkk',
      35 => 'dop',
      36 => 'dzd',
      37 => 'egp',
      38 => 'etb',
      39 => 'eur',
      40 => 'fjd',
      41 => 'fkp',
      42 => 'gbp',
      43 => 'gel',
      44 => 'gip',
      45 => 'gmd',
      46 => 'gnf',
      47 => 'gtq',
      48 => 'gyd',
      49 => 'hkd',
      50 => 'hnl',
      51 => 'htg',
      52 => 'huf',
      53 => 'idr',
      54 => 'ils',
      55 => 'inr',
      56 => 'isk',
      57 => 'jmd',
      58 => 'jpy',
      59 => 'kes',
      60 => 'kgs',
      61 => 'khr',
      62 => 'kmf',
      63 => 'krw',
      64 => 'kyd',
      65 => 'kzt',
      66 => 'lak',
      67 => 'lbp',
      68 => 'lkr',
      69 => 'lrd',
      70 => 'lsl',
      71 => 'mad',
      72 => 'mdl',
      73 => 'mga',
      74 => 'mkd',
      75 => 'mmk',
      76 => 'mnt',
      77 => 'mop',
      78 => 'mur',
      79 => 'mvr',
      80 => 'mwk',
      81 => 'mxn',
      82 => 'myr',
      83 => 'mzn',
      84 => 'nad',
      85 => 'ngn',
      86 => 'nio',
      87 => 'nok',
      88 => 'npr',
      89 => 'nzd',
      90 => 'pab',
      91 => 'pen',
      92 => 'pgk',
      93 => 'php',
      94 => 'pkr',
      95 => 'pln',
      96 => 'pyg',
      97 => 'qar',
      98 => 'ron',
      99 => 'rsd',
      100 => 'rub',
      101 => 'rwf',
      102 => 'sar',
      103 => 'sbd',
      104 => 'scr',
      105 => 'sek',
      106 => 'sgd',
      107 => 'shp',
      108 => 'sle',
      109 => 'sos',
      110 => 'srd',
      111 => 'std',
      112 => 'szl',
      113 => 'thb',
      114 => 'tjs',
      115 => 'top',
      116 => 'try',
      117 => 'ttd',
      118 => 'twd',
      119 => 'tzs',
      120 => 'uah',
      121 => 'ugx',
      122 => 'uyu',
      123 => 'uzs',
      124 => 'vnd',
      125 => 'vuv',
      126 => 'wst',
      127 => 'xaf',
      128 => 'xcd',
      129 => 'xcg',
      130 => 'xof',
      131 => 'xpf',
      132 => 'yer',
      133 => 'zar',
      134 => 'zmw',
    ),
  ),
  'country' => '(redacted)',
  'instant_deposits_eligible' => false,
  'card_present_eligible' => true,
  'has_card_readers_available' => false,
  'platform_checkout_eligible' => false,
  'platform_direct_checkout_eligible' => false,
  'platform_global_theme_support_enabled' => false,
  'business_profile' => 
  array (
    'name' => '(redacted)',
    'url' => 'https://papapoke.co.uk',
    'support_address' => 
    array (
    ),
    'support_email' => 'contactus@papapoke.co.uk',
    'support_phone' => '+447387156597',
  ),
  'branding' => 
  array (
    'icon' => NULL,
    'logo' => NULL,
    'primary_color' => NULL,
    'secondary_color' => NULL,
  ),
  'locale' => 'en_GB',
  'has_more_failed_events' => false,
  'has_submitted_vat_data' => false,
  'is_documents_enabled' => true,
  'card_testing_protection_eligible' => false,
  'fraud_mitigation_settings' => 
  array (
    'avs_check_enabled' => false,
    'cvc_check_enabled' => true,
  ),
  'is_deferred_intent_creation_upe_enabled' => true,
  'pre_check_save_my_info' => false,
  'is_tokenized_ece_disabled' => false,
  'ece_confirmation_tokens_disabled' => false,
  'eligibility_wporg_review_campaign_2025' => false,
  'progressive_onboarding' => 
  array (
    'is_enabled' => false,
    'is_complete' => false,
  ),
)
2026-01-28T12:22:24+00:00 INFO ENVIRONMENT: array (
  'WP_User' => 'Guest (non logged-in user)',
  'HTTP_REFERER' => '--',
  'HTTP_USER_AGENT' => 'WordPress/6.9; https://papapoke.co.uk',
  'REQUEST_URI' => '/wp-cron.php?doing_wp_cron=1769602944.2714869976043701171875',
  'DOING_AJAX' => false,
  'DOING_CRON' => true,
  'WP_CLI' => false,
)
2026-01-28T12:22:24+00:00 INFO REQUEST POST https://public-api.wordpress.com/wpcom/v2/sites/%s/wcpay/compatibility
2026-01-28T12:22:24+00:00 INFO HEADERS: array (
  'Content-Type' => 'application/json; charset=utf-8',
  'User-Agent' => 'WooCommerce Payments/8.6.0',
  'Idempotency-Key' => '1897487c-5918-4aca-bd3b-08c9bb679d5f',
)
2026-01-28T12:22:24+00:00 INFO BODY: array (
  'test_mode' => false,
  'compatibility_data' => 
  array (
    'woopayments_version' => '8.6.0',
    'woocommerce_version' => '10.0.5',
    'woocommerce_permalinks' => 
    array (
      'product_base' => 'product',
      'category_base' => 'product-category',
      'tag_base' => 'product-tag',
      'attribute_base' => '',
      'use_verbose_page_rules' => false,
    ),
    'woocommerce_shop' => 'https://papapoke.co.uk/?page_id=7',
    'woocommerce_cart' => 'Not set',
    'woocommerce_checkout' => 'https://papapoke.co.uk/checkout/',
    'blog_theme' => 'papa',
    'active_plugins' => 
    array (
      0 => 'added-to-cart-popup-woocommerce/xoo-cp-main.php',
      1 => 'advanced-custom-fields-pro/acf.php',
      2 => 'classic-editor/classic-editor.php',
      3 => 'classic-widgets/classic-widgets.php',
      4 => 'contact-form-7/wp-contact-form-7.php',
      5 => 'health-check/health-check.php',
      6 => 'popup-maker/popup-maker.php',
      8 => 'regenerate-thumbnails/regenerate-thumbnails.php',
      9 => 'shipping-zones-by-drawing-for-woocommerce/shipping-zones-by-drawing.php',
      10 => 'svg-support/svg-support.php',
      11 => 'webp-converter-for-media/webp-converter-for-media.php',
      12 => 'woo-pincode-checker/woo-pincode-checker.php',
      13 => 'woocommerce-google-analytics-integration/woocommerce-google-analytics-integration.php',
      14 => 'woocommerce-lightbox/main.php',
      15 => 'woocommerce-payments/woocommerce-payments.php',
      17 => 'woocommerce/woocommerce.php',
      18 => 'wordpress-seo/wp-seo.php',
      19 => 'wp-rocket/wp-rocket.php',
      20 => 'wp-sitemap-page/wp-sitemap-page.php',
    ),
    'post_types_count' => 
    array (
      'post' => 0,
      'page' => 7,
      'attachment' => 0,
      'product' => 55,
      'popup' => 2,
      'popup_theme' => 8,
      'szbdzones' => 2,
    ),
  ),
)
2026-01-28T12:22:25+00:00 INFO RESPONSE: array (
  'result' => 'success',
)
2026-01-28T14:11:07+00:00 INFO ENVIRONMENT: array (
  'WP_User' => 'Guest (non logged-in user)',
  'HTTP_REFERER' => '--',
  'HTTP_USER_AGENT' => 'Chrome Privacy Preserving Prefetch Proxy',
  'REQUEST_URI' => '/.well-known/traffic-advice',
  'DOING_AJAX' => false,
  'DOING_CRON' => false,
  'WP_CLI' => false,
)
2026-01-28T14:11:07+00:00 INFO REQUEST GET https://public-api.wordpress.com/wpcom/v2/sites/%s/wcpay/disputes?test_mode=0&pagesize=50&search%5B0%5D=warning_needs_response&search%5B1%5D=needs_response
2026-01-28T14:11:07+00:00 INFO HEADERS: array (
  'Content-Type' => 'application/json; charset=utf-8',
  'User-Agent' => 'WooCommerce Payments/8.6.0',
)
2026-01-28T14:11:07+00:00 INFO RESPONSE: array (
  'data' => 
  array (
  ),
)
2026-01-28T17:22:40+00:00 INFO ENVIRONMENT: array (
  'WP_User' => 'Guest (non logged-in user)',
  'HTTP_REFERER' => '--',
  'HTTP_USER_AGENT' => 'Mozilla/5.0 (compatible; SERankingBacklinksBot/1.0; +https://seranking.com/backlinks-crawler)',
  'REQUEST_URI' => '/product/dragon-duo-box-1-2-persons/?add-to-cart=208',
  'DOING_AJAX' => false,
  'DOING_CRON' => false,
  'WP_CLI' => false,
)
2026-01-28T17:22:40+00:00 INFO REQUEST GET https://public-api.wordpress.com/wpcom/v2/sites/%s/wcpay/currency/rates?test_mode=0&currency_from=gbp
2026-01-28T17:22:40+00:00 INFO HEADERS: array (
  'Content-Type' => 'application/json; charset=utf-8',
  'User-Agent' => 'WooCommerce Payments/8.6.0',
)
2026-01-28T17:22:41+00:00 INFO RESPONSE: array (
  'AED' => 5.05327999999999999403144101961515843868255615234375,
  'AFN' => 89.4385769999999951096469885669648647308349609375,
  'ALL' => 111.0637430000000023255779524333775043487548828125,
  'AMD' => 521.02367000000003827153705060482025146484375,
  'ANG' => 2.4630010000000002179376679123379290103912353515625,
  'AOA' => 1255.074499000000059822923503816127777099609375,
  'ARS' => 1980.581666000000041094608604907989501953125,
  'AUD' => 1.9700729999999999630944103046203963458538055419921875,
  'AWG' => 2.478480999999999934146899249753914773464202880859375,
  'AZN' => 2.33916300000000010328449207008816301822662353515625,
  'BAM' => 2.2475030000000000285353962681256234645843505859375,
  'BBD' => 2.75195599999999984675014275126159191131591796875,
  'BDT' => 168.060054000000008045390131883323192596435546875,
  'BGN' => 2.25199499999999996902033672085963189601898193359375,
  'BHD' => 0.5186800000000000299138491755002178251743316650390625,
  'BIF' => 4073.9071720000001732842065393924713134765625,
  'BMD' => 1.375977999999999923375071375630795955657958984375,
  'BND' => 1.735421000000000102403419077745638787746429443359375,
  'BOB' => 9.50353199999999986857801559381186962127685546875,
  'BRL' => 7.1464169999999995752659742720425128936767578125,
  'BSD' => 1.375977999999999923375071375630795955657958984375,
  'BTC' => 1.5000000000000000380012861456169304119612206704914569854736328125E-5,
  'BTN' => 125.1770049999999940837369649671018123626708984375,
  'BWP' => 17.995580000000000353566065314225852489471435546875,
  'BYN' => 3.91038599999999991752019923296757042407989501953125,
  'BZD' => 2.766021999999999980701659296755678951740264892578125,
  'CAD' => 1.8688430000000000319460013997741043567657470703125,
  'CDF' => 3159.79769799999985480098985135555267333984375,
  'CHF' => 1.0605059999999999487130253328359685838222503662109375,
  'CLF' => 0.029947000000000001396216475768596865236759185791015625,
  'CLP' => 1181.9652040000000852160155773162841796875,
  'CNH' => 9.5573969999999999203055267571471631526947021484375,
  'CNY' => 9.558094000000000534100763616152107715606689453125,
  'COP' => 5045.0100119999997332342900335788726806640625,
  'CRC' => 682.58502799999996568658389151096343994140625,
  'CUC' => 1.375977999999999923375071375630795955657958984375,
  'CUP' => 35.4314370000000025129338609986007213592529296875,
  'CVE' => 126.709191000000004123648977838456630706787109375,
  'CZK' => 28.010811000000000348109097103588283061981201171875,
  'DJF' => 244.9063840000000027430360205471515655517578125,
  'DKK' => 8.609453999999999496139935217797756195068359375,
  'DOP' => 86.52974100000000134969013743102550506591796875,
  'DZD' => 177.748935999999986279362929053604602813720703125,
  'EGP' => 64.5231919999999945503077469766139984130859375,
  'ERN' => 20.639672000000000906538843992166221141815185546875,
  'ETB' => 213.8563550000000077488948591053485870361328125,
  'EUR' => 1.153049999999999908339987086947076022624969482421875,
  'FJD' => 3.02887199999999978672349243424832820892333984375,
  'FKP' => 1,
  'GBP' => 1,
  'GEL' => 3.708260999999999807386075190152041614055633544921875,
  'GGP' => 1,
  'GHS' => 15.03212800000000015643308870494365692138671875,
  'GIP' => 1,
  'GMD' => 100.446404000000001133230398409068584442138671875,
  'GNF' => 12068.20941200000015669502317905426025390625,
  'GTQ' => 10.551299000000000205545802600681781768798828125,
  'GYD' => 287.73390699999998787461663596332073211669921875,
  'HKD' => 10.7354099999999998971134118619374930858612060546875,
  'HNL' => 36.294229000000001406078808940947055816650390625,
  'HRK' => 8.67540699999999986857801559381186962127685546875,
  'HTG' => 180.1036609999999882347765378654003143310546875,
  'HUF' => 439.8152360000000271611497737467288970947265625,
  'IDR' => 23059.77272699999957694672048091888427734375,
  'ILS' => 4.26147299999999962238916850765235722064971923828125,
  'IMP' => 1,
  'INR' => 126.6109880000000060817910707555711269378662109375,
  'IQD' => 1801.609420000000000072759576141834259033203125,
  'IRR' => 57909.4151009999986854381859302520751953125,
  'ISK' => 166.933664999999990641299518756568431854248046875,
  'JEP' => 1,
  'JMD' => 215.5889789999999948122422210872173309326171875,
  'JOD' => 0.97556799999999999073452272568829357624053955078125,
  'JPY' => 211.069738999999998441126081161201000213623046875,
  'KES' => 177.501177000000012640157365240156650543212890625,
  'KGS' => 120.329285999999996192855178378522396087646484375,
  'KHR' => 5528.53289399999994202516973018646240234375,
  'KMF' => 566.902839999999969222699292004108428955078125,
  'KPW' => 1238.38030699999990247306413948535919189453125,
  'KRW' => 1975.138286999999991166987456381320953369140625,
  'KWD' => 0.421733999999999997765343096034484915435314178466796875,
  'KYD' => 1.1461600000000000676436684443615376949310302734375,
  'KZT' => 692.94721600000002581509761512279510498046875,
  'LAK' => 29630.9079899999996996484696865081787109375,
  'LBP' => 123144.583131000006687827408313751220703125,
  'LKR' => 425.8573999999999841747921891510486602783203125,
  'LRD' => 254.432823000000013280441635288298130035400390625,
  'LSL' => 21.867802999999998547764334944076836109161376953125,
  'LYD' => 8.6368869999999997588702171924524009227752685546875,
  'MAD' => 12.434888000000000829459168016910552978515625,
  'MDL' => 22.9656379999999984420355758629739284515380859375,
  'MGA' => 6136.4750709999998434795998036861419677734375,
  'MKD' => 70.9420180000000044628905015997588634490966796875,
  'MMK' => 2889.4164510000000518630258738994598388671875,
  'MNT' => 4898.482101999999940744601190090179443359375,
  'MOP' => 11.052825999999999595502231386490166187286376953125,
  'MUR' => 62.04285399999999839337760931812226772308349609375,
  'MVR' => 21.2726219999999983656380209140479564666748046875,
  'MWK' => 2384.82471799999984796158969402313232421875,
  'MXN' => 23.722497000000000610953065915964543819427490234375,
  'MYR' => 5.39245800000000041762859837035648524761199951171875,
  'MZN' => 87.732361999999994850440998561680316925048828125,
  'NAD' => 21.867895000000000749196260585449635982513427734375,
  'NGN' => 1919.709632000000055995769798755645751953125,
  'NIO' => 50.6084680000000020072548068128526210784912109375,
  'NOK' => 13.2753619999999994405470715719275176525115966796875,
  'NPR' => 202.122221999999993613528204150497913360595703125,
  'NZD' => 2.285584000000000060026650317013263702392578125,
  'OMR' => 0.5289580000000000392645915781031362712383270263671875,
  'PAB' => 1.375977999999999923375071375630795955657958984375,
  'PEN' => 4.60172399999999992559196471120230853557586669921875,
  'PGK' => 5.88701100000000021594814825220964848995208740234375,
  'PHP' => 80.90338800000000674117472954094409942626953125,
  'PKR' => 384.73532999999997628037817776203155517578125,
  'PLN' => 4.8495200000000000528643795405514538288116455078125,
  'PYG' => 9235.44698900000003050081431865692138671875,
  'QAR' => 5.0005170000000003227569322916679084300994873046875,
  'RON' => 5.86744600000000016137846614583395421504974365234375,
  'RSD' => 135.071516000000002577507984824478626251220703125,
  'RUB' => 104.91716800000000375803210772573947906494140625,
  'RWF' => 2006.529502999999976964318193495273590087890625,
  'SAR' => 5.16007299999999968775910019758157432079315185546875,
  'SBD' => 11.1147059999999999746478351880796253681182861328125,
  'SCR' => 18.92860999999999904730429989285767078399658203125,
  'SDG' => 827.65083800000002156593836843967437744140625,
  'SEK' => 12.199194999999999566853148280642926692962646484375,
  'SGD' => 1.7390499999999999847233311811578460037708282470703125,
  'SHP' => 1,
  'SLL' => 28853.5731589999995776452124118804931640625,
  'SOS' => 784.627881999999999607098288834095001220703125,
  'SRD' => 52.413758000000001402440830133855342864990234375,
  'SSP' => 179.2349100000000134969013743102550506591796875,
  'STD' => 30659.26924399999916204251348972320556640625,
  'SVC' => 12.033725000000000449063009000383317470550537109375,
  'SYP' => 17890.46749800000179675407707691192626953125,
  'SZL' => 21.858816000000000911995812202803790569305419921875,
  'THB' => 42.8922850000000011050360626541078090667724609375,
  'TJS' => 12.8521309999999999718056642450392246246337890625,
  'TMT' => 4.8159229999999997318127498147077858448028564453125,
  'TND' => 3.933189000000000046242121243267320096492767333984375,
  'TOP' => 3.313025000000000108713038571295328438282012939453125,
  'TRY' => 59.7365860000000026275301934219896793365478515625,
  'TTD' => 9.33460600000000084719431470148265361785888671875,
  'TWD' => 43.16759900000000271802491624839603900909423828125,
  'TZS' => 3522.5039839999999458086676895618438720703125,
  'UAH' => 58.788173999999997931809048168361186981201171875,
  'UGX' => 4924.0094209999997474369592964649200439453125,
  'USD' => 1.375977999999999923375071375630795955657958984375,
  'UYU' => 51.51576299999999974943420966155827045440673828125,
  'UZS' => 16639.87462299999970127828419208526611328125,
  'VND' => 35865.453980999998748302459716796875,
  'VUV' => 166.906146000000006779373507015407085418701171875,
  'WST' => 3.808431999999999817418938619084656238555908203125,
  'XAF' => 756.351002999999991516233421862125396728515625,
  'XAG' => 0.0121810000000000008546496843564455048181116580963134765625,
  'XAU' => 0.00026299999999999999593380817231036417069844901561737060546875,
  'XCD' => 3.718649999999999788968807479250244796276092529296875,
  'XDR' => 0.9449600000000000221689333557151257991790771484375,
  'XOF' => 756.351002999999991516233421862125396728515625,
  'XPD' => 0.000687000000000000002157996004115148025448434054851531982421875,
  'XPF' => 137.595426000000003341483534313738346099853515625,
  'XPT' => 0.00052899999999999995636823513223134796135127544403076171875,
  'YER' => 328.0330860000000257059582509100437164306640625,
  'ZAR' => 21.969072000000000599584382143802940845489501953125,
  'ZMW' => 26.9460389999999989640855346806347370147705078125,
  'ZWL' => 443.06495400000000017826096154749393463134765625,
)
2026-01-28T22:39:46+00:00 INFO ENVIRONMENT: array (
  'WP_User' => 'Guest (non logged-in user)',
  'HTTP_REFERER' => '--',
  'HTTP_USER_AGENT' => 'WordPress/6.9; https://papapoke.co.uk',
  'REQUEST_URI' => '/wp-cron.php?doing_wp_cron=1769639986.2307660579681396484375',
  'DOING_AJAX' => false,
  'DOING_CRON' => true,
  'WP_CLI' => false,
)
2026-01-28T22:39:46+00:00 INFO REQUEST GET https://public-api.wordpress.com/wpcom/v2/wcpay/woopay/compatibility?test_mode=0
2026-01-28T22:39:46+00:00 INFO HEADERS: array (
  'Content-Type' => 'application/json; charset=utf-8',
  'User-Agent' => 'WooCommerce Payments/8.6.0',
)
2026-01-28T22:39:46+00:00 INFO RESPONSE: array (
  'incompatible_extensions' => 
  array (
    0 => 'class-wcdonation',
    1 => 'woocommerce-avatax',
    2 => 'woocommerce-table-rate-shipping',
    3 => 'woocommerce-memberships-for-teams',
    4 => 'woocommerce-checkout-add-ons',
    5 => 'woocommerce-checkout-field-editor',
    6 => 'woocommerce-eu-vat-number',
    7 => 'woocommerce-order-delivery',
    8 => 'woocommerce-pdf-product-vouchers',
    9 => 'woocommerce-shipping-local-pickup-plus',
    10 => 'woocommerce-shipping-multiple-addresses',
    11 => 'woocommerce-smart-coupons',
    12 => 'woocommerce-subscriptions-gifting',
    13 => 'advanced-product-fields-for-woocommerce',
    14 => 'mage-eventpress',
  ),
  'adapted_extensions' => 
  array (
    0 => 'woocommerce-points-and-rewards',
    1 => 'woocommerce-gift-cards',
  ),
  'available_countries' => 
  array (
    0 => 'US',
  ),
)
