2026-02-04T00:18:52+00:00 INFO ENVIRONMENT: array (
  'WP_User' => 'Guest (non logged-in user)',
  'HTTP_REFERER' => '--',
  'HTTP_USER_AGENT' => 'Mozilla/5.0 (Windows NT 10.0; Win64; x64) AppleWebKit/537.36 (KHTML, like Gecko) Chrome/133.0.0.0 Safari/537.36',
  'REQUEST_URI' => '/product/ebi-nigiri/?add-to-cart=394',
  'DOING_AJAX' => false,
  'DOING_CRON' => false,
  'WP_CLI' => false,
)
2026-02-04T00:18:52+00:00 INFO REQUEST GET https://public-api.wordpress.com/wpcom/v2/sites/%s/wcpay/currency/rates?test_mode=0&currency_from=gbp
2026-02-04T00:18:52+00:00 INFO HEADERS: array (
  'Content-Type' => 'application/json; charset=utf-8',
  'User-Agent' => 'WooCommerce Payments/8.6.0',
)
2026-02-04T00:18:52+00:00 INFO RESPONSE: array (
  'AED' => 5.02958100000000030149749363772571086883544921875,
  'AFN' => 89.019124000000005025867721997201442718505859375,
  'ALL' => 112.127647999999993544406606815755367279052734375,
  'AMD' => 518.15677000000005136826075613498687744140625,
  'ANG' => 2.451449999999999906918901615426875650882720947265625,
  'AOA' => 1249.40396000000009735231287777423858642578125,
  'ARS' => 1978.93856000000005224137566983699798583984375,
  'AUD' => 1.9513149999999999106847781149554066359996795654296875,
  'AWG' => 2.468569000000000013272938303998671472072601318359375,
  'AZN' => 2.328192000000000039250380723387934267520904541015625,
  'BAM' => 2.271354000000000095127461463562212884426116943359375,
  'BBD' => 2.739050000000000206767936106189154088497161865234375,
  'BDT' => 167.2914309999999886713339947164058685302734375,
  'BGN' => 2.2676280000000001990656528505496680736541748046875,
  'BHD' => 0.516270000000000006679101716144941747188568115234375,
  'BIF' => 4056.57025500000008833012543618679046630859375,
  'BMD' => 1.3695250000000001033839680530945770442485809326171875,
  'BND' => 1.740040000000000031121771826292388141155242919921875,
  'BOB' => 9.4590960000000006147047315607778728008270263671875,
  'BRL' => 7.175079000000000206682670977897942066192626953125,
  'BSD' => 1.3695250000000001033839680530945770442485809326171875,
  'BTC' => 1.800000000000000045601543374740316494353464804589748382568359375E-5,
  'BTN' => 123.67835900000000037834979593753814697265625,
  'BWP' => 18.9078200000000009595169103704392910003662109375,
  'BYN' => 3.922086999999999878951939535909332334995269775390625,
  'BZD' => 2.753067000000000152937218445003964006900787353515625,
  'CAD' => 1.8686480000000000867288463268778286874294281005859375,
  'CDF' => 3067.04012199999988297349773347377777099609375,
  'CHF' => 1.0628740000000000964774926615064032375812530517578125,
  'CLF' => 0.02984699999999999853184107223569299094378948211669921875,
  'CLP' => 1180.624998000000005049514584243297576904296875,
  'CNH' => 9.497669999999999390638549812138080596923828125,
  'CNY' => 9.5020380000000006504023986053653061389923095703125,
  'COP' => 4959.6710709999997561681084334850311279296875,
  'CRC' => 679.8436789999999518840922974050045013427734375,
  'CUC' => 1.3695250000000001033839680530945770442485809326171875,
  'CUP' => 35.2652690000000035297489375807344913482666015625,
  'CVE' => 128.190462999999994053723639808595180511474609375,
  'CZK' => 28.208057000000000158479451783932745456695556640625,
  'DJF' => 243.58697200000000293584889732301235198974609375,
  'DKK' => 8.65910099999999971487341099418699741363525390625,
  'DOP' => 86.2800749999999965211827657185494899749755859375,
  'DZD' => 177.901131999999989830030244775116443634033203125,
  'EGP' => 64.3807170000000041909515857696533203125,
  'ERN' => 20.542874999999998664179656771011650562286376953125,
  'ETB' => 212.334805999999986170223564840853214263916015625,
  'EUR' => 1.159402000000000043655745685100555419921875,
  'FJD' => 3.011312000000000210775397135876119136810302734375,
  'FKP' => 1,
  'GBP' => 1,
  'GEL' => 3.690869999999999873097067393246106803417205810546875,
  'GGP' => 1,
  'GHS' => 14.993593000000000614591044723056256771087646484375,
  'GIP' => 1,
  'GMD' => 99.975325999999995474354363977909088134765625,
  'GNF' => 12001.238142000000152620486915111541748046875,
  'GTQ' => 10.49969899999999967121766530908644199371337890625,
  'GYD' => 286.395623999999997977283783257007598876953125,
  'HKD' => 10.70031099999999923966242931783199310302734375,
  'HNL' => 36.1665339999999986275724950246512889862060546875,
  'HRK' => 8.735640000000000071622707764618098735809326171875,
  'HTG' => 179.5552480000000059590092860162258148193359375,
  'HUF' => 441.58319299999999429928720928728580474853515625,
  'IDR' => 22961.4561130000001867301762104034423828125,
  'ILS' => 4.22093200000000035032599043915979564189910888671875,
  'IMP' => 1,
  'INR' => 123.7629519999999985202521202154457569122314453125,
  'IQD' => 1793.233277000000043699401430785655975341796875,
  'IRR' => 57637.8290570000026491470634937286376953125,
  'ISK' => 168.122888999999986481270752847194671630859375,
  'JEP' => 1,
  'JMD' => 214.52325700000000097134034149348735809326171875,
  'JOD' => 0.97099299999999999499777914024889469146728515625,
  'JPY' => 213.47334000000000742147676646709442138671875,
  'KES' => 176.56024999999999636202119290828704833984375,
  'KGS' => 119.764960999999999557985574938356876373291015625,
  'KHR' => 5549.864590999999563791789114475250244140625,
  'KMF' => 572.4618319999999584979377686977386474609375,
  'KPW' => 1232.57249799999999595456756651401519775390625,
  'KRW' => 1987.686789000000089799868874251842498779296875,
  'KWD' => 0.42064800000000002189182168876868672668933868408203125,
  'KYD' => 1.140786999999999995480948200565762817859649658203125,
  'KZT' => 686.296164999999973588273860514163970947265625,
  'LAK' => 29443.46259199999985867179930210113525390625,
  'LBP' => 122568.048347999996622093021869659423828125,
  'LKR' => 423.7045140000000174040906131267547607421875,
  'LRD' => 254.61061799999998811472323723137378692626953125,
  'LSL' => 21.925453999999998444536686292849481105804443359375,
  'LYD' => 8.6543259999999992970742823672480881214141845703125,
  'MAD' => 12.5567860000000006692744136671535670757293701171875,
  'MDL' => 23.0483440000000001646185410209000110626220703125,
  'MGA' => 6066.8355410000003757886588573455810546875,
  'MKD' => 71.4742030000000028167050913907587528228759765625,
  'MMK' => 2875.8655429999998887069523334503173828125,
  'MNT' => 4875.5089920000000347499735653400421142578125,
  'MOP' => 11.0158690000000003550439942046068608760833740234375,
  'MUR' => 62.84750199999999864530764170922338962554931640625,
  'MVR' => 21.159161999999998471366779995150864124298095703125,
  'MWK' => 2373.740259000000150990672409534454345703125,
  'MXN' => 23.6185550000000006320988177321851253509521484375,
  'MYR' => 5.3856570000000001385842551826499402523040771484375,
  'MZN' => 87.3072169999999943001967039890587329864501953125,
  'NAD' => 21.925453999999998444536686292849481105804443359375,
  'NGN' => 1906.187063000000080137397162616252899169921875,
  'NIO' => 50.37904499999999785586624057032167911529541015625,
  'NOK' => 13.185553999999999774672687635757029056549072265625,
  'NPR' => 197.885795000000001664375304244458675384521484375,
  'NZD' => 2.268390999999999824154883754090406000614166259765625,
  'OMR' => 0.52657900000000001927702442117151804268360137939453125,
  'PAB' => 1.3695250000000001033839680530945770442485809326171875,
  'PEN' => 4.608323999999999642795955878682434558868408203125,
  'PGK' => 5.86478099999999979985432219109497964382171630859375,
  'PHP' => 80.856751000000002704837243072688579559326171875,
  'PKR' => 382.8440090000000282088876701891422271728515625,
  'PLN' => 4.897603000000000150748746818862855434417724609375,
  'PYG' => 9081.76855900000009569339454174041748046875,
  'QAR' => 4.97763099999999969469399729860015213489532470703125,
  'RON' => 5.90785699999999991405275068245828151702880859375,
  'RSD' => 136.108508000000000492946128360927104949951171875,
  'RUB' => 105.4480420000000009395080269314348697662353515625,
  'RWF' => 1997.840353999999933876097202301025390625,
  'SAR' => 5.1358639999999997627355696749873459339141845703125,
  'SBD' => 11.035771000000000441332304035313427448272705078125,
  'SCR' => 18.829378999999999422243490698747336864471435546875,
  'SDG' => 823.769285999999965497408993542194366455078125,
  'SEK' => 12.2004409999999996472297425498254597187042236328125,
  'SGD' => 1.739702999999999999403144101961515843868255615234375,
  'SHP' => 1,
  'SLL' => 28718.25444100000095204450190067291259765625,
  'SOS' => 781.0034540000000333748175762593746185302734375,
  'SRD' => 52.19876099999999752299117972142994403839111328125,
  'SSP' => 178.394326000000006615664460696280002593994140625,
  'STD' => 30515.4820959999997285194694995880126953125,
  'SVC' => 11.9780879999999996243786881677806377410888671875,
  'SYP' => 17806.5640209999983198940753936767578125,
  'SZL' => 21.933398000000000394038579543121159076690673828125,
  'THB' => 43.3454660000000018271748558618128299713134765625,
  'TJS' => 12.79241400000000083991835708729922771453857421875,
  'TMT' => 4.80703299999999966729546940769068896770477294921875,
  'TND' => 3.958436999999999983401721692644059658050537109375,
  'TOP' => 3.297487999999999974676256897510029375553131103515625,
  'TRY' => 59.56981799999999793726601637899875640869140625,
  'TTD' => 9.2721210000000002793285602820105850696563720703125,
  'TWD' => 43.26165300000000257796273217536509037017822265625,
  'TZS' => 3538.9073749999997744453139603137969970703125,
  'UAH' => 59.2405499999999989313437254168093204498291015625,
  'UGX' => 4879.9596559999999954015947878360748291015625,
  'USD' => 1.3695250000000001033839680530945770442485809326171875,
  'UYU' => 52.79450200000000137379174702800810337066650390625,
  'UZS' => 16757.99734800000078394077718257904052734375,
  'VND' => 35609.0743060000022524036467075347900390625,
  'VUV' => 166.123381999999992331140674650669097900390625,
  'WST' => 3.79057099999999991268850862979888916015625,
  'XAF' => 760.51807099999996353290043771266937255859375,
  'XAG' => 0.0161150000000000008515410598874950665049254894256591796875,
  'XAU' => 0.00027599999999999998666344591669030705816112458705902099609375,
  'XCD' => 3.701210000000000110986775325727649033069610595703125,
  'XDR' => 0.94643999999999994798827174236066639423370361328125,
  'XOF' => 760.51807099999996353290043771266937255859375,
  'XPD' => 0.000808000000000000015952517085082718040212057530879974365234375,
  'XPF' => 138.35349899999999934152583591639995574951171875,
  'XPT' => 0.000653000000000000043083592249359980996814556419849395751953125,
  'YER' => 326.46037999999998646671883761882781982421875,
  'ZAR' => 21.87002400000000079671735875308513641357421875,
  'ZMW' => 26.864065000000000082991391536779701709747314453125,
  'ZWL' => 440.98704900000001316584530286490917205810546875,
)
2026-02-04T06:21:12+00:00 INFO ENVIRONMENT: array (
  'WP_User' => 'Guest (non logged-in user)',
  'HTTP_REFERER' => '--',
  'HTTP_USER_AGENT' => 'Mozilla/5.0 (Windows NT 10.0; Win64; x64) AppleWebKit/537.36 (KHTML, like Gecko) Chrome/124.0.0.0 Safari/537.36',
  'REQUEST_URI' => '/product/hosomaki-roll-with-salmon?add-to-cart=424',
  'DOING_AJAX' => false,
  'DOING_CRON' => false,
  'WP_CLI' => false,
)
2026-02-04T06:21:12+00:00 INFO REQUEST GET https://public-api.wordpress.com/wpcom/v2/sites/%s/wcpay/currency/rates?test_mode=0&currency_from=gbp
2026-02-04T06:21:12+00:00 INFO HEADERS: array (
  'Content-Type' => 'application/json; charset=utf-8',
  'User-Agent' => 'WooCommerce Payments/8.6.0',
)
2026-02-04T06:21:12+00:00 INFO RESPONSE: array (
  'AED' => 5.0380289999999998684643287560902535915374755859375,
  'AFN' => 89.1686600000000026966517907567322254180908203125,
  'ALL' => 111.999728000000004612957127392292022705078125,
  'AMD' => 517.47951100000000224099494516849517822265625,
  'ANG' => 2.455567999999999972970954331685788929462432861328125,
  'AOA' => 1251.502735000000029685907065868377685546875,
  'ARS' => 1982.279557999999951789504848420619964599609375,
  'AUD' => 1.95155499999999992866150932968594133853912353515625,
  'AWG' => 2.4727160000000001360831447527743875980377197265625,
  'AZN' => 2.332103000000000037061909097246825695037841796875,
  'BAM' => 2.268752999999999797609007146093063056468963623046875,
  'BBD' => 2.743650999999999839928932487964630126953125,
  'BDT' => 167.099837000000007947164704091846942901611328125,
  'BGN' => 2.2672270000000001033413354889489710330963134765625,
  'BHD' => 0.51717800000000002658140374478534795343875885009765625,
  'BIF' => 4063.38456600000017715501599013805389404296875,
  'BMD' => 1.371825999999999989853449733345769345760345458984375,
  'BND' => 1.742963000000000040046188587439246475696563720703125,
  'BOB' => 9.4483060000000005373976819100789725780487060546875,
  'BRL' => 7.18740600000000018354739950154908001422882080078125,
  'BSD' => 1.371825999999999989853449733345769345760345458984375,
  'BTC' => 1.800000000000000045601543374740316494353464804589748382568359375E-5,
  'BTN' => 123.5357039999999955171006149612367153167724609375,
  'BWP' => 18.8862510000000014542820281349122524261474609375,
  'BYN' => 3.9286750000000001392663762089796364307403564453125,
  'BZD' => 2.7499380000000002155502443201839923858642578125,
  'CAD' => 1.87037999999999993150368027272634208202362060546875,
  'CDF' => 3117.66565099999979793210513889789581298828125,
  'CHF' => 1.0631779999999999564153085884754545986652374267578125,
  'CLF' => 0.0298779999999999983095744227057366515509784221649169921875,
  'CLP' => 1179.76997699999992619268596172332763671875,
  'CNH' => 9.5105810000000001735998012009076774120330810546875,
  'CNY' => 9.5151190000000003266222847742028534412384033203125,
  'COP' => 4958.5756840000003649038262665271759033203125,
  'CRC' => 679.097082000000000334694050252437591552734375,
  'CUC' => 1.371825999999999989853449733345769345760345458984375,
  'CUP' => 35.32450800000000157297108671627938747406005859375,
  'CVE' => 127.90829899999999952342477627098560333251953125,
  'CZK' => 28.215706999999998316752680693753063678741455078125,
  'DJF' => 243.487745999999987134287948720157146453857421875,
  'DKK' => 8.657906000000000545924194739200174808502197265625,
  'DOP' => 86.4250100000000003319655661471188068389892578125,
  'DZD' => 178.075059000000010200892575085163116455078125,
  'EGP' => 64.514623999999997749910107813775539398193359375,
  'ERN' => 20.577383000000001089802026399411261081695556640625,
  'ETB' => 212.10068799999999100691638886928558349609375,
  'EUR' => 1.15921099999999999141664375201798975467681884765625,
  'FJD' => 3.0150670000000001635953594814054667949676513671875,
  'FKP' => 1,
  'GBP' => 1,
  'GEL' => 3.697070000000000078443918027915060520172119140625,
  'GGP' => 1,
  'GHS' => 14.9792470000000008667484507896006107330322265625,
  'GIP' => 1,
  'GMD' => 100.1432669999999944820956443436443805694580078125,
  'GNF' => 11996.105358999999225488863885402679443359375,
  'GTQ' => 10.4876330000000006492655302281491458415985107421875,
  'GYD' => 286.059175999999979467247612774372100830078125,
  'HKD' => 10.721154999999999546389517490752041339874267578125,
  'HNL' => 36.12649900000000258160071098245680332183837890625,
  'HRK' => 8.734111999999999653709892299957573413848876953125,
  'HTG' => 179.349615000000000009094947017729282379150390625,
  'HUF' => 441.56648999999998750354279763996601104736328125,
  'IDR' => 23005.33862900000167428515851497650146484375,
  'ILS' => 4.2431970000000003295781425549648702144622802734375,
  'IMP' => 1,
  'INR' => 124.097092000000003508830559439957141876220703125,
  'IQD' => 1791.1844940000000860891304910182952880859375,
  'IRR' => 57734.650282000002334825694561004638671875,
  'ISK' => 168.0897850000000062209437601268291473388671875,
  'JEP' => 1,
  'JMD' => 214.285744999999991478034644387662410736083984375,
  'JOD' => 0.97262400000000004407496589919901452958583831787109375,
  'JPY' => 214.431338000000010879375622607767581939697265625,
  'KES' => 176.320739000000003215973265469074249267578125,
  'KGS' => 119.9661449999999973670128383673727512359619140625,
  'KHR' => 5516.9116800000001603621058166027069091796875,
  'KMF' => 573.4234649999999646752257831394672393798828125,
  'KPW' => 1234.642998999999917941750027239322662353515625,
  'KRW' => 1990.205756999999948675394989550113677978515625,
  'KWD' => 0.42165799999999997726973788303439505398273468017578125,
  'KYD' => 1.139480999999999966121322358958423137664794921875,
  'KZT' => 685.5124309999999923093128018081188201904296875,
  'LAK' => 29410.29659600000013597309589385986328125,
  'LBP' => 122436.986481999992975033819675445556640625,
  'LKR' => 423.21916700000002720116754062473773956298828125,
  'LRD' => 254.31909699999999929787009023129940032958984375,
  'LSL' => 21.90034899999999851161192054860293865203857421875,
  'LYD' => 8.6444530000000003866489350912161171436309814453125,
  'MAD' => 12.5424080000000000012505552149377763271331787109375,
  'MDL' => 23.08706099999999850069798412732779979705810546875,
  'MGA' => 6059.96081899999990127980709075927734375,
  'MKD' => 71.454194999999998572093318216502666473388671875,
  'MMK' => 2880.69648199999983262387104332447052001953125,
  'MNT' => 4883.6989739999999073916114866733551025390625,
  'MOP' => 11.0033499999999992979837770690210163593292236328125,
  'MUR' => 62.93935499999999905185177340172231197357177734375,
  'MVR' => 21.1947049999999990177457220852375030517578125,
  'MWK' => 2370.96479099999987738556228578090667724609375,
  'MXN' => 23.620436999999999017063601058907806873321533203125,
  'MYR' => 5.38715899999999958680518830078653991222381591796875,
  'MZN' => 87.453878000000003112290869466960430145263671875,
  'NAD' => 21.900442000000001741000232868827879428863525390625,
  'NGN' => 1904.299643000000060055754147469997406005859375,
  'NIO' => 50.32179099999999749570633866824209690093994140625,
  'NOK' => 13.2051649999999991536014931625686585903167724609375,
  'NPR' => 197.6667380000000093787093646824359893798828125,
  'NZD' => 2.270690999999999792891003380645997822284698486328125,
  'OMR' => 0.52746400000000004393285735204699449241161346435546875,
  'PAB' => 1.371825999999999989853449733345769345760345458984375,
  'PEN' => 4.603047000000000110730979940854012966156005859375,
  'PGK' => 5.8582879999999999398596628452651202678680419921875,
  'PHP' => 80.8776859999999970796125126071274280548095703125,
  'PKR' => 382.40736299999997527265804819762706756591796875,
  'PLN' => 4.897194999999999964757080306299030780792236328125,
  'PYG' => 9071.43458599999939906410872936248779296875,
  'QAR' => 4.9719110000000004134790287935175001621246337890625,
  'RON' => 5.9065320000000003375362211954779922962188720703125,
  'RSD' => 136.071377000000012458258424885571002960205078125,
  'RUB' => 105.62830800000000408545020036399364471435546875,
  'RWF' => 1995.641127999999980602297000586986541748046875,
  'SAR' => 5.14453400000000016234480426646769046783447265625,
  'SBD' => 11.0543099999999991922550179879181087017059326171875,
  'SCR' => 19.5344079999999991059667081572115421295166015625,
  'SDG' => 825.153070999999954437953419983386993408203125,
  'SEK' => 12.1917390000000001037960828398354351520538330078125,
  'SGD' => 1.7426530000000000075743855632026679813861846923828125,
  'SHP' => 1,
  'SLL' => 28766.4959630000012111850082874298095703125,
  'SOS' => 780.1387499999999590727384202182292938232421875,
  'SRD' => 52.2864450000000005047695594839751720428466796875,
  'SSP' => 178.693996999999995978214428760111331939697265625,
  'STD' => 30566.74263799999971524812281131744384765625,
  'SVC' => 11.96437399999999939836925477720797061920166015625,
  'SYP' => 17836.47585800000160816125571727752685546875,
  'SZL' => 21.908097999999998961584424250759184360504150390625,
  'THB' => 43.3268240000000020017978386022150516510009765625,
  'TJS' => 12.7775510000000007693188308621756732463836669921875,
  'TMT' => 4.8151080000000003877858034684322774410247802734375,
  'TND' => 3.9538869999999999294004737748764455318450927734375,
  'TOP' => 3.3030270000000001573425834067165851593017578125,
  'TRY' => 59.69018799999999913552528596483170986175537109375,
  'TTD' => 9.2615829999999998989324012654833495616912841796875,
  'TWD' => 43.28266500000000149839252117089927196502685546875,
  'TZS' => 3541.42254199999979391577653586864471435546875,
  'UAH' => 59.17298100000000005138645065017044544219970703125,
  'UGX' => 4874.4050040000001899898052215576171875,
  'USD' => 1.371825999999999989853449733345769345760345458984375,
  'UYU' => 52.88318799999999697547536925412714481353759765625,
  'UZS' => 16738.9239820000002509914338588714599609375,
  'VND' => 35664.255233999996562488377094268798828125,
  'VUV' => 166.40244000000001278749550692737102508544921875,
  'WST' => 3.7969390000000000640056896372698247432708740234375,
  'XAF' => 760.392726000000038766302168369293212890625,
  'XAG' => 0.01569600000000000161737290227392804808914661407470703125,
  'XAU' => 0.0002709999999999999735489364383056454244069755077362060546875,
  'XCD' => 3.70742700000000002802380549837835133075714111328125,
  'XDR' => 0.94634300000000004526867769527598284184932708740234375,
  'XOF' => 760.392726000000038766302168369293212890625,
  'XPD' => 0.00080999999999999995614619052730631665326654911041259765625,
  'XPF' => 138.3306969999999864739947952330112457275390625,
  'XPT' => 0.000653999999999999958970320346196558602969162166118621826171875,
  'YER' => 327.008775000000014188117347657680511474609375,
  'ZAR' => 21.84958999999999917918103164993226528167724609375,
  'ZMW' => 26.833532000000001715989128570072352886199951171875,
  'ZWL' => 441.72782899999998562634573318064212799072265625,
)
2026-02-04T11:16:51+00:00 INFO ENVIRONMENT: array (
  'WP_User' => 'Guest (non logged-in user)',
  'HTTP_REFERER' => '--',
  'HTTP_USER_AGENT' => 'Mozilla/5.0 (Windows NT 10.0; Win64; x64) AppleWebKit/537.36 (KHTML, like Gecko) Chrome/120.0.0.0 Safari/537.36',
  'REQUEST_URI' => '/wp-admin/',
  'DOING_AJAX' => false,
  'DOING_CRON' => false,
  'WP_CLI' => false,
)
2026-02-04T11:16:51+00:00 INFO REQUEST GET https://public-api.wordpress.com/wpcom/v2/sites/%s/wcpay/accounts?test_mode=0
2026-02-04T11:16:51+00:00 INFO HEADERS: array (
  'Content-Type' => 'application/json; charset=utf-8',
  'User-Agent' => 'WooCommerce Payments/8.6.0',
)
2026-02-04T11:16:55+00:00 INFO RESPONSE: array (
  'account_id' => 'acct_1QJjXwFt5S7zes6j',
  'email' => '(redacted)',
  'communications_email' => 'contactus@papapoke.co.uk',
  'live_publishable_key' => 'pk_live_51ETDmyFuiXB5oUVxaIafkGPnwuNcBxr1pXVhvLJ4BrWuiqfG6SldjatOGLQhuqXnDmgqwRA7tDoSFlbY4wFji7KR0079TvtxNs',
  'test_publishable_key' => 'pk_test_51ETDmyFuiXB5oUVxwSobQMW5Tno1GclIq7ePZWzLeW4q8oa7Zb8hI5VfwI5sNT5nXuKYinLukNvGCXmsQXAoDGHG00MqHqlYHR',
  'is_live' => true,
  'is_test_drive' => false,
  'created' => '2024-11-10 22:23:55',
  'has_pending_requirements' => false,
  'has_future_requirements' => false,
  'has_overdue_requirements' => false,
  'details_submitted' => true,
  'current_deadline' => NULL,
  'status' => 'complete',
  'capabilities' => 
  array (
    'card_payments' => 'active',
    'transfers' => 'active',
    'afterpay_clearpay_payments' => 'unrequested',
    'alipay_payments' => 'unrequested',
    'amazon_pay_payments' => 'unrequested',
    'bacs_debit_payments' => 'unrequested',
    'bancontact_payments' => 'unrequested',
    'bank_transfer_payments' => 'unrequested',
    'billie_payments' => 'unrequested',
    'cartes_bancaires_payments' => 'unrequested',
    'eps_payments' => 'unrequested',
    'gb_bank_transfer_payments' => 'unrequested',
    'ideal_payments' => 'unrequested',
    'kakao_pay_payments' => 'unrequested',
    'klarna' => 'unrequested',
    'klarna_payments' => 'unrequested',
    'kr_card_payments' => 'unrequested',
    'legacy_payments' => 'unrequested',
    'link_payments' => 'unrequested',
    'mb_way_payments' => 'unrequested',
    'multibanco_payments' => 'unrequested',
    'naver_pay_payments' => 'unrequested',
    'p24_payments' => 'unrequested',
    'pay_by_bank_payments' => 'unrequested',
    'payco_payments' => 'unrequested',
    'revolut_pay_payments' => 'unrequested',
    'samsung_pay_payments' => 'unrequested',
    'sepa_bank_transfer_payments' => 'unrequested',
    'sepa_debit_payments' => 'unrequested',
    'twint_payments' => 'unrequested',
    'us_bank_account_ach_payments' => 'unrequested',
    'us_bank_transfer_payments' => 'unrequested',
    'wechat_pay_payments' => 'unrequested',
  ),
  'capability_requirements' => 
  array (
    'afterpay_clearpay_payments' => 
    array (
    ),
    'alipay_payments' => 
    array (
      0 => 'business_profile.product_description',
    ),
    'amazon_pay_payments' => 
    array (
    ),
    'bacs_debit_payments' => 
    array (
    ),
    'bancontact_payments' => 
    array (
    ),
    'bank_transfer_payments' => 
    array (
    ),
    'billie_payments' => 
    array (
    ),
    'card_payments' => 
    array (
    ),
    'cartes_bancaires_payments' => 
    array (
    ),
    'eps_payments' => 
    array (
    ),
    'gb_bank_transfer_payments' => 
    array (
    ),
    'ideal_payments' => 
    array (
    ),
    'kakao_pay_payments' => 
    array (
    ),
    'klarna' => 
    array (
    ),
    'klarna_payments' => 
    array (
    ),
    'kr_card_payments' => 
    array (
    ),
    'legacy_payments' => 
    array (
    ),
    'link_payments' => 
    array (
    ),
    'mb_way_payments' => 
    array (
    ),
    'multibanco_payments' => 
    array (
    ),
    'naver_pay_payments' => 
    array (
    ),
    'p24_payments' => 
    array (
    ),
    'pay_by_bank_payments' => 
    array (
    ),
    'payco_payments' => 
    array (
    ),
    'revolut_pay_payments' => 
    array (
    ),
    'samsung_pay_payments' => 
    array (
    ),
    'sepa_bank_transfer_payments' => 
    array (
    ),
    'sepa_debit_payments' => 
    array (
    ),
    'transfers' => 
    array (
    ),
    'twint_payments' => 
    array (
    ),
    'us_bank_account_ach_payments' => 
    array (
    ),
    'us_bank_transfer_payments' => 
    array (
    ),
    'wechat_pay_payments' => 
    array (
      0 => 'business_profile.product_description',
    ),
  ),
  'payments_enabled' => true,
  'deposits' => 
  array (
    'status' => 'enabled',
    'restrictions' => 'deposits_unrestricted',
    'interval' => 'daily',
    'weekly_anchor' => '',
    'monthly_anchor' => NULL,
    'delay_days' => 3,
    'completed_waiting_period' => false,
    'minimum_manual_deposit_amounts' => 
    array (
      'aud' => 500,
      'bgn' => 100,
      'cad' => 500,
      'chf' => 500,
      'czk' => 3000,
      'dkk' => 5000,
      'eur' => 500,
      'gbp' => 500,
      'hkd' => 5000,
      'huf' => 36000,
      'nok' => 5000,
      'nzd' => 500,
      'jpy' => 50,
      'sek' => 5000,
      'sgd' => 500,
      'usd' => 500,
      'ron' => 500,
      'pln' => 500,
      'aed' => 200,
    ),
    'minimum_scheduled_deposit_amounts' => 
    array (
      'aed' => 200,
      'aud' => 0,
      'bgn' => 100,
      'cad' => 0,
      'chf' => 500,
      'czk' => 3000,
      'dkk' => 2000,
      'eur' => 100,
      'gbp' => 100,
      'hkd' => 0,
      'huf' => 36000,
      'jpy' => 1,
      'nok' => 2000,
      'nzd' => 0,
      'pln' => 500,
      'ron' => 500,
      'sek' => 2000,
      'sgd' => 100,
      'usd' => 0,
    ),
  ),
  'lifetime_total_payment_volume' => 0,
  'requirements' => 
  array (
    'errors' => 
    array (
    ),
  ),
  'statement_descriptor' => 'PAPA POKE',
  'statement_descriptor_kanji' => '',
  'statement_descriptor_kana' => '',
  'latest_tos_agreement' => 
  array (
    'date' => '2024-11-10 22:23:55',
    'source' => 'signup',
    'is_current_version' => true,
  ),
  'fees' => 
  array (
    'base' => 
    array (
      'percentage_rate' => 0.01499999999999999944488848768742172978818416595458984375,
      'fixed_rate' => 25,
      'currency' => 'gbp',
    ),
    'discount' => 
    array (
    ),
    'card' => 
    array (
      'base' => 
      array (
        'percentage_rate' => 0.01499999999999999944488848768742172978818416595458984375,
        'fixed_rate' => 25,
        'currency' => 'gbp',
      ),
      'additional' => 
      array (
        'percentage_rate' => 0.0200000000000000004163336342344337026588618755340576171875,
        'fixed_rate' => 0,
        'currency' => 'eur',
      ),
      'fx' => 
      array (
        'percentage_rate' => 0.0200000000000000004163336342344337026588618755340576171875,
        'fixed_rate' => 0,
        'currency' => 'gbp',
      ),
      'discount' => 
      array (
      ),
    ),
    'card_present' => 
    array (
      'base' => 
      array (
        'percentage_rate' => 0.01400000000000000029143354396410359186120331287384033203125,
        'fixed_rate' => 20,
        'currency' => 'gbp',
      ),
      'additional' => 
      array (
        'percentage_rate' => 0.0200000000000000004163336342344337026588618755340576171875,
        'fixed_rate' => 0,
        'currency' => 'gbp',
      ),
      'fx' => 
      array (
        'percentage_rate' => 0.0200000000000000004163336342344337026588618755340576171875,
        'fixed_rate' => 0,
        'currency' => 'gbp',
      ),
      'discount' => 
      array (
      ),
    ),
    'bancontact' => 
    array (
      'base' => 
      array (
        'percentage_rate' => 0.01400000000000000029143354396410359186120331287384033203125,
        'fixed_rate' => 20,
        'currency' => 'gbp',
      ),
      'additional' => 
      array (
        'percentage_rate' => 0,
        'fixed_rate' => 0,
        'currency' => 'gbp',
      ),
      'fx' => 
      array (
        'percentage_rate' => 0,
        'fixed_rate' => 0,
        'currency' => 'gbp',
      ),
      'discount' => 
      array (
      ),
    ),
    'eps' => 
    array (
      'base' => 
      array (
        'percentage_rate' => 0.01600000000000000033306690738754696212708950042724609375,
        'fixed_rate' => 20,
        'currency' => 'gbp',
      ),
      'additional' => 
      array (
        'percentage_rate' => 0,
        'fixed_rate' => 0,
        'currency' => 'gbp',
      ),
      'fx' => 
      array (
        'percentage_rate' => 0,
        'fixed_rate' => 0,
        'currency' => 'gbp',
      ),
      'discount' => 
      array (
      ),
    ),
    'ideal' => 
    array (
      'base' => 
      array (
        'percentage_rate' => 0,
        'fixed_rate' => 25,
        'currency' => 'gbp',
      ),
      'additional' => 
      array (
        'percentage_rate' => 0,
        'fixed_rate' => 0,
        'currency' => 'gbp',
      ),
      'fx' => 
      array (
        'percentage_rate' => 0,
        'fixed_rate' => 0,
        'currency' => 'gbp',
      ),
      'discount' => 
      array (
      ),
    ),
    'p24' => 
    array (
      'base' => 
      array (
        'percentage_rate' => 0.021999999999999998723243521681069978512823581695556640625,
        'fixed_rate' => 20,
        'currency' => 'gbp',
      ),
      'additional' => 
      array (
        'percentage_rate' => 0,
        'fixed_rate' => 0,
        'currency' => 'gbp',
      ),
      'fx' => 
      array (
        'percentage_rate' => 0,
        'fixed_rate' => 0,
        'currency' => 'gbp',
      ),
      'discount' => 
      array (
      ),
    ),
    'klarna' => 
    array (
      'base' => 
      array (
        'percentage_rate' => 0.049899999999999999911182158029987476766109466552734375,
        'fixed_rate' => 35,
        'currency' => 'gbp',
      ),
      'additional' => 
      array (
        'percentage_rate' => 0,
        'fixed_rate' => 0,
        'currency' => 'gbp',
      ),
      'fx' => 
      array (
        'percentage_rate' => 0,
        'fixed_rate' => 0,
        'currency' => 'gbp',
      ),
      'discount' => 
      array (
      ),
    ),
    'afterpay_clearpay' => 
    array (
      'base' => 
      array (
        'percentage_rate' => 0.059999999999999997779553950749686919152736663818359375,
        'fixed_rate' => 30,
        'currency' => 'gbp',
      ),
      'additional' => 
      array (
        'percentage_rate' => 0,
        'fixed_rate' => 0,
        'currency' => 'gbp',
      ),
      'fx' => 
      array (
        'percentage_rate' => 0,
        'fixed_rate' => 0,
        'currency' => 'gbp',
      ),
      'discount' => 
      array (
      ),
    ),
  ),
  'capital' => 
  array (
    'has_active_loan' => false,
    'has_previous_loans' => false,
    'loans' => 
    array (
    ),
  ),
  'fraud_services' => 
  array (
    'stripe' => 
    array (
    ),
    'sift' => 
    array (
      'beacon_key' => '1d81b5c86a',
      'sandbox_beacon_key' => '43e8654e6f',
    ),
  ),
  'store_currencies' => 
  array (
    'default' => 'gbp',
    'supported' => 
    array (
      0 => 'gbp',
    ),
  ),
  'customer_currencies' => 
  array (
    'supported' => 
    array (
      0 => 'usd',
      1 => 'aed',
      2 => 'afn',
      3 => 'all',
      4 => 'amd',
      5 => 'ang',
      6 => 'aoa',
      7 => 'ars',
      8 => 'aud',
      9 => 'awg',
      10 => 'azn',
      11 => 'bam',
      12 => 'bbd',
      13 => 'bdt',
      14 => 'bif',
      15 => 'bmd',
      16 => 'bnd',
      17 => 'bob',
      18 => 'brl',
      19 => 'bsd',
      20 => 'bwp',
      21 => 'byn',
      22 => 'bzd',
      23 => 'cad',
      24 => 'cdf',
      25 => 'chf',
      26 => 'clp',
      27 => 'cny',
      28 => 'cop',
      29 => 'crc',
      30 => 'cve',
      31 => 'czk',
      32 => 'djf',
      33 => 'dkk',
      34 => 'dop',
      35 => 'dzd',
      36 => 'egp',
      37 => 'etb',
      38 => 'eur',
      39 => 'fjd',
      40 => 'fkp',
      41 => 'gbp',
      42 => 'gel',
      43 => 'gip',
      44 => 'gmd',
      45 => 'gnf',
      46 => 'gtq',
      47 => 'gyd',
      48 => 'hkd',
      49 => 'hnl',
      50 => 'htg',
      51 => 'huf',
      52 => 'idr',
      53 => 'ils',
      54 => 'inr',
      55 => 'isk',
      56 => 'jmd',
      57 => 'jpy',
      58 => 'kes',
      59 => 'kgs',
      60 => 'khr',
      61 => 'kmf',
      62 => 'krw',
      63 => 'kyd',
      64 => 'kzt',
      65 => 'lak',
      66 => 'lbp',
      67 => 'lkr',
      68 => 'lrd',
      69 => 'lsl',
      70 => 'mad',
      71 => 'mdl',
      72 => 'mga',
      73 => 'mkd',
      74 => 'mmk',
      75 => 'mnt',
      76 => 'mop',
      77 => 'mur',
      78 => 'mvr',
      79 => 'mwk',
      80 => 'mxn',
      81 => 'myr',
      82 => 'mzn',
      83 => 'nad',
      84 => 'ngn',
      85 => 'nio',
      86 => 'nok',
      87 => 'npr',
      88 => 'nzd',
      89 => 'pab',
      90 => 'pen',
      91 => 'pgk',
      92 => 'php',
      93 => 'pkr',
      94 => 'pln',
      95 => 'pyg',
      96 => 'qar',
      97 => 'ron',
      98 => 'rsd',
      99 => 'rub',
      100 => 'rwf',
      101 => 'sar',
      102 => 'sbd',
      103 => 'scr',
      104 => 'sek',
      105 => 'sgd',
      106 => 'shp',
      107 => 'sle',
      108 => 'sos',
      109 => 'srd',
      110 => 'std',
      111 => 'szl',
      112 => 'thb',
      113 => 'tjs',
      114 => 'top',
      115 => 'try',
      116 => 'ttd',
      117 => 'twd',
      118 => 'tzs',
      119 => 'uah',
      120 => 'ugx',
      121 => 'uyu',
      122 => 'uzs',
      123 => 'vnd',
      124 => 'vuv',
      125 => 'wst',
      126 => 'xaf',
      127 => 'xcd',
      128 => 'xcg',
      129 => 'xof',
      130 => 'xpf',
      131 => 'yer',
      132 => 'zar',
      133 => 'zmw',
    ),
  ),
  'country' => '(redacted)',
  'instant_deposits_eligible' => false,
  'card_present_eligible' => true,
  'has_card_readers_available' => false,
  'platform_checkout_eligible' => false,
  'platform_direct_checkout_eligible' => false,
  'platform_global_theme_support_enabled' => false,
  'business_profile' => 
  array (
    'name' => '(redacted)',
    'url' => 'https://papapoke.co.uk',
    'support_address' => 
    array (
    ),
    'support_email' => 'contactus@papapoke.co.uk',
    'support_phone' => '+447387156597',
  ),
  'branding' => 
  array (
    'icon' => NULL,
    'logo' => NULL,
    'primary_color' => NULL,
    'secondary_color' => NULL,
  ),
  'locale' => 'en_GB',
  'has_more_failed_events' => false,
  'has_submitted_vat_data' => false,
  'is_documents_enabled' => true,
  'card_testing_protection_eligible' => false,
  'fraud_mitigation_settings' => 
  array (
    'avs_check_enabled' => false,
    'cvc_check_enabled' => true,
  ),
  'is_deferred_intent_creation_upe_enabled' => true,
  'pre_check_save_my_info' => false,
  'is_tokenized_ece_disabled' => false,
  'ece_confirmation_tokens_disabled' => false,
  'eligibility_wporg_review_campaign_2025' => false,
  'progressive_onboarding' => 
  array (
    'is_enabled' => false,
    'is_complete' => false,
  ),
)
2026-02-04T11:21:31+00:00 INFO ENVIRONMENT: array (
  'WP_User' => 'Guest (non logged-in user)',
  'HTTP_REFERER' => '--',
  'HTTP_USER_AGENT' => 'WordPress/6.9.1; https://papapoke.co.uk',
  'REQUEST_URI' => '/wp-cron.php?doing_wp_cron=1770204090.8702099323272705078125',
  'DOING_AJAX' => false,
  'DOING_CRON' => true,
  'WP_CLI' => false,
)
2026-02-04T11:21:31+00:00 INFO REQUEST POST https://public-api.wordpress.com/wpcom/v2/sites/%s/wcpay/compatibility
2026-02-04T11:21:31+00:00 INFO HEADERS: array (
  'Content-Type' => 'application/json; charset=utf-8',
  'User-Agent' => 'WooCommerce Payments/8.6.0',
  'Idempotency-Key' => 'b9f7e1c8-50ab-4671-afad-db2fa0e117b2',
)
2026-02-04T11:21:31+00:00 INFO BODY: array (
  'test_mode' => false,
  'compatibility_data' => 
  array (
    'woopayments_version' => '8.6.0',
    'woocommerce_version' => '10.0.5',
    'woocommerce_permalinks' => 
    array (
      'product_base' => 'product',
      'category_base' => 'product-category',
      'tag_base' => 'product-tag',
      'attribute_base' => '',
      'use_verbose_page_rules' => false,
    ),
    'woocommerce_shop' => 'https://papapoke.co.uk/?page_id=7',
    'woocommerce_cart' => 'Not set',
    'woocommerce_checkout' => 'https://papapoke.co.uk/checkout/',
    'blog_theme' => 'papa',
    'active_plugins' => 
    array (
      0 => 'added-to-cart-popup-woocommerce/xoo-cp-main.php',
      1 => 'advanced-custom-fields-pro/acf.php',
      2 => 'classic-editor/classic-editor.php',
      3 => 'classic-widgets/classic-widgets.php',
      4 => 'contact-form-7/wp-contact-form-7.php',
      5 => 'health-check/health-check.php',
      6 => 'popup-maker/popup-maker.php',
      8 => 'regenerate-thumbnails/regenerate-thumbnails.php',
      9 => 'shipping-zones-by-drawing-for-woocommerce/shipping-zones-by-drawing.php',
      10 => 'svg-support/svg-support.php',
      11 => 'webp-converter-for-media/webp-converter-for-media.php',
      12 => 'woo-pincode-checker/woo-pincode-checker.php',
      13 => 'woocommerce-google-analytics-integration/woocommerce-google-analytics-integration.php',
      14 => 'woocommerce-lightbox/main.php',
      15 => 'woocommerce-payments/woocommerce-payments.php',
      17 => 'woocommerce/woocommerce.php',
      18 => 'wordpress-seo/wp-seo.php',
      19 => 'wp-rocket/wp-rocket.php',
      20 => 'wp-sitemap-page/wp-sitemap-page.php',
    ),
    'post_types_count' => 
    array (
      'post' => 0,
      'page' => 7,
      'attachment' => 0,
      'product' => 55,
      'popup' => 2,
      'popup_theme' => 8,
      'szbdzones' => 2,
    ),
  ),
)
2026-02-04T11:21:31+00:00 INFO RESPONSE: array (
  'result' => 'success',
)
2026-02-04T11:23:03+00:00 INFO Stripe Payment Request live mode requires SSL.
2026-02-04T11:23:03+00:00 INFO Stripe Payment Request live mode requires SSL.
2026-02-04T11:23:03+00:00 INFO Stripe Payment Request live mode requires SSL.
2026-02-04T11:23:03+00:00 INFO Stripe Payment Request live mode requires SSL.
2026-02-04T11:23:03+00:00 INFO Stripe Payment Request live mode requires SSL.
2026-02-04T12:24:26+00:00 INFO ENVIRONMENT: array (
  'WP_User' => 'Guest (non logged-in user)',
  'HTTP_REFERER' => '--',
  'HTTP_USER_AGENT' => 'WP Rocket/Preload',
  'REQUEST_URI' => '/delivery/',
  'DOING_AJAX' => false,
  'DOING_CRON' => false,
  'WP_CLI' => false,
)
2026-02-04T12:24:26+00:00 INFO REQUEST GET https://public-api.wordpress.com/wpcom/v2/sites/%s/wcpay/currency/rates?test_mode=0&currency_from=gbp
2026-02-04T12:24:26+00:00 INFO HEADERS: array (
  'Content-Type' => 'application/json; charset=utf-8',
  'User-Agent' => 'WooCommerce Payments/8.6.0',
)
2026-02-04T12:24:27+00:00 INFO RESPONSE: array (
  'AED' => 5.03452400000000022117774278740398585796356201171875,
  'AFN' => 89.1066110000000008994902600534260272979736328125,
  'ALL' => 111.863147999999995363396010361611843109130859375,
  'AMD' => 516.8397340000000212967279367148876190185546875,
  'ANG' => 2.453859000000000012420287021086551249027252197265625,
  'AOA' => 1250.416766999999936160747893154621124267578125,
  'ARS' => 1980.90851900000006935442797839641571044921875,
  'AUD' => 1.9526269999999998905337861287989653646945953369140625,
  'AWG' => 2.470994999999999830464503247640095651149749755859375,
  'AZN' => 2.33048099999999980269649313413538038730621337890625,
  'BAM' => 2.26598699999999997345412339200265705585479736328125,
  'BBD' => 2.741741999999999901405089985928498208522796630859375,
  'BDT' => 166.896057000000013204044080339372158050537109375,
  'BGN' => 2.26997699999999991149479683372192084789276123046875,
  'BHD' => 0.51687000000000005162092975297127850353717803955078125,
  'BIF' => 4047.6282639999999446445144712924957275390625,
  'BMD' => 1.3708709999999999507025449929642491042613983154296875,
  'BND' => 1.7363869999999999027551211838726885616779327392578125,
  'BOB' => 9.436583999999999861074684304185211658477783203125,
  'BRL' => 7.17710100000000039699443732388317584991455078125,
  'BSD' => 1.3708709999999999507025449929642491042613983154296875,
  'BTC' => 1.800000000000000045601543374740316494353464804589748382568359375E-5,
  'BTN' => 123.3866119999999995116013451479375362396240234375,
  'BWP' => 18.8632199999999983219822752289474010467529296875,
  'BYN' => 3.91386099999999981235987434047274291515350341796875,
  'BZD' => 2.746585000000000054143356464919634163379669189453125,
  'CAD' => 1.87322100000000002495426087989471852779388427734375,
  'CDF' => 3113.72692599999982121516950428485870361328125,
  'CHF' => 1.064270000000000049311665861750952899456024169921875,
  'CLF' => 0.02979300000000000003819167204710538499057292938232421875,
  'CLP' => 1176.399194999999963329173624515533447265625,
  'CNH' => 9.5132100000000008321876521222293376922607421875,
  'CNY' => 9.516311999999999216015567071735858917236328125,
  'COP' => 4964.545366000000285566784441471099853515625,
  'CRC' => 678.246480000000019572325982153415679931640625,
  'CUC' => 1.3708709999999999507025449929642491042613983154296875,
  'CUP' => 35.299926999999996724000084213912487030029296875,
  'CVE' => 127.750122000000004618414095602929592132568359375,
  'CZK' => 28.269943999999998851535565336234867572784423828125,
  'DJF' => 243.190818000000007259586709551513195037841796875,
  'DKK' => 8.6669959999999992561470207874663174152374267578125,
  'DOP' => 86.015523000000001729858922772109508514404296875,
  'DZD' => 178.069060000000007448761607520282268524169921875,
  'EGP' => 64.349367999999998346538632176816463470458984375,
  'ERN' => 20.563064000000000675072442390955984592437744140625,
  'ETB' => 211.83486199999998689236235804855823516845703125,
  'EUR' => 1.160576999999999969759301166050136089324951171875,
  'FJD' => 3.017012999999999944833461995585821568965911865234375,
  'FKP' => 1,
  'GBP' => 1,
  'GEL' => 3.6944970000000001419948603142984211444854736328125,
  'GGP' => 1,
  'GHS' => 14.9606639999999995183088685735128819942474365234375,
  'GIP' => 1,
  'GMD' => 100.0735800000000068621375248767435550689697265625,
  'GNF' => 11981.270840999999563791789114475250244140625,
  'GTQ' => 10.4746659999999991441654856316745281219482421875,
  'GYD' => 285.7044369999999844367266632616519927978515625,
  'HKD' => 10.7092779999999994089421306853182613849639892578125,
  'HNL' => 36.08122399999999885267243371345102787017822265625,
  'HRK' => 8.744690999999999547753759543411433696746826171875,
  'HTG' => 179.131632999999993671735865063965320587158203125,
  'HUF' => 441.8736549999999851934262551367282867431640625,
  'IDR' => 23030.02535999999963678419589996337890625,
  'ILS' => 4.2303499999999996106225808034650981426239013671875,
  'IMP' => 1,
  'INR' => 123.9829380000000043082764022983610630035400390625,
  'IQD' => 1789.00220699999999851570464670658111572265625,
  'IRR' => 57694.47470099999918602406978607177734375,
  'ISK' => 168.2744089999999914653017185628414154052734375,
  'JEP' => 1,
  'JMD' => 214.0171540000000049985828809440135955810546875,
  'JOD' => 0.97194700000000000539301936441916041076183319091796875,
  'JPY' => 214.9413230000000112340785562992095947265625,
  'KES' => 176.773808999999999969077180139720439910888671875,
  'KGS' => 119.882664000000005444235284812748432159423828125,
  'KHR' => 5510.29153399999995599500834941864013671875,
  'KMF' => 573.024439000000029409420676529407501220703125,
  'KPW' => 1233.7838529999999082065187394618988037109375,
  'KRW' => 1996.940855000000055952114053070545196533203125,
  'KWD' => 0.42142800000000002480504690538509748876094818115234375,
  'KYD' => 1.13809599999999999653255144949071109294891357421875,
  'KZT' => 684.6771680000000515065039508044719696044921875,
  'LAK' => 29375.894155000001774169504642486572265625,
  'LBP' => 122292.431729999996605329215526580810546875,
  'LKR' => 422.7045739999999796054908074438571929931640625,
  'LRD' => 254.012173999999987472619977779686450958251953125,
  'LSL' => 21.8737339999999989004209055565297603607177734375,
  'LYD' => 8.6339109999999994471409081597812473773956298828125,
  'MAD' => 12.5268479999999993168557921308092772960662841796875,
  'MDL' => 23.126878999999998853809302090667188167572021484375,
  'MGA' => 6052.5529219999998531420715153217315673828125,
  'MKD' => 71.53627000000000180079950951039791107177734375,
  'MMK' => 2878.6919029999999111169017851352691650390625,
  'MNT' => 4880.3005739999998695566318929195404052734375,
  'MOP' => 10.9898380000000006617710823775269091129302978515625,
  'MUR' => 62.89555699999999660576577298343181610107421875,
  'MVR' => 21.179956000000000670979716232977807521820068359375,
  'MWK' => 2368.06995599999982005101628601551055908203125,
  'MXN' => 23.673458000000000112095221993513405323028564453125,
  'MYR' => 5.39026500000000030610181056545116007328033447265625,
  'MZN' => 87.393022000000001980879460461437702178955078125,
  'NAD' => 21.8737339999999989004209055565297603607177734375,
  'NGN' => 1891.239851000000044223270379006862640380859375,
  'NIO' => 50.2602059999999966066752676852047443389892578125,
  'NOK' => 13.2254090000000008586766853113658726215362548828125,
  'NPR' => 197.41906199999999671490513719618320465087890625,
  'NZD' => 2.277102999999999877189793551224283874034881591796875,
  'OMR' => 0.52708399999999999696598251830437220633029937744140625,
  'PAB' => 1.3708709999999999507025449929642491042613983154296875,
  'PEN' => 4.59743399999999979854692355729639530181884765625,
  'PGK' => 5.8509469999999996758788256556726992130279541015625,
  'PHP' => 80.8758959999999973433659761212766170501708984375,
  'PKR' => 381.940792999999985113390721380710601806640625,
  'PLN' => 4.903349999999999653255144949071109294891357421875,
  'PYG' => 9060.349851000000853673554956912994384765625,
  'QAR' => 4.96576299999999992706989360158331692218780517578125,
  'RON' => 5.91325199999999995270627550780773162841796875,
  'RSD' => 136.228929999999991196091286838054656982421875,
  'RUB' => 105.1435460000000006175469025038182735443115234375,
  'RWF' => 1993.145287999999936801032163202762603759765625,
  'SAR' => 5.14092600000000032878233469091355800628662109375,
  'SBD' => 11.0466169999999994644213074934668838977813720703125,
  'SCR' => 18.630752000000001089574652723968029022216796875,
  'SDG' => 824.5788750000000391082721762359142303466796875,
  'SEK' => 12.267576999999999287638274836353957653045654296875,
  'SGD' => 1.743681000000000036465053199208341538906097412109375,
  'SHP' => 1,
  'SLL' => 28746.478336000000126659870147705078125,
  'SOS' => 779.159918999999945299350656569004058837890625,
  'SRD' => 52.2500610000000023092070478014647960662841796875,
  'SSP' => 178.569649999999995770849636755883693695068359375,
  'STD' => 30545.47228099999847472645342350006103515625,
  'SVC' => 11.949833999999999178953657974489033222198486328125,
  'SYP' => 17824.06406100000094738788902759552001953125,
  'SZL' => 21.88138000000000005229594535194337368011474609375,
  'THB' => 43.33460199999999673536876798607409000396728515625,
  'TJS' => 12.762022999999999228748492896556854248046875,
  'TMT' => 4.81175700000000006184563972055912017822265625,
  'TND' => 3.948999000000000147991841004113666713237762451171875,
  'TOP' => 3.300727999999999884295220908825285732746124267578125,
  'TRY' => 59.6397520000000014306351658888161182403564453125,
  'TTD' => 9.2502879999999993998471836675889790058135986328125,
  'TWD' => 43.29415999999999797864802530966699123382568359375,
  'TZS' => 3545.81254099999978279811330139636993408203125,
  'UAH' => 59.1008130000000022619133233092725276947021484375,
  'UGX' => 4868.301438000000416650436818599700927734375,
  'USD' => 1.3708709999999999507025449929642491042613983154296875,
  'UYU' => 52.826019999999999754436430521309375762939453125,
  'UZS' => 16718.30601599999863537959754467010498046875,
  'VND' => 35620.9164810000002034939825534820556640625,
  'VUV' => 166.286645999999990408468875102698802947998046875,
  'WST' => 3.794296999999999808750317242811433970928192138671875,
  'XAF' => 761.2883940000000393411028198897838592529296875,
  'XAG' => 0.01524999999999999966693309261245303787291049957275390625,
  'XAU' => 0.000271999999999999997855881783692666431306861340999603271484375,
  'XCD' => 3.70484700000000000130739863379858434200286865234375,
  'XDR' => 0.94518899999999994587795981715316884219646453857421875,
  'XOF' => 761.2883940000000393411028198897838592529296875,
  'XPD' => 0.00080900000000000004025946243046973904711194336414337158203125,
  'XPF' => 138.493637000000006764821591787040233612060546875,
  'XPT' => 0.000653000000000000043083592249359980996814556419849395751953125,
  'YER' => 326.78122100000001637454261071979999542236328125,
  'ZAR' => 21.893325999999998288103597587905824184417724609375,
  'ZMW' => 26.8008099999999984675014275126159191131591796875,
  'ZWL' => 441.420444999999972424120642244815826416015625,
)
2026-02-04T14:55:42+00:00 INFO ENVIRONMENT: array (
  'WP_User' => 'Guest (non logged-in user)',
  'HTTP_REFERER' => '--',
  'HTTP_USER_AGENT' => 'Mozilla/5.0 AppleWebKit/537.36 (KHTML, like Gecko; compatible; bingbot/2.0; +http://www.bing.com/bingbot.htm) Chrome/116.0.1938.76 Safari/537.36',
  'REQUEST_URI' => '/sitemap_index.xml',
  'DOING_AJAX' => false,
  'DOING_CRON' => false,
  'WP_CLI' => false,
)
2026-02-04T14:55:42+00:00 INFO REQUEST GET https://public-api.wordpress.com/wpcom/v2/sites/%s/wcpay/disputes?test_mode=0&pagesize=50&search%5B0%5D=warning_needs_response&search%5B1%5D=needs_response
2026-02-04T14:55:42+00:00 INFO HEADERS: array (
  'Content-Type' => 'application/json; charset=utf-8',
  'User-Agent' => 'WooCommerce Payments/8.6.0',
)
2026-02-04T14:55:42+00:00 INFO RESPONSE: array (
  'data' => 
  array (
  ),
)
2026-02-04T16:33:55+00:00 INFO ENVIRONMENT: array (
  'WP_User' => 'Guest (non logged-in user)',
  'HTTP_REFERER' => '--',
  'HTTP_USER_AGENT' => 'Mozilla/5.0 (Windows NT 10.0; Win64; x64) AppleWebKit/537.36 (KHTML, like Gecko) Chrome/120.0.0.0 Safari/537.36',
  'REQUEST_URI' => '/wp-admin/',
  'DOING_AJAX' => false,
  'DOING_CRON' => false,
  'WP_CLI' => false,
)
2026-02-04T16:33:55+00:00 INFO REQUEST GET https://public-api.wordpress.com/wpcom/v2/sites/%s/wcpay/accounts?test_mode=0
2026-02-04T16:33:55+00:00 INFO HEADERS: array (
  'Content-Type' => 'application/json; charset=utf-8',
  'User-Agent' => 'WooCommerce Payments/8.6.0',
)
2026-02-04T16:33:56+00:00 INFO RESPONSE: array (
  'account_id' => 'acct_1QJjXwFt5S7zes6j',
  'email' => '(redacted)',
  'communications_email' => 'contactus@papapoke.co.uk',
  'live_publishable_key' => 'pk_live_51ETDmyFuiXB5oUVxaIafkGPnwuNcBxr1pXVhvLJ4BrWuiqfG6SldjatOGLQhuqXnDmgqwRA7tDoSFlbY4wFji7KR0079TvtxNs',
  'test_publishable_key' => 'pk_test_51ETDmyFuiXB5oUVxwSobQMW5Tno1GclIq7ePZWzLeW4q8oa7Zb8hI5VfwI5sNT5nXuKYinLukNvGCXmsQXAoDGHG00MqHqlYHR',
  'is_live' => true,
  'is_test_drive' => false,
  'created' => '2024-11-10 22:23:55',
  'has_pending_requirements' => false,
  'has_future_requirements' => false,
  'has_overdue_requirements' => false,
  'details_submitted' => true,
  'current_deadline' => NULL,
  'status' => 'complete',
  'capabilities' => 
  array (
    'card_payments' => 'active',
    'transfers' => 'active',
    'afterpay_clearpay_payments' => 'unrequested',
    'alipay_payments' => 'unrequested',
    'amazon_pay_payments' => 'unrequested',
    'bacs_debit_payments' => 'unrequested',
    'bancontact_payments' => 'unrequested',
    'bank_transfer_payments' => 'unrequested',
    'billie_payments' => 'unrequested',
    'cartes_bancaires_payments' => 'unrequested',
    'eps_payments' => 'unrequested',
    'gb_bank_transfer_payments' => 'unrequested',
    'ideal_payments' => 'unrequested',
    'kakao_pay_payments' => 'unrequested',
    'klarna' => 'unrequested',
    'klarna_payments' => 'unrequested',
    'kr_card_payments' => 'unrequested',
    'legacy_payments' => 'unrequested',
    'link_payments' => 'unrequested',
    'mb_way_payments' => 'unrequested',
    'multibanco_payments' => 'unrequested',
    'naver_pay_payments' => 'unrequested',
    'p24_payments' => 'unrequested',
    'pay_by_bank_payments' => 'unrequested',
    'payco_payments' => 'unrequested',
    'revolut_pay_payments' => 'unrequested',
    'samsung_pay_payments' => 'unrequested',
    'sepa_bank_transfer_payments' => 'unrequested',
    'sepa_debit_payments' => 'unrequested',
    'twint_payments' => 'unrequested',
    'us_bank_account_ach_payments' => 'unrequested',
    'us_bank_transfer_payments' => 'unrequested',
    'wechat_pay_payments' => 'unrequested',
  ),
  'capability_requirements' => 
  array (
    'afterpay_clearpay_payments' => 
    array (
    ),
    'alipay_payments' => 
    array (
      0 => 'business_profile.product_description',
    ),
    'amazon_pay_payments' => 
    array (
    ),
    'bacs_debit_payments' => 
    array (
    ),
    'bancontact_payments' => 
    array (
    ),
    'bank_transfer_payments' => 
    array (
    ),
    'billie_payments' => 
    array (
    ),
    'card_payments' => 
    array (
    ),
    'cartes_bancaires_payments' => 
    array (
    ),
    'eps_payments' => 
    array (
    ),
    'gb_bank_transfer_payments' => 
    array (
    ),
    'ideal_payments' => 
    array (
    ),
    'kakao_pay_payments' => 
    array (
    ),
    'klarna' => 
    array (
    ),
    'klarna_payments' => 
    array (
    ),
    'kr_card_payments' => 
    array (
    ),
    'legacy_payments' => 
    array (
    ),
    'link_payments' => 
    array (
    ),
    'mb_way_payments' => 
    array (
    ),
    'multibanco_payments' => 
    array (
    ),
    'naver_pay_payments' => 
    array (
    ),
    'p24_payments' => 
    array (
    ),
    'pay_by_bank_payments' => 
    array (
    ),
    'payco_payments' => 
    array (
    ),
    'revolut_pay_payments' => 
    array (
    ),
    'samsung_pay_payments' => 
    array (
    ),
    'sepa_bank_transfer_payments' => 
    array (
    ),
    'sepa_debit_payments' => 
    array (
    ),
    'transfers' => 
    array (
    ),
    'twint_payments' => 
    array (
    ),
    'us_bank_account_ach_payments' => 
    array (
    ),
    'us_bank_transfer_payments' => 
    array (
    ),
    'wechat_pay_payments' => 
    array (
      0 => 'business_profile.product_description',
    ),
  ),
  'payments_enabled' => true,
  'deposits' => 
  array (
    'status' => 'enabled',
    'restrictions' => 'deposits_unrestricted',
    'interval' => 'daily',
    'weekly_anchor' => '',
    'monthly_anchor' => NULL,
    'delay_days' => 3,
    'completed_waiting_period' => false,
    'minimum_manual_deposit_amounts' => 
    array (
      'aud' => 500,
      'bgn' => 100,
      'cad' => 500,
      'chf' => 500,
      'czk' => 3000,
      'dkk' => 5000,
      'eur' => 500,
      'gbp' => 500,
      'hkd' => 5000,
      'huf' => 36000,
      'nok' => 5000,
      'nzd' => 500,
      'jpy' => 50,
      'sek' => 5000,
      'sgd' => 500,
      'usd' => 500,
      'ron' => 500,
      'pln' => 500,
      'aed' => 200,
    ),
    'minimum_scheduled_deposit_amounts' => 
    array (
      'aed' => 200,
      'aud' => 0,
      'bgn' => 100,
      'cad' => 0,
      'chf' => 500,
      'czk' => 3000,
      'dkk' => 2000,
      'eur' => 100,
      'gbp' => 100,
      'hkd' => 0,
      'huf' => 36000,
      'jpy' => 1,
      'nok' => 2000,
      'nzd' => 0,
      'pln' => 500,
      'ron' => 500,
      'sek' => 2000,
      'sgd' => 100,
      'usd' => 0,
    ),
  ),
  'lifetime_total_payment_volume' => 0,
  'requirements' => 
  array (
    'errors' => 
    array (
    ),
  ),
  'statement_descriptor' => 'PAPA POKE',
  'statement_descriptor_kanji' => '',
  'statement_descriptor_kana' => '',
  'latest_tos_agreement' => 
  array (
    'date' => '2024-11-10 22:23:55',
    'source' => 'signup',
    'is_current_version' => true,
  ),
  'fees' => 
  array (
    'base' => 
    array (
      'percentage_rate' => 0.01499999999999999944488848768742172978818416595458984375,
      'fixed_rate' => 25,
      'currency' => 'gbp',
    ),
    'discount' => 
    array (
    ),
    'card' => 
    array (
      'base' => 
      array (
        'percentage_rate' => 0.01499999999999999944488848768742172978818416595458984375,
        'fixed_rate' => 25,
        'currency' => 'gbp',
      ),
      'additional' => 
      array (
        'percentage_rate' => 0.0200000000000000004163336342344337026588618755340576171875,
        'fixed_rate' => 0,
        'currency' => 'eur',
      ),
      'fx' => 
      array (
        'percentage_rate' => 0.0200000000000000004163336342344337026588618755340576171875,
        'fixed_rate' => 0,
        'currency' => 'gbp',
      ),
      'discount' => 
      array (
      ),
    ),
    'card_present' => 
    array (
      'base' => 
      array (
        'percentage_rate' => 0.01400000000000000029143354396410359186120331287384033203125,
        'fixed_rate' => 20,
        'currency' => 'gbp',
      ),
      'additional' => 
      array (
        'percentage_rate' => 0.0200000000000000004163336342344337026588618755340576171875,
        'fixed_rate' => 0,
        'currency' => 'gbp',
      ),
      'fx' => 
      array (
        'percentage_rate' => 0.0200000000000000004163336342344337026588618755340576171875,
        'fixed_rate' => 0,
        'currency' => 'gbp',
      ),
      'discount' => 
      array (
      ),
    ),
    'bancontact' => 
    array (
      'base' => 
      array (
        'percentage_rate' => 0.01400000000000000029143354396410359186120331287384033203125,
        'fixed_rate' => 20,
        'currency' => 'gbp',
      ),
      'additional' => 
      array (
        'percentage_rate' => 0,
        'fixed_rate' => 0,
        'currency' => 'gbp',
      ),
      'fx' => 
      array (
        'percentage_rate' => 0,
        'fixed_rate' => 0,
        'currency' => 'gbp',
      ),
      'discount' => 
      array (
      ),
    ),
    'eps' => 
    array (
      'base' => 
      array (
        'percentage_rate' => 0.01600000000000000033306690738754696212708950042724609375,
        'fixed_rate' => 20,
        'currency' => 'gbp',
      ),
      'additional' => 
      array (
        'percentage_rate' => 0,
        'fixed_rate' => 0,
        'currency' => 'gbp',
      ),
      'fx' => 
      array (
        'percentage_rate' => 0,
        'fixed_rate' => 0,
        'currency' => 'gbp',
      ),
      'discount' => 
      array (
      ),
    ),
    'ideal' => 
    array (
      'base' => 
      array (
        'percentage_rate' => 0,
        'fixed_rate' => 25,
        'currency' => 'gbp',
      ),
      'additional' => 
      array (
        'percentage_rate' => 0,
        'fixed_rate' => 0,
        'currency' => 'gbp',
      ),
      'fx' => 
      array (
        'percentage_rate' => 0,
        'fixed_rate' => 0,
        'currency' => 'gbp',
      ),
      'discount' => 
      array (
      ),
    ),
    'p24' => 
    array (
      'base' => 
      array (
        'percentage_rate' => 0.021999999999999998723243521681069978512823581695556640625,
        'fixed_rate' => 20,
        'currency' => 'gbp',
      ),
      'additional' => 
      array (
        'percentage_rate' => 0,
        'fixed_rate' => 0,
        'currency' => 'gbp',
      ),
      'fx' => 
      array (
        'percentage_rate' => 0,
        'fixed_rate' => 0,
        'currency' => 'gbp',
      ),
      'discount' => 
      array (
      ),
    ),
    'klarna' => 
    array (
      'base' => 
      array (
        'percentage_rate' => 0.049899999999999999911182158029987476766109466552734375,
        'fixed_rate' => 35,
        'currency' => 'gbp',
      ),
      'additional' => 
      array (
        'percentage_rate' => 0,
        'fixed_rate' => 0,
        'currency' => 'gbp',
      ),
      'fx' => 
      array (
        'percentage_rate' => 0,
        'fixed_rate' => 0,
        'currency' => 'gbp',
      ),
      'discount' => 
      array (
      ),
    ),
    'afterpay_clearpay' => 
    array (
      'base' => 
      array (
        'percentage_rate' => 0.059999999999999997779553950749686919152736663818359375,
        'fixed_rate' => 30,
        'currency' => 'gbp',
      ),
      'additional' => 
      array (
        'percentage_rate' => 0,
        'fixed_rate' => 0,
        'currency' => 'gbp',
      ),
      'fx' => 
      array (
        'percentage_rate' => 0,
        'fixed_rate' => 0,
        'currency' => 'gbp',
      ),
      'discount' => 
      array (
      ),
    ),
  ),
  'capital' => 
  array (
    'has_active_loan' => false,
    'has_previous_loans' => false,
    'loans' => 
    array (
    ),
  ),
  'fraud_services' => 
  array (
    'stripe' => 
    array (
    ),
    'sift' => 
    array (
      'beacon_key' => '1d81b5c86a',
      'sandbox_beacon_key' => '43e8654e6f',
    ),
  ),
  'store_currencies' => 
  array (
    'default' => 'gbp',
    'supported' => 
    array (
      0 => 'gbp',
    ),
  ),
  'customer_currencies' => 
  array (
    'supported' => 
    array (
      0 => 'usd',
      1 => 'aed',
      2 => 'afn',
      3 => 'all',
      4 => 'amd',
      5 => 'ang',
      6 => 'aoa',
      7 => 'ars',
      8 => 'aud',
      9 => 'awg',
      10 => 'azn',
      11 => 'bam',
      12 => 'bbd',
      13 => 'bdt',
      14 => 'bif',
      15 => 'bmd',
      16 => 'bnd',
      17 => 'bob',
      18 => 'brl',
      19 => 'bsd',
      20 => 'bwp',
      21 => 'byn',
      22 => 'bzd',
      23 => 'cad',
      24 => 'cdf',
      25 => 'chf',
      26 => 'clp',
      27 => 'cny',
      28 => 'cop',
      29 => 'crc',
      30 => 'cve',
      31 => 'czk',
      32 => 'djf',
      33 => 'dkk',
      34 => 'dop',
      35 => 'dzd',
      36 => 'egp',
      37 => 'etb',
      38 => 'eur',
      39 => 'fjd',
      40 => 'fkp',
      41 => 'gbp',
      42 => 'gel',
      43 => 'gip',
      44 => 'gmd',
      45 => 'gnf',
      46 => 'gtq',
      47 => 'gyd',
      48 => 'hkd',
      49 => 'hnl',
      50 => 'htg',
      51 => 'huf',
      52 => 'idr',
      53 => 'ils',
      54 => 'inr',
      55 => 'isk',
      56 => 'jmd',
      57 => 'jpy',
      58 => 'kes',
      59 => 'kgs',
      60 => 'khr',
      61 => 'kmf',
      62 => 'krw',
      63 => 'kyd',
      64 => 'kzt',
      65 => 'lak',
      66 => 'lbp',
      67 => 'lkr',
      68 => 'lrd',
      69 => 'lsl',
      70 => 'mad',
      71 => 'mdl',
      72 => 'mga',
      73 => 'mkd',
      74 => 'mmk',
      75 => 'mnt',
      76 => 'mop',
      77 => 'mur',
      78 => 'mvr',
      79 => 'mwk',
      80 => 'mxn',
      81 => 'myr',
      82 => 'mzn',
      83 => 'nad',
      84 => 'ngn',
      85 => 'nio',
      86 => 'nok',
      87 => 'npr',
      88 => 'nzd',
      89 => 'pab',
      90 => 'pen',
      91 => 'pgk',
      92 => 'php',
      93 => 'pkr',
      94 => 'pln',
      95 => 'pyg',
      96 => 'qar',
      97 => 'ron',
      98 => 'rsd',
      99 => 'rub',
      100 => 'rwf',
      101 => 'sar',
      102 => 'sbd',
      103 => 'scr',
      104 => 'sek',
      105 => 'sgd',
      106 => 'shp',
      107 => 'sle',
      108 => 'sos',
      109 => 'srd',
      110 => 'std',
      111 => 'szl',
      112 => 'thb',
      113 => 'tjs',
      114 => 'top',
      115 => 'try',
      116 => 'ttd',
      117 => 'twd',
      118 => 'tzs',
      119 => 'uah',
      120 => 'ugx',
      121 => 'uyu',
      122 => 'uzs',
      123 => 'vnd',
      124 => 'vuv',
      125 => 'wst',
      126 => 'xaf',
      127 => 'xcd',
      128 => 'xcg',
      129 => 'xof',
      130 => 'xpf',
      131 => 'yer',
      132 => 'zar',
      133 => 'zmw',
    ),
  ),
  'country' => '(redacted)',
  'instant_deposits_eligible' => false,
  'card_present_eligible' => true,
  'has_card_readers_available' => false,
  'platform_checkout_eligible' => false,
  'platform_direct_checkout_eligible' => false,
  'platform_global_theme_support_enabled' => false,
  'business_profile' => 
  array (
    'name' => '(redacted)',
    'url' => 'https://papapoke.co.uk',
    'support_address' => 
    array (
    ),
    'support_email' => 'contactus@papapoke.co.uk',
    'support_phone' => '+447387156597',
  ),
  'branding' => 
  array (
    'icon' => NULL,
    'logo' => NULL,
    'primary_color' => NULL,
    'secondary_color' => NULL,
  ),
  'locale' => 'en_GB',
  'has_more_failed_events' => false,
  'has_submitted_vat_data' => false,
  'is_documents_enabled' => true,
  'card_testing_protection_eligible' => false,
  'fraud_mitigation_settings' => 
  array (
    'avs_check_enabled' => false,
    'cvc_check_enabled' => true,
  ),
  'is_deferred_intent_creation_upe_enabled' => true,
  'pre_check_save_my_info' => false,
  'is_tokenized_ece_disabled' => false,
  'ece_confirmation_tokens_disabled' => false,
  'eligibility_wporg_review_campaign_2025' => false,
  'progressive_onboarding' => 
  array (
    'is_enabled' => false,
    'is_complete' => false,
  ),
)
2026-02-04T16:36:04+00:00 INFO ENVIRONMENT: array (
  'WP_User' => 'Guest (non logged-in user)',
  'HTTP_REFERER' => '--',
  'HTTP_USER_AGENT' => 'WordPress/6.9.1; https://papapoke.co.uk',
  'REQUEST_URI' => '/wp-cron.php?doing_wp_cron=1770222963.9876959323883056640625',
  'DOING_AJAX' => false,
  'DOING_CRON' => true,
  'WP_CLI' => false,
)
2026-02-04T16:36:04+00:00 INFO REQUEST POST https://public-api.wordpress.com/wpcom/v2/sites/%s/wcpay/compatibility
2026-02-04T16:36:04+00:00 INFO HEADERS: array (
  'Content-Type' => 'application/json; charset=utf-8',
  'User-Agent' => 'WooCommerce Payments/8.6.0',
  'Idempotency-Key' => 'c1c9fa32-36b6-4f97-9cd3-4e075348be0d',
)
2026-02-04T16:36:04+00:00 INFO BODY: array (
  'test_mode' => false,
  'compatibility_data' => 
  array (
    'woopayments_version' => '8.6.0',
    'woocommerce_version' => '10.0.5',
    'woocommerce_permalinks' => 
    array (
      'product_base' => 'product',
      'category_base' => 'product-category',
      'tag_base' => 'product-tag',
      'attribute_base' => '',
      'use_verbose_page_rules' => false,
    ),
    'woocommerce_shop' => 'https://papapoke.co.uk/?page_id=7',
    'woocommerce_cart' => 'Not set',
    'woocommerce_checkout' => 'https://papapoke.co.uk/checkout/',
    'blog_theme' => 'papa',
    'active_plugins' => 
    array (
      0 => 'added-to-cart-popup-woocommerce/xoo-cp-main.php',
      1 => 'advanced-custom-fields-pro/acf.php',
      2 => 'classic-editor/classic-editor.php',
      3 => 'classic-widgets/classic-widgets.php',
      4 => 'contact-form-7/wp-contact-form-7.php',
      5 => 'health-check/health-check.php',
      6 => 'popup-maker/popup-maker.php',
      8 => 'regenerate-thumbnails/regenerate-thumbnails.php',
      9 => 'shipping-zones-by-drawing-for-woocommerce/shipping-zones-by-drawing.php',
      10 => 'svg-support/svg-support.php',
      11 => 'webp-converter-for-media/webp-converter-for-media.php',
      12 => 'woo-pincode-checker/woo-pincode-checker.php',
      13 => 'woocommerce-google-analytics-integration/woocommerce-google-analytics-integration.php',
      14 => 'woocommerce-lightbox/main.php',
      15 => 'woocommerce-payments/woocommerce-payments.php',
      17 => 'woocommerce/woocommerce.php',
      18 => 'wordpress-seo/wp-seo.php',
      19 => 'wp-rocket/wp-rocket.php',
      20 => 'wp-sitemap-page/wp-sitemap-page.php',
    ),
    'post_types_count' => 
    array (
      'post' => 0,
      'page' => 7,
      'attachment' => 0,
      'product' => 55,
      'popup' => 2,
      'popup_theme' => 8,
      'szbdzones' => 2,
    ),
  ),
)
2026-02-04T16:36:04+00:00 INFO RESPONSE: array (
  'result' => 'success',
)
2026-02-04T19:13:48+00:00 INFO ENVIRONMENT: array (
  'WP_User' => 'Guest (non logged-in user)',
  'HTTP_REFERER' => '--',
  'HTTP_USER_AGENT' => 'Mozilla/5.0 (Windows NT 10.0; Win64; x64) AppleWebKit/537.36 (KHTML, like Gecko) Chrome/105.0.0.0 Safari/537.3',
  'REQUEST_URI' => '/product/pumpkin-croquettes/?add-to-cart=454',
  'DOING_AJAX' => false,
  'DOING_CRON' => false,
  'WP_CLI' => false,
)
2026-02-04T19:13:48+00:00 INFO REQUEST GET https://public-api.wordpress.com/wpcom/v2/sites/%s/wcpay/currency/rates?test_mode=0&currency_from=gbp
2026-02-04T19:13:48+00:00 INFO HEADERS: array (
  'Content-Type' => 'application/json; charset=utf-8',
  'User-Agent' => 'WooCommerce Payments/8.6.0',
)
2026-02-04T19:13:48+00:00 INFO RESPONSE: array (
  'AED' => 5.0117469999999997298800735734403133392333984375,
  'AFN' => 88.6914009999999990441210684366524219512939453125,
  'ALL' => 111.54757499999999481588019989430904388427734375,
  'AMD' => 516.129380999999966661562211811542510986328125,
  'ANG' => 2.4424250000000000682121026329696178436279296875,
  'AOA' => 1244.59020800000007511698640882968902587890625,
  'ARS' => 1974.988873999999896113877184689044952392578125,
  'AUD' => 1.955935999999999896914459895924665033817291259765625,
  'AWG' => 2.459480999999999806249206812935881316661834716796875,
  'AZN' => 2.319621000000000154983581523993052542209625244140625,
  'BAM' => 2.25842499999999990478727340814657509326934814453125,
  'BBD' => 2.7289659999999997808117768727242946624755859375,
  'BDT' => 166.650921000000010963049135170876979827880859375,
  'BGN' => 2.261829999999999785131876706145703792572021484375,
  'BHD' => 0.514402000000000025892177291098050773143768310546875,
  'BIF' => 4025.16427800000019487924873828887939453125,
  'BMD' => 1.36448299999999989040588843636214733123779296875,
  'BND' => 1.7349849999999999994315658113919198513031005859375,
  'BOB' => 9.423807000000000044792614062316715717315673828125,
  'BRL' => 7.17540800000000000835598257253877818584442138671875,
  'BSD' => 1.36448299999999989040588843636214733123779296875,
  'BTC' => 1.900000000000000104603825601401467793039046227931976318359375E-5,
  'BTN' => 123.4205690000000004147295840084552764892578125,
  'BWP' => 17.959620000000001027729013003408908843994140625,
  'BYN' => 3.8944489999999998275370671763084828853607177734375,
  'BZD' => 2.74279999999999990478727340814657509326934814453125,
  'CAD' => 1.8663160000000000859898818816873244941234588623046875,
  'CDF' => 3110.1658550000001923763193190097808837890625,
  'CHF' => 1.059763999999999928292027107090689241886138916015625,
  'CLF' => 0.0296860000000000005815348202986569958738982677459716796875,
  'CLP' => 1172.4457560000000739819370210170745849609375,
  'CNH' => 9.473316000000000514091880177147686481475830078125,
  'CNY' => 9.4719689999999996388169165584258735179901123046875,
  'COP' => 4977.9033250000002226443029940128326416015625,
  'CRC' => 676.072417999999970561475493013858795166015625,
  'CUC' => 1.36448299999999989040588843636214733123779296875,
  'CUP' => 35.1354400000000026693669497035443782806396484375,
  'CVE' => 127.3211430000000063955667428672313690185546875,
  'CZK' => 28.19936200000000070531314122490584850311279296875,
  'DJF' => 242.64326299999999037027009762823581695556640625,
  'DKK' => 8.636120999999999270357875502668321132659912109375,
  'DOP' => 85.5544459999999986621332936920225620269775390625,
  'DZD' => 177.017576999999988629497238434851169586181640625,
  'EGP' => 63.9994429999999994151949067600071430206298828125,
  'ERN' => 20.4672470000000004120010999031364917755126953125,
  'ETB' => 211.286102999999997109625837765634059906005859375,
  'EUR' => 1.1565939999999998999413719502626918256282806396484375,
  'FJD' => 3.006842999999999932470018393360078334808349609375,
  'FKP' => 1,
  'GBP' => 1,
  'GEL' => 3.6772819999999999396322891698218882083892822265625,
  'GGP' => 1,
  'GHS' => 14.97462600000000065847416408360004425048828125,
  'GIP' => 1,
  'GMD' => 99.607268000000004803951014764606952667236328125,
  'GNF' => 11968.120987000000241096131503582000732421875,
  'GTQ' => 10.460361999999999937926986603997647762298583984375,
  'GYD' => 285.3239270000000260552042163908481597900390625,
  'HKD' => 10.6596290000000006870095603517256677150726318359375,
  'HNL' => 36.0312509999999974752427078783512115478515625,
  'HRK' => 8.7133149999999996992983142263256013393402099609375,
  'HTG' => 178.75326699999999391366145573556423187255859375,
  'HUF' => 439.20593300000001590888132341206073760986328125,
  'IDR' => 22916.69113500000094063580036163330078125,
  'ILS' => 4.22300699999999995526422935654409229755401611328125,
  'IMP' => 1,
  'INR' => 123.41293400000000701766111887991428375244140625,
  'IQD' => 1786.6090229999999792198650538921356201171875,
  'IRR' => 57425.636123999996925704181194305419921875,
  'ISK' => 167.47665699999998878411133773624897003173828125,
  'JEP' => 1,
  'JMD' => 213.856342000000012149030226282775402069091796875,
  'JOD' => 0.967419000000000028904878490720875561237335205078125,
  'JPY' => 213.770157000000011748852557502686977386474609375,
  'KES' => 175.950096999999999525243765674531459808349609375,
  'KGS' => 119.32404800000000477666617371141910552978515625,
  'KHR' => 5504.610088999999788939021527767181396484375,
  'KMF' => 570.354321000000027197529561817646026611328125,
  'KPW' => 1228.034797999999909734469838440418243408203125,
  'KRW' => 1992.1775139999999737483449280261993408203125,
  'KWD' => 0.419323999999999974530595636679208837449550628662109375,
  'KYD' => 1.136492000000000057724491853150539100170135498046875,
  'KZT' => 677.4910949999999729698174633085727691650390625,
  'LAK' => 29334.45352500000080908648669719696044921875,
  'LBP' => 122114.285887999998521991074085235595703125,
  'LKR' => 422.08651200000002745582605712115764617919921875,
  'LRD' => 253.659948000000014189936337061226367950439453125,
  'LSL' => 21.79517200000000087811713456176221370697021484375,
  'LYD' => 8.618553999999999604142431053332984447479248046875,
  'MAD' => 12.5023199999999992115817804005928337574005126953125,
  'MDL' => 23.126962999999999937017491902224719524383544921875,
  'MGA' => 6041.572943999999552033841609954833984375,
  'MKD' => 71.2807829999999995607140590436756610870361328125,
  'MMK' => 2865.27808099999992919038049876689910888671875,
  'MNT' => 4857.55986800000027869828045368194580078125,
  'MOP' => 10.9747330000000005156834959052503108978271484375,
  'MUR' => 62.60248299999999943565853754989802837371826171875,
  'MVR' => 21.081264000000000891077434062026441097259521484375,
  'MWK' => 2364.36631100000022343010641634464263916015625,
  'MXN' => 23.66735299999999853071130928583443164825439453125,
  'MYR' => 5.3651479999999995840198607766069471836090087890625,
  'MZN' => 86.9857970000000051413735491223633289337158203125,
  'NAD' => 21.7960020000000014306351658888161182403564453125,
  'NGN' => 1867.377003999999942607246339321136474609375,
  'NIO' => 50.1850689999999985957401804625988006591796875,
  'NOK' => 13.2178500000000003211653165635652840137481689453125,
  'NPR' => 197.508496000000008052666089497506618499755859375,
  'NZD' => 2.278032000000000056871840570238418877124786376953125,
  'OMR' => 0.5246399999999999952393636704073287546634674072265625,
  'PAB' => 1.36448299999999989040588843636214733123779296875,
  'PEN' => 4.58451599999999981349674271768890321254730224609375,
  'PGK' => 5.8427459999999999951114659779705107212066650390625,
  'PHP' => 80.47039399999999886858859099447727203369140625,
  'PKR' => 381.43671699999998736529960297048091888427734375,
  'PLN' => 4.8794389999999996376800481812097132205963134765625,
  'PYG' => 9026.097030999999333289451897144317626953125,
  'QAR' => 4.97418600000000044047965275240130722522735595703125,
  'RON' => 5.89183799999999990859578247182071208953857421875,
  'RSD' => 135.77289200000001301305019296705722808837890625,
  'RUB' => 104.0370300000000014506440493278205394744873046875,
  'RWF' => 1990.422917000000097687006928026676177978515625,
  'SAR' => 5.1171369999999996025508153252303600311279296875,
  'SBD' => 10.9951430000000005549054549192078411579132080078125,
  'SCR' => 18.713142000000001274884198210202157497406005859375,
  'SDG' => 820.73658999999997831764630973339080810546875,
  'SEK' => 12.2765339999999998354951458168216049671173095703125,
  'SGD' => 1.7372389999999999776747472424176521599292755126953125,
  'SHP' => 1,
  'SLL' => 28612.52855300000010174699127674102783203125,
  'SOS' => 778.0621740000000272630131803452968597412109375,
  'SRD' => 52.0065910000000002355591277591884136199951171875,
  'SSP' => 177.737570000000005165929906070232391357421875,
  'STD' => 30403.13973700000133248977363109588623046875,
  'SVC' => 11.9324940000000001560920281917788088321685791015625,
  'SYP' => 17741.00938300000052549876272678375244140625,
  'SZL' => 21.794501000000000345835360349155962467193603515625,
  'THB' => 43.32233899999999948704498820006847381591796875,
  'TJS' => 12.7442480000000006867821866762824356555938720703125,
  'TMT' => 4.78933599999999959351271172636188566684722900390625,
  'TND' => 3.944315000000000015489831639570184051990509033203125,
  'TOP' => 3.28534799999999993502797224209643900394439697265625,
  'TRY' => 59.38913000000000153022483573295176029205322265625,
  'TTD' => 9.2380890000000004391722541186027228832244873046875,
  'TWD' => 43.17975100000000310274117509834468364715576171875,
  'TZS' => 3520.76212100000020654988475143909454345703125,
  'UAH' => 58.8316209999999983892848831601440906524658203125,
  'UGX' => 4855.6625260000000707805156707763671875,
  'USD' => 1.36448299999999989040588843636214733123779296875,
  'UYU' => 52.57986700000000013233147910796105861663818359375,
  'UZS' => 16717.62570300000152201391756534576416015625,
  'VND' => 35454.93392199999652802944183349609375,
  'VUV' => 165.5118009999999912906787358224391937255859375,
  'WST' => 3.776616000000000195058191820862703025341033935546875,
  'XAF' => 758.6761609999999791398295201361179351806640625,
  'XAG' => 0.0160250000000000010491607582707729307003319263458251953125,
  'XAU' => 0.0002779999999999999810672279831891273715882562100887298583984375,
  'XCD' => 3.68758400000000019502977011143229901790618896484375,
  'XDR' => 0.94078399999999995362287563693826086819171905517578125,
  'XOF' => 758.6761609999999791398295201361179351806640625,
  'XPD' => 0.000805000000000000051451898297472098420257680118083953857421875,
  'XPF' => 138.01841899999999441206455230712890625,
  'XPT' => 0.0006499999999999999701627562131989179761148989200592041015625,
  'YER' => 325.258520999999973355443216860294342041015625,
  'ZAR' => 22.00946400000000124919097288511693477630615234375,
  'ZMW' => 26.696358000000000032514435588382184505462646484375,
  'ZWL' => 439.3635610000000042418832890689373016357421875,
)
2026-02-04T22:25:22+00:00 INFO ENVIRONMENT: array (
  'WP_User' => 'Guest (non logged-in user)',
  'HTTP_REFERER' => '--',
  'HTTP_USER_AGENT' => 'WordPress/6.9.1; https://papapoke.co.uk',
  'REQUEST_URI' => '/wp-cron.php?doing_wp_cron=1770243919.8508450984954833984375',
  'DOING_AJAX' => false,
  'DOING_CRON' => true,
  'WP_CLI' => false,
)
2026-02-04T22:25:22+00:00 INFO REQUEST GET https://public-api.wordpress.com/wpcom/v2/wcpay/woopay/compatibility?test_mode=0
2026-02-04T22:25:22+00:00 INFO HEADERS: array (
  'Content-Type' => 'application/json; charset=utf-8',
  'User-Agent' => 'WooCommerce Payments/8.6.0',
)
2026-02-04T22:25:22+00:00 INFO RESPONSE: array (
  'incompatible_extensions' => 
  array (
    0 => 'class-wcdonation',
    1 => 'woocommerce-avatax',
    2 => 'woocommerce-table-rate-shipping',
    3 => 'woocommerce-memberships-for-teams',
    4 => 'woocommerce-checkout-add-ons',
    5 => 'woocommerce-checkout-field-editor',
    6 => 'woocommerce-eu-vat-number',
    7 => 'woocommerce-order-delivery',
    8 => 'woocommerce-pdf-product-vouchers',
    9 => 'woocommerce-shipping-local-pickup-plus',
    10 => 'woocommerce-shipping-multiple-addresses',
    11 => 'woocommerce-smart-coupons',
    12 => 'woocommerce-subscriptions-gifting',
    13 => 'advanced-product-fields-for-woocommerce',
    14 => 'mage-eventpress',
  ),
  'adapted_extensions' => 
  array (
    0 => 'woocommerce-points-and-rewards',
    1 => 'woocommerce-gift-cards',
  ),
  'available_countries' => 
  array (
    0 => 'US',
  ),
)
