2026-02-03T05:27:49+00:00 INFO ENVIRONMENT: array (
  'WP_User' => 'Guest (non logged-in user)',
  'HTTP_REFERER' => '--',
  'HTTP_USER_AGENT' => 'Mozilla/5.0 (Windows NT 10.0; Win64; x64) AppleWebKit/537.36 (KHTML, like Gecko) Chrome/127.0.0.0 Safari/537.36',
  'REQUEST_URI' => '/blog-verify',
  'DOING_AJAX' => false,
  'DOING_CRON' => false,
  'WP_CLI' => false,
)
2026-02-03T05:27:49+00:00 INFO REQUEST GET https://public-api.wordpress.com/wpcom/v2/sites/%s/wcpay/currency/rates?test_mode=0&currency_from=gbp
2026-02-03T05:27:49+00:00 INFO HEADERS: array (
  'Content-Type' => 'application/json; charset=utf-8',
  'User-Agent' => 'WooCommerce Payments/8.6.0',
)
2026-02-03T05:27:50+00:00 INFO RESPONSE: array (
  'AED' => 5.02122500000000027142732506035827100276947021484375,
  'AFN' => 90.2385009999999994079189491458237171173095703125,
  'ALL' => 111.999426999999997178747435100376605987548828125,
  'AMD' => 519.762492999999949461198411881923675537109375,
  'ANG' => 2.447376999999999913626425041002221405506134033203125,
  'AOA' => 1251.550128000000086103682406246662139892578125,
  'ARS' => 1985.255425999999943087459541857242584228515625,
  'AUD' => 1.963483000000000089357854449190199375152587890625,
  'AWG' => 2.4610500000000001818989403545856475830078125,
  'AZN' => 2.3243249999999999744204615126363933086395263671875,
  'BAM' => 2.256168999999999869032762944698333740234375,
  'BBD' => 2.734500000000000152766688188421539962291717529296875,
  'BDT' => 167.942014000000000351064954884350299835205078125,
  'BGN' => 2.265807000000000126505028674728237092494964599609375,
  'BHD' => 0.51555899999999998950528379282332025468349456787109375,
  'BIF' => 4084.88669200000003911554813385009765625,
  'BMD' => 1.3672500000000000763833440942107699811458587646484375,
  'BND' => 1.7455830000000001067661514753126539289951324462890625,
  'BOB' => 9.522615999999999303327058441936969757080078125,
  'BRL' => 7.1941959999999998132125256233848631381988525390625,
  'BSD' => 1.3672500000000000763833440942107699811458587646484375,
  'BTC' => 1.800000000000000045601543374740316494353464804589748382568359375E-5,
  'BTN' => 125.571672000000006619302439503371715545654296875,
  'BWP' => 18.079914999999999736246536485850811004638671875,
  'BYN' => 3.931956000000000006622258297284133732318878173828125,
  'BZD' => 2.761651000000000077960748967598192393779754638671875,
  'CAD' => 1.8701209999999999222808355625602416694164276123046875,
  'CDF' => 2961.3971400000000357977114617824554443359375,
  'CHF' => 1.0644080000000000207904804483405314385890960693359375,
  'CLF' => 0.0299689999999999991120436249047997989691793918609619140625,
  'CLP' => 1182.671219999999948413460515439510345458984375,
  'CNH' => 9.4835250000000002046363078989088535308837890625,
  'CNY' => 9.487894000000000715999703970737755298614501953125,
  'COP' => 5058.276581000000078347511589527130126953125,
  'CRC' => 681.8587760000000344007275998592376708984375,
  'CUC' => 1.3672500000000000763833440942107699811458587646484375,
  'CUP' => 35.2066870000000022855601855553686618804931640625,
  'CVE' => 127.614373999999997977283783257007598876953125,
  'CZK' => 28.15174400000000076715878094546496868133544921875,
  'DJF' => 244.523424000000005662514013238251209259033203125,
  'DKK' => 8.6508640000000003311697582830674946308135986328125,
  'DOP' => 86.79885899999999310239218175411224365234375,
  'DZD' => 177.642156999999997424311004579067230224609375,
  'EGP' => 64.38380100000000538784661330282688140869140625,
  'ERN' => 20.50874900000000167210600920952856540679931640625,
  'ETB' => 214.2162329999999883511918596923351287841796875,
  'EUR' => 1.1583579999999999987636556397774256765842437744140625,
  'FJD' => 3.016973999999999822563268025987781584262847900390625,
  'FKP' => 1,
  'GBP' => 1,
  'GEL' => 3.684738999999999986556531439418904483318328857421875,
  'GGP' => 1,
  'GHS' => 15.05702899999999999636202119290828704833984375,
  'GIP' => 1,
  'GMD' => 100.2649980000000056179487728513777256011962890625,
  'GNF' => 12058.714938999999503721483051776885986328125,
  'GTQ' => 10.53644800000000003592504072003066539764404296875,
  'GYD' => 287.2870619999999917126842774450778961181640625,
  'HKD' => 10.6797950000000003711875251610763370990753173828125,
  'HNL' => 36.2762230000000016616468201391398906707763671875,
  'HRK' => 8.728635000000000587760951020754873752593994140625,
  'HTG' => 180.106282999999990579453879036009311676025390625,
  'HUF' => 441.22781300000002602246240712702274322509765625,
  'IDR' => 22930.9965379999994183890521526336669921875,
  'ILS' => 4.23966699999999985237764121848158538341522216796875,
  'IMP' => 1,
  'INR' => 123.467231999999995650796336121857166290283203125,
  'IQD' => 1798.846706000000040148734115064144134521484375,
  'IRR' => 57542.082028999997419305145740509033203125,
  'ISK' => 168.185417999999998528437572531402111053466796875,
  'JEP' => 1,
  'JMD' => 215.767594000000002552042133174836635589599609375,
  'JOD' => 0.96938000000000001943334382303874008357524871826171875,
  'JPY' => 212.644284999999996443875716067850589752197265625,
  'KES' => 177.12723299999998971543391235172748565673828125,
  'KGS' => 119.5660089999999939891495159827172756195068359375,
  'KHR' => 5532.86149099999965983442962169647216796875,
  'KMF' => 571.5108669999999619903974235057830810546875,
  'KPW' => 1230.524969000000055530108511447906494140625,
  'KRW' => 1983.690738000000010288204066455364227294921875,
  'KWD' => 0.419953000000000020719426174764521420001983642578125,
  'KYD' => 1.14426000000000005485389920067973434925079345703125,
  'KZT' => 693.4390069999999468564055860042572021484375,
  'LAK' => 29530.3281219999989843927323818206787109375,
  'LBP' => 122987.235092999995686113834381103515625,
  'LKR' => 425.22889900000001262014848180115222930908203125,
  'LRD' => 254.7195570000000088839442469179630279541015625,
  'LSL' => 21.98476600000000047430148697458207607269287109375,
  'LYD' => 8.67544099999999929195837466977536678314208984375,
  'MAD' => 12.52210099999999926012606010772287845611572265625,
  'MDL' => 23.24754300000000029058355721645057201385498046875,
  'MGA' => 6128.116332999999940511770546436309814453125,
  'MKD' => 71.4077630000000027621354092843830585479736328125,
  'MMK' => 2871.0882019999999101855792105197906494140625,
  'MNT' => 4867.409875999999712803401052951812744140625,
  'MOP' => 11.046673999999999438159647979773581027984619140625,
  'MUR' => 62.41496500000000224872565013356506824493408203125,
  'MVR' => 21.12401200000000045520209823735058307647705078125,
  'MWK' => 2382.786607000000003608874976634979248046875,
  'MXN' => 23.76618500000000011596057447604835033416748046875,
  'MYR' => 5.39448500000000041865177990985102951526641845703125,
  'MZN' => 87.162183999999996331098373048007488250732421875,
  'NAD' => 21.984953000000000855607140692882239818572998046875,
  'NGN' => 1914.888265999999930500052869319915771484375,
  'NIO' => 50.56875000000000142108547152020037174224853515625,
  'NOK' => 13.257676000000000016143530956469476222991943359375,
  'NPR' => 201.07134500000000798536348156630992889404296875,
  'NZD' => 2.2743430000000000035242919693700969219207763671875,
  'OMR' => 0.52570799999999995311128486719098873436450958251953125,
  'PAB' => 1.3672500000000000763833440942107699811458587646484375,
  'PEN' => 4.62497299999999977870857037487439811229705810546875,
  'PGK' => 5.88856599999999996697397364187054336071014404296875,
  'PHP' => 80.4838519999999988385752658359706401824951171875,
  'PKR' => 384.66378600000001597436494193971157073974609375,
  'PLN' => 4.89104899999999975790387907181866466999053955078125,
  'PYG' => 9130.268997999999555759131908416748046875,
  'QAR' => 5.0197430000000000660520527162589132785797119140625,
  'RON' => 5.90337499999999959499064061674289405345916748046875,
  'RSD' => 136.047474999999991496224538423120975494384765625,
  'RUB' => 104.5267039999999951760401017963886260986328125,
  'RWF' => 2009.07897400000001653097569942474365234375,
  'SAR' => 5.12726799999999993673327480792067945003509521484375,
  'SBD' => 11.017438999999999538204065174795687198638916015625,
  'SCR' => 20.589594999999999203055267571471631526947021484375,
  'SDG' => 822.40085399999998116982169449329376220703125,
  'SEK' => 12.239335000000000519548848387785255908966064453125,
  'SGD' => 1.737916999999999934090055830893106758594512939453125,
  'SHP' => 1,
  'SLL' => 28670.548141999999643303453922271728515625,
  'SOS' => 785.398629000000028099748305976390838623046875,
  'SRD' => 51.98967999999999989313437254168093204498291015625,
  'SSP' => 178.09798000000000683940015733242034912109375,
  'STD' => 30464.79027100000166683457791805267333984375,
  'SVC' => 12.0154809999999994118979884660802781581878662109375,
  'SYP' => 17776.98404600000139907933771610260009765625,
  'SZL' => 21.990846999999998701014192192815244197845458984375,
  'THB' => 43.07439000000000106638253782875835895538330078125,
  'TJS' => 12.8252089999999991931645126896910369396209716796875,
  'TMT' => 4.79904799999999998050270733074285089969635009765625,
  'TND' => 3.961699999999999999289457264239899814128875732421875,
  'TOP' => 3.292009999999999880770928939455188810825347900390625,
  'TRY' => 59.44706599999999951933205011300742626190185546875,
  'TTD' => 9.29701299999999974943420966155827045440673828125,
  'TWD' => 43.1640790000000009740688255988061428070068359375,
  'TZS' => 3538.55509600000004866160452365875244140625,
  'UAH' => 59.1815380000000033078322303481400012969970703125,
  'UGX' => 4904.8001080000003639725036919116973876953125,
  'USD' => 1.3672500000000000763833440942107699811458587646484375,
  'UYU' => 52.65630900000000025329427444376051425933837890625,
  'UZS' => 16787.3772400000016205012798309326171875,
  'VND' => 35545.080967000001692213118076324462890625,
  'VUV' => 165.84742099999999709325493313372135162353515625,
  'WST' => 3.784273999999999915644366410560905933380126953125,
  'XAF' => 759.8327470000000403160811401903629302978515625,
  'XAG' => 0.016632000000000000949906819869283935986459255218505859375,
  'XAU' => 0.00028600000000000001289246487345963032566942274570465087890625,
  'XCD' => 3.69506099999999992888888300512917339801788330078125,
  'XDR' => 0.944512000000000018218315744888968765735626220703125,
  'XOF' => 759.8327470000000403160811401903629302978515625,
  'XPD' => 0.0008069999999999999916455717396956970333121716976165771484375,
  'XPF' => 138.228825000000000500222085975110530853271484375,
  'XPT' => 0.00065200000000000001877664690397295998991467058658599853515625,
  'YER' => 325.91807000000000016370904631912708282470703125,
  'ZAR' => 21.915023000000001474063537898473441600799560546875,
  'ZMW' => 26.947568000000000409954736824147403240203857421875,
  'ZWL' => 440.25448899999997820486896671354770660400390625,
)
2026-02-03T08:43:19+00:00 INFO ENVIRONMENT: array (
  'WP_User' => 'Guest (non logged-in user)',
  'HTTP_REFERER' => '--',
  'HTTP_USER_AGENT' => 'Mozilla/5.0 (Macintosh; Intel Mac OS X 10_15_7) AppleWebKit/537.36 (KHTML, like Gecko) Chrome/138.0.0.0 Safari/537.36',
  'REQUEST_URI' => '/wp-admin/',
  'DOING_AJAX' => false,
  'DOING_CRON' => false,
  'WP_CLI' => false,
)
2026-02-03T08:43:19+00:00 INFO REQUEST GET https://public-api.wordpress.com/wpcom/v2/sites/%s/wcpay/accounts?test_mode=0
2026-02-03T08:43:19+00:00 INFO HEADERS: array (
  'Content-Type' => 'application/json; charset=utf-8',
  'User-Agent' => 'WooCommerce Payments/8.6.0',
)
2026-02-03T08:43:22+00:00 INFO RESPONSE: array (
  'account_id' => 'acct_1QJjXwFt5S7zes6j',
  'email' => '(redacted)',
  'communications_email' => 'contactus@papapoke.co.uk',
  'live_publishable_key' => 'pk_live_51ETDmyFuiXB5oUVxaIafkGPnwuNcBxr1pXVhvLJ4BrWuiqfG6SldjatOGLQhuqXnDmgqwRA7tDoSFlbY4wFji7KR0079TvtxNs',
  'test_publishable_key' => 'pk_test_51ETDmyFuiXB5oUVxwSobQMW5Tno1GclIq7ePZWzLeW4q8oa7Zb8hI5VfwI5sNT5nXuKYinLukNvGCXmsQXAoDGHG00MqHqlYHR',
  'is_live' => true,
  'is_test_drive' => false,
  'created' => '2024-11-10 22:23:55',
  'has_pending_requirements' => false,
  'has_future_requirements' => false,
  'has_overdue_requirements' => false,
  'details_submitted' => true,
  'current_deadline' => NULL,
  'status' => 'complete',
  'capabilities' => 
  array (
    'card_payments' => 'active',
    'transfers' => 'active',
    'afterpay_clearpay_payments' => 'unrequested',
    'alipay_payments' => 'unrequested',
    'amazon_pay_payments' => 'unrequested',
    'bacs_debit_payments' => 'unrequested',
    'bancontact_payments' => 'unrequested',
    'bank_transfer_payments' => 'unrequested',
    'billie_payments' => 'unrequested',
    'cartes_bancaires_payments' => 'unrequested',
    'eps_payments' => 'unrequested',
    'gb_bank_transfer_payments' => 'unrequested',
    'ideal_payments' => 'unrequested',
    'kakao_pay_payments' => 'unrequested',
    'klarna' => 'unrequested',
    'klarna_payments' => 'unrequested',
    'kr_card_payments' => 'unrequested',
    'legacy_payments' => 'unrequested',
    'link_payments' => 'unrequested',
    'mb_way_payments' => 'unrequested',
    'multibanco_payments' => 'unrequested',
    'naver_pay_payments' => 'unrequested',
    'p24_payments' => 'unrequested',
    'pay_by_bank_payments' => 'unrequested',
    'payco_payments' => 'unrequested',
    'revolut_pay_payments' => 'unrequested',
    'samsung_pay_payments' => 'unrequested',
    'sepa_bank_transfer_payments' => 'unrequested',
    'sepa_debit_payments' => 'unrequested',
    'twint_payments' => 'unrequested',
    'us_bank_account_ach_payments' => 'unrequested',
    'us_bank_transfer_payments' => 'unrequested',
    'wechat_pay_payments' => 'unrequested',
  ),
  'capability_requirements' => 
  array (
    'afterpay_clearpay_payments' => 
    array (
    ),
    'alipay_payments' => 
    array (
      0 => 'business_profile.product_description',
    ),
    'amazon_pay_payments' => 
    array (
    ),
    'bacs_debit_payments' => 
    array (
    ),
    'bancontact_payments' => 
    array (
    ),
    'bank_transfer_payments' => 
    array (
    ),
    'billie_payments' => 
    array (
    ),
    'card_payments' => 
    array (
    ),
    'cartes_bancaires_payments' => 
    array (
    ),
    'eps_payments' => 
    array (
    ),
    'gb_bank_transfer_payments' => 
    array (
    ),
    'ideal_payments' => 
    array (
    ),
    'kakao_pay_payments' => 
    array (
    ),
    'klarna' => 
    array (
    ),
    'klarna_payments' => 
    array (
    ),
    'kr_card_payments' => 
    array (
    ),
    'legacy_payments' => 
    array (
    ),
    'link_payments' => 
    array (
    ),
    'mb_way_payments' => 
    array (
    ),
    'multibanco_payments' => 
    array (
    ),
    'naver_pay_payments' => 
    array (
    ),
    'p24_payments' => 
    array (
    ),
    'pay_by_bank_payments' => 
    array (
    ),
    'payco_payments' => 
    array (
    ),
    'revolut_pay_payments' => 
    array (
    ),
    'samsung_pay_payments' => 
    array (
    ),
    'sepa_bank_transfer_payments' => 
    array (
    ),
    'sepa_debit_payments' => 
    array (
    ),
    'transfers' => 
    array (
    ),
    'twint_payments' => 
    array (
    ),
    'us_bank_account_ach_payments' => 
    array (
    ),
    'us_bank_transfer_payments' => 
    array (
    ),
    'wechat_pay_payments' => 
    array (
      0 => 'business_profile.product_description',
    ),
  ),
  'payments_enabled' => true,
  'deposits' => 
  array (
    'status' => 'enabled',
    'restrictions' => 'deposits_unrestricted',
    'interval' => 'daily',
    'weekly_anchor' => '',
    'monthly_anchor' => NULL,
    'delay_days' => 3,
    'completed_waiting_period' => false,
    'minimum_manual_deposit_amounts' => 
    array (
      'aud' => 500,
      'bgn' => 100,
      'cad' => 500,
      'chf' => 500,
      'czk' => 3000,
      'dkk' => 5000,
      'eur' => 500,
      'gbp' => 500,
      'hkd' => 5000,
      'huf' => 36000,
      'nok' => 5000,
      'nzd' => 500,
      'jpy' => 50,
      'sek' => 5000,
      'sgd' => 500,
      'usd' => 500,
      'ron' => 500,
      'pln' => 500,
      'aed' => 200,
    ),
    'minimum_scheduled_deposit_amounts' => 
    array (
      'aed' => 200,
      'aud' => 0,
      'bgn' => 100,
      'cad' => 0,
      'chf' => 500,
      'czk' => 3000,
      'dkk' => 2000,
      'eur' => 100,
      'gbp' => 100,
      'hkd' => 0,
      'huf' => 36000,
      'jpy' => 1,
      'nok' => 2000,
      'nzd' => 0,
      'pln' => 500,
      'ron' => 500,
      'sek' => 2000,
      'sgd' => 100,
      'usd' => 0,
    ),
  ),
  'lifetime_total_payment_volume' => 0,
  'requirements' => 
  array (
    'errors' => 
    array (
    ),
  ),
  'statement_descriptor' => 'PAPA POKE',
  'statement_descriptor_kanji' => '',
  'statement_descriptor_kana' => '',
  'latest_tos_agreement' => 
  array (
    'date' => '2024-11-10 22:23:55',
    'source' => 'signup',
    'is_current_version' => true,
  ),
  'fees' => 
  array (
    'base' => 
    array (
      'percentage_rate' => 0.01499999999999999944488848768742172978818416595458984375,
      'fixed_rate' => 25,
      'currency' => 'gbp',
    ),
    'discount' => 
    array (
    ),
    'card' => 
    array (
      'base' => 
      array (
        'percentage_rate' => 0.01499999999999999944488848768742172978818416595458984375,
        'fixed_rate' => 25,
        'currency' => 'gbp',
      ),
      'additional' => 
      array (
        'percentage_rate' => 0.0200000000000000004163336342344337026588618755340576171875,
        'fixed_rate' => 0,
        'currency' => 'eur',
      ),
      'fx' => 
      array (
        'percentage_rate' => 0.0200000000000000004163336342344337026588618755340576171875,
        'fixed_rate' => 0,
        'currency' => 'gbp',
      ),
      'discount' => 
      array (
      ),
    ),
    'card_present' => 
    array (
      'base' => 
      array (
        'percentage_rate' => 0.01400000000000000029143354396410359186120331287384033203125,
        'fixed_rate' => 20,
        'currency' => 'gbp',
      ),
      'additional' => 
      array (
        'percentage_rate' => 0.0200000000000000004163336342344337026588618755340576171875,
        'fixed_rate' => 0,
        'currency' => 'gbp',
      ),
      'fx' => 
      array (
        'percentage_rate' => 0.0200000000000000004163336342344337026588618755340576171875,
        'fixed_rate' => 0,
        'currency' => 'gbp',
      ),
      'discount' => 
      array (
      ),
    ),
    'bancontact' => 
    array (
      'base' => 
      array (
        'percentage_rate' => 0.01400000000000000029143354396410359186120331287384033203125,
        'fixed_rate' => 20,
        'currency' => 'gbp',
      ),
      'additional' => 
      array (
        'percentage_rate' => 0,
        'fixed_rate' => 0,
        'currency' => 'gbp',
      ),
      'fx' => 
      array (
        'percentage_rate' => 0,
        'fixed_rate' => 0,
        'currency' => 'gbp',
      ),
      'discount' => 
      array (
      ),
    ),
    'eps' => 
    array (
      'base' => 
      array (
        'percentage_rate' => 0.01600000000000000033306690738754696212708950042724609375,
        'fixed_rate' => 20,
        'currency' => 'gbp',
      ),
      'additional' => 
      array (
        'percentage_rate' => 0,
        'fixed_rate' => 0,
        'currency' => 'gbp',
      ),
      'fx' => 
      array (
        'percentage_rate' => 0,
        'fixed_rate' => 0,
        'currency' => 'gbp',
      ),
      'discount' => 
      array (
      ),
    ),
    'ideal' => 
    array (
      'base' => 
      array (
        'percentage_rate' => 0,
        'fixed_rate' => 25,
        'currency' => 'gbp',
      ),
      'additional' => 
      array (
        'percentage_rate' => 0,
        'fixed_rate' => 0,
        'currency' => 'gbp',
      ),
      'fx' => 
      array (
        'percentage_rate' => 0,
        'fixed_rate' => 0,
        'currency' => 'gbp',
      ),
      'discount' => 
      array (
      ),
    ),
    'p24' => 
    array (
      'base' => 
      array (
        'percentage_rate' => 0.021999999999999998723243521681069978512823581695556640625,
        'fixed_rate' => 20,
        'currency' => 'gbp',
      ),
      'additional' => 
      array (
        'percentage_rate' => 0,
        'fixed_rate' => 0,
        'currency' => 'gbp',
      ),
      'fx' => 
      array (
        'percentage_rate' => 0,
        'fixed_rate' => 0,
        'currency' => 'gbp',
      ),
      'discount' => 
      array (
      ),
    ),
    'klarna' => 
    array (
      'base' => 
      array (
        'percentage_rate' => 0.049899999999999999911182158029987476766109466552734375,
        'fixed_rate' => 35,
        'currency' => 'gbp',
      ),
      'additional' => 
      array (
        'percentage_rate' => 0,
        'fixed_rate' => 0,
        'currency' => 'gbp',
      ),
      'fx' => 
      array (
        'percentage_rate' => 0,
        'fixed_rate' => 0,
        'currency' => 'gbp',
      ),
      'discount' => 
      array (
      ),
    ),
    'afterpay_clearpay' => 
    array (
      'base' => 
      array (
        'percentage_rate' => 0.059999999999999997779553950749686919152736663818359375,
        'fixed_rate' => 30,
        'currency' => 'gbp',
      ),
      'additional' => 
      array (
        'percentage_rate' => 0,
        'fixed_rate' => 0,
        'currency' => 'gbp',
      ),
      'fx' => 
      array (
        'percentage_rate' => 0,
        'fixed_rate' => 0,
        'currency' => 'gbp',
      ),
      'discount' => 
      array (
      ),
    ),
  ),
  'capital' => 
  array (
    'has_active_loan' => false,
    'has_previous_loans' => false,
    'loans' => 
    array (
    ),
  ),
  'fraud_services' => 
  array (
    'stripe' => 
    array (
    ),
    'sift' => 
    array (
      'beacon_key' => '1d81b5c86a',
      'sandbox_beacon_key' => '43e8654e6f',
    ),
  ),
  'store_currencies' => 
  array (
    'default' => 'gbp',
    'supported' => 
    array (
      0 => 'gbp',
    ),
  ),
  'customer_currencies' => 
  array (
    'supported' => 
    array (
      0 => 'usd',
      1 => 'aed',
      2 => 'afn',
      3 => 'all',
      4 => 'amd',
      5 => 'ang',
      6 => 'aoa',
      7 => 'ars',
      8 => 'aud',
      9 => 'awg',
      10 => 'azn',
      11 => 'bam',
      12 => 'bbd',
      13 => 'bdt',
      14 => 'bif',
      15 => 'bmd',
      16 => 'bnd',
      17 => 'bob',
      18 => 'brl',
      19 => 'bsd',
      20 => 'bwp',
      21 => 'byn',
      22 => 'bzd',
      23 => 'cad',
      24 => 'cdf',
      25 => 'chf',
      26 => 'clp',
      27 => 'cny',
      28 => 'cop',
      29 => 'crc',
      30 => 'cve',
      31 => 'czk',
      32 => 'djf',
      33 => 'dkk',
      34 => 'dop',
      35 => 'dzd',
      36 => 'egp',
      37 => 'etb',
      38 => 'eur',
      39 => 'fjd',
      40 => 'fkp',
      41 => 'gbp',
      42 => 'gel',
      43 => 'gip',
      44 => 'gmd',
      45 => 'gnf',
      46 => 'gtq',
      47 => 'gyd',
      48 => 'hkd',
      49 => 'hnl',
      50 => 'htg',
      51 => 'huf',
      52 => 'idr',
      53 => 'ils',
      54 => 'inr',
      55 => 'isk',
      56 => 'jmd',
      57 => 'jpy',
      58 => 'kes',
      59 => 'kgs',
      60 => 'khr',
      61 => 'kmf',
      62 => 'krw',
      63 => 'kyd',
      64 => 'kzt',
      65 => 'lak',
      66 => 'lbp',
      67 => 'lkr',
      68 => 'lrd',
      69 => 'lsl',
      70 => 'mad',
      71 => 'mdl',
      72 => 'mga',
      73 => 'mkd',
      74 => 'mmk',
      75 => 'mnt',
      76 => 'mop',
      77 => 'mur',
      78 => 'mvr',
      79 => 'mwk',
      80 => 'mxn',
      81 => 'myr',
      82 => 'mzn',
      83 => 'nad',
      84 => 'ngn',
      85 => 'nio',
      86 => 'nok',
      87 => 'npr',
      88 => 'nzd',
      89 => 'pab',
      90 => 'pen',
      91 => 'pgk',
      92 => 'php',
      93 => 'pkr',
      94 => 'pln',
      95 => 'pyg',
      96 => 'qar',
      97 => 'ron',
      98 => 'rsd',
      99 => 'rub',
      100 => 'rwf',
      101 => 'sar',
      102 => 'sbd',
      103 => 'scr',
      104 => 'sek',
      105 => 'sgd',
      106 => 'shp',
      107 => 'sle',
      108 => 'sos',
      109 => 'srd',
      110 => 'std',
      111 => 'szl',
      112 => 'thb',
      113 => 'tjs',
      114 => 'top',
      115 => 'try',
      116 => 'ttd',
      117 => 'twd',
      118 => 'tzs',
      119 => 'uah',
      120 => 'ugx',
      121 => 'uyu',
      122 => 'uzs',
      123 => 'vnd',
      124 => 'vuv',
      125 => 'wst',
      126 => 'xaf',
      127 => 'xcd',
      128 => 'xcg',
      129 => 'xof',
      130 => 'xpf',
      131 => 'yer',
      132 => 'zar',
      133 => 'zmw',
    ),
  ),
  'country' => '(redacted)',
  'instant_deposits_eligible' => false,
  'card_present_eligible' => true,
  'has_card_readers_available' => false,
  'platform_checkout_eligible' => false,
  'platform_direct_checkout_eligible' => false,
  'platform_global_theme_support_enabled' => false,
  'business_profile' => 
  array (
    'name' => '(redacted)',
    'url' => 'https://papapoke.co.uk',
    'support_address' => 
    array (
    ),
    'support_email' => 'contactus@papapoke.co.uk',
    'support_phone' => '+447387156597',
  ),
  'branding' => 
  array (
    'icon' => NULL,
    'logo' => NULL,
    'primary_color' => NULL,
    'secondary_color' => NULL,
  ),
  'locale' => 'en_GB',
  'has_more_failed_events' => false,
  'has_submitted_vat_data' => false,
  'is_documents_enabled' => true,
  'card_testing_protection_eligible' => false,
  'fraud_mitigation_settings' => 
  array (
    'avs_check_enabled' => false,
    'cvc_check_enabled' => true,
  ),
  'is_deferred_intent_creation_upe_enabled' => true,
  'pre_check_save_my_info' => false,
  'is_tokenized_ece_disabled' => false,
  'ece_confirmation_tokens_disabled' => false,
  'eligibility_wporg_review_campaign_2025' => false,
  'progressive_onboarding' => 
  array (
    'is_enabled' => false,
    'is_complete' => false,
  ),
)
2026-02-03T08:58:17+00:00 INFO ENVIRONMENT: array (
  'WP_User' => 'Guest (non logged-in user)',
  'HTTP_REFERER' => '--',
  'HTTP_USER_AGENT' => 'WordPress/6.9; https://papapoke.co.uk',
  'REQUEST_URI' => '/wp-cron.php?doing_wp_cron=1770109097.2544040679931640625000',
  'DOING_AJAX' => false,
  'DOING_CRON' => true,
  'WP_CLI' => false,
)
2026-02-03T08:58:17+00:00 INFO REQUEST POST https://public-api.wordpress.com/wpcom/v2/sites/%s/wcpay/compatibility
2026-02-03T08:58:17+00:00 INFO HEADERS: array (
  'Content-Type' => 'application/json; charset=utf-8',
  'User-Agent' => 'WooCommerce Payments/8.6.0',
  'Idempotency-Key' => '2c1f357a-3ca4-4282-bf7b-28400ea42c9e',
)
2026-02-03T08:58:17+00:00 INFO BODY: array (
  'test_mode' => false,
  'compatibility_data' => 
  array (
    'woopayments_version' => '8.6.0',
    'woocommerce_version' => '10.0.5',
    'woocommerce_permalinks' => 
    array (
      'product_base' => 'product',
      'category_base' => 'product-category',
      'tag_base' => 'product-tag',
      'attribute_base' => '',
      'use_verbose_page_rules' => false,
    ),
    'woocommerce_shop' => 'https://papapoke.co.uk/?page_id=7',
    'woocommerce_cart' => 'Not set',
    'woocommerce_checkout' => 'https://papapoke.co.uk/checkout/',
    'blog_theme' => 'papa',
    'active_plugins' => 
    array (
      0 => 'added-to-cart-popup-woocommerce/xoo-cp-main.php',
      1 => 'advanced-custom-fields-pro/acf.php',
      2 => 'classic-editor/classic-editor.php',
      3 => 'classic-widgets/classic-widgets.php',
      4 => 'contact-form-7/wp-contact-form-7.php',
      5 => 'health-check/health-check.php',
      6 => 'popup-maker/popup-maker.php',
      8 => 'regenerate-thumbnails/regenerate-thumbnails.php',
      9 => 'shipping-zones-by-drawing-for-woocommerce/shipping-zones-by-drawing.php',
      10 => 'svg-support/svg-support.php',
      11 => 'webp-converter-for-media/webp-converter-for-media.php',
      12 => 'woo-pincode-checker/woo-pincode-checker.php',
      13 => 'woocommerce-google-analytics-integration/woocommerce-google-analytics-integration.php',
      14 => 'woocommerce-lightbox/main.php',
      15 => 'woocommerce-payments/woocommerce-payments.php',
      17 => 'woocommerce/woocommerce.php',
      18 => 'wordpress-seo/wp-seo.php',
      19 => 'wp-rocket/wp-rocket.php',
      20 => 'wp-sitemap-page/wp-sitemap-page.php',
    ),
    'post_types_count' => 
    array (
      'post' => 0,
      'page' => 7,
      'attachment' => 0,
      'product' => 55,
      'popup' => 2,
      'popup_theme' => 8,
      'szbdzones' => 2,
    ),
  ),
)
2026-02-03T08:58:18+00:00 INFO RESPONSE: array (
  'result' => 'success',
)
2026-02-03T11:43:58+00:00 INFO ENVIRONMENT: array (
  'WP_User' => 'Guest (non logged-in user)',
  'HTTP_REFERER' => '--',
  'HTTP_USER_AGENT' => 'WP Rocket/Preload',
  'REQUEST_URI' => '/product/ahi-poke/',
  'DOING_AJAX' => false,
  'DOING_CRON' => false,
  'WP_CLI' => false,
)
2026-02-03T11:43:58+00:00 INFO REQUEST GET https://public-api.wordpress.com/wpcom/v2/sites/%s/wcpay/currency/rates?test_mode=0&currency_from=gbp
2026-02-03T11:43:58+00:00 INFO HEADERS: array (
  'Content-Type' => 'application/json; charset=utf-8',
  'User-Agent' => 'WooCommerce Payments/8.6.0',
)
2026-02-03T11:43:59+00:00 INFO RESPONSE: array (
  'AED' => 5.0253759999999996210817698738537728786468505859375,
  'AFN' => 90.3130840000000034706317819654941558837890625,
  'ALL' => 112.091994999999997162376530468463897705078125,
  'AMD' => 520.1920780000000377185642719268798828125,
  'ANG' => 2.44939999999999979962694851565174758434295654296875,
  'AOA' => 1248.35939000000007581547833979129791259765625,
  'ARS' => 1986.879412000000002080923877656459808349609375,
  'AUD' => 1.948002999999999929059413261711597442626953125,
  'AWG' => 2.463083999999999829100261194980703294277191162109375,
  'AZN' => 2.326245999999999813923068359144963324069976806640625,
  'BAM' => 2.25803300000000017888623915496282279491424560546875,
  'BBD' => 2.736759999999999859454646866652183234691619873046875,
  'BDT' => 168.080817999999993617166182957589626312255859375,
  'BGN' => 2.26608400000000020924062482663430273532867431640625,
  'BHD' => 0.51584499999999999797495320308371447026729583740234375,
  'BIF' => 4088.26285899999993489473126828670501708984375,
  'BMD' => 1.3683799999999999297273234333260916173458099365234375,
  'BND' => 1.7470259999999999678266249247826635837554931640625,
  'BOB' => 9.530485999999999791043592267669737339019775390625,
  'BRL' => 7.2090370000000003614104571170173585414886474609375,
  'BSD' => 1.3683799999999999297273234333260916173458099365234375,
  'BTC' => 1.69999999999999998659926114807916519566788338124752044677734375E-5,
  'BTN' => 125.67545699999999442297848872840404510498046875,
  'BWP' => 18.094857999999998554585545207373797893524169921875,
  'BYN' => 3.93520599999999998175326254568062722682952880859375,
  'BZD' => 2.76393399999999989091747920610941946506500244140625,
  'CAD' => 1.8711729999999999751736368125420995056629180908203125,
  'CDF' => 2963.84474000000000160071067512035369873046875,
  'CHF' => 1.0639819999999999833306674190680496394634246826171875,
  'CLF' => 0.029993999999999999828137475788025767542421817779541015625,
  'CLP' => 1183.648699999999962528818286955356597900390625,
  'CNH' => 9.4864610000000002543174559832550585269927978515625,
  'CNY' => 9.4916309999999999291731000994332134723663330078125,
  'COP' => 5059.37058400000023539178073406219482421875,
  'CRC' => 682.42233299999998052953742444515228271484375,
  'CUC' => 1.3683799999999999297273234333260916173458099365234375,
  'CUP' => 35.23578499999999991132426657713949680328369140625,
  'CVE' => 127.7198470000000014579200069420039653778076171875,
  'CZK' => 28.147439999999999571400621789507567882537841796875,
  'DJF' => 244.72552300000000968793756328523159027099609375,
  'DKK' => 8.6529100000000003234390533179976046085357666015625,
  'DOP' => 86.870598000000001093212631531059741973876953125,
  'DZD' => 177.711238000000008696588338352739810943603515625,
  'EGP' => 64.30248199999999769715941511094570159912109375,
  'ERN' => 20.525700000000000500222085975110530853271484375,
  'ETB' => 214.3932829999999967185431160032749176025390625,
  'EUR' => 1.158546999999999993491428540437482297420501708984375,
  'FJD' => 3.007493999999999889638502281741239130496978759765625,
  'FKP' => 1,
  'GBP' => 1,
  'GEL' => 3.687784000000000173002945302869193255901336669921875,
  'GGP' => 1,
  'GHS' => 15.0694739999999995916368789039552211761474609375,
  'GIP' => 1,
  'GMD' => 100.34786800000000539512257091701030731201171875,
  'GNF' => 12068.681490000000849249772727489471435546875,
  'GTQ' => 10.5451560000000004180265023023821413516998291015625,
  'GYD' => 287.5245049999999764622771181166172027587890625,
  'HKD' => 10.69085199999999957753971102647483348846435546875,
  'HNL' => 36.30620499999999850615495233796536922454833984375,
  'HRK' => 8.7297239999999991511003827326931059360504150390625,
  'HTG' => 180.255141000000008943970897234976291656494140625,
  'HUF' => 440.95612599999998337807483039796352386474609375,
  'IDR' => 22936.51187900000149966217577457427978515625,
  'ILS' => 4.22908799999999995833377397502772510051727294921875,
  'IMP' => 1,
  'INR' => 123.2975330000000013797034625895321369171142578125,
  'IQD' => 1800.333456000000069252564571797847747802734375,
  'IRR' => 57589.6406680000000051222741603851318359375,
  'ISK' => 168.214953000000008387360139749944210052490234375,
  'JEP' => 1,
  'JMD' => 215.9459259999999858337105251848697662353515625,
  'JOD' => 0.9701809999999999600817091049975715577602386474609375,
  'JPY' => 212.889824000000004389221430756151676177978515625,
  'KES' => 176.452600999999987152477842755615711212158203125,
  'KGS' => 119.6648310000000066111169871874153614044189453125,
  'KHR' => 5537.434411000000181957148015499114990234375,
  'KMF' => 571.9832219999999551873770542442798614501953125,
  'KPW' => 1231.54199999999991632648743689060211181640625,
  'KRW' => 1980.0743419999998877756297588348388671875,
  'KWD' => 0.42033500000000001417532757841399870812892913818359375,
  'KYD' => 1.1452059999999999462261257576756179332733154296875,
  'KZT' => 694.0121349999999438296072185039520263671875,
  'LAK' => 29554.7349939999985508620738983154296875,
  'LBP' => 122536.599633999998332001268863677978515625,
  'LKR' => 425.58035100000000738873495720326900482177734375,
  'LRD' => 254.930082999999996218321030028164386749267578125,
  'LSL' => 22.00293599999999827332430868409574031829833984375,
  'LYD' => 8.6826109999999996347241904004476964473724365234375,
  'MAD' => 12.5324510000000000076170181273482739925384521484375,
  'MDL' => 23.2667569999999983565430738963186740875244140625,
  'MGA' => 6133.1812319999999090214259922504425048828125,
  'MKD' => 71.410515000000003738023224286735057830810546875,
  'MMK' => 2873.4611610000001746811904013156890869140625,
  'MNT' => 4871.432799000000159139744937419891357421875,
  'MOP' => 11.0558040000000001867874743766151368618011474609375,
  'MUR' => 62.7949550000000016325429896824061870574951171875,
  'MVR' => 21.141470999999999236251824186183512210845947265625,
  'MWK' => 2384.75598499999978230334818363189697265625,
  'MXN' => 23.707868000000001273974703508429229259490966796875,
  'MYR' => 5.373628000000000071167960413731634616851806640625,
  'MZN' => 87.2342239999999975452737999148666858673095703125,
  'NAD' => 22.003122999999998654629962402395904064178466796875,
  'NGN' => 1913.364702000000079351593740284442901611328125,
  'NIO' => 50.61054500000000189174897968769073486328125,
  'NOK' => 13.232234999999999303099684766493737697601318359375,
  'NPR' => 201.237530999999989944626577198505401611328125,
  'NZD' => 2.26298200000000004905587047687731683254241943359375,
  'OMR' => 0.52609899999999998332356199171044863760471343994140625,
  'PAB' => 1.3683799999999999297273234333260916173458099365234375,
  'PEN' => 4.62879600000000035464609027258120477199554443359375,
  'PGK' => 5.8934329999999999216697688098065555095672607421875,
  'PHP' => 80.77478800000000092040863819420337677001953125,
  'PKR' => 384.9817110000000184300006367266178131103515625,
  'PLN' => 4.8884319999999998884732121950946748256683349609375,
  'PYG' => 9137.815182000000277184881269931793212890625,
  'QAR' => 5.023892000000000024328983272425830364227294921875,
  'RON' => 5.9037389999999998480006979661993682384490966796875,
  'RSD' => 136.06392199999999093051883392035961151123046875,
  'RUB' => 105.0263039999999961082721711136400699615478515625,
  'RWF' => 2010.73948100000006888876669108867645263671875,
  'SAR' => 5.13151600000000041035264075617305934429168701171875,
  'SBD' => 11.0265450000000004848743628826923668384552001953125,
  'SCR' => 19.01731399999999894134816713631153106689453125,
  'SDG' => 823.0805699999999660576577298343181610107421875,
  'SEK' => 12.212723000000000439513314631767570972442626953125,
  'SGD' => 1.73715799999999997993427314213477075099945068359375,
  'SHP' => 1,
  'SLL' => 28694.24440400000094086863100528717041015625,
  'SOS' => 786.0477620000000342770363204181194305419921875,
  'SRD' => 52.03264899999999926194504951126873493194580078125,
  'SSP' => 178.24517900000000736326910555362701416015625,
  'STD' => 30489.9694769999987329356372356414794921875,
  'SVC' => 12.025411999999999324018062907271087169647216796875,
  'SYP' => 17791.67675600000075064599514007568359375,
  'SZL' => 22.0090229999999991150616551749408245086669921875,
  'THB' => 43.04613499999999959300112095661461353302001953125,
  'TJS' => 12.8358089999999993580104273860342800617218017578125,
  'TMT' => 4.80301400000000011658585208351723849773406982421875,
  'TND' => 3.964974000000000220467200051643885672092437744140625,
  'TOP' => 3.294731000000000076255446401773951947689056396484375,
  'TRY' => 59.5134680000000031441231840290129184722900390625,
  'TTD' => 9.304697000000000883801476447843015193939208984375,
  'TWD' => 43.18265199999999737201505922712385654449462890625,
  'TZS' => 3539.36960399999998116982169449329376220703125,
  'UAH' => 59.2304510000000021818777895532548427581787109375,
  'UGX' => 4908.8539350000000922591425478458404541015625,
  'USD' => 1.3683799999999999297273234333260916173458099365234375,
  'UYU' => 52.69982999999999861984179005958139896392822265625,
  'UZS' => 16801.2520379999987198971211910247802734375,
  'VND' => 35579.30556999999680556356906890869140625,
  'VUV' => 165.984494000000012192685971967875957489013671875,
  'WST' => 3.7874020000000001573425834067165851593017578125,
  'XAF' => 759.9569390000000339568941853940486907958984375,
  'XAG' => 0.0157190000000000003332889519924719934351742267608642578125,
  'XAU' => 0.0002779999999999999810672279831891273715882562100887298583984375,
  'XCD' => 3.698115000000000041069370126933790743350982666015625,
  'XDR' => 0.94529300000000004988720547771663405001163482666015625,
  'XOF' => 759.9569390000000339568941853940486907958984375,
  'XPD' => 0.0008069999999999999916455717396956970333121716976165771484375,
  'XPF' => 138.25141800000000102954800240695476531982421875,
  'XPT' => 0.00065200000000000001877664690397295998991467058658599853515625,
  'YER' => 326.18744199999997590566636063158512115478515625,
  'ZAR' => 21.86701000000000050249582272954285144805908203125,
  'ZMW' => 26.969840000000001367652657791040837764739990234375,
  'ZWL' => 440.61835999999999557985574938356876373291015625,
)
2026-02-03T14:53:14+00:00 INFO ENVIRONMENT: array (
  'WP_User' => 'Guest (non logged-in user)',
  'HTTP_REFERER' => '--',
  'HTTP_USER_AGENT' => 'Mozilla/5.0 (Windows NT 6.1; WOW64) AppleWebKit/537.36 (KHTML, like Gecko) Chrome/90.0.4430.212 YaBrowser/21.5.2.644 Yowser/2.5 Safari/537.36',
  'REQUEST_URI' => '/',
  'DOING_AJAX' => false,
  'DOING_CRON' => false,
  'WP_CLI' => false,
)
2026-02-03T14:53:14+00:00 INFO REQUEST GET https://public-api.wordpress.com/wpcom/v2/sites/%s/wcpay/disputes?test_mode=0&pagesize=50&search%5B0%5D=warning_needs_response&search%5B1%5D=needs_response
2026-02-03T14:53:14+00:00 INFO HEADERS: array (
  'Content-Type' => 'application/json; charset=utf-8',
  'User-Agent' => 'WooCommerce Payments/8.6.0',
)
2026-02-03T14:53:15+00:00 INFO RESPONSE: array (
  'data' => 
  array (
  ),
)
2026-02-03T16:36:44+00:00 INFO ENVIRONMENT: array (
  'WP_User' => 'Guest (non logged-in user)',
  'HTTP_REFERER' => '--',
  'HTTP_USER_AGENT' => '--',
  'REQUEST_URI' => '/wp-admin/',
  'DOING_AJAX' => false,
  'DOING_CRON' => false,
  'WP_CLI' => false,
)
2026-02-03T16:36:44+00:00 INFO REQUEST GET https://public-api.wordpress.com/wpcom/v2/sites/%s/wcpay/accounts?test_mode=0
2026-02-03T16:36:44+00:00 INFO HEADERS: array (
  'Content-Type' => 'application/json; charset=utf-8',
  'User-Agent' => 'WooCommerce Payments/8.6.0',
)
2026-02-03T16:36:45+00:00 INFO RESPONSE: array (
  'account_id' => 'acct_1QJjXwFt5S7zes6j',
  'email' => '(redacted)',
  'communications_email' => 'contactus@papapoke.co.uk',
  'live_publishable_key' => 'pk_live_51ETDmyFuiXB5oUVxaIafkGPnwuNcBxr1pXVhvLJ4BrWuiqfG6SldjatOGLQhuqXnDmgqwRA7tDoSFlbY4wFji7KR0079TvtxNs',
  'test_publishable_key' => 'pk_test_51ETDmyFuiXB5oUVxwSobQMW5Tno1GclIq7ePZWzLeW4q8oa7Zb8hI5VfwI5sNT5nXuKYinLukNvGCXmsQXAoDGHG00MqHqlYHR',
  'is_live' => true,
  'is_test_drive' => false,
  'created' => '2024-11-10 22:23:55',
  'has_pending_requirements' => false,
  'has_future_requirements' => false,
  'has_overdue_requirements' => false,
  'details_submitted' => true,
  'current_deadline' => NULL,
  'status' => 'complete',
  'capabilities' => 
  array (
    'card_payments' => 'active',
    'transfers' => 'active',
    'afterpay_clearpay_payments' => 'unrequested',
    'alipay_payments' => 'unrequested',
    'amazon_pay_payments' => 'unrequested',
    'bacs_debit_payments' => 'unrequested',
    'bancontact_payments' => 'unrequested',
    'bank_transfer_payments' => 'unrequested',
    'billie_payments' => 'unrequested',
    'cartes_bancaires_payments' => 'unrequested',
    'eps_payments' => 'unrequested',
    'gb_bank_transfer_payments' => 'unrequested',
    'ideal_payments' => 'unrequested',
    'kakao_pay_payments' => 'unrequested',
    'klarna' => 'unrequested',
    'klarna_payments' => 'unrequested',
    'kr_card_payments' => 'unrequested',
    'legacy_payments' => 'unrequested',
    'link_payments' => 'unrequested',
    'mb_way_payments' => 'unrequested',
    'multibanco_payments' => 'unrequested',
    'naver_pay_payments' => 'unrequested',
    'p24_payments' => 'unrequested',
    'pay_by_bank_payments' => 'unrequested',
    'payco_payments' => 'unrequested',
    'revolut_pay_payments' => 'unrequested',
    'samsung_pay_payments' => 'unrequested',
    'sepa_bank_transfer_payments' => 'unrequested',
    'sepa_debit_payments' => 'unrequested',
    'twint_payments' => 'unrequested',
    'us_bank_account_ach_payments' => 'unrequested',
    'us_bank_transfer_payments' => 'unrequested',
    'wechat_pay_payments' => 'unrequested',
  ),
  'capability_requirements' => 
  array (
    'afterpay_clearpay_payments' => 
    array (
    ),
    'alipay_payments' => 
    array (
      0 => 'business_profile.product_description',
    ),
    'amazon_pay_payments' => 
    array (
    ),
    'bacs_debit_payments' => 
    array (
    ),
    'bancontact_payments' => 
    array (
    ),
    'bank_transfer_payments' => 
    array (
    ),
    'billie_payments' => 
    array (
    ),
    'card_payments' => 
    array (
    ),
    'cartes_bancaires_payments' => 
    array (
    ),
    'eps_payments' => 
    array (
    ),
    'gb_bank_transfer_payments' => 
    array (
    ),
    'ideal_payments' => 
    array (
    ),
    'kakao_pay_payments' => 
    array (
    ),
    'klarna' => 
    array (
    ),
    'klarna_payments' => 
    array (
    ),
    'kr_card_payments' => 
    array (
    ),
    'legacy_payments' => 
    array (
    ),
    'link_payments' => 
    array (
    ),
    'mb_way_payments' => 
    array (
    ),
    'multibanco_payments' => 
    array (
    ),
    'naver_pay_payments' => 
    array (
    ),
    'p24_payments' => 
    array (
    ),
    'pay_by_bank_payments' => 
    array (
    ),
    'payco_payments' => 
    array (
    ),
    'revolut_pay_payments' => 
    array (
    ),
    'samsung_pay_payments' => 
    array (
    ),
    'sepa_bank_transfer_payments' => 
    array (
    ),
    'sepa_debit_payments' => 
    array (
    ),
    'transfers' => 
    array (
    ),
    'twint_payments' => 
    array (
    ),
    'us_bank_account_ach_payments' => 
    array (
    ),
    'us_bank_transfer_payments' => 
    array (
    ),
    'wechat_pay_payments' => 
    array (
      0 => 'business_profile.product_description',
    ),
  ),
  'payments_enabled' => true,
  'deposits' => 
  array (
    'status' => 'enabled',
    'restrictions' => 'deposits_unrestricted',
    'interval' => 'daily',
    'weekly_anchor' => '',
    'monthly_anchor' => NULL,
    'delay_days' => 3,
    'completed_waiting_period' => false,
    'minimum_manual_deposit_amounts' => 
    array (
      'aud' => 500,
      'bgn' => 100,
      'cad' => 500,
      'chf' => 500,
      'czk' => 3000,
      'dkk' => 5000,
      'eur' => 500,
      'gbp' => 500,
      'hkd' => 5000,
      'huf' => 36000,
      'nok' => 5000,
      'nzd' => 500,
      'jpy' => 50,
      'sek' => 5000,
      'sgd' => 500,
      'usd' => 500,
      'ron' => 500,
      'pln' => 500,
      'aed' => 200,
    ),
    'minimum_scheduled_deposit_amounts' => 
    array (
      'aed' => 200,
      'aud' => 0,
      'bgn' => 100,
      'cad' => 0,
      'chf' => 500,
      'czk' => 3000,
      'dkk' => 2000,
      'eur' => 100,
      'gbp' => 100,
      'hkd' => 0,
      'huf' => 36000,
      'jpy' => 1,
      'nok' => 2000,
      'nzd' => 0,
      'pln' => 500,
      'ron' => 500,
      'sek' => 2000,
      'sgd' => 100,
      'usd' => 0,
    ),
  ),
  'lifetime_total_payment_volume' => 0,
  'requirements' => 
  array (
    'errors' => 
    array (
    ),
  ),
  'statement_descriptor' => 'PAPA POKE',
  'statement_descriptor_kanji' => '',
  'statement_descriptor_kana' => '',
  'latest_tos_agreement' => 
  array (
    'date' => '2024-11-10 22:23:55',
    'source' => 'signup',
    'is_current_version' => true,
  ),
  'fees' => 
  array (
    'base' => 
    array (
      'percentage_rate' => 0.01499999999999999944488848768742172978818416595458984375,
      'fixed_rate' => 25,
      'currency' => 'gbp',
    ),
    'discount' => 
    array (
    ),
    'card' => 
    array (
      'base' => 
      array (
        'percentage_rate' => 0.01499999999999999944488848768742172978818416595458984375,
        'fixed_rate' => 25,
        'currency' => 'gbp',
      ),
      'additional' => 
      array (
        'percentage_rate' => 0.0200000000000000004163336342344337026588618755340576171875,
        'fixed_rate' => 0,
        'currency' => 'eur',
      ),
      'fx' => 
      array (
        'percentage_rate' => 0.0200000000000000004163336342344337026588618755340576171875,
        'fixed_rate' => 0,
        'currency' => 'gbp',
      ),
      'discount' => 
      array (
      ),
    ),
    'card_present' => 
    array (
      'base' => 
      array (
        'percentage_rate' => 0.01400000000000000029143354396410359186120331287384033203125,
        'fixed_rate' => 20,
        'currency' => 'gbp',
      ),
      'additional' => 
      array (
        'percentage_rate' => 0.0200000000000000004163336342344337026588618755340576171875,
        'fixed_rate' => 0,
        'currency' => 'gbp',
      ),
      'fx' => 
      array (
        'percentage_rate' => 0.0200000000000000004163336342344337026588618755340576171875,
        'fixed_rate' => 0,
        'currency' => 'gbp',
      ),
      'discount' => 
      array (
      ),
    ),
    'bancontact' => 
    array (
      'base' => 
      array (
        'percentage_rate' => 0.01400000000000000029143354396410359186120331287384033203125,
        'fixed_rate' => 20,
        'currency' => 'gbp',
      ),
      'additional' => 
      array (
        'percentage_rate' => 0,
        'fixed_rate' => 0,
        'currency' => 'gbp',
      ),
      'fx' => 
      array (
        'percentage_rate' => 0,
        'fixed_rate' => 0,
        'currency' => 'gbp',
      ),
      'discount' => 
      array (
      ),
    ),
    'eps' => 
    array (
      'base' => 
      array (
        'percentage_rate' => 0.01600000000000000033306690738754696212708950042724609375,
        'fixed_rate' => 20,
        'currency' => 'gbp',
      ),
      'additional' => 
      array (
        'percentage_rate' => 0,
        'fixed_rate' => 0,
        'currency' => 'gbp',
      ),
      'fx' => 
      array (
        'percentage_rate' => 0,
        'fixed_rate' => 0,
        'currency' => 'gbp',
      ),
      'discount' => 
      array (
      ),
    ),
    'ideal' => 
    array (
      'base' => 
      array (
        'percentage_rate' => 0,
        'fixed_rate' => 25,
        'currency' => 'gbp',
      ),
      'additional' => 
      array (
        'percentage_rate' => 0,
        'fixed_rate' => 0,
        'currency' => 'gbp',
      ),
      'fx' => 
      array (
        'percentage_rate' => 0,
        'fixed_rate' => 0,
        'currency' => 'gbp',
      ),
      'discount' => 
      array (
      ),
    ),
    'p24' => 
    array (
      'base' => 
      array (
        'percentage_rate' => 0.021999999999999998723243521681069978512823581695556640625,
        'fixed_rate' => 20,
        'currency' => 'gbp',
      ),
      'additional' => 
      array (
        'percentage_rate' => 0,
        'fixed_rate' => 0,
        'currency' => 'gbp',
      ),
      'fx' => 
      array (
        'percentage_rate' => 0,
        'fixed_rate' => 0,
        'currency' => 'gbp',
      ),
      'discount' => 
      array (
      ),
    ),
    'klarna' => 
    array (
      'base' => 
      array (
        'percentage_rate' => 0.049899999999999999911182158029987476766109466552734375,
        'fixed_rate' => 35,
        'currency' => 'gbp',
      ),
      'additional' => 
      array (
        'percentage_rate' => 0,
        'fixed_rate' => 0,
        'currency' => 'gbp',
      ),
      'fx' => 
      array (
        'percentage_rate' => 0,
        'fixed_rate' => 0,
        'currency' => 'gbp',
      ),
      'discount' => 
      array (
      ),
    ),
    'afterpay_clearpay' => 
    array (
      'base' => 
      array (
        'percentage_rate' => 0.059999999999999997779553950749686919152736663818359375,
        'fixed_rate' => 30,
        'currency' => 'gbp',
      ),
      'additional' => 
      array (
        'percentage_rate' => 0,
        'fixed_rate' => 0,
        'currency' => 'gbp',
      ),
      'fx' => 
      array (
        'percentage_rate' => 0,
        'fixed_rate' => 0,
        'currency' => 'gbp',
      ),
      'discount' => 
      array (
      ),
    ),
  ),
  'capital' => 
  array (
    'has_active_loan' => false,
    'has_previous_loans' => false,
    'loans' => 
    array (
    ),
  ),
  'fraud_services' => 
  array (
    'stripe' => 
    array (
    ),
    'sift' => 
    array (
      'beacon_key' => '1d81b5c86a',
      'sandbox_beacon_key' => '43e8654e6f',
    ),
  ),
  'store_currencies' => 
  array (
    'default' => 'gbp',
    'supported' => 
    array (
      0 => 'gbp',
    ),
  ),
  'customer_currencies' => 
  array (
    'supported' => 
    array (
      0 => 'usd',
      1 => 'aed',
      2 => 'afn',
      3 => 'all',
      4 => 'amd',
      5 => 'ang',
      6 => 'aoa',
      7 => 'ars',
      8 => 'aud',
      9 => 'awg',
      10 => 'azn',
      11 => 'bam',
      12 => 'bbd',
      13 => 'bdt',
      14 => 'bif',
      15 => 'bmd',
      16 => 'bnd',
      17 => 'bob',
      18 => 'brl',
      19 => 'bsd',
      20 => 'bwp',
      21 => 'byn',
      22 => 'bzd',
      23 => 'cad',
      24 => 'cdf',
      25 => 'chf',
      26 => 'clp',
      27 => 'cny',
      28 => 'cop',
      29 => 'crc',
      30 => 'cve',
      31 => 'czk',
      32 => 'djf',
      33 => 'dkk',
      34 => 'dop',
      35 => 'dzd',
      36 => 'egp',
      37 => 'etb',
      38 => 'eur',
      39 => 'fjd',
      40 => 'fkp',
      41 => 'gbp',
      42 => 'gel',
      43 => 'gip',
      44 => 'gmd',
      45 => 'gnf',
      46 => 'gtq',
      47 => 'gyd',
      48 => 'hkd',
      49 => 'hnl',
      50 => 'htg',
      51 => 'huf',
      52 => 'idr',
      53 => 'ils',
      54 => 'inr',
      55 => 'isk',
      56 => 'jmd',
      57 => 'jpy',
      58 => 'kes',
      59 => 'kgs',
      60 => 'khr',
      61 => 'kmf',
      62 => 'krw',
      63 => 'kyd',
      64 => 'kzt',
      65 => 'lak',
      66 => 'lbp',
      67 => 'lkr',
      68 => 'lrd',
      69 => 'lsl',
      70 => 'mad',
      71 => 'mdl',
      72 => 'mga',
      73 => 'mkd',
      74 => 'mmk',
      75 => 'mnt',
      76 => 'mop',
      77 => 'mur',
      78 => 'mvr',
      79 => 'mwk',
      80 => 'mxn',
      81 => 'myr',
      82 => 'mzn',
      83 => 'nad',
      84 => 'ngn',
      85 => 'nio',
      86 => 'nok',
      87 => 'npr',
      88 => 'nzd',
      89 => 'pab',
      90 => 'pen',
      91 => 'pgk',
      92 => 'php',
      93 => 'pkr',
      94 => 'pln',
      95 => 'pyg',
      96 => 'qar',
      97 => 'ron',
      98 => 'rsd',
      99 => 'rub',
      100 => 'rwf',
      101 => 'sar',
      102 => 'sbd',
      103 => 'scr',
      104 => 'sek',
      105 => 'sgd',
      106 => 'shp',
      107 => 'sle',
      108 => 'sos',
      109 => 'srd',
      110 => 'std',
      111 => 'szl',
      112 => 'thb',
      113 => 'tjs',
      114 => 'top',
      115 => 'try',
      116 => 'ttd',
      117 => 'twd',
      118 => 'tzs',
      119 => 'uah',
      120 => 'ugx',
      121 => 'uyu',
      122 => 'uzs',
      123 => 'vnd',
      124 => 'vuv',
      125 => 'wst',
      126 => 'xaf',
      127 => 'xcd',
      128 => 'xcg',
      129 => 'xof',
      130 => 'xpf',
      131 => 'yer',
      132 => 'zar',
      133 => 'zmw',
    ),
  ),
  'country' => '(redacted)',
  'instant_deposits_eligible' => false,
  'card_present_eligible' => true,
  'has_card_readers_available' => false,
  'platform_checkout_eligible' => false,
  'platform_direct_checkout_eligible' => false,
  'platform_global_theme_support_enabled' => false,
  'business_profile' => 
  array (
    'name' => '(redacted)',
    'url' => 'https://papapoke.co.uk',
    'support_address' => 
    array (
    ),
    'support_email' => 'contactus@papapoke.co.uk',
    'support_phone' => '+447387156597',
  ),
  'branding' => 
  array (
    'icon' => NULL,
    'logo' => NULL,
    'primary_color' => NULL,
    'secondary_color' => NULL,
  ),
  'locale' => 'en_GB',
  'has_more_failed_events' => false,
  'has_submitted_vat_data' => false,
  'is_documents_enabled' => true,
  'card_testing_protection_eligible' => false,
  'fraud_mitigation_settings' => 
  array (
    'avs_check_enabled' => false,
    'cvc_check_enabled' => true,
  ),
  'is_deferred_intent_creation_upe_enabled' => true,
  'pre_check_save_my_info' => false,
  'is_tokenized_ece_disabled' => false,
  'ece_confirmation_tokens_disabled' => false,
  'eligibility_wporg_review_campaign_2025' => false,
  'progressive_onboarding' => 
  array (
    'is_enabled' => false,
    'is_complete' => false,
  ),
)
2026-02-03T16:48:25+00:00 INFO ENVIRONMENT: array (
  'WP_User' => 'Guest (non logged-in user)',
  'HTTP_REFERER' => '--',
  'HTTP_USER_AGENT' => 'WordPress/6.9; https://papapoke.co.uk',
  'REQUEST_URI' => '/wp-cron.php?doing_wp_cron=1770137305.3112618923187255859375',
  'DOING_AJAX' => false,
  'DOING_CRON' => true,
  'WP_CLI' => false,
)
2026-02-03T16:48:25+00:00 INFO REQUEST POST https://public-api.wordpress.com/wpcom/v2/sites/%s/wcpay/compatibility
2026-02-03T16:48:25+00:00 INFO HEADERS: array (
  'Content-Type' => 'application/json; charset=utf-8',
  'User-Agent' => 'WooCommerce Payments/8.6.0',
  'Idempotency-Key' => 'f14a24b1-aeb1-4366-97cd-2cecc8b223ab',
)
2026-02-03T16:48:25+00:00 INFO BODY: array (
  'test_mode' => false,
  'compatibility_data' => 
  array (
    'woopayments_version' => '8.6.0',
    'woocommerce_version' => '10.0.5',
    'woocommerce_permalinks' => 
    array (
      'product_base' => 'product',
      'category_base' => 'product-category',
      'tag_base' => 'product-tag',
      'attribute_base' => '',
      'use_verbose_page_rules' => false,
    ),
    'woocommerce_shop' => 'https://papapoke.co.uk/?page_id=7',
    'woocommerce_cart' => 'Not set',
    'woocommerce_checkout' => 'https://papapoke.co.uk/checkout/',
    'blog_theme' => 'papa',
    'active_plugins' => 
    array (
      0 => 'added-to-cart-popup-woocommerce/xoo-cp-main.php',
      1 => 'advanced-custom-fields-pro/acf.php',
      2 => 'classic-editor/classic-editor.php',
      3 => 'classic-widgets/classic-widgets.php',
      4 => 'contact-form-7/wp-contact-form-7.php',
      5 => 'health-check/health-check.php',
      6 => 'popup-maker/popup-maker.php',
      8 => 'regenerate-thumbnails/regenerate-thumbnails.php',
      9 => 'shipping-zones-by-drawing-for-woocommerce/shipping-zones-by-drawing.php',
      10 => 'svg-support/svg-support.php',
      11 => 'webp-converter-for-media/webp-converter-for-media.php',
      12 => 'woo-pincode-checker/woo-pincode-checker.php',
      13 => 'woocommerce-google-analytics-integration/woocommerce-google-analytics-integration.php',
      14 => 'woocommerce-lightbox/main.php',
      15 => 'woocommerce-payments/woocommerce-payments.php',
      17 => 'woocommerce/woocommerce.php',
      18 => 'wordpress-seo/wp-seo.php',
      19 => 'wp-rocket/wp-rocket.php',
      20 => 'wp-sitemap-page/wp-sitemap-page.php',
    ),
    'post_types_count' => 
    array (
      'post' => 0,
      'page' => 7,
      'attachment' => 0,
      'product' => 55,
      'popup' => 2,
      'popup_theme' => 8,
      'szbdzones' => 2,
    ),
  ),
)
2026-02-03T16:48:25+00:00 INFO RESPONSE: array (
  'result' => 'success',
)
2026-02-03T17:53:39+00:00 INFO ENVIRONMENT: array (
  'WP_User' => 'Guest (non logged-in user)',
  'HTTP_REFERER' => '--',
  'HTTP_USER_AGENT' => 'Mozilla/5.0 (Linux; Android 6.0.1; Nexus 5X Build/MMB29P) AppleWebKit/537.36 (KHTML, like Gecko) Chrome/144.0.7559.109 Mobile Safari/537.36 (compatible; Googlebot/2.1; +http://www.google.com/bot.html)',
  'REQUEST_URI' => '/product/roll-with-tuna-and-bonito-flakes/?add-to-cart=200',
  'DOING_AJAX' => false,
  'DOING_CRON' => false,
  'WP_CLI' => false,
)
2026-02-03T17:53:39+00:00 INFO REQUEST GET https://public-api.wordpress.com/wpcom/v2/sites/%s/wcpay/currency/rates?test_mode=0&currency_from=gbp
2026-02-03T17:53:39+00:00 INFO HEADERS: array (
  'Content-Type' => 'application/json; charset=utf-8',
  'User-Agent' => 'WooCommerce Payments/8.6.0',
)
2026-02-03T17:53:39+00:00 INFO RESPONSE: array (
  'AED' => 5.0234889999999996490487319533713161945343017578125,
  'AFN' => 90.2791840000000007648850441910326480865478515625,
  'ALL' => 111.9918499999999994543031789362430572509765625,
  'AMD' => 517.65534600000000864383764564990997314453125,
  'ANG' => 2.44848100000000012954615158378146588802337646484375,
  'AOA' => 1247.890803999999889128957875072956085205078125,
  'ARS' => 1982.24586399999998320708982646465301513671875,
  'AUD' => 1.9563900000000000733990646040183492004871368408203125,
  'AWG' => 2.462159000000000208530082090874202549457550048828125,
  'AZN' => 2.32537299999999991229060469777323305606842041015625,
  'BAM' => 2.26455099999999998061639416846446692943572998046875,
  'BBD' => 2.735733000000000192386551134404726326465606689453125,
  'BDT' => 167.08882399999998824569047428667545318603515625,
  'BGN' => 2.2684709999999999041619958006776869297027587890625,
  'BHD' => 0.5157249999999999889865875957184471189975738525390625,
  'BIF' => 4086.72828100000015183468349277973175048828125,
  'BMD' => 1.3678660000000000263042920778389088809490203857421875,
  'BND' => 1.7379320000000000323581161865149624645709991455078125,
  'BOB' => 9.526908999999999849706000532023608684539794921875,
  'BRL' => 7.152300000000000324007487506605684757232666015625,
  'BSD' => 1.3678660000000000263042920778389088809490203857421875,
  'BTC' => 1.800000000000000045601543374740316494353464804589748382568359375E-5,
  'BTN' => 125.6282829999999961501089273951947689056396484375,
  'BWP' => 18.088066000000001309899744228459894657135009765625,
  'BYN' => 3.917336999999999846977516426704823970794677734375,
  'BZD' => 2.74973299999999998277644408517517149448394775390625,
  'CAD' => 1.8690979999999999261461880450951866805553436279296875,
  'CDF' => 3117.3452459999998609418980777263641357421875,
  'CHF' => 1.062848999999999932697392068803310394287109375,
  'CLF' => 0.0298880000000000013715695246219183900393545627593994140625,
  'CLP' => 1180.03095299999995404505170881748199462890625,
  'CNH' => 9.4856660000000001531361704110167920589447021484375,
  'CNY' => 9.49094099999999940564521239139139652252197265625,
  'COP' => 4966.818511999999827821739017963409423828125,
  'CRC' => 679.020318999999972220393829047679901123046875,
  'CUC' => 1.3678660000000000263042920778389088809490203857421875,
  'CUP' => 35.22255899999999684268914279527962207794189453125,
  'CVE' => 127.9003689999999977544575813226401805877685546875,
  'CZK' => 28.22010999999999825149643584154546260833740234375,
  'DJF' => 243.4778489999999919746187515556812286376953125,
  'DKK' => 8.6624309999999997700115272891707718372344970703125,
  'DOP' => 86.8379900000000048976289690472185611724853515625,
  'DZD' => 177.807915000000008376446203328669071197509765625,
  'EGP' => 64.2166749999999950659912428818643093109130859375,
  'ERN' => 20.5179949999999990950527717359364032745361328125,
  'ETB' => 212.077645999999987225237418897449970245361328125,
  'EUR' => 1.1597999999999999420907670355518348515033721923828125,
  'FJD' => 3.01498299999999996856558936997316777706146240234375,
  'FKP' => 1,
  'GBP' => 1,
  'GEL' => 3.68639999999999989910293152206577360630035400390625,
  'GGP' => 1,
  'GHS' => 14.97819199999999995043253875337541103363037109375,
  'GIP' => 1,
  'GMD' => 100.310201000000006388290785253047943115234375,
  'GNF' => 11994.953247999999803141690790653228759765625,
  'GTQ' => 10.4869830000000003877858034684322774410247802734375,
  'GYD' => 286.0487689999999929568730294704437255859375,
  'HKD' => 10.6859289999999997888835423509590327739715576171875,
  'HNL' => 36.1227319999999991750883054919540882110595703125,
  'HRK' => 8.7388910000000006306208888418041169643402099609375,
  'HTG' => 179.33778799999998909697751514613628387451171875,
  'HUF' => 441.5824890000000095824361778795719146728515625,
  'IDR' => 22944.7987680000005639158189296722412109375,
  'ILS' => 4.22964099999999998402699930011294782161712646484375,
  'IMP' => 1,
  'INR' => 123.4620220000000045956767280586063861846923828125,
  'IQD' => 1791.0614869999999427818693220615386962890625,
  'IRR' => 57568.0237199999974109232425689697265625,
  'ISK' => 168.192847999999997909981175325810909271240234375,
  'JEP' => 1,
  'JMD' => 215.8648689999999987776391208171844482421875,
  'JOD' => 0.96981700000000004013855914308805949985980987548828125,
  'JPY' => 213.174524999999988494892022572457790374755859375,
  'KES' => 176.454760999999990644937497563660144805908203125,
  'KGS' => 119.61991299999999682768248021602630615234375,
  'KHR' => 5516.6197739999997793347574770450592041015625,
  'KMF' => 571.7685219999999617357389070093631744384765625,
  'KPW' => 1231.07972599999993690289556980133056640625,
  'KRW' => 1982.549944000000095911673270165920257568359375,
  'KWD' => 0.420364000000000015422330079672974534332752227783203125,
  'KYD' => 1.139405000000000001136868377216160297393798828125,
  'KZT' => 693.751629999999977371771819889545440673828125,
  'LAK' => 29407.80353200000172364525496959686279296875,
  'LBP' => 122419.60583899999619461596012115478515625,
  'LKR' => 423.191364000000021405867300927639007568359375,
  'LRD' => 254.30225799999999480860424228012561798095703125,
  'LSL' => 21.898900000000001142552719102241098880767822265625,
  'LYD' => 8.6438439999999996388169165584258735179901123046875,
  'MAD' => 12.5415779999999994487325238878838717937469482421875,
  'MDL' => 23.020430000000001058424459188245236873626708984375,
  'MGA' => 6059.4879790000004504690878093242645263671875,
  'MKD' => 71.504268999999993638994055800139904022216796875,
  'MMK' => 2872.3825740000002042506821453571319580078125,
  'MNT' => 4869.60424899999998160637915134429931640625,
  'MOP' => 11.0025279999999998636894815717823803424835205078125,
  'MUR' => 62.7713839999999976271283230744302272796630859375,
  'MVR' => 21.13353599999999943293005344457924365997314453125,
  'MWK' => 2370.86541600000009566429071128368377685546875,
  'MXN' => 23.656901000000001289436113438569009304046630859375,
  'MYR' => 5.3791349999999997777422322542406618595123291015625,
  'MZN' => 87.20147900000000618092599324882030487060546875,
  'NAD' => 21.898900000000001142552719102241098880767822265625,
  'NGN' => 1902.209677999999939856934361159801483154296875,
  'NIO' => 50.31803099999999773217496112920343875885009765625,
  'NOK' => 13.2235999999999993548271959298290312290191650390625,
  'NPR' => 201.16199399999999286592355929315090179443359375,
  'NZD' => 2.269226000000000187384330274653621017932891845703125,
  'OMR' => 0.52597499999999997033484078201581723988056182861328125,
  'PAB' => 1.3678660000000000263042920778389088809490203857421875,
  'PEN' => 4.602743000000000250793164013884961605072021484375,
  'PGK' => 5.85767799999999994042809703387320041656494140625,
  'PHP' => 80.8792059999999963793015922419726848602294921875,
  'PKR' => 382.38034499999997706254362128674983978271484375,
  'PLN' => 4.8970409999999997552322383853606879711151123046875,
  'PYG' => 9070.769603999999162624590098857879638671875,
  'QAR' => 4.9716029999999999944293449516408145427703857421875,
  'RON' => 5.9108239999999998559587766067124903202056884765625,
  'RSD' => 136.20255700000001297667040489614009857177734375,
  'RUB' => 105.35993799999999964711605571210384368896484375,
  'RWF' => 1995.42076399999996283440850675106048583984375,
  'SAR' => 5.12961500000000025778490453376434743404388427734375,
  'SBD' => 11.022406000000000148020262713544070720672607421875,
  'SCR' => 18.863603999999998706016413052566349506378173828125,
  'SDG' => 822.7716169999999920037225820124149322509765625,
  'SEK' => 12.20277899999999959845808916725218296051025390625,
  'SGD' => 1.7387699999999999267430439431336708366870880126953125,
  'SHP' => 1,
  'SLL' => 28683.47368199999982607550919055938720703125,
  'SOS' => 780.057579000000032465322874486446380615234375,
  'SRD' => 52.1355420000000009395080269314348697662353515625,
  'SSP' => 178.1782719999999926585587672889232635498046875,
  'STD' => 30478.52470900000116671435534954071044921875,
  'SVC' => 11.9635820000000006047002898412756621837615966796875,
  'SYP' => 17784.99844099999972968362271785736083984375,
  'SZL' => 21.906833999999999917918103164993226528167724609375,
  'THB' => 43.18832900000000307727532344870269298553466796875,
  'TJS' => 12.7769220000000007786411515553481876850128173828125,
  'TMT' => 4.8012110000000003395825842744670808315277099609375,
  'TND' => 3.953643000000000018445689420332200825214385986328125,
  'TOP' => 3.29349399999999992161292539094574749469757080078125,
  'TRY' => 59.47564799999999962665242492221295833587646484375,
  'TTD' => 9.2608920000000001238049662788398563861846923828125,
  'TWD' => 43.22320599999999757301338831894099712371826171875,
  'TZS' => 3534.621395000000120489858090877532958984375,
  'UAH' => 59.16880400000000150839696289040148258209228515625,
  'UGX' => 4874.049522999999680905602872371673583984375,
  'USD' => 1.3678660000000000263042920778389088809490203857421875,
  'UYU' => 52.73056299999999652072801836766302585601806640625,
  'UZS' => 16737.701690000001690350472927093505859375,
  'VND' => 35565.948055000000749714672565460205078125,
  'VUV' => 165.922190000000000509317032992839813232421875,
  'WST' => 3.785981000000000040728309613768942654132843017578125,
  'XAF' => 760.779240999999956329702399671077728271484375,
  'XAG' => 0.01551600000000000027788882306367668206803500652313232421875,
  'XAU' => 0.000277000000000000010970391262077328065061010420322418212890625,
  'XCD' => 3.69672700000000009623590813134796917438507080078125,
  'XDR' => 0.94493799999999994465582631164579652249813079833984375,
  'XOF' => 760.779240999999956329702399671077728271484375,
  'XPD' => 0.0008069999999999999916455717396956970333121716976165771484375,
  'XPF' => 138.401012000000008583810995332896709442138671875,
  'XPT' => 0.00065200000000000001877664690397295998991467058658599853515625,
  'YER' => 326.06500299999999015199136920273303985595703125,
  'ZAR' => 21.858453000000000798763721832074224948883056640625,
  'ZMW' => 26.8315300000000007685230229981243610382080078125,
  'ZWL' => 440.45296899999999595820554532110691070556640625,
)
2026-02-03T22:18:41+00:00 INFO ENVIRONMENT: array (
  'WP_User' => 'Guest (non logged-in user)',
  'HTTP_REFERER' => '--',
  'HTTP_USER_AGENT' => 'WordPress/6.9.1; https://papapoke.co.uk',
  'REQUEST_URI' => '/wp-cron.php?doing_wp_cron=1770157120.8952429294586181640625',
  'DOING_AJAX' => false,
  'DOING_CRON' => true,
  'WP_CLI' => false,
)
2026-02-03T22:18:41+00:00 INFO REQUEST GET https://public-api.wordpress.com/wpcom/v2/wcpay/woopay/compatibility?test_mode=0
2026-02-03T22:18:41+00:00 INFO HEADERS: array (
  'Content-Type' => 'application/json; charset=utf-8',
  'User-Agent' => 'WooCommerce Payments/8.6.0',
)
2026-02-03T22:18:41+00:00 INFO RESPONSE: array (
  'incompatible_extensions' => 
  array (
    0 => 'class-wcdonation',
    1 => 'woocommerce-avatax',
    2 => 'woocommerce-table-rate-shipping',
    3 => 'woocommerce-memberships-for-teams',
    4 => 'woocommerce-checkout-add-ons',
    5 => 'woocommerce-checkout-field-editor',
    6 => 'woocommerce-eu-vat-number',
    7 => 'woocommerce-order-delivery',
    8 => 'woocommerce-pdf-product-vouchers',
    9 => 'woocommerce-shipping-local-pickup-plus',
    10 => 'woocommerce-shipping-multiple-addresses',
    11 => 'woocommerce-smart-coupons',
    12 => 'woocommerce-subscriptions-gifting',
    13 => 'advanced-product-fields-for-woocommerce',
    14 => 'mage-eventpress',
  ),
  'adapted_extensions' => 
  array (
    0 => 'woocommerce-points-and-rewards',
    1 => 'woocommerce-gift-cards',
  ),
  'available_countries' => 
  array (
    0 => 'US',
  ),
)
2026-02-03T23:20:29+00:00 INFO ENVIRONMENT: array (
  'WP_User' => 'Guest (non logged-in user)',
  'HTTP_REFERER' => '--',
  'HTTP_USER_AGENT' => 'Mozilla/5.0 (Windows NT 10.0; Win64; x64) AppleWebKit/537.36 (KHTML, like Gecko) Chrome/120.0.0.0 Safari/537.36',
  'REQUEST_URI' => '/wp-admin/',
  'DOING_AJAX' => false,
  'DOING_CRON' => false,
  'WP_CLI' => false,
)
2026-02-03T23:20:29+00:00 INFO REQUEST GET https://public-api.wordpress.com/wpcom/v2/sites/%s/wcpay/accounts?test_mode=0
2026-02-03T23:20:29+00:00 INFO HEADERS: array (
  'Content-Type' => 'application/json; charset=utf-8',
  'User-Agent' => 'WooCommerce Payments/8.6.0',
)
2026-02-03T23:20:31+00:00 INFO RESPONSE: array (
  'account_id' => 'acct_1QJjXwFt5S7zes6j',
  'email' => '(redacted)',
  'communications_email' => 'contactus@papapoke.co.uk',
  'live_publishable_key' => 'pk_live_51ETDmyFuiXB5oUVxaIafkGPnwuNcBxr1pXVhvLJ4BrWuiqfG6SldjatOGLQhuqXnDmgqwRA7tDoSFlbY4wFji7KR0079TvtxNs',
  'test_publishable_key' => 'pk_test_51ETDmyFuiXB5oUVxwSobQMW5Tno1GclIq7ePZWzLeW4q8oa7Zb8hI5VfwI5sNT5nXuKYinLukNvGCXmsQXAoDGHG00MqHqlYHR',
  'is_live' => true,
  'is_test_drive' => false,
  'created' => '2024-11-10 22:23:55',
  'has_pending_requirements' => false,
  'has_future_requirements' => false,
  'has_overdue_requirements' => false,
  'details_submitted' => true,
  'current_deadline' => NULL,
  'status' => 'complete',
  'capabilities' => 
  array (
    'card_payments' => 'active',
    'transfers' => 'active',
    'afterpay_clearpay_payments' => 'unrequested',
    'alipay_payments' => 'unrequested',
    'amazon_pay_payments' => 'unrequested',
    'bacs_debit_payments' => 'unrequested',
    'bancontact_payments' => 'unrequested',
    'bank_transfer_payments' => 'unrequested',
    'billie_payments' => 'unrequested',
    'cartes_bancaires_payments' => 'unrequested',
    'eps_payments' => 'unrequested',
    'gb_bank_transfer_payments' => 'unrequested',
    'ideal_payments' => 'unrequested',
    'kakao_pay_payments' => 'unrequested',
    'klarna' => 'unrequested',
    'klarna_payments' => 'unrequested',
    'kr_card_payments' => 'unrequested',
    'legacy_payments' => 'unrequested',
    'link_payments' => 'unrequested',
    'mb_way_payments' => 'unrequested',
    'multibanco_payments' => 'unrequested',
    'naver_pay_payments' => 'unrequested',
    'p24_payments' => 'unrequested',
    'pay_by_bank_payments' => 'unrequested',
    'payco_payments' => 'unrequested',
    'revolut_pay_payments' => 'unrequested',
    'samsung_pay_payments' => 'unrequested',
    'sepa_bank_transfer_payments' => 'unrequested',
    'sepa_debit_payments' => 'unrequested',
    'twint_payments' => 'unrequested',
    'us_bank_account_ach_payments' => 'unrequested',
    'us_bank_transfer_payments' => 'unrequested',
    'wechat_pay_payments' => 'unrequested',
  ),
  'capability_requirements' => 
  array (
    'afterpay_clearpay_payments' => 
    array (
    ),
    'alipay_payments' => 
    array (
      0 => 'business_profile.product_description',
    ),
    'amazon_pay_payments' => 
    array (
    ),
    'bacs_debit_payments' => 
    array (
    ),
    'bancontact_payments' => 
    array (
    ),
    'bank_transfer_payments' => 
    array (
    ),
    'billie_payments' => 
    array (
    ),
    'card_payments' => 
    array (
    ),
    'cartes_bancaires_payments' => 
    array (
    ),
    'eps_payments' => 
    array (
    ),
    'gb_bank_transfer_payments' => 
    array (
    ),
    'ideal_payments' => 
    array (
    ),
    'kakao_pay_payments' => 
    array (
    ),
    'klarna' => 
    array (
    ),
    'klarna_payments' => 
    array (
    ),
    'kr_card_payments' => 
    array (
    ),
    'legacy_payments' => 
    array (
    ),
    'link_payments' => 
    array (
    ),
    'mb_way_payments' => 
    array (
    ),
    'multibanco_payments' => 
    array (
    ),
    'naver_pay_payments' => 
    array (
    ),
    'p24_payments' => 
    array (
    ),
    'pay_by_bank_payments' => 
    array (
    ),
    'payco_payments' => 
    array (
    ),
    'revolut_pay_payments' => 
    array (
    ),
    'samsung_pay_payments' => 
    array (
    ),
    'sepa_bank_transfer_payments' => 
    array (
    ),
    'sepa_debit_payments' => 
    array (
    ),
    'transfers' => 
    array (
    ),
    'twint_payments' => 
    array (
    ),
    'us_bank_account_ach_payments' => 
    array (
    ),
    'us_bank_transfer_payments' => 
    array (
    ),
    'wechat_pay_payments' => 
    array (
      0 => 'business_profile.product_description',
    ),
  ),
  'payments_enabled' => true,
  'deposits' => 
  array (
    'status' => 'enabled',
    'restrictions' => 'deposits_unrestricted',
    'interval' => 'daily',
    'weekly_anchor' => '',
    'monthly_anchor' => NULL,
    'delay_days' => 3,
    'completed_waiting_period' => false,
    'minimum_manual_deposit_amounts' => 
    array (
      'aud' => 500,
      'bgn' => 100,
      'cad' => 500,
      'chf' => 500,
      'czk' => 3000,
      'dkk' => 5000,
      'eur' => 500,
      'gbp' => 500,
      'hkd' => 5000,
      'huf' => 36000,
      'nok' => 5000,
      'nzd' => 500,
      'jpy' => 50,
      'sek' => 5000,
      'sgd' => 500,
      'usd' => 500,
      'ron' => 500,
      'pln' => 500,
      'aed' => 200,
    ),
    'minimum_scheduled_deposit_amounts' => 
    array (
      'aed' => 200,
      'aud' => 0,
      'bgn' => 100,
      'cad' => 0,
      'chf' => 500,
      'czk' => 3000,
      'dkk' => 2000,
      'eur' => 100,
      'gbp' => 100,
      'hkd' => 0,
      'huf' => 36000,
      'jpy' => 1,
      'nok' => 2000,
      'nzd' => 0,
      'pln' => 500,
      'ron' => 500,
      'sek' => 2000,
      'sgd' => 100,
      'usd' => 0,
    ),
  ),
  'lifetime_total_payment_volume' => 0,
  'requirements' => 
  array (
    'errors' => 
    array (
    ),
  ),
  'statement_descriptor' => 'PAPA POKE',
  'statement_descriptor_kanji' => '',
  'statement_descriptor_kana' => '',
  'latest_tos_agreement' => 
  array (
    'date' => '2024-11-10 22:23:55',
    'source' => 'signup',
    'is_current_version' => true,
  ),
  'fees' => 
  array (
    'base' => 
    array (
      'percentage_rate' => 0.01499999999999999944488848768742172978818416595458984375,
      'fixed_rate' => 25,
      'currency' => 'gbp',
    ),
    'discount' => 
    array (
    ),
    'card' => 
    array (
      'base' => 
      array (
        'percentage_rate' => 0.01499999999999999944488848768742172978818416595458984375,
        'fixed_rate' => 25,
        'currency' => 'gbp',
      ),
      'additional' => 
      array (
        'percentage_rate' => 0.0200000000000000004163336342344337026588618755340576171875,
        'fixed_rate' => 0,
        'currency' => 'eur',
      ),
      'fx' => 
      array (
        'percentage_rate' => 0.0200000000000000004163336342344337026588618755340576171875,
        'fixed_rate' => 0,
        'currency' => 'gbp',
      ),
      'discount' => 
      array (
      ),
    ),
    'card_present' => 
    array (
      'base' => 
      array (
        'percentage_rate' => 0.01400000000000000029143354396410359186120331287384033203125,
        'fixed_rate' => 20,
        'currency' => 'gbp',
      ),
      'additional' => 
      array (
        'percentage_rate' => 0.0200000000000000004163336342344337026588618755340576171875,
        'fixed_rate' => 0,
        'currency' => 'gbp',
      ),
      'fx' => 
      array (
        'percentage_rate' => 0.0200000000000000004163336342344337026588618755340576171875,
        'fixed_rate' => 0,
        'currency' => 'gbp',
      ),
      'discount' => 
      array (
      ),
    ),
    'bancontact' => 
    array (
      'base' => 
      array (
        'percentage_rate' => 0.01400000000000000029143354396410359186120331287384033203125,
        'fixed_rate' => 20,
        'currency' => 'gbp',
      ),
      'additional' => 
      array (
        'percentage_rate' => 0,
        'fixed_rate' => 0,
        'currency' => 'gbp',
      ),
      'fx' => 
      array (
        'percentage_rate' => 0,
        'fixed_rate' => 0,
        'currency' => 'gbp',
      ),
      'discount' => 
      array (
      ),
    ),
    'eps' => 
    array (
      'base' => 
      array (
        'percentage_rate' => 0.01600000000000000033306690738754696212708950042724609375,
        'fixed_rate' => 20,
        'currency' => 'gbp',
      ),
      'additional' => 
      array (
        'percentage_rate' => 0,
        'fixed_rate' => 0,
        'currency' => 'gbp',
      ),
      'fx' => 
      array (
        'percentage_rate' => 0,
        'fixed_rate' => 0,
        'currency' => 'gbp',
      ),
      'discount' => 
      array (
      ),
    ),
    'ideal' => 
    array (
      'base' => 
      array (
        'percentage_rate' => 0,
        'fixed_rate' => 25,
        'currency' => 'gbp',
      ),
      'additional' => 
      array (
        'percentage_rate' => 0,
        'fixed_rate' => 0,
        'currency' => 'gbp',
      ),
      'fx' => 
      array (
        'percentage_rate' => 0,
        'fixed_rate' => 0,
        'currency' => 'gbp',
      ),
      'discount' => 
      array (
      ),
    ),
    'p24' => 
    array (
      'base' => 
      array (
        'percentage_rate' => 0.021999999999999998723243521681069978512823581695556640625,
        'fixed_rate' => 20,
        'currency' => 'gbp',
      ),
      'additional' => 
      array (
        'percentage_rate' => 0,
        'fixed_rate' => 0,
        'currency' => 'gbp',
      ),
      'fx' => 
      array (
        'percentage_rate' => 0,
        'fixed_rate' => 0,
        'currency' => 'gbp',
      ),
      'discount' => 
      array (
      ),
    ),
    'klarna' => 
    array (
      'base' => 
      array (
        'percentage_rate' => 0.049899999999999999911182158029987476766109466552734375,
        'fixed_rate' => 35,
        'currency' => 'gbp',
      ),
      'additional' => 
      array (
        'percentage_rate' => 0,
        'fixed_rate' => 0,
        'currency' => 'gbp',
      ),
      'fx' => 
      array (
        'percentage_rate' => 0,
        'fixed_rate' => 0,
        'currency' => 'gbp',
      ),
      'discount' => 
      array (
      ),
    ),
    'afterpay_clearpay' => 
    array (
      'base' => 
      array (
        'percentage_rate' => 0.059999999999999997779553950749686919152736663818359375,
        'fixed_rate' => 30,
        'currency' => 'gbp',
      ),
      'additional' => 
      array (
        'percentage_rate' => 0,
        'fixed_rate' => 0,
        'currency' => 'gbp',
      ),
      'fx' => 
      array (
        'percentage_rate' => 0,
        'fixed_rate' => 0,
        'currency' => 'gbp',
      ),
      'discount' => 
      array (
      ),
    ),
  ),
  'capital' => 
  array (
    'has_active_loan' => false,
    'has_previous_loans' => false,
    'loans' => 
    array (
    ),
  ),
  'fraud_services' => 
  array (
    'stripe' => 
    array (
    ),
    'sift' => 
    array (
      'beacon_key' => '1d81b5c86a',
      'sandbox_beacon_key' => '43e8654e6f',
    ),
  ),
  'store_currencies' => 
  array (
    'default' => 'gbp',
    'supported' => 
    array (
      0 => 'gbp',
    ),
  ),
  'customer_currencies' => 
  array (
    'supported' => 
    array (
      0 => 'usd',
      1 => 'aed',
      2 => 'afn',
      3 => 'all',
      4 => 'amd',
      5 => 'ang',
      6 => 'aoa',
      7 => 'ars',
      8 => 'aud',
      9 => 'awg',
      10 => 'azn',
      11 => 'bam',
      12 => 'bbd',
      13 => 'bdt',
      14 => 'bif',
      15 => 'bmd',
      16 => 'bnd',
      17 => 'bob',
      18 => 'brl',
      19 => 'bsd',
      20 => 'bwp',
      21 => 'byn',
      22 => 'bzd',
      23 => 'cad',
      24 => 'cdf',
      25 => 'chf',
      26 => 'clp',
      27 => 'cny',
      28 => 'cop',
      29 => 'crc',
      30 => 'cve',
      31 => 'czk',
      32 => 'djf',
      33 => 'dkk',
      34 => 'dop',
      35 => 'dzd',
      36 => 'egp',
      37 => 'etb',
      38 => 'eur',
      39 => 'fjd',
      40 => 'fkp',
      41 => 'gbp',
      42 => 'gel',
      43 => 'gip',
      44 => 'gmd',
      45 => 'gnf',
      46 => 'gtq',
      47 => 'gyd',
      48 => 'hkd',
      49 => 'hnl',
      50 => 'htg',
      51 => 'huf',
      52 => 'idr',
      53 => 'ils',
      54 => 'inr',
      55 => 'isk',
      56 => 'jmd',
      57 => 'jpy',
      58 => 'kes',
      59 => 'kgs',
      60 => 'khr',
      61 => 'kmf',
      62 => 'krw',
      63 => 'kyd',
      64 => 'kzt',
      65 => 'lak',
      66 => 'lbp',
      67 => 'lkr',
      68 => 'lrd',
      69 => 'lsl',
      70 => 'mad',
      71 => 'mdl',
      72 => 'mga',
      73 => 'mkd',
      74 => 'mmk',
      75 => 'mnt',
      76 => 'mop',
      77 => 'mur',
      78 => 'mvr',
      79 => 'mwk',
      80 => 'mxn',
      81 => 'myr',
      82 => 'mzn',
      83 => 'nad',
      84 => 'ngn',
      85 => 'nio',
      86 => 'nok',
      87 => 'npr',
      88 => 'nzd',
      89 => 'pab',
      90 => 'pen',
      91 => 'pgk',
      92 => 'php',
      93 => 'pkr',
      94 => 'pln',
      95 => 'pyg',
      96 => 'qar',
      97 => 'ron',
      98 => 'rsd',
      99 => 'rub',
      100 => 'rwf',
      101 => 'sar',
      102 => 'sbd',
      103 => 'scr',
      104 => 'sek',
      105 => 'sgd',
      106 => 'shp',
      107 => 'sle',
      108 => 'sos',
      109 => 'srd',
      110 => 'std',
      111 => 'szl',
      112 => 'thb',
      113 => 'tjs',
      114 => 'top',
      115 => 'try',
      116 => 'ttd',
      117 => 'twd',
      118 => 'tzs',
      119 => 'uah',
      120 => 'ugx',
      121 => 'uyu',
      122 => 'uzs',
      123 => 'vnd',
      124 => 'vuv',
      125 => 'wst',
      126 => 'xaf',
      127 => 'xcd',
      128 => 'xcg',
      129 => 'xof',
      130 => 'xpf',
      131 => 'yer',
      132 => 'zar',
      133 => 'zmw',
    ),
  ),
  'country' => '(redacted)',
  'instant_deposits_eligible' => false,
  'card_present_eligible' => true,
  'has_card_readers_available' => false,
  'platform_checkout_eligible' => false,
  'platform_direct_checkout_eligible' => false,
  'platform_global_theme_support_enabled' => false,
  'business_profile' => 
  array (
    'name' => '(redacted)',
    'url' => 'https://papapoke.co.uk',
    'support_address' => 
    array (
    ),
    'support_email' => 'contactus@papapoke.co.uk',
    'support_phone' => '+447387156597',
  ),
  'branding' => 
  array (
    'icon' => NULL,
    'logo' => NULL,
    'primary_color' => NULL,
    'secondary_color' => NULL,
  ),
  'locale' => 'en_GB',
  'has_more_failed_events' => false,
  'has_submitted_vat_data' => false,
  'is_documents_enabled' => true,
  'card_testing_protection_eligible' => false,
  'fraud_mitigation_settings' => 
  array (
    'avs_check_enabled' => false,
    'cvc_check_enabled' => true,
  ),
  'is_deferred_intent_creation_upe_enabled' => true,
  'pre_check_save_my_info' => false,
  'is_tokenized_ece_disabled' => false,
  'ece_confirmation_tokens_disabled' => false,
  'eligibility_wporg_review_campaign_2025' => false,
  'progressive_onboarding' => 
  array (
    'is_enabled' => false,
    'is_complete' => false,
  ),
)
2026-02-03T23:23:13+00:00 INFO ENVIRONMENT: array (
  'WP_User' => 'Guest (non logged-in user)',
  'HTTP_REFERER' => '--',
  'HTTP_USER_AGENT' => 'WordPress/6.9.1; https://papapoke.co.uk',
  'REQUEST_URI' => '/wp-admin/admin-ajax.php?action=as_async_request_queue_runner&nonce=ac309c53ac',
  'DOING_AJAX' => true,
  'DOING_CRON' => false,
  'WP_CLI' => false,
)
2026-02-03T23:23:13+00:00 INFO REQUEST POST https://public-api.wordpress.com/wpcom/v2/sites/%s/wcpay/compatibility
2026-02-03T23:23:13+00:00 INFO HEADERS: array (
  'Content-Type' => 'application/json; charset=utf-8',
  'User-Agent' => 'WooCommerce Payments/8.6.0',
  'Idempotency-Key' => 'c319f49d-ff48-4088-9095-ec0769802f5a',
)
2026-02-03T23:23:13+00:00 INFO BODY: array (
  'test_mode' => false,
  'compatibility_data' => 
  array (
    'woopayments_version' => '8.6.0',
    'woocommerce_version' => '10.0.5',
    'woocommerce_permalinks' => 
    array (
      'product_base' => 'product',
      'category_base' => 'product-category',
      'tag_base' => 'product-tag',
      'attribute_base' => '',
      'use_verbose_page_rules' => false,
    ),
    'woocommerce_shop' => 'https://papapoke.co.uk/?page_id=7',
    'woocommerce_cart' => 'Not set',
    'woocommerce_checkout' => 'https://papapoke.co.uk/checkout/',
    'blog_theme' => 'papa',
    'active_plugins' => 
    array (
      0 => 'added-to-cart-popup-woocommerce/xoo-cp-main.php',
      1 => 'advanced-custom-fields-pro/acf.php',
      2 => 'classic-editor/classic-editor.php',
      3 => 'classic-widgets/classic-widgets.php',
      4 => 'contact-form-7/wp-contact-form-7.php',
      5 => 'health-check/health-check.php',
      6 => 'popup-maker/popup-maker.php',
      8 => 'regenerate-thumbnails/regenerate-thumbnails.php',
      9 => 'shipping-zones-by-drawing-for-woocommerce/shipping-zones-by-drawing.php',
      10 => 'svg-support/svg-support.php',
      11 => 'webp-converter-for-media/webp-converter-for-media.php',
      12 => 'woo-pincode-checker/woo-pincode-checker.php',
      13 => 'woocommerce-google-analytics-integration/woocommerce-google-analytics-integration.php',
      14 => 'woocommerce-lightbox/main.php',
      15 => 'woocommerce-payments/woocommerce-payments.php',
      17 => 'woocommerce/woocommerce.php',
      18 => 'wordpress-seo/wp-seo.php',
      19 => 'wp-rocket/wp-rocket.php',
      20 => 'wp-sitemap-page/wp-sitemap-page.php',
    ),
    'post_types_count' => 
    array (
      'post' => 0,
      'page' => 7,
      'attachment' => 0,
      'product' => 55,
      'popup' => 2,
      'popup_theme' => 8,
      'szbdzones' => 2,
    ),
  ),
)
2026-02-03T23:23:14+00:00 INFO RESPONSE: array (
  'result' => 'success',
)
