2026-01-29T00:14:12+00:00 INFO ENVIRONMENT: array (
  'WP_User' => 'Guest (non logged-in user)',
  'HTTP_REFERER' => '--',
  'HTTP_USER_AGENT' => 'Mozilla/5.0 (Windows NT 10.0; Win64; x64) AppleWebKit/537.36 (KHTML, like Gecko) Chrome/131.0.0.0 Safari/537.36',
  'REQUEST_URI' => '/product/office-lunch-box-1-person/?add-to-cart=198',
  'DOING_AJAX' => false,
  'DOING_CRON' => false,
  'WP_CLI' => false,
)
2026-01-29T00:14:12+00:00 INFO REQUEST GET https://public-api.wordpress.com/wpcom/v2/sites/%s/wcpay/currency/rates?test_mode=0&currency_from=gbp
2026-01-29T00:14:12+00:00 INFO HEADERS: array (
  'Content-Type' => 'application/json; charset=utf-8',
  'User-Agent' => 'WooCommerce Payments/8.6.0',
)
2026-01-29T00:14:12+00:00 INFO RESPONSE: array (
  'AED' => 5.0750440000000001106172931031323969364166259765625,
  'AFN' => 89.82377900000000181535142473876476287841796875,
  'ALL' => 111.5420830000000051995812100358307361602783203125,
  'AMD' => 523.2676649999999654028215445578098297119140625,
  'ANG' => 2.473609000000000168739688888308592140674591064453125,
  'AOA' => 1260.47997299999997267150320112705230712890625,
  'ARS' => 1996.052437000000054467818699777126312255859375,
  'AUD' => 1.9636649999999999938182781988871283829212188720703125,
  'AWG' => 2.489154999999999784421333970385603606700897216796875,
  'AZN' => 2.349237000000000019639401216409169137477874755859375,
  'BAM' => 2.257182999999999939433337203809060156345367431640625,
  'BBD' => 2.7638090000000001822400008677504956722259521484375,
  'BDT' => 168.783871000000004869434633292257785797119140625,
  'BGN' => 2.257531000000000176441972143948078155517578125,
  'BHD' => 0.52093299999999997940136609031469561159610748291015625,
  'BIF' => 4091.4530629999999291612766683101654052734375,
  'BMD' => 1.381904000000000021231016944511793553829193115234375,
  'BND' => 1.7428960000000000007958078640513122081756591796875,
  'BOB' => 9.54446300000000036334313335828483104705810546875,
  'BRL' => 7.18203299999999966729546940769068896770477294921875,
  'BSD' => 1.381904000000000021231016944511793553829193115234375,
  'BTC' => 1.5000000000000000380012861456169304119612206704914569854736328125E-5,
  'BTN' => 126.8721910000000008267306839115917682647705078125,
  'BWP' => 18.07308499999999895635482971556484699249267578125,
  'BYN' => 3.927227999999999941138639769633300602436065673828125,
  'BZD' => 2.777934999999999821085339135606773197650909423828125,
  'CAD' => 1.870846999999999926700411378988064825534820556640625,
  'CDF' => 3173.406614999999874271452426910400390625,
  'CHF' => 1.057954000000000061021410147077403962612152099609375,
  'CLF' => 0.030200999999999998679722779115763842128217220306396484375,
  'CLP' => 1191.29682099999990896321833133697509765625,
  'CNH' => 9.59156300000000072714101406745612621307373046875,
  'CNY' => 9.5992599999999992377297530765645205974578857421875,
  'COP' => 5048.527836999999635736458003520965576171875,
  'CRC' => 685.524850000000014915713109076023101806640625,
  'CUC' => 1.381904000000000021231016944511793553829193115234375,
  'CUP' => 35.584035999999997557097231037914752960205078125,
  'CVE' => 127.2549139999999994188328855670988559722900390625,
  'CZK' => 28.043676000000001380385583615861833095550537109375,
  'DJF' => 245.74124100000000225918483920395374298095703125,
  'DKK' => 8.6179339999999999832880348549224436283111572265625,
  'DOP' => 86.9024160000000023273969418369233608245849609375,
  'DZD' => 178.503252000000003363311407156288623809814453125,
  'EGP' => 64.7109640000000041482053347863256931304931640625,
  'ERN' => 20.728564999999999685087459511123597621917724609375,
  'ETB' => 214.777411999999998215571395121514797210693359375,
  'EUR' => 1.15417199999999997572786014643497765064239501953125,
  'FJD' => 3.02789000000000019241497284383513033390045166015625,
  'FKP' => 1,
  'GBP' => 1,
  'GEL' => 3.724232000000000208927986022899858653545379638671875,
  'GGP' => 1,
  'GHS' => 15.096869999999999123474481166340410709381103515625,
  'GIP' => 1,
  'GMD' => 100.8790159999999929141267784871160984039306640625,
  'GNF' => 12120.185922999999093008227646350860595703125,
  'GTQ' => 10.5967420000000007718199412920512259006500244140625,
  'GYD' => 288.97314699999998310886439867317676544189453125,
  'HKD' => 10.7812719999999995224015947314910590648651123046875,
  'HNL' => 36.45054499999999819692675373516976833343505859375,
  'HRK' => 8.696766000000000218506102100946009159088134765625,
  'HTG' => 180.87934899999999061037669889628887176513671875,
  'HUF' => 438.89835299999998596831574104726314544677734375,
  'IDR' => 23134.87967800000114948488771915435791015625,
  'ILS' => 4.281076999999999799229044583626091480255126953125,
  'IMP' => 1,
  'INR' => 127.191924000000000205545802600681781768798828125,
  'IQD' => 1809.36876299999994444078765809535980224609375,
  'IRR' => 58158.8248689999963971786201000213623046875,
  'ISK' => 167.113687999999996236510924063622951507568359375,
  'JEP' => 1,
  'JMD' => 216.51749799999998913335730321705341339111328125,
  'JOD' => 0.9797700000000000297717406283481977880001068115234375,
  'JPY' => 211.558725000000009686118573881685733795166015625,
  'KES' => 178.171998999999999568899511359632015228271484375,
  'KGS' => 120.847532000000001062289811670780181884765625,
  'KHR' => 5552.3437039999998887651599943637847900390625,
  'KMF' => 569.34443099999998594284988939762115478515625,
  'KPW' => 1243.713880999999901177943684160709381103515625,
  'KRW' => 1973.01821100000006481423042714595794677734375,
  'KWD' => 0.423484000000000027075230946138617582619190216064453125,
  'KYD' => 1.15109599999999989705656844307668507099151611328125,
  'KZT' => 695.9316669999999476203811354935169219970703125,
  'LAK' => 29758.52519799999936367385089397430419921875,
  'LBP' => 123674.95391599999857135117053985595703125,
  'LKR' => 427.69152300000001787338987924158573150634765625,
  'LRD' => 255.528638000000000829459168016910552978515625,
  'LSL' => 21.961985999999999563669916824437677860260009765625,
  'LYD' => 8.6740849999999998232169673428870737552642822265625,
  'MAD' => 12.4884439999999994341806086595170199871063232421875,
  'MDL' => 23.064547999999998495468389592133462429046630859375,
  'MGA' => 6162.904223999999885563738644123077392578125,
  'MKD' => 71.1431759999999968613337841816246509552001953125,
  'MMK' => 2901.860864000000219675712287425994873046875,
  'MNT' => 4919.579349999999976716935634613037109375,
  'MOP' => 11.1004290000000001015223460854031145572662353515625,
  'MUR' => 62.31006599999999906458469922654330730438232421875,
  'MVR' => 21.36424099999999981491782818920910358428955078125,
  'MWK' => 2395.59752200000002630986273288726806640625,
  'MXN' => 23.720732999999999179863152676261961460113525390625,
  'MYR' => 5.4156829999999995806092556449584662914276123046875,
  'MZN' => 88.1102159999999940964698907919228076934814453125,
  'NAD' => 21.962078000000001765101842465810477733612060546875,
  'NGN' => 1927.0102870000000621075741946697235107421875,
  'NIO' => 50.82643300000000152749635162763297557830810546875,
  'NOK' => 13.232364000000000459067450719885528087615966796875,
  'NPR' => 202.992740999999995210600900463759899139404296875,
  'NZD' => 2.280866000000000060055072026443667709827423095703125,
  'OMR' => 0.531336000000000030496494218823499977588653564453125,
  'PAB' => 1.381904000000000021231016944511793553829193115234375,
  'PEN' => 4.62154299999999995662847140920348465442657470703125,
  'PGK' => 5.91236599999999956622787067317403852939605712890625,
  'PHP' => 81.228331999999994650352164171636104583740234375,
  'PKR' => 386.392344999999977517290972173213958740234375,
  'PLN' => 4.8538680000000002934257281594909727573394775390625,
  'PYG' => 9275.2230889999991632066667079925537109375,
  'QAR' => 5.02205399999999979598896970856003463268280029296875,
  'RON' => 5.8823530000000001649596015340648591518402099609375,
  'RSD' => 135.51506399999999530336936004459857940673828125,
  'RUB' => 105.7993440000000049394657253287732601165771484375,
  'RWF' => 2015.17141399999991335789673030376434326171875,
  'SAR' => 5.1826460000000000860609361552633345127105712890625,
  'SBD' => 11.162575000000000358113538823090493679046630859375,
  'SCR' => 19.006254999999999455440047313459217548370361328125,
  'SDG' => 831.2154440000000477084540762007236480712890625,
  'SEK' => 12.19171300000000002228262019343674182891845703125,
  'SGD' => 1.74373500000000003495870259939692914485931396484375,
  'SHP' => 1,
  'SLL' => 28977.84246799999891663901507854461669921875,
  'SOS' => 788.0071920000000318395905196666717529296875,
  'SRD' => 52.6394990000000007057678885757923126220703125,
  'SSP' => 180.006855999999999085048330016434192657470703125,
  'STD' => 30791.31549599999925703741610050201416015625,
  'SVC' => 12.085553000000000878344508237205445766448974609375,
  'SYP' => 17967.5198630000013508833944797515869140625,
  'SZL' => 21.95295899999999988949639373458921909332275390625,
  'THB' => 43.0463189999999968904376146383583545684814453125,
  'TJS' => 12.9074829999999991514414432458579540252685546875,
  'TMT' => 4.836664999999999992041921359486877918243408203125,
  'TND' => 3.950129000000000001335820343228988349437713623046875,
  'TOP' => 3.3272940000000001958824213943444192409515380859375,
  'TRY' => 59.9927459999999967976691550575196743011474609375,
  'TTD' => 9.3748090000000008359393177670426666736602783203125,
  'TWD' => 43.228869000000003097738954238593578338623046875,
  'TZS' => 3537.67503799999985858448781073093414306640625,
  'UAH' => 59.041369000000003097738954238593578338623046875,
  'UGX' => 4945.21661200000016833655536174774169921875,
  'USD' => 1.381904000000000021231016944511793553829193115234375,
  'UYU' => 51.73763600000000195677785086445510387420654296875,
  'UZS' => 16711.540815000000293366611003875732421875,
  'VND' => 36019.922724999996717087924480438232421875,
  'VUV' => 167.624992999999989251591614447534084320068359375,
  'WST' => 3.82483500000000020691004465334117412567138671875,
  'XAF' => 757.086958999999978914274834096431732177734375,
  'XAG' => 0.01173500000000000063893335067177758901380002498626708984375,
  'XAU' => 0.0002509999999999999753010071490422205897630192339420318603515625,
  'XCD' => 3.734665000000000123492327475105412304401397705078125,
  'XDR' => 0.9399859999999999882192014410975389182567596435546875,
  'XOF' => 757.086958999999978914274834096431732177734375,
  'XPD' => 0.000684000000000000037657377216504528405494056642055511474609375,
  'XPF' => 137.72931099999999560168362222611904144287109375,
  'XPT' => 0.0005330000000000000535960165137794319889508187770843505859375,
  'YER' => 329.44589100000001735679688863456249237060546875,
  'ZAR' => 21.710581000000001239413904841057956218719482421875,
  'ZMW' => 27.451581999999998373596099554561078548431396484375,
  'ZWL' => 444.97318799999999328065314330160617828369140625,
)
2026-01-29T05:11:00+00:00 INFO ENVIRONMENT: array (
  'WP_User' => 'Guest (non logged-in user)',
  'HTTP_REFERER' => '--',
  'HTTP_USER_AGENT' => '--',
  'REQUEST_URI' => '/wp-admin/',
  'DOING_AJAX' => false,
  'DOING_CRON' => false,
  'WP_CLI' => false,
)
2026-01-29T05:11:00+00:00 INFO REQUEST GET https://public-api.wordpress.com/wpcom/v2/sites/%s/wcpay/accounts?test_mode=0
2026-01-29T05:11:00+00:00 INFO HEADERS: array (
  'Content-Type' => 'application/json; charset=utf-8',
  'User-Agent' => 'WooCommerce Payments/8.6.0',
)
2026-01-29T05:11:02+00:00 INFO RESPONSE: array (
  'account_id' => 'acct_1QJjXwFt5S7zes6j',
  'email' => '(redacted)',
  'communications_email' => 'contactus@papapoke.co.uk',
  'live_publishable_key' => 'pk_live_51ETDmyFuiXB5oUVxaIafkGPnwuNcBxr1pXVhvLJ4BrWuiqfG6SldjatOGLQhuqXnDmgqwRA7tDoSFlbY4wFji7KR0079TvtxNs',
  'test_publishable_key' => 'pk_test_51ETDmyFuiXB5oUVxwSobQMW5Tno1GclIq7ePZWzLeW4q8oa7Zb8hI5VfwI5sNT5nXuKYinLukNvGCXmsQXAoDGHG00MqHqlYHR',
  'is_live' => true,
  'is_test_drive' => false,
  'created' => '2024-11-10 22:23:55',
  'has_pending_requirements' => false,
  'has_future_requirements' => false,
  'has_overdue_requirements' => false,
  'details_submitted' => true,
  'current_deadline' => NULL,
  'status' => 'complete',
  'capabilities' => 
  array (
    'card_payments' => 'active',
    'transfers' => 'active',
    'afterpay_clearpay_payments' => 'unrequested',
    'alipay_payments' => 'unrequested',
    'amazon_pay_payments' => 'unrequested',
    'bacs_debit_payments' => 'unrequested',
    'bancontact_payments' => 'unrequested',
    'bank_transfer_payments' => 'unrequested',
    'billie_payments' => 'unrequested',
    'cartes_bancaires_payments' => 'unrequested',
    'eps_payments' => 'unrequested',
    'gb_bank_transfer_payments' => 'unrequested',
    'ideal_payments' => 'unrequested',
    'kakao_pay_payments' => 'unrequested',
    'klarna' => 'unrequested',
    'klarna_payments' => 'unrequested',
    'kr_card_payments' => 'unrequested',
    'legacy_payments' => 'unrequested',
    'link_payments' => 'unrequested',
    'mb_way_payments' => 'unrequested',
    'multibanco_payments' => 'unrequested',
    'naver_pay_payments' => 'unrequested',
    'p24_payments' => 'unrequested',
    'pay_by_bank_payments' => 'unrequested',
    'payco_payments' => 'unrequested',
    'revolut_pay_payments' => 'unrequested',
    'samsung_pay_payments' => 'unrequested',
    'sepa_bank_transfer_payments' => 'unrequested',
    'sepa_debit_payments' => 'unrequested',
    'twint_payments' => 'unrequested',
    'us_bank_account_ach_payments' => 'unrequested',
    'us_bank_transfer_payments' => 'unrequested',
    'wechat_pay_payments' => 'unrequested',
  ),
  'capability_requirements' => 
  array (
    'afterpay_clearpay_payments' => 
    array (
    ),
    'alipay_payments' => 
    array (
      0 => 'business_profile.product_description',
    ),
    'amazon_pay_payments' => 
    array (
    ),
    'bacs_debit_payments' => 
    array (
    ),
    'bancontact_payments' => 
    array (
    ),
    'bank_transfer_payments' => 
    array (
    ),
    'billie_payments' => 
    array (
    ),
    'card_payments' => 
    array (
    ),
    'cartes_bancaires_payments' => 
    array (
    ),
    'eps_payments' => 
    array (
    ),
    'gb_bank_transfer_payments' => 
    array (
    ),
    'ideal_payments' => 
    array (
    ),
    'kakao_pay_payments' => 
    array (
    ),
    'klarna' => 
    array (
    ),
    'klarna_payments' => 
    array (
    ),
    'kr_card_payments' => 
    array (
    ),
    'legacy_payments' => 
    array (
    ),
    'link_payments' => 
    array (
    ),
    'mb_way_payments' => 
    array (
    ),
    'multibanco_payments' => 
    array (
    ),
    'naver_pay_payments' => 
    array (
    ),
    'p24_payments' => 
    array (
    ),
    'pay_by_bank_payments' => 
    array (
    ),
    'payco_payments' => 
    array (
    ),
    'revolut_pay_payments' => 
    array (
    ),
    'samsung_pay_payments' => 
    array (
    ),
    'sepa_bank_transfer_payments' => 
    array (
    ),
    'sepa_debit_payments' => 
    array (
    ),
    'transfers' => 
    array (
    ),
    'twint_payments' => 
    array (
    ),
    'us_bank_account_ach_payments' => 
    array (
    ),
    'us_bank_transfer_payments' => 
    array (
    ),
    'wechat_pay_payments' => 
    array (
      0 => 'business_profile.product_description',
    ),
  ),
  'payments_enabled' => true,
  'deposits' => 
  array (
    'status' => 'enabled',
    'restrictions' => 'deposits_unrestricted',
    'interval' => 'daily',
    'weekly_anchor' => '',
    'monthly_anchor' => NULL,
    'delay_days' => 3,
    'completed_waiting_period' => false,
    'minimum_manual_deposit_amounts' => 
    array (
      'aud' => 500,
      'bgn' => 100,
      'cad' => 500,
      'chf' => 500,
      'czk' => 3000,
      'dkk' => 5000,
      'eur' => 500,
      'gbp' => 500,
      'hkd' => 5000,
      'huf' => 36000,
      'nok' => 5000,
      'nzd' => 500,
      'jpy' => 50,
      'sek' => 5000,
      'sgd' => 500,
      'usd' => 500,
      'ron' => 500,
      'pln' => 500,
      'aed' => 200,
    ),
    'minimum_scheduled_deposit_amounts' => 
    array (
      'aed' => 200,
      'aud' => 0,
      'bgn' => 100,
      'cad' => 0,
      'chf' => 500,
      'czk' => 3000,
      'dkk' => 2000,
      'eur' => 100,
      'gbp' => 100,
      'hkd' => 0,
      'huf' => 36000,
      'jpy' => 1,
      'nok' => 2000,
      'nzd' => 0,
      'pln' => 500,
      'ron' => 500,
      'sek' => 2000,
      'sgd' => 100,
      'usd' => 0,
    ),
  ),
  'lifetime_total_payment_volume' => 0,
  'requirements' => 
  array (
    'errors' => 
    array (
    ),
  ),
  'statement_descriptor' => 'PAPA POKE',
  'statement_descriptor_kanji' => '',
  'statement_descriptor_kana' => '',
  'latest_tos_agreement' => 
  array (
    'date' => '2024-11-10 22:23:55',
    'source' => 'signup',
    'is_current_version' => true,
  ),
  'fees' => 
  array (
    'base' => 
    array (
      'percentage_rate' => 0.01499999999999999944488848768742172978818416595458984375,
      'fixed_rate' => 25,
      'currency' => 'gbp',
    ),
    'discount' => 
    array (
    ),
    'card' => 
    array (
      'base' => 
      array (
        'percentage_rate' => 0.01499999999999999944488848768742172978818416595458984375,
        'fixed_rate' => 25,
        'currency' => 'gbp',
      ),
      'additional' => 
      array (
        'percentage_rate' => 0.0200000000000000004163336342344337026588618755340576171875,
        'fixed_rate' => 0,
        'currency' => 'eur',
      ),
      'fx' => 
      array (
        'percentage_rate' => 0.0200000000000000004163336342344337026588618755340576171875,
        'fixed_rate' => 0,
        'currency' => 'gbp',
      ),
      'discount' => 
      array (
      ),
    ),
    'card_present' => 
    array (
      'base' => 
      array (
        'percentage_rate' => 0.01400000000000000029143354396410359186120331287384033203125,
        'fixed_rate' => 20,
        'currency' => 'gbp',
      ),
      'additional' => 
      array (
        'percentage_rate' => 0.0200000000000000004163336342344337026588618755340576171875,
        'fixed_rate' => 0,
        'currency' => 'gbp',
      ),
      'fx' => 
      array (
        'percentage_rate' => 0.0200000000000000004163336342344337026588618755340576171875,
        'fixed_rate' => 0,
        'currency' => 'gbp',
      ),
      'discount' => 
      array (
      ),
    ),
    'bancontact' => 
    array (
      'base' => 
      array (
        'percentage_rate' => 0.01400000000000000029143354396410359186120331287384033203125,
        'fixed_rate' => 20,
        'currency' => 'gbp',
      ),
      'additional' => 
      array (
        'percentage_rate' => 0,
        'fixed_rate' => 0,
        'currency' => 'gbp',
      ),
      'fx' => 
      array (
        'percentage_rate' => 0,
        'fixed_rate' => 0,
        'currency' => 'gbp',
      ),
      'discount' => 
      array (
      ),
    ),
    'eps' => 
    array (
      'base' => 
      array (
        'percentage_rate' => 0.01600000000000000033306690738754696212708950042724609375,
        'fixed_rate' => 20,
        'currency' => 'gbp',
      ),
      'additional' => 
      array (
        'percentage_rate' => 0,
        'fixed_rate' => 0,
        'currency' => 'gbp',
      ),
      'fx' => 
      array (
        'percentage_rate' => 0,
        'fixed_rate' => 0,
        'currency' => 'gbp',
      ),
      'discount' => 
      array (
      ),
    ),
    'ideal' => 
    array (
      'base' => 
      array (
        'percentage_rate' => 0,
        'fixed_rate' => 25,
        'currency' => 'gbp',
      ),
      'additional' => 
      array (
        'percentage_rate' => 0,
        'fixed_rate' => 0,
        'currency' => 'gbp',
      ),
      'fx' => 
      array (
        'percentage_rate' => 0,
        'fixed_rate' => 0,
        'currency' => 'gbp',
      ),
      'discount' => 
      array (
      ),
    ),
    'p24' => 
    array (
      'base' => 
      array (
        'percentage_rate' => 0.021999999999999998723243521681069978512823581695556640625,
        'fixed_rate' => 20,
        'currency' => 'gbp',
      ),
      'additional' => 
      array (
        'percentage_rate' => 0,
        'fixed_rate' => 0,
        'currency' => 'gbp',
      ),
      'fx' => 
      array (
        'percentage_rate' => 0,
        'fixed_rate' => 0,
        'currency' => 'gbp',
      ),
      'discount' => 
      array (
      ),
    ),
    'klarna' => 
    array (
      'base' => 
      array (
        'percentage_rate' => 0.049899999999999999911182158029987476766109466552734375,
        'fixed_rate' => 35,
        'currency' => 'gbp',
      ),
      'additional' => 
      array (
        'percentage_rate' => 0,
        'fixed_rate' => 0,
        'currency' => 'gbp',
      ),
      'fx' => 
      array (
        'percentage_rate' => 0,
        'fixed_rate' => 0,
        'currency' => 'gbp',
      ),
      'discount' => 
      array (
      ),
    ),
    'afterpay_clearpay' => 
    array (
      'base' => 
      array (
        'percentage_rate' => 0.059999999999999997779553950749686919152736663818359375,
        'fixed_rate' => 30,
        'currency' => 'gbp',
      ),
      'additional' => 
      array (
        'percentage_rate' => 0,
        'fixed_rate' => 0,
        'currency' => 'gbp',
      ),
      'fx' => 
      array (
        'percentage_rate' => 0,
        'fixed_rate' => 0,
        'currency' => 'gbp',
      ),
      'discount' => 
      array (
      ),
    ),
  ),
  'capital' => 
  array (
    'has_active_loan' => false,
    'has_previous_loans' => false,
    'loans' => 
    array (
    ),
  ),
  'fraud_services' => 
  array (
    'stripe' => 
    array (
    ),
    'sift' => 
    array (
      'beacon_key' => '1d81b5c86a',
      'sandbox_beacon_key' => '43e8654e6f',
    ),
  ),
  'store_currencies' => 
  array (
    'default' => 'gbp',
    'supported' => 
    array (
      0 => 'gbp',
    ),
  ),
  'customer_currencies' => 
  array (
    'supported' => 
    array (
      0 => 'usd',
      1 => 'aed',
      2 => 'afn',
      3 => 'all',
      4 => 'amd',
      5 => 'ang',
      6 => 'aoa',
      7 => 'ars',
      8 => 'aud',
      9 => 'awg',
      10 => 'azn',
      11 => 'bam',
      12 => 'bbd',
      13 => 'bdt',
      15 => 'bif',
      16 => 'bmd',
      17 => 'bnd',
      18 => 'bob',
      19 => 'brl',
      20 => 'bsd',
      21 => 'bwp',
      22 => 'byn',
      23 => 'bzd',
      24 => 'cad',
      25 => 'cdf',
      26 => 'chf',
      27 => 'clp',
      28 => 'cny',
      29 => 'cop',
      30 => 'crc',
      31 => 'cve',
      32 => 'czk',
      33 => 'djf',
      34 => 'dkk',
      35 => 'dop',
      36 => 'dzd',
      37 => 'egp',
      38 => 'etb',
      39 => 'eur',
      40 => 'fjd',
      41 => 'fkp',
      42 => 'gbp',
      43 => 'gel',
      44 => 'gip',
      45 => 'gmd',
      46 => 'gnf',
      47 => 'gtq',
      48 => 'gyd',
      49 => 'hkd',
      50 => 'hnl',
      51 => 'htg',
      52 => 'huf',
      53 => 'idr',
      54 => 'ils',
      55 => 'inr',
      56 => 'isk',
      57 => 'jmd',
      58 => 'jpy',
      59 => 'kes',
      60 => 'kgs',
      61 => 'khr',
      62 => 'kmf',
      63 => 'krw',
      64 => 'kyd',
      65 => 'kzt',
      66 => 'lak',
      67 => 'lbp',
      68 => 'lkr',
      69 => 'lrd',
      70 => 'lsl',
      71 => 'mad',
      72 => 'mdl',
      73 => 'mga',
      74 => 'mkd',
      75 => 'mmk',
      76 => 'mnt',
      77 => 'mop',
      78 => 'mur',
      79 => 'mvr',
      80 => 'mwk',
      81 => 'mxn',
      82 => 'myr',
      83 => 'mzn',
      84 => 'nad',
      85 => 'ngn',
      86 => 'nio',
      87 => 'nok',
      88 => 'npr',
      89 => 'nzd',
      90 => 'pab',
      91 => 'pen',
      92 => 'pgk',
      93 => 'php',
      94 => 'pkr',
      95 => 'pln',
      96 => 'pyg',
      97 => 'qar',
      98 => 'ron',
      99 => 'rsd',
      100 => 'rub',
      101 => 'rwf',
      102 => 'sar',
      103 => 'sbd',
      104 => 'scr',
      105 => 'sek',
      106 => 'sgd',
      107 => 'shp',
      108 => 'sle',
      109 => 'sos',
      110 => 'srd',
      111 => 'std',
      112 => 'szl',
      113 => 'thb',
      114 => 'tjs',
      115 => 'top',
      116 => 'try',
      117 => 'ttd',
      118 => 'twd',
      119 => 'tzs',
      120 => 'uah',
      121 => 'ugx',
      122 => 'uyu',
      123 => 'uzs',
      124 => 'vnd',
      125 => 'vuv',
      126 => 'wst',
      127 => 'xaf',
      128 => 'xcd',
      129 => 'xcg',
      130 => 'xof',
      131 => 'xpf',
      132 => 'yer',
      133 => 'zar',
      134 => 'zmw',
    ),
  ),
  'country' => '(redacted)',
  'instant_deposits_eligible' => false,
  'card_present_eligible' => true,
  'has_card_readers_available' => false,
  'platform_checkout_eligible' => false,
  'platform_direct_checkout_eligible' => false,
  'platform_global_theme_support_enabled' => false,
  'business_profile' => 
  array (
    'name' => '(redacted)',
    'url' => 'https://papapoke.co.uk',
    'support_address' => 
    array (
    ),
    'support_email' => 'contactus@papapoke.co.uk',
    'support_phone' => '+447387156597',
  ),
  'branding' => 
  array (
    'icon' => NULL,
    'logo' => NULL,
    'primary_color' => NULL,
    'secondary_color' => NULL,
  ),
  'locale' => 'en_GB',
  'has_more_failed_events' => false,
  'has_submitted_vat_data' => false,
  'is_documents_enabled' => true,
  'card_testing_protection_eligible' => false,
  'fraud_mitigation_settings' => 
  array (
    'avs_check_enabled' => false,
    'cvc_check_enabled' => true,
  ),
  'is_deferred_intent_creation_upe_enabled' => true,
  'pre_check_save_my_info' => false,
  'is_tokenized_ece_disabled' => false,
  'ece_confirmation_tokens_disabled' => false,
  'eligibility_wporg_review_campaign_2025' => false,
  'progressive_onboarding' => 
  array (
    'is_enabled' => false,
    'is_complete' => false,
  ),
)
2026-01-29T06:02:49+00:00 INFO ENVIRONMENT: array (
  'WP_User' => 'Guest (non logged-in user)',
  'HTTP_REFERER' => '--',
  'HTTP_USER_AGENT' => 'WordPress/6.9; https://papapoke.co.uk',
  'REQUEST_URI' => '/wp-cron.php?doing_wp_cron=1769666569.4410419464111328125000',
  'DOING_AJAX' => false,
  'DOING_CRON' => true,
  'WP_CLI' => false,
)
2026-01-29T06:02:49+00:00 INFO REQUEST POST https://public-api.wordpress.com/wpcom/v2/sites/%s/wcpay/compatibility
2026-01-29T06:02:49+00:00 INFO HEADERS: array (
  'Content-Type' => 'application/json; charset=utf-8',
  'User-Agent' => 'WooCommerce Payments/8.6.0',
  'Idempotency-Key' => '0653bdb8-d054-4b52-bf78-434bbad4f73f',
)
2026-01-29T06:02:49+00:00 INFO BODY: array (
  'test_mode' => false,
  'compatibility_data' => 
  array (
    'woopayments_version' => '8.6.0',
    'woocommerce_version' => '10.0.5',
    'woocommerce_permalinks' => 
    array (
      'product_base' => 'product',
      'category_base' => 'product-category',
      'tag_base' => 'product-tag',
      'attribute_base' => '',
      'use_verbose_page_rules' => false,
    ),
    'woocommerce_shop' => 'https://papapoke.co.uk/?page_id=7',
    'woocommerce_cart' => 'Not set',
    'woocommerce_checkout' => 'https://papapoke.co.uk/checkout/',
    'blog_theme' => 'papa',
    'active_plugins' => 
    array (
      0 => 'added-to-cart-popup-woocommerce/xoo-cp-main.php',
      1 => 'advanced-custom-fields-pro/acf.php',
      2 => 'classic-editor/classic-editor.php',
      3 => 'classic-widgets/classic-widgets.php',
      4 => 'contact-form-7/wp-contact-form-7.php',
      5 => 'health-check/health-check.php',
      6 => 'popup-maker/popup-maker.php',
      8 => 'regenerate-thumbnails/regenerate-thumbnails.php',
      9 => 'shipping-zones-by-drawing-for-woocommerce/shipping-zones-by-drawing.php',
      10 => 'svg-support/svg-support.php',
      11 => 'webp-converter-for-media/webp-converter-for-media.php',
      12 => 'woo-pincode-checker/woo-pincode-checker.php',
      13 => 'woocommerce-google-analytics-integration/woocommerce-google-analytics-integration.php',
      14 => 'woocommerce-lightbox/main.php',
      15 => 'woocommerce-payments/woocommerce-payments.php',
      17 => 'woocommerce/woocommerce.php',
      18 => 'wordpress-seo/wp-seo.php',
      19 => 'wp-rocket/wp-rocket.php',
      20 => 'wp-sitemap-page/wp-sitemap-page.php',
    ),
    'post_types_count' => 
    array (
      'post' => 0,
      'page' => 7,
      'attachment' => 0,
      'product' => 55,
      'popup' => 2,
      'popup_theme' => 8,
      'szbdzones' => 2,
    ),
  ),
)
2026-01-29T06:02:50+00:00 INFO RESPONSE: array (
  'result' => 'success',
)
2026-01-29T06:19:34+00:00 INFO ENVIRONMENT: array (
  'WP_User' => 'Guest (non logged-in user)',
  'HTTP_REFERER' => '--',
  'HTTP_USER_AGENT' => 'Mozilla/5.0 (Windows NT 10.0; Win64; x64) AppleWebKit/537.36 (KHTML, like Gecko) Chrome/120.0.0.0 Safari/537.36',
  'REQUEST_URI' => '/uploads/',
  'DOING_AJAX' => false,
  'DOING_CRON' => false,
  'WP_CLI' => false,
)
2026-01-29T06:19:34+00:00 INFO REQUEST GET https://public-api.wordpress.com/wpcom/v2/sites/%s/wcpay/currency/rates?test_mode=0&currency_from=gbp
2026-01-29T06:19:34+00:00 INFO HEADERS: array (
  'Content-Type' => 'application/json; charset=utf-8',
  'User-Agent' => 'WooCommerce Payments/8.6.0',
)
2026-01-29T06:19:34+00:00 INFO RESPONSE: array (
  'AED' => 5.08136899999999958055241222609765827655792236328125,
  'AFN' => 89.935732000000001562511897645890712738037109375,
  'ALL' => 111.799227000000001908119884319603443145751953125,
  'AMD' => 524.467488000000003012246452271938323974609375,
  'ANG' => 2.4766919999999998935891198925673961639404296875,
  'AOA' => 1262.0509830000000874861143529415130615234375,
  'ARS' => 1998.648642000000108964741230010986328125,
  'AUD' => 1.95232399999999994832933225552551448345184326171875,
  'AWG' => 2.492256999999999944606088320142589509487152099609375,
  'AZN' => 2.352164999999999839275233171065337955951690673828125,
  'BAM' => 2.262348999999999943355533105204813182353973388671875,
  'BBD' => 2.767253000000000184854798135347664356231689453125,
  'BDT' => 169.17295100000001184525899589061737060546875,
  'BGN' => 2.25854599999999994253130353172309696674346923828125,
  'BHD' => 0.5215959999999999485709167856839485466480255126953125,
  'BIF' => 4100.921494000000166124664247035980224609375,
  'BMD' => 1.3836269999999999402717776320059783756732940673828125,
  'BND' => 1.746928000000000036351366361486725509166717529296875,
  'BOB' => 9.566224999999999312194631784223020076751708984375,
  'BRL' => 7.19498200000000043274894778733141720294952392578125,
  'BSD' => 1.3836269999999999402717776320059783756732940673828125,
  'BTC' => 1.599999999999999927596978921418013896982301957905292510986328125E-5,
  'BTN' => 127.1630889999999993733581504784524440765380859375,
  'BWP' => 18.114519999999998844941728748381137847900390625,
  'BYN' => 3.93628100000000014091483535594306886196136474609375,
  'BZD' => 2.78427999999999986613374858279712498188018798828125,
  'CAD' => 1.8714310000000000666631194690125994384288787841796875,
  'CDF' => 3180.6848060000002078595571219921112060546875,
  'CHF' => 1.05966000000000004632738637155853211879730224609375,
  'CLF' => 0.0302389999999999985191845297549662063829600811004638671875,
  'CLP' => 1197.9676110000000335276126861572265625,
  'CNH' => 9.6076530000000008868710210663266479969024658203125,
  'CNY' => 9.6131609999999998450448401854373514652252197265625,
  'COP' => 5051.2232830000002650194801390171051025390625,
  'CRC' => 687.1144430000000511427060700953006744384765625,
  'CUC' => 1.3836269999999999402717776320059783756732940673828125,
  'CUP' => 35.62838699999999647616277798078954219818115234375,
  'CVE' => 127.5482540000000000190993887372314929962158203125,
  'CZK' => 28.055313999999999197143552009947597980499267578125,
  'DJF' => 246.522998999999998659404809586703777313232421875,
  'DKK' => 8.622443000000000523641574545763432979583740234375,
  'DOP' => 87.1038379999999961000867187976837158203125,
  'DZD' => 178.66219399999999950523488223552703857421875,
  'EGP' => 64.797449999999997771737980656325817108154296875,
  'ERN' => 20.754400000000000403588273911736905574798583984375,
  'ETB' => 215.267189999999999372448655776679515838623046875,
  'EUR' => 1.1547929999999999584048282486037351191043853759765625,
  'FJD' => 3.02640699999999984726173352100886404514312744140625,
  'FKP' => 1,
  'GBP' => 1,
  'GEL' => 3.728873999999999799825900481664575636386871337890625,
  'GGP' => 1,
  'GHS' => 15.131292999999999437932274304330348968505859375,
  'GIP' => 1,
  'GMD' => 101.00474800000000641375663690268993377685546875,
  'GNF' => 12148.1530480000001261942088603973388671875,
  'GTQ' => 10.62121499999999940655470709316432476043701171875,
  'GYD' => 289.63566700000001219450496137142181396484375,
  'HKD' => 10.795218999999999454075805260799825191497802734375,
  'HNL' => 36.5344199999999972305886331014335155487060546875,
  'HRK' => 8.7006540000000001100488589145243167877197265625,
  'HTG' => 181.2955670000000054642441682517528533935546875,
  'HUF' => 438.69889499999999316059984266757965087890625,
  'IDR' => 23226.387294000000110827386379241943359375,
  'ILS' => 4.28484999999999960351715344586409628391265869140625,
  'IMP' => 1,
  'INR' => 127.256000999999997702616383321583271026611328125,
  'IQD' => 1813.537250999999969280906952917575836181640625,
  'IRR' => 58231.3116220000010798685252666473388671875,
  'ISK' => 167.211282000000011294105206616222858428955078125,
  'JEP' => 1,
  'JMD' => 217.01568800000001147054717876017093658447265625,
  'JOD' => 0.980990999999999946368234304827637970447540283203125,
  'JPY' => 211.75492800000000670479494147002696990966796875,
  'KES' => 178.51551200000000108047970570623874664306640625,
  'KGS' => 120.9981509999999929050318314693868160247802734375,
  'KHR' => 5565.1536530000003040186129510402679443359375,
  'KMF' => 570.054037999999991370714269578456878662109375,
  'KPW' => 1245.2639939999999114661477506160736083984375,
  'KRW' => 1973.623358999999936713720671832561492919921875,
  'KWD' => 0.4239100000000000090238927441532723605632781982421875,
  'KYD' => 1.1537360000000000948006118051125667989253997802734375,
  'KZT' => 697.52756799999997383565641939640045166015625,
  'LAK' => 29825.4807639999999082647264003753662109375,
  'LBP' => 123976.4858360000071115791797637939453125,
  'LKR' => 428.67720800000000735963112674653530120849609375,
  'LRD' => 256.11448300000000699583324603736400604248046875,
  'LSL' => 22.012705000000000410409484175033867359161376953125,
  'LYD' => 8.694008000000000180307324626483023166656494140625,
  'MAD' => 12.517179999999999751025825389660894870758056640625,
  'MDL' => 23.215834000000000969521352089941501617431640625,
  'MGA' => 6177.0067520000002332380972802639007568359375,
  'MKD' => 71.1346630000000033078322303481400012969970703125,
  'MMK' => 2905.4776240000001052976585924625396728515625,
  'MNT' => 4925.710909999999785213731229305267333984375,
  'MOP' => 11.1257859999999997313580024638213217258453369140625,
  'MUR' => 62.470742999999998801285983063280582427978515625,
  'MVR' => 21.390868000000001103444446926005184650421142578125,
  'MWK' => 2400.5772839999999632709659636020660400390625,
  'MXN' => 23.69761700000000104182618088088929653167724609375,
  'MYR' => 5.42589200000000015933210306684486567974090576171875,
  'MZN' => 88.22003300000000081126927398145198822021484375,
  'NAD' => 22.012705000000000410409484175033867359161376953125,
  'NGN' => 1932.89877200000000811996869742870330810546875,
  'NIO' => 50.94338900000000336376615450717508792877197265625,
  'NOK' => 13.211442999999999159399521886371076107025146484375,
  'NPR' => 203.460725999999993973688106052577495574951171875,
  'NZD' => 2.272886000000000183973725143005140125751495361328125,
  'OMR' => 0.5319979999999999709103803979814983904361724853515625,
  'PAB' => 1.3836269999999999402717776320059783756732940673828125,
  'PEN' => 4.6321589999999996933865986648015677928924560546875,
  'PGK' => 5.92604400000000008930101103032939136028289794921875,
  'PHP' => 81.467941999999993640813045203685760498046875,
  'PKR' => 387.28315900000001192893250845372676849365234375,
  'PLN' => 4.85535300000000002995648173964582383632659912109375,
  'PYG' => 9296.648386999999274848960340023040771484375,
  'QAR' => 5.0335669999999996804262991645373404026031494140625,
  'RON' => 5.88401100000000010226131053059361875057220458984375,
  'RSD' => 135.572128999999989673597156070172786712646484375,
  'RUB' => 105.9175000000000039790393202565610408782958984375,
  'RWF' => 2019.785998999999947045580483973026275634765625,
  'SAR' => 5.1890760000000000218278728425502777099609375,
  'SBD' => 11.1764880000000008664073902764357626438140869140625,
  'SCR' => 19.8351669999999984383975970558822154998779296875,
  'SDG' => 832.25143600000001242733560502529144287109375,
  'SEK' => 12.1757989999999995944790498469956219196319580078125,
  'SGD' => 1.7460400000000000364508423444931395351886749267578125,
  'SHP' => 1,
  'SLL' => 29013.9592510000002221204340457916259765625,
  'SOS' => 789.8200160000000096260919235646724700927734375,
  'SRD' => 52.705106999999998151906765997409820556640625,
  'SSP' => 180.231209000000006881236913613975048065185546875,
  'STD' => 30829.69251799999983632005751132965087890625,
  'SVC' => 12.1134129999999995419557308196090161800384521484375,
  'SYP' => 17989.9138359999997192062437534332275390625,
  'SZL' => 22.00356599999999929195837466977536678314208984375,
  'THB' => 42.96176100000000275258571491576731204986572265625,
  'TJS' => 12.937129999999999796500560478307306766510009765625,
  'TMT' => 4.84269299999999969230657370644621551036834716796875,
  'TND' => 3.959185000000000176356707015656866133213043212890625,
  'TOP' => 3.3314409999999998746034179930575191974639892578125,
  'TRY' => 60.0718820000000022218955564312636852264404296875,
  'TTD' => 9.396224000000000131649358081631362438201904296875,
  'TWD' => 43.34113599999999877354639465920627117156982421875,
  'TZS' => 3514.4117169999999532592482864856719970703125,
  'UAH' => 59.17722599999999744113665656186640262603759765625,
  'UGX' => 4956.6035929999998188577592372894287109375,
  'USD' => 1.3836269999999999402717776320059783756732940673828125,
  'UYU' => 51.80212000000000216459739021956920623779296875,
  'UZS' => 16749.31914699999833828769624233245849609375,
  'VND' => 36055.235325000001466833055019378662109375,
  'VUV' => 167.83391399999999293868313543498516082763671875,
  'WST' => 3.829601999999999950574647300527431070804595947265625,
  'XAF' => 757.49448600000005171750672161579132080078125,
  'XAG' => 0.011648999999999999632738223453998216427862644195556640625,
  'XAU' => 0.0002480000000000000108003883614316009698086418211460113525390625,
  'XCD' => 3.73932000000000019923618310713209211826324462890625,
  'XDR' => 0.943667000000000033566038837307132780551910400390625,
  'XOF' => 757.49448600000005171750672161579132080078125,
  'XPD' => 0.000684999999999999953544105313341106011648662388324737548828125,
  'XPF' => 137.8034490000000005238689482212066650390625,
  'XPT' => 0.00053399999999999996948274461061600959510542452335357666015625,
  'YER' => 329.8564979999999877691152505576610565185546875,
  'ZAR' => 21.66251799999999860801835893653333187103271484375,
  'ZMW' => 27.514289999999999025703800725750625133514404296875,
  'ZWL' => 445.527784999999994397512637078762054443359375,
)
2026-01-29T13:21:16+00:00 INFO ENVIRONMENT: array (
  'WP_User' => 'Guest (non logged-in user)',
  'HTTP_REFERER' => '--',
  'HTTP_USER_AGENT' => 'Mozilla/5.0 (Windows NT 10.0; Win64; x64) AppleWebKit/537.36 (KHTML, like Gecko) Chrome/91.0.4472.124 Safari/537.36',
  'REQUEST_URI' => '/',
  'DOING_AJAX' => false,
  'DOING_CRON' => false,
  'WP_CLI' => false,
)
2026-01-29T13:21:16+00:00 INFO REQUEST GET https://public-api.wordpress.com/wpcom/v2/sites/%s/wcpay/currency/rates?test_mode=0&currency_from=gbp
2026-01-29T13:21:16+00:00 INFO HEADERS: array (
  'Content-Type' => 'application/json; charset=utf-8',
  'User-Agent' => 'WooCommerce Payments/8.6.0',
)
2026-01-29T13:21:16+00:00 INFO RESPONSE: array (
  'AED' => 5.065222999999999586862031719647347927093505859375,
  'AFN' => 89.649956000000003086825017817318439483642578125,
  'ALL' => 111.4439789999999987912815413437783718109130859375,
  'AMD' => 522.8009630000000242944224737584590911865234375,
  'ANG' => 2.468821999999999849961795916897244751453399658203125,
  'AOA' => 1258.041296000000102139892987906932830810546875,
  'ARS' => 1992.222860999999966225004754960536956787109375,
  'AUD' => 1.9590160000000000906084096641279757022857666015625,
  'AWG' => 2.48433800000000015728573998785577714443206787109375,
  'AZN' => 2.34469100000000008066081136348657310009002685546875,
  'BAM' => 2.255160000000000053432813729159533977508544921875,
  'BBD' => 2.758459999999999912034809312899596989154815673828125,
  'BDT' => 168.635393999999990910509950481355190277099609375,
  'BGN' => 2.25830600000000014659917724202387034893035888671875,
  'BHD' => 0.5199350000000000360245167030370794236660003662109375,
  'BIF' => 4087.89058299999987866613082587718963623046875,
  'BMD' => 1.3792299999999999560174046564497984945774078369140625,
  'BND' => 1.74137699999999995270627550780773162841796875,
  'BOB' => 9.5358280000000004150706445216201245784759521484375,
  'BRL' => 7.16829200000000010817302609211765229701995849609375,
  'BSD' => 1.3792299999999999560174046564497984945774078369140625,
  'BTC' => 1.599999999999999927596978921418013896982301957905292510986328125E-5,
  'BTN' => 126.7590210000000041645762394182384014129638671875,
  'BWP' => 18.056961000000001149601303040981292724609375,
  'BYN' => 3.923773000000000177323045136290602385997772216796875,
  'BZD' => 2.775433000000000038909320210223086178302764892578125,
  'CAD' => 1.8688309999999999089226321302703581750392913818359375,
  'CDF' => 3170.57799999999997453414835035800933837890625,
  'CHF' => 1.0598330000000000250537368629011325538158416748046875,
  'CLF' => 0.0300379999999999987292387260140458238311111927032470703125,
  'CLP' => 1186.05513900000005378387868404388427734375,
  'CNH' => 9.5763920000000002374918040004558861255645751953125,
  'CNY' => 9.5806839999999997559143594116903841495513916015625,
  'COP' => 5050.6588849999998274142853915691375732421875,
  'CRC' => 684.9310980000000199652276933193206787109375,
  'CUC' => 1.3792299999999999560174046564497984945774078369140625,
  'CUP' => 35.51517499999999927240423858165740966796875,
  'CVE' => 127.1429619999999971469151205383241176605224609375,
  'CZK' => 28.075469999999999259898686432279646396636962890625,
  'DJF' => 245.739657999999991488948580808937549591064453125,
  'DKK' => 8.6223939999999998917701304890215396881103515625,
  'DOP' => 86.8270610000000004902176442556083202362060546875,
  'DZD' => 178.111207000000007383277988992631435394287109375,
  'EGP' => 64.588517999999993435267242603003978729248046875,
  'ERN' => 20.688452000000001618218448129482567310333251953125,
  'ETB' => 214.583167000000003099557943642139434814453125,
  'EUR' => 1.154754000000000058179239204037003219127655029296875,
  'FJD' => 3.0267210000000002168007995351217687129974365234375,
  'FKP' => 1,
  'GBP' => 1,
  'GEL' => 3.717025000000000023447910280083306133747100830078125,
  'GGP' => 1,
  'GHS' => 15.083211999999999619603840983472764492034912109375,
  'GIP' => 1,
  'GMD' => 100.683798999999993384335539303719997406005859375,
  'GNF' => 12109.551600999999209307134151458740234375,
  'GTQ' => 10.5874649999999999039346221252344548702239990234375,
  'GYD' => 288.7153329999999868960003368556499481201171875,
  'HKD' => 10.7646110000000003736886355909518897533416748046875,
  'HNL' => 36.418329999999997426129993982613086700439453125,
  'HRK' => 8.6997440000000008097913450910709798336029052734375,
  'HTG' => 180.71949000000000751242623664438724517822265625,
  'HUF' => 439.8272249999999985448084771633148193359375,
  'IDR' => 23170.1465339999995194375514984130859375,
  'ILS' => 4.24859399999999975960918163764290511608123779296875,
  'IMP' => 1,
  'INR' => 126.8154729999999972278601489961147308349609375,
  'IQD' => 1807.774634000000105515937320888042449951171875,
  'IRR' => 58046.2783169999966048635542392730712890625,
  'ISK' => 167.23165099999999938518158160150051116943359375,
  'JEP' => 1,
  'JMD' => 216.326108000000004949470167048275470733642578125,
  'JOD' => 0.97787400000000002098232698699575848877429962158203125,
  'JPY' => 211.5934839999999894644133746623992919921875,
  'KES' => 177.8517219999999952051439322531223297119140625,
  'KGS' => 120.61367300000000568616087548434734344482421875,
  'KHR' => 5547.47006099999998696148395538330078125,
  'KMF' => 568.24265900000000328873284161090850830078125,
  'KPW' => 1241.307097000000112529960460960865020751953125,
  'KRW' => 1979.047565999999960695276968181133270263671875,
  'KWD' => 0.422926999999999997381650018724030815064907073974609375,
  'KYD' => 1.1500690000000000079438677857979200780391693115234375,
  'KZT' => 695.31113400000003821332938969135284423828125,
  'LAK' => 29730.7086029999991296790540218353271484375,
  'LBP' => 123582.54349999999976716935634613037109375,
  'LKR' => 427.3150620000000117215677164494991302490234375,
  'LRD' => 255.300665000000009285940905101597309112548828125,
  'LSL' => 21.942758000000001317175701842643320560455322265625,
  'LYD' => 8.6663820000000004739604264614172279834747314453125,
  'MAD' => 12.4774060000000002190745362895540893077850341796875,
  'MDL' => 23.199961999999999306965037249028682708740234375,
  'MGA' => 6157.3789619999997739796526730060577392578125,
  'MKD' => 71.1936309999999963338268571533262729644775390625,
  'MMK' => 2896.24530300000014904071576893329620361328125,
  'MNT' => 4910.059183999999731895513832569122314453125,
  'MOP' => 11.090433000000000873797034728340804576873779296875,
  'MUR' => 62.2722389999999990095602697692811489105224609375,
  'MVR' => 21.322897000000001099806468118913471698760986328125,
  'MWK' => 2392.9493130000000746804289519786834716796875,
  'MXN' => 23.689931999999998879502527415752410888671875,
  'MYR' => 5.416926000000000129830368678085505962371826171875,
  'MZN' => 87.939708999999993466190062463283538818359375,
  'NAD' => 21.942758000000001317175701842643320560455322265625,
  'NGN' => 1922.34333999999989828211255371570587158203125,
  'NIO' => 50.7815140000000013742464943788945674896240234375,
  'NOK' => 13.2019439999999992352286426466889679431915283203125,
  'NPR' => 202.814218000000010988514986820518970489501953125,
  'NZD' => 2.275418999999999858374621908296830952167510986328125,
  'OMR' => 0.53031700000000003836220230368780903518199920654296875,
  'PAB' => 1.3792299999999999560174046564497984945774078369140625,
  'PEN' => 4.6174400000000002108890839735977351665496826171875,
  'PGK' => 5.907213999999999742840373073704540729522705078125,
  'PHP' => 81.3869849999999956935425871051847934722900390625,
  'PKR' => 386.05254500000000916770659387111663818359375,
  'PLN' => 4.85477100000000039159431253210641443729400634765625,
  'PYG' => 9267.107758000000103493221104145050048828125,
  'QAR' => 5.01757299999999961670482662157155573368072509765625,
  'RON' => 5.885313000000000016598278307355940341949462890625,
  'RSD' => 135.58521600000000262298271991312503814697265625,
  'RUB' => 104.4475809999999995625330484472215175628662109375,
  'RWF' => 2013.368013999999902807758189737796783447265625,
  'SAR' => 5.17287400000000019417711882852017879486083984375,
  'SBD' => 11.140973999999999932697392068803310394287109375,
  'SCR' => 19.403425999999999618239598930813372135162353515625,
  'SDG' => 829.60690999999997075065039098262786865234375,
  'SEK' => 12.2020029999999994885229170904494822025299072265625,
  'SGD' => 1.744988999999999901291403148206882178783416748046875,
  'SHP' => 1,
  'SLL' => 28921.76574600000094505958259105682373046875,
  'SOS' => 787.310318000000052052200771868228912353515625,
  'SRD' => 52.537632999999999583451426587998867034912109375,
  'SSP' => 179.658513999999996713086147792637348175048828125,
  'STD' => 30731.72941599999830941669642925262451171875,
  'SVC' => 12.0749220000000008212737157009541988372802734375,
  'SYP' => 17932.74986200000057579018175601959228515625,
  'SZL' => 21.933648999999999062993083498440682888031005859375,
  'THB' => 43.0416340000000019472281564958393573760986328125,
  'TJS' => 12.8960220000000003182094587828032672405242919921875,
  'TMT' => 4.82730499999999995708321876008994877338409423828125,
  'TND' => 3.94660399999999977893594405031763017177581787109375,
  'TOP' => 3.3208549999999998902922015986405313014984130859375,
  'TRY' => 59.89320099999999769124769954942166805267333984375,
  'TTD' => 9.366367000000000331283445120789110660552978515625,
  'TWD' => 43.31582499999999669171302230097353458404541015625,
  'TZS' => 3510.14062400000011621159501373767852783203125,
  'UAH' => 58.9891870000000011486918083392083644866943359375,
  'UGX' => 4940.8537029999997685081325471401214599609375,
  'USD' => 1.3792299999999999560174046564497984945774078369140625,
  'UYU' => 51.63751599999999797319105709902942180633544921875,
  'UZS' => 16696.09723200000007636845111846923828125,
  'VND' => 35866.0806430000011459924280643463134765625,
  'VUV' => 167.3006120000000009895302355289459228515625,
  'WST' => 3.817432999999999854168208912597037851810455322265625,
  'XAF' => 757.4691169999999829087755642831325531005859375,
  'XAG' => 0.01162299999999999965127894796523833065293729305267333984375,
  'XAU' => 0.00025000000000000000520417042793042128323577344417572021484375,
  'XCD' => 3.727437999999999806988171258126385509967803955078125,
  'XDR' => 0.94066799999999994863486563190235756337642669677734375,
  'XOF' => 757.4691169999999829087755642831325531005859375,
  'XPD' => 0.0006830000000000000133504318711175073985941708087921142578125,
  'XPF' => 137.79883399999999937790562398731708526611328125,
  'XPT' => 0.000532000000000000029289071168392410982050932943820953369140625,
  'YER' => 328.8083599999999933061189949512481689453125,
  'ZAR' => 21.7695930000000004156390787102282047271728515625,
  'ZMW' => 27.426860999999998824705471633933484554290771484375,
  'ZWL' => 444.11209500000001071384758688509464263916015625,
)
2026-01-29T13:21:19+00:00 INFO ENVIRONMENT: array (
  'WP_User' => 'Guest (non logged-in user)',
  'HTTP_REFERER' => 'https://mail.papapoke.co.uk/admin/',
  'HTTP_USER_AGENT' => 'Mozilla/5.0 (Windows NT 10.0; Win64; x64) AppleWebKit/537.36 (KHTML, like Gecko) Chrome/91.0.4472.124 Safari/537.36',
  'REQUEST_URI' => '/wp-admin/',
  'DOING_AJAX' => false,
  'DOING_CRON' => false,
  'WP_CLI' => false,
)
2026-01-29T13:21:19+00:00 INFO REQUEST GET https://public-api.wordpress.com/wpcom/v2/sites/%s/wcpay/accounts?test_mode=0
2026-01-29T13:21:19+00:00 INFO HEADERS: array (
  'Content-Type' => 'application/json; charset=utf-8',
  'User-Agent' => 'WooCommerce Payments/8.6.0',
)
2026-01-29T13:21:22+00:00 INFO RESPONSE: array (
  'account_id' => 'acct_1QJjXwFt5S7zes6j',
  'email' => '(redacted)',
  'communications_email' => 'contactus@papapoke.co.uk',
  'live_publishable_key' => 'pk_live_51ETDmyFuiXB5oUVxaIafkGPnwuNcBxr1pXVhvLJ4BrWuiqfG6SldjatOGLQhuqXnDmgqwRA7tDoSFlbY4wFji7KR0079TvtxNs',
  'test_publishable_key' => 'pk_test_51ETDmyFuiXB5oUVxwSobQMW5Tno1GclIq7ePZWzLeW4q8oa7Zb8hI5VfwI5sNT5nXuKYinLukNvGCXmsQXAoDGHG00MqHqlYHR',
  'is_live' => true,
  'is_test_drive' => false,
  'created' => '2024-11-10 22:23:55',
  'has_pending_requirements' => false,
  'has_future_requirements' => false,
  'has_overdue_requirements' => false,
  'details_submitted' => true,
  'current_deadline' => NULL,
  'status' => 'complete',
  'capabilities' => 
  array (
    'card_payments' => 'active',
    'transfers' => 'active',
    'afterpay_clearpay_payments' => 'unrequested',
    'alipay_payments' => 'unrequested',
    'amazon_pay_payments' => 'unrequested',
    'bacs_debit_payments' => 'unrequested',
    'bancontact_payments' => 'unrequested',
    'bank_transfer_payments' => 'unrequested',
    'billie_payments' => 'unrequested',
    'cartes_bancaires_payments' => 'unrequested',
    'eps_payments' => 'unrequested',
    'gb_bank_transfer_payments' => 'unrequested',
    'ideal_payments' => 'unrequested',
    'kakao_pay_payments' => 'unrequested',
    'klarna' => 'unrequested',
    'klarna_payments' => 'unrequested',
    'kr_card_payments' => 'unrequested',
    'legacy_payments' => 'unrequested',
    'link_payments' => 'unrequested',
    'mb_way_payments' => 'unrequested',
    'multibanco_payments' => 'unrequested',
    'naver_pay_payments' => 'unrequested',
    'p24_payments' => 'unrequested',
    'pay_by_bank_payments' => 'unrequested',
    'payco_payments' => 'unrequested',
    'revolut_pay_payments' => 'unrequested',
    'samsung_pay_payments' => 'unrequested',
    'sepa_bank_transfer_payments' => 'unrequested',
    'sepa_debit_payments' => 'unrequested',
    'twint_payments' => 'unrequested',
    'us_bank_account_ach_payments' => 'unrequested',
    'us_bank_transfer_payments' => 'unrequested',
    'wechat_pay_payments' => 'unrequested',
  ),
  'capability_requirements' => 
  array (
    'afterpay_clearpay_payments' => 
    array (
    ),
    'alipay_payments' => 
    array (
      0 => 'business_profile.product_description',
    ),
    'amazon_pay_payments' => 
    array (
    ),
    'bacs_debit_payments' => 
    array (
    ),
    'bancontact_payments' => 
    array (
    ),
    'bank_transfer_payments' => 
    array (
    ),
    'billie_payments' => 
    array (
    ),
    'card_payments' => 
    array (
    ),
    'cartes_bancaires_payments' => 
    array (
    ),
    'eps_payments' => 
    array (
    ),
    'gb_bank_transfer_payments' => 
    array (
    ),
    'ideal_payments' => 
    array (
    ),
    'kakao_pay_payments' => 
    array (
    ),
    'klarna' => 
    array (
    ),
    'klarna_payments' => 
    array (
    ),
    'kr_card_payments' => 
    array (
    ),
    'legacy_payments' => 
    array (
    ),
    'link_payments' => 
    array (
    ),
    'mb_way_payments' => 
    array (
    ),
    'multibanco_payments' => 
    array (
    ),
    'naver_pay_payments' => 
    array (
    ),
    'p24_payments' => 
    array (
    ),
    'pay_by_bank_payments' => 
    array (
    ),
    'payco_payments' => 
    array (
    ),
    'revolut_pay_payments' => 
    array (
    ),
    'samsung_pay_payments' => 
    array (
    ),
    'sepa_bank_transfer_payments' => 
    array (
    ),
    'sepa_debit_payments' => 
    array (
    ),
    'transfers' => 
    array (
    ),
    'twint_payments' => 
    array (
    ),
    'us_bank_account_ach_payments' => 
    array (
    ),
    'us_bank_transfer_payments' => 
    array (
    ),
    'wechat_pay_payments' => 
    array (
      0 => 'business_profile.product_description',
    ),
  ),
  'payments_enabled' => true,
  'deposits' => 
  array (
    'status' => 'enabled',
    'restrictions' => 'deposits_unrestricted',
    'interval' => 'daily',
    'weekly_anchor' => '',
    'monthly_anchor' => NULL,
    'delay_days' => 3,
    'completed_waiting_period' => false,
    'minimum_manual_deposit_amounts' => 
    array (
      'aud' => 500,
      'bgn' => 100,
      'cad' => 500,
      'chf' => 500,
      'czk' => 3000,
      'dkk' => 5000,
      'eur' => 500,
      'gbp' => 500,
      'hkd' => 5000,
      'huf' => 36000,
      'nok' => 5000,
      'nzd' => 500,
      'jpy' => 50,
      'sek' => 5000,
      'sgd' => 500,
      'usd' => 500,
      'ron' => 500,
      'pln' => 500,
      'aed' => 200,
    ),
    'minimum_scheduled_deposit_amounts' => 
    array (
      'aed' => 200,
      'aud' => 0,
      'bgn' => 100,
      'cad' => 0,
      'chf' => 500,
      'czk' => 3000,
      'dkk' => 2000,
      'eur' => 100,
      'gbp' => 100,
      'hkd' => 0,
      'huf' => 36000,
      'jpy' => 1,
      'nok' => 2000,
      'nzd' => 0,
      'pln' => 500,
      'ron' => 500,
      'sek' => 2000,
      'sgd' => 100,
      'usd' => 0,
    ),
  ),
  'lifetime_total_payment_volume' => 0,
  'requirements' => 
  array (
    'errors' => 
    array (
    ),
  ),
  'statement_descriptor' => 'PAPA POKE',
  'statement_descriptor_kanji' => '',
  'statement_descriptor_kana' => '',
  'latest_tos_agreement' => 
  array (
    'date' => '2024-11-10 22:23:55',
    'source' => 'signup',
    'is_current_version' => true,
  ),
  'fees' => 
  array (
    'base' => 
    array (
      'percentage_rate' => 0.01499999999999999944488848768742172978818416595458984375,
      'fixed_rate' => 25,
      'currency' => 'gbp',
    ),
    'discount' => 
    array (
    ),
    'card' => 
    array (
      'base' => 
      array (
        'percentage_rate' => 0.01499999999999999944488848768742172978818416595458984375,
        'fixed_rate' => 25,
        'currency' => 'gbp',
      ),
      'additional' => 
      array (
        'percentage_rate' => 0.0200000000000000004163336342344337026588618755340576171875,
        'fixed_rate' => 0,
        'currency' => 'eur',
      ),
      'fx' => 
      array (
        'percentage_rate' => 0.0200000000000000004163336342344337026588618755340576171875,
        'fixed_rate' => 0,
        'currency' => 'gbp',
      ),
      'discount' => 
      array (
      ),
    ),
    'card_present' => 
    array (
      'base' => 
      array (
        'percentage_rate' => 0.01400000000000000029143354396410359186120331287384033203125,
        'fixed_rate' => 20,
        'currency' => 'gbp',
      ),
      'additional' => 
      array (
        'percentage_rate' => 0.0200000000000000004163336342344337026588618755340576171875,
        'fixed_rate' => 0,
        'currency' => 'gbp',
      ),
      'fx' => 
      array (
        'percentage_rate' => 0.0200000000000000004163336342344337026588618755340576171875,
        'fixed_rate' => 0,
        'currency' => 'gbp',
      ),
      'discount' => 
      array (
      ),
    ),
    'bancontact' => 
    array (
      'base' => 
      array (
        'percentage_rate' => 0.01400000000000000029143354396410359186120331287384033203125,
        'fixed_rate' => 20,
        'currency' => 'gbp',
      ),
      'additional' => 
      array (
        'percentage_rate' => 0,
        'fixed_rate' => 0,
        'currency' => 'gbp',
      ),
      'fx' => 
      array (
        'percentage_rate' => 0,
        'fixed_rate' => 0,
        'currency' => 'gbp',
      ),
      'discount' => 
      array (
      ),
    ),
    'eps' => 
    array (
      'base' => 
      array (
        'percentage_rate' => 0.01600000000000000033306690738754696212708950042724609375,
        'fixed_rate' => 20,
        'currency' => 'gbp',
      ),
      'additional' => 
      array (
        'percentage_rate' => 0,
        'fixed_rate' => 0,
        'currency' => 'gbp',
      ),
      'fx' => 
      array (
        'percentage_rate' => 0,
        'fixed_rate' => 0,
        'currency' => 'gbp',
      ),
      'discount' => 
      array (
      ),
    ),
    'ideal' => 
    array (
      'base' => 
      array (
        'percentage_rate' => 0,
        'fixed_rate' => 25,
        'currency' => 'gbp',
      ),
      'additional' => 
      array (
        'percentage_rate' => 0,
        'fixed_rate' => 0,
        'currency' => 'gbp',
      ),
      'fx' => 
      array (
        'percentage_rate' => 0,
        'fixed_rate' => 0,
        'currency' => 'gbp',
      ),
      'discount' => 
      array (
      ),
    ),
    'p24' => 
    array (
      'base' => 
      array (
        'percentage_rate' => 0.021999999999999998723243521681069978512823581695556640625,
        'fixed_rate' => 20,
        'currency' => 'gbp',
      ),
      'additional' => 
      array (
        'percentage_rate' => 0,
        'fixed_rate' => 0,
        'currency' => 'gbp',
      ),
      'fx' => 
      array (
        'percentage_rate' => 0,
        'fixed_rate' => 0,
        'currency' => 'gbp',
      ),
      'discount' => 
      array (
      ),
    ),
    'klarna' => 
    array (
      'base' => 
      array (
        'percentage_rate' => 0.049899999999999999911182158029987476766109466552734375,
        'fixed_rate' => 35,
        'currency' => 'gbp',
      ),
      'additional' => 
      array (
        'percentage_rate' => 0,
        'fixed_rate' => 0,
        'currency' => 'gbp',
      ),
      'fx' => 
      array (
        'percentage_rate' => 0,
        'fixed_rate' => 0,
        'currency' => 'gbp',
      ),
      'discount' => 
      array (
      ),
    ),
    'afterpay_clearpay' => 
    array (
      'base' => 
      array (
        'percentage_rate' => 0.059999999999999997779553950749686919152736663818359375,
        'fixed_rate' => 30,
        'currency' => 'gbp',
      ),
      'additional' => 
      array (
        'percentage_rate' => 0,
        'fixed_rate' => 0,
        'currency' => 'gbp',
      ),
      'fx' => 
      array (
        'percentage_rate' => 0,
        'fixed_rate' => 0,
        'currency' => 'gbp',
      ),
      'discount' => 
      array (
      ),
    ),
  ),
  'capital' => 
  array (
    'has_active_loan' => false,
    'has_previous_loans' => false,
    'loans' => 
    array (
    ),
  ),
  'fraud_services' => 
  array (
    'stripe' => 
    array (
    ),
    'sift' => 
    array (
      'beacon_key' => '1d81b5c86a',
      'sandbox_beacon_key' => '43e8654e6f',
    ),
  ),
  'store_currencies' => 
  array (
    'default' => 'gbp',
    'supported' => 
    array (
      0 => 'gbp',
    ),
  ),
  'customer_currencies' => 
  array (
    'supported' => 
    array (
      0 => 'usd',
      1 => 'aed',
      2 => 'afn',
      3 => 'all',
      4 => 'amd',
      5 => 'ang',
      6 => 'aoa',
      7 => 'ars',
      8 => 'aud',
      9 => 'awg',
      10 => 'azn',
      11 => 'bam',
      12 => 'bbd',
      13 => 'bdt',
      15 => 'bif',
      16 => 'bmd',
      17 => 'bnd',
      18 => 'bob',
      19 => 'brl',
      20 => 'bsd',
      21 => 'bwp',
      22 => 'byn',
      23 => 'bzd',
      24 => 'cad',
      25 => 'cdf',
      26 => 'chf',
      27 => 'clp',
      28 => 'cny',
      29 => 'cop',
      30 => 'crc',
      31 => 'cve',
      32 => 'czk',
      33 => 'djf',
      34 => 'dkk',
      35 => 'dop',
      36 => 'dzd',
      37 => 'egp',
      38 => 'etb',
      39 => 'eur',
      40 => 'fjd',
      41 => 'fkp',
      42 => 'gbp',
      43 => 'gel',
      44 => 'gip',
      45 => 'gmd',
      46 => 'gnf',
      47 => 'gtq',
      48 => 'gyd',
      49 => 'hkd',
      50 => 'hnl',
      51 => 'htg',
      52 => 'huf',
      53 => 'idr',
      54 => 'ils',
      55 => 'inr',
      56 => 'isk',
      57 => 'jmd',
      58 => 'jpy',
      59 => 'kes',
      60 => 'kgs',
      61 => 'khr',
      62 => 'kmf',
      63 => 'krw',
      64 => 'kyd',
      65 => 'kzt',
      66 => 'lak',
      67 => 'lbp',
      68 => 'lkr',
      69 => 'lrd',
      70 => 'lsl',
      71 => 'mad',
      72 => 'mdl',
      73 => 'mga',
      74 => 'mkd',
      75 => 'mmk',
      76 => 'mnt',
      77 => 'mop',
      78 => 'mur',
      79 => 'mvr',
      80 => 'mwk',
      81 => 'mxn',
      82 => 'myr',
      83 => 'mzn',
      84 => 'nad',
      85 => 'ngn',
      86 => 'nio',
      87 => 'nok',
      88 => 'npr',
      89 => 'nzd',
      90 => 'pab',
      91 => 'pen',
      92 => 'pgk',
      93 => 'php',
      94 => 'pkr',
      95 => 'pln',
      96 => 'pyg',
      97 => 'qar',
      98 => 'ron',
      99 => 'rsd',
      100 => 'rub',
      101 => 'rwf',
      102 => 'sar',
      103 => 'sbd',
      104 => 'scr',
      105 => 'sek',
      106 => 'sgd',
      107 => 'shp',
      108 => 'sle',
      109 => 'sos',
      110 => 'srd',
      111 => 'std',
      112 => 'szl',
      113 => 'thb',
      114 => 'tjs',
      115 => 'top',
      116 => 'try',
      117 => 'ttd',
      118 => 'twd',
      119 => 'tzs',
      120 => 'uah',
      121 => 'ugx',
      122 => 'uyu',
      123 => 'uzs',
      124 => 'vnd',
      125 => 'vuv',
      126 => 'wst',
      127 => 'xaf',
      128 => 'xcd',
      129 => 'xcg',
      130 => 'xof',
      131 => 'xpf',
      132 => 'yer',
      133 => 'zar',
      134 => 'zmw',
    ),
  ),
  'country' => '(redacted)',
  'instant_deposits_eligible' => false,
  'card_present_eligible' => true,
  'has_card_readers_available' => false,
  'platform_checkout_eligible' => false,
  'platform_direct_checkout_eligible' => false,
  'platform_global_theme_support_enabled' => false,
  'business_profile' => 
  array (
    'name' => '(redacted)',
    'url' => 'https://papapoke.co.uk',
    'support_address' => 
    array (
    ),
    'support_email' => 'contactus@papapoke.co.uk',
    'support_phone' => '+447387156597',
  ),
  'branding' => 
  array (
    'icon' => NULL,
    'logo' => NULL,
    'primary_color' => NULL,
    'secondary_color' => NULL,
  ),
  'locale' => 'en_GB',
  'has_more_failed_events' => false,
  'has_submitted_vat_data' => false,
  'is_documents_enabled' => true,
  'card_testing_protection_eligible' => false,
  'fraud_mitigation_settings' => 
  array (
    'avs_check_enabled' => false,
    'cvc_check_enabled' => true,
  ),
  'is_deferred_intent_creation_upe_enabled' => true,
  'pre_check_save_my_info' => false,
  'is_tokenized_ece_disabled' => false,
  'ece_confirmation_tokens_disabled' => false,
  'eligibility_wporg_review_campaign_2025' => false,
  'progressive_onboarding' => 
  array (
    'is_enabled' => false,
    'is_complete' => false,
  ),
)
2026-01-29T13:26:45+00:00 INFO ENVIRONMENT: array (
  'WP_User' => 'Guest (non logged-in user)',
  'HTTP_REFERER' => '--',
  'HTTP_USER_AGENT' => 'WordPress/6.9; https://papapoke.co.uk',
  'REQUEST_URI' => '/wp-cron.php?doing_wp_cron=1769693204.8841080665588378906250',
  'DOING_AJAX' => false,
  'DOING_CRON' => true,
  'WP_CLI' => false,
)
2026-01-29T13:26:45+00:00 INFO REQUEST POST https://public-api.wordpress.com/wpcom/v2/sites/%s/wcpay/compatibility
2026-01-29T13:26:45+00:00 INFO HEADERS: array (
  'Content-Type' => 'application/json; charset=utf-8',
  'User-Agent' => 'WooCommerce Payments/8.6.0',
  'Idempotency-Key' => '21351f65-7f40-4625-87a8-42acd08e9b7a',
)
2026-01-29T13:26:45+00:00 INFO BODY: array (
  'test_mode' => false,
  'compatibility_data' => 
  array (
    'woopayments_version' => '8.6.0',
    'woocommerce_version' => '10.0.5',
    'woocommerce_permalinks' => 
    array (
      'product_base' => 'product',
      'category_base' => 'product-category',
      'tag_base' => 'product-tag',
      'attribute_base' => '',
      'use_verbose_page_rules' => false,
    ),
    'woocommerce_shop' => 'https://papapoke.co.uk/?page_id=7',
    'woocommerce_cart' => 'Not set',
    'woocommerce_checkout' => 'https://papapoke.co.uk/checkout/',
    'blog_theme' => 'papa',
    'active_plugins' => 
    array (
      0 => 'added-to-cart-popup-woocommerce/xoo-cp-main.php',
      1 => 'advanced-custom-fields-pro/acf.php',
      2 => 'classic-editor/classic-editor.php',
      3 => 'classic-widgets/classic-widgets.php',
      4 => 'contact-form-7/wp-contact-form-7.php',
      5 => 'health-check/health-check.php',
      6 => 'popup-maker/popup-maker.php',
      8 => 'regenerate-thumbnails/regenerate-thumbnails.php',
      9 => 'shipping-zones-by-drawing-for-woocommerce/shipping-zones-by-drawing.php',
      10 => 'svg-support/svg-support.php',
      11 => 'webp-converter-for-media/webp-converter-for-media.php',
      12 => 'woo-pincode-checker/woo-pincode-checker.php',
      13 => 'woocommerce-google-analytics-integration/woocommerce-google-analytics-integration.php',
      14 => 'woocommerce-lightbox/main.php',
      15 => 'woocommerce-payments/woocommerce-payments.php',
      17 => 'woocommerce/woocommerce.php',
      18 => 'wordpress-seo/wp-seo.php',
      19 => 'wp-rocket/wp-rocket.php',
      20 => 'wp-sitemap-page/wp-sitemap-page.php',
    ),
    'post_types_count' => 
    array (
      'post' => 0,
      'page' => 7,
      'attachment' => 0,
      'product' => 55,
      'popup' => 2,
      'popup_theme' => 8,
      'szbdzones' => 2,
    ),
  ),
)
2026-01-29T13:26:45+00:00 INFO RESPONSE: array (
  'result' => 'success',
)
2026-01-29T14:12:08+00:00 INFO ENVIRONMENT: array (
  'WP_User' => 'Guest (non logged-in user)',
  'HTTP_REFERER' => '--',
  'HTTP_USER_AGENT' => 'Mozilla/5.0 (Windows NT 10.0; Win64; x64) AppleWebKit/537.36 (KHTML, like Gecko) Chrome/91.0.4472.124 Safari/537.36',
  'REQUEST_URI' => '/',
  'DOING_AJAX' => false,
  'DOING_CRON' => false,
  'WP_CLI' => false,
)
2026-01-29T14:12:08+00:00 INFO REQUEST GET https://public-api.wordpress.com/wpcom/v2/sites/%s/wcpay/disputes?test_mode=0&pagesize=50&search%5B0%5D=warning_needs_response&search%5B1%5D=needs_response
2026-01-29T14:12:08+00:00 INFO HEADERS: array (
  'Content-Type' => 'application/json; charset=utf-8',
  'User-Agent' => 'WooCommerce Payments/8.6.0',
)
2026-01-29T14:12:08+00:00 INFO RESPONSE: array (
  'data' => 
  array (
  ),
)
2026-01-29T19:31:58+00:00 INFO ENVIRONMENT: array (
  'WP_User' => 'Guest (non logged-in user)',
  'HTTP_REFERER' => 'http://www.papapoke.co.uk',
  'HTTP_USER_AGENT' => 'Mozilla/5.0 (iPhone; CPU iPhone OS 13_2_3 like Mac OS X) AppleWebKit/605.1.15 (KHTML, like Gecko) Version/13.0.3 Mobile/15E148 Safari/604.1',
  'REQUEST_URI' => '/',
  'DOING_AJAX' => false,
  'DOING_CRON' => false,
  'WP_CLI' => false,
)
2026-01-29T19:31:58+00:00 INFO REQUEST GET https://public-api.wordpress.com/wpcom/v2/sites/%s/wcpay/currency/rates?test_mode=0&currency_from=gbp
2026-01-29T19:31:58+00:00 INFO HEADERS: array (
  'Content-Type' => 'application/json; charset=utf-8',
  'User-Agent' => 'WooCommerce Payments/8.6.0',
)
2026-01-29T19:31:59+00:00 INFO RESPONSE: array (
  'AED' => 5.067719000000000306727088172920048236846923828125,
  'AFN' => 89.6819239999999950896381051279604434967041015625,
  'ALL' => 111.5430669999999935271262074820697307586669921875,
  'AMD' => 522.61293200000000069849193096160888671875,
  'ANG' => 2.4697019999999998418616087292321026325225830078125,
  'AOA' => 1258.489894000000049345544539391994476318359375,
  'ARS' => 1992.310173999999960869899950921535491943359375,
  'AUD' => 1.9642269999999999452455767823266796767711639404296875,
  'AWG' => 2.485224000000000099674934972426854074001312255859375,
  'AZN' => 2.345527000000000139579015012714080512523651123046875,
  'BAM' => 2.258342999999999989313437254168093204498291015625,
  'BBD' => 2.759443999999999785899262860766611993312835693359375,
  'BDT' => 168.573201000000011617885320447385311126708984375,
  'BGN' => 2.256949999999999789679350215010344982147216796875,
  'BHD' => 0.52008600000000004826006261282600462436676025390625,
  'BIF' => 4086.77064699999982622102834284305572509765625,
  'BMD' => 1.3797219999999998929496314303833059966564178466796875,
  'BND' => 1.745198999999999944776618576725013554096221923828125,
  'BOB' => 9.5319669999999998566408976330421864986419677734375,
  'BRL' => 7.18172799999999966757968650199472904205322265625,
  'BSD' => 1.3797219999999998929496314303833059966564178466796875,
  'BTC' => 1.599999999999999927596978921418013896982301957905292510986328125E-5,
  'BTN' => 126.924679999999995061443769372999668121337890625,
  'BWP' => 17.990072999999998870634954073466360569000244140625,
  'BYN' => 3.896964000000000094559027274954132735729217529296875,
  'BZD' => 2.7744900000000001227817847393453121185302734375,
  'CAD' => 1.864368999999999942929207463748753070831298828125,
  'CDF' => 3174.26274100000000544241629540920257568359375,
  'CHF' => 1.057001000000000079381834439118392765522003173828125,
  'CLF' => 0.0299999999999999988897769753748434595763683319091796875,
  'CLP' => 1184.56025399999998626299202442169189453125,
  'CNH' => 9.5885569999999997747863744734786450862884521484375,
  'CNY' => 9.5868599999999997152144715073518455028533935546875,
  'COP' => 5059.2165969999996377737261354923248291015625,
  'CRC' => 682.537274000000024898326955735683441162109375,
  'CUC' => 1.3797219999999998929496314303833059966564178466796875,
  'CUP' => 35.527839000000000169166014529764652252197265625,
  'CVE' => 127.32193599999999378269421868026256561279296875,
  'CZK' => 28.04926400000000086265572463162243366241455078125,
  'DJF' => 245.353149999999999408828443847596645355224609375,
  'DKK' => 8.615463999999999344936441048048436641693115234375,
  'DOP' => 86.6710369999999983292582328431308269500732421875,
  'DZD' => 178.32512600000001157241058535873889923095703125,
  'EGP' => 64.6225869999999957826730678789317607879638671875,
  'ERN' => 20.695828999999999808778738952241837978363037109375,
  'ETB' => 214.60011800000000903310137800872325897216796875,
  'EUR' => 1.153774999999999995026200849679298698902130126953125,
  'FJD' => 3.02780000000000004689582056016661226749420166015625,
  'FKP' => 1,
  'GBP' => 1,
  'GEL' => 3.7183510000000001838316165958531200885772705078125,
  'GGP' => 1,
  'GHS' => 15.071014999999999162128005991689860820770263671875,
  'GIP' => 1,
  'GMD' => 100.7197010000000005902620614506304264068603515625,
  'GNF' => 12105.806927999999970779754221439361572265625,
  'GTQ' => 10.585043999999999897454472375102341175079345703125,
  'GYD' => 288.61479400000001760417944751679897308349609375,
  'HKD' => 10.7696260000000005874198905075900256633758544921875,
  'HNL' => 36.40622499999999917008608463220298290252685546875,
  'HRK' => 8.6944970000000001419948603142984211444854736328125,
  'HTG' => 180.82445799999999280771589837968349456787109375,
  'HUF' => 439.33991099999997231861925683915615081787109375,
  'IDR' => 23165.5310329999992973171174526214599609375,
  'ILS' => 4.2692870000000002761453288258053362369537353515625,
  'IMP' => 1,
  'INR' => 126.778649000000001478838385082781314849853515625,
  'IQD' => 1807.20155199999999240390025079250335693359375,
  'IRR' => 58066.976714999997057020664215087890625,
  'ISK' => 167.27748600000001033549779094755649566650390625,
  'JEP' => 1,
  'JMD' => 216.4581699999999955252860672771930694580078125,
  'JOD' => 0.97822299999999995367971905579906888306140899658203125,
  'JPY' => 211.030226999999996451151673682034015655517578125,
  'KES' => 177.98412799999999833744368515908718109130859375,
  'KGS' => 120.6566820000000035406628740020096302032470703125,
  'KHR' => 5548.2636060000004363246262073516845703125,
  'KMF' => 568.4452860000000100626493804156780242919921875,
  'KPW' => 1241.749728000000004612957127392292022705078125,
  'KRW' => 1977.710655999999971754732541739940643310546875,
  'KWD' => 0.422767999999999977145392904276377521455287933349609375,
  'KYD' => 1.1496090000000001030144858304993249475955963134765625,
  'KZT' => 692.9986330000000407380866818130016326904296875,
  'LAK' => 29674.3000319999991916120052337646484375,
  'LBP' => 123555.95555199999944306910037994384765625,
  'LKR' => 426.819921000000022104359231889247894287109375,
  'LRD' => 255.2096129999999902793206274509429931640625,
  'LSL' => 21.95058300000000173213265952654182910919189453125,
  'LYD' => 8.6659489999999994580548445810563862323760986328125,
  'MAD' => 12.49270800000000036789060686714947223663330078125,
  'MDL' => 23.20349900000000076261130743660032749176025390625,
  'MGA' => 6165.9881329999998342827893793582916259765625,
  'MKD' => 71.3417830000000066092979977838695049285888671875,
  'MMK' => 2897.27805900000021210871636867523193359375,
  'MNT' => 4911.810034000000086962245404720306396484375,
  'MOP' => 11.0909139999999997172608345863409340381622314453125,
  'MUR' => 62.2944439999999985957401804625988006591796875,
  'MVR' => 21.330501000000001710077413008548319339752197265625,
  'MWK' => 2392.05700399999977889820002019405364990234375,
  'MXN' => 23.79929299999999869896782911382615566253662109375,
  'MYR' => 5.4188580000000001746229827404022216796875,
  'MZN' => 87.9710659999999933233993942849338054656982421875,
  'NAD' => 21.95058300000000173213265952654182910919189453125,
  'NGN' => 1915.3851580000000467407517135143280029296875,
  'NIO' => 50.77172500000000354702933691442012786865234375,
  'NOK' => 13.1847440000000002413571564829908311367034912109375,
  'NPR' => 203.080016999999998006387613713741302490234375,
  'NZD' => 2.275406999999999957395857563824392855167388916015625,
  'OMR' => 0.53045799999999998508570797639549709856510162353515625,
  'PAB' => 1.3797219999999998929496314303833059966564178466796875,
  'PEN' => 4.61344900000000013307044355315156280994415283203125,
  'PGK' => 5.99515099999999989677235134877264499664306640625,
  'PHP' => 81.4015289999999964720700518228113651275634765625,
  'PKR' => 385.88690500000001293301465921103954315185546875,
  'PLN' => 4.8545759999999997802433426841162145137786865234375,
  'PYG' => 9257.08952900000076624564826488494873046875,
  'QAR' => 5.02890600000000009828227121033705770969390869140625,
  'RON' => 5.88216900000000020298784875194542109966278076171875,
  'RSD' => 135.45143999999999095962266437709331512451171875,
  'RUB' => 103.82886600000000498766894452273845672607421875,
  'RWF' => 2012.74027900000010049552656710147857666015625,
  'SAR' => 5.17490200000000033497826734674163162708282470703125,
  'SBD' => 11.1449470000000001590478859725408256053924560546875,
  'SCR' => 19.125212000000001211219569086097180843353271484375,
  'SDG' => 829.9027350000000069485395215451717376708984375,
  'SEK' => 12.1621819999999996042561178910546004772186279296875,
  'SGD' => 1.7450989999999999557900309810065664350986480712890625,
  'SHP' => 1,
  'SLL' => 28932.07879699999830336309969425201416015625,
  'SOS' => 787.0373349999999845749698579311370849609375,
  'SRD' => 52.43426199999999681722329114563763141632080078125,
  'SSP' => 179.72257700000000113504938781261444091796875,
  'STD' => 30742.68787199999860604293644428253173828125,
  'SVC' => 12.0711309999999993891606209217570722103118896484375,
  'SYP' => 17939.14440100000138045288622379302978515625,
  'SZL' => 21.941469999999998918838173267431557178497314453125,
  'THB' => 43.1935739999999981364453560672700405120849609375,
  'TJS' => 12.884726000000000567524693906307220458984375,
  'TMT' => 4.829026999999999958390617393888533115386962890625,
  'TND' => 3.950655999999999945515583021915517747402191162109375,
  'TOP' => 3.322039000000000186219040188007056713104248046875,
  'TRY' => 59.8920710000000013906173990108072757720947265625,
  'TTD' => 9.3633819999999996497308529797010123729705810546875,
  'TWD' => 43.3211960000000004811226972378790378570556640625,
  'TZS' => 3538.98672399999986737384460866451263427734375,
  'UAH' => 59.04011799999999965393726597540080547332763671875,
  'UGX' => 4907.4417480000001887674443423748016357421875,
  'USD' => 1.3797219999999998929496314303833059966564178466796875,
  'UYU' => 52.06279099999999715464582550339400768280029296875,
  'UZS' => 16702.05080100000122911296784877777099609375,
  'VND' => 35878.86992800000007264316082000732421875,
  'VUV' => 167.360268999999988182025845162570476531982421875,
  'WST' => 3.818794000000000021799451133119873702526092529296875,
  'XAF' => 756.8267110000000457148416899144649505615234375,
  'XAG' => 0.01196000000000000014488410471358292852528393268585205078125,
  'XAU' => 0.0002579999999999999828192986939257025369442999362945556640625,
  'XCD' => 3.728766999999999942616568660014308989048004150390625,
  'XDR' => 0.941003999999999951597828840021975338459014892578125,
  'XOF' => 756.8267110000000457148416899144649505615234375,
  'XPD' => 0.0006830000000000000133504318711175073985941708087921142578125,
  'XPF' => 137.68196699999998600105755031108856201171875,
  'XPT' => 0.000532000000000000029289071168392410982050932943820953369140625,
  'YER' => 328.92560800000001108855940401554107666015625,
  'ZAR' => 21.775569000000000841055225464515388011932373046875,
  'ZMW' => 27.279554000000000968384483712725341320037841796875,
  'ZWL' => 444.27045800000001918306224979460239410400390625,
)
2026-01-29T22:41:22+00:00 INFO ENVIRONMENT: array (
  'WP_User' => 'Guest (non logged-in user)',
  'HTTP_REFERER' => '--',
  'HTTP_USER_AGENT' => 'WordPress/6.9; https://papapoke.co.uk',
  'REQUEST_URI' => '/wp-cron.php?doing_wp_cron=1769726481.8808169364929199218750',
  'DOING_AJAX' => false,
  'DOING_CRON' => true,
  'WP_CLI' => false,
)
2026-01-29T22:41:22+00:00 INFO REQUEST GET https://public-api.wordpress.com/wpcom/v2/wcpay/woopay/compatibility?test_mode=0
2026-01-29T22:41:22+00:00 INFO HEADERS: array (
  'Content-Type' => 'application/json; charset=utf-8',
  'User-Agent' => 'WooCommerce Payments/8.6.0',
)
2026-01-29T22:41:22+00:00 INFO RESPONSE: array (
  'incompatible_extensions' => 
  array (
    0 => 'class-wcdonation',
    1 => 'woocommerce-avatax',
    2 => 'woocommerce-table-rate-shipping',
    3 => 'woocommerce-memberships-for-teams',
    4 => 'woocommerce-checkout-add-ons',
    5 => 'woocommerce-checkout-field-editor',
    6 => 'woocommerce-eu-vat-number',
    7 => 'woocommerce-order-delivery',
    8 => 'woocommerce-pdf-product-vouchers',
    9 => 'woocommerce-shipping-local-pickup-plus',
    10 => 'woocommerce-shipping-multiple-addresses',
    11 => 'woocommerce-smart-coupons',
    12 => 'woocommerce-subscriptions-gifting',
    13 => 'advanced-product-fields-for-woocommerce',
    14 => 'mage-eventpress',
  ),
  'adapted_extensions' => 
  array (
    0 => 'woocommerce-points-and-rewards',
    1 => 'woocommerce-gift-cards',
  ),
  'available_countries' => 
  array (
    0 => 'US',
  ),
)
