2026-02-06T02:19:55+00:00 INFO ENVIRONMENT: array (
  'WP_User' => 'Guest (non logged-in user)',
  'HTTP_REFERER' => '--',
  'HTTP_USER_AGENT' => 'Mozilla/5.0 (Windows NT 10.0; Win64; x64) AppleWebKit/537.36 (KHTML, like Gecko) Chrome/139.0.0.0 Safari/537.36',
  'REQUEST_URI' => '/product/chicken-karaage-bowl/?add-to-cart=112',
  'DOING_AJAX' => false,
  'DOING_CRON' => false,
  'WP_CLI' => false,
)
2026-02-06T02:19:55+00:00 INFO ENVIRONMENT: array (
  'WP_User' => 'Guest (non logged-in user)',
  'HTTP_REFERER' => '--',
  'HTTP_USER_AGENT' => 'Mozilla/5.0 (Windows NT 10.0; Win64; x64) AppleWebKit/537.36 (KHTML, like Gecko) Chrome/139.0.0.0 Safari/537.36',
  'REQUEST_URI' => '/product/chicken-karaage-bowl/?add-to-cart=340',
  'DOING_AJAX' => false,
  'DOING_CRON' => false,
  'WP_CLI' => false,
)
2026-02-06T02:19:55+00:00 INFO REQUEST GET https://public-api.wordpress.com/wpcom/v2/sites/%s/wcpay/currency/rates?test_mode=0&currency_from=gbp
2026-02-06T02:19:55+00:00 INFO REQUEST GET https://public-api.wordpress.com/wpcom/v2/sites/%s/wcpay/currency/rates?test_mode=0&currency_from=gbp
2026-02-06T02:19:55+00:00 INFO HEADERS: array (
  'Content-Type' => 'application/json; charset=utf-8',
  'User-Agent' => 'WooCommerce Payments/8.6.0',
)
2026-02-06T02:19:55+00:00 INFO HEADERS: array (
  'Content-Type' => 'application/json; charset=utf-8',
  'User-Agent' => 'WooCommerce Payments/8.6.0',
)
2026-02-06T02:19:55+00:00 INFO RESPONSE: array (
  'AED' => 4.963421000000000304908098769374191761016845703125,
  'AFN' => 88.523919000000006462869350798428058624267578125,
  'ALL' => 110.7884509999999949059201753698289394378662109375,
  'AMD' => 510.56355200000001559601514600217342376708984375,
  'ANG' => 2.419202999999999992297716744360513985157012939453125,
  'AOA' => 1239.334888999999975567334331572055816650390625,
  'ARS' => 1949.266053999999940060661174356937408447265625,
  'AUD' => 1.95730599999999999027977537480182945728302001953125,
  'AWG' => 2.432717999999999936022732072160579264163970947265625,
  'AZN' => 2.29756699999999991490540196537040174007415771484375,
  'BAM' => 2.241894999999999971151964928139932453632354736328125,
  'BBD' => 2.703019999999999978257392285740934312343597412109375,
  'BDT' => 165.339483999999998786734067834913730621337890625,
  'BGN' => 2.24439000000000010714984455262310802936553955078125,
  'BHD' => 0.5094760000000000399467126044328324496746063232421875,
  'BIF' => 4003.95117799999979979475028812885284423828125,
  'BMD' => 1.3515099999999999891286961428704671561717987060546875,
  'BND' => 1.721827999999999914138015810749493539333343505859375,
  'BOB' => 9.3410770000000002966089596156962215900421142578125,
  'BRL' => 7.1261080000000003309423846076242625713348388671875,
  'BSD' => 1.3515099999999999891286961428704671561717987060546875,
  'BTC' => 2.19999999999999994279749337966478606176679022610187530517578125E-5,
  'BTN' => 122.17626799999999320789356715977191925048828125,
  'BWP' => 17.898095000000001419948603142984211444854736328125,
  'BYN' => 3.87247800000000008679990060045383870601654052734375,
  'BZD' => 2.718862000000000112009956865222193300724029541015625,
  'CAD' => 1.85383399999999998186694938340224325656890869140625,
  'CDF' => 3058.19077299999980823486112058162689208984375,
  'CHF' => 1.050939000000000067558403316070325672626495361328125,
  'CLF' => 0.0296660000000000013964385203735218965448439121246337890625,
  'CLP' => 1175.22629499999993640813045203685760498046875,
  'CNH' => 9.3790420000000001010675987345166504383087158203125,
  'CNY' => 9.3769130000000000535465005668811500072479248046875,
  'COP' => 4929.3209329999999681604094803333282470703125,
  'CRC' => 670.2306839999999965584720484912395477294921875,
  'CUC' => 1.3515099999999999891286961428704671561717987060546875,
  'CUP' => 34.801389000000000351064954884350299835205078125,
  'CVE' => 126.5589120000000065147105487994849681854248046875,
  'CZK' => 27.84560499999999905185177340172231197357177734375,
  'DJF' => 240.382823999999999387000571005046367645263671875,
  'DKK' => 8.5699810000000002929709808086045086383819580078125,
  'DOP' => 85.245936999999997851773514412343502044677734375,
  'DZD' => 175.778604999999998881321516819298267364501953125,
  'EGP' => 63.3285259999999965430106385610997676849365234375,
  'ERN' => 20.272653999999999285819285432808101177215576171875,
  'ETB' => 209.686813999999998259227140806615352630615234375,
  'EUR' => 1.1476530000000000342197381542064249515533447265625,
  'FJD' => 2.99616300000000013170620150049217045307159423828125,
  'FKP' => 1,
  'GBP' => 1,
  'GEL' => 3.6423199999999997800159690086729824542999267578125,
  'GGP' => 1,
  'GHS' => 14.839078000000000656655174680054187774658203125,
  'GIP' => 1,
  'GMD' => 98.660248999999993202436598949134349822998046875,
  'GNF' => 11855.237961000000723288394510746002197265625,
  'GTQ' => 10.3692510000000002179376679123379290103912353515625,
  'GYD' => 282.833131999999977779225446283817291259765625,
  'HKD' => 10.559416999999999831061359145678579807281494140625,
  'HNL' => 35.7542049999999989040588843636214733123779296875,
  'HRK' => 8.6461249999999996163069226895458996295928955078125,
  'HTG' => 177.35246499999999514329829253256320953369140625,
  'HUF' => 436.2734520000000202344381250441074371337890625,
  'IDR' => 22822.8858309999995981343090534210205078125,
  'ILS' => 4.21684000000000036578740036929957568645477294921875,
  'IMP' => 1,
  'INR' => 122.071562999999997600752976723015308380126953125,
  'IQD' => 1771.1541680000000269501470029354095458984375,
  'IRR' => 56879.65991899999789893627166748046875,
  'ISK' => 166.100607999999994035533745773136615753173828125,
  'JEP' => 1,
  'JMD' => 211.44285300000001370790414512157440185546875,
  'JOD' => 0.9582209999999999894271240918897092342376708984375,
  'JPY' => 211.693355999999994310201145708560943603515625,
  'KES' => 174.369967000000002599335857667028903961181640625,
  'KGS' => 118.18957000000000334694050252437591552734375,
  'KHR' => 5454.0531920000003083259798586368560791015625,
  'KMF' => 566.2831979999999703068169765174388885498046875,
  'KPW' => 1216.35921499999994921381585299968719482421875,
  'KRW' => 1989.799940000000106010702438652515411376953125,
  'KWD' => 0.41550900000000001721645048746722750365734100341796875,
  'KYD' => 1.126616999999999979564790919539518654346466064453125,
  'KZT' => 666.7568479999999908613972365856170654296875,
  'LAK' => 29056.43230200000107288360595703125,
  'LBP' => 118935.77962600000319071114063262939453125,
  'LKR' => 418.357839000000012674718163907527923583984375,
  'LRD' => 251.542696000000006506525096483528614044189453125,
  'LSL' => 21.610814000000001300350049859844148159027099609375,
  'LYD' => 8.5576369999999997162376530468463897705078125,
  'MAD' => 12.40825399999999945066520012915134429931640625,
  'MDL' => 22.814277000000000583668224862776696681976318359375,
  'MGA' => 5997.326686000000336207449436187744140625,
  'MKD' => 70.7356379999999944629962556064128875732421875,
  'MMK' => 2838.03635100000019519939087331295013427734375,
  'MNT' => 4823.5400429999999687424860894680023193359375,
  'MOP' => 10.8793260000000007181597538874484598636627197265625,
  'MUR' => 62.22353199999999873170963837765157222747802734375,
  'MVR' => 20.88083400000000011687006917782127857208251953125,
  'MWK' => 2347.57328499999994164681993424892425537109375,
  'MXN' => 23.7269170000000002573870006017386913299560546875,
  'MYR' => 5.3402229999999999421333995996974408626556396484375,
  'MZN' => 86.1587770000000006120899342931807041168212890625,
  'NAD' => 21.705254000000000047521098167635500431060791015625,
  'NGN' => 1847.64964800000007016933523118495941162109375,
  'NIO' => 49.600425999999998794010025449097156524658203125,
  'NOK' => 13.27311399999999963483787723816931247711181640625,
  'NPR' => 195.482088000000004512912710197269916534423828125,
  'NZD' => 2.277695000000000025153212845907546579837799072265625,
  'OMR' => 0.5196650000000000435562697020941413938999176025390625,
  'PAB' => 1.3515099999999999891286961428704671561717987060546875,
  'PEN' => 4.5512110000000003395825842744670808315277099609375,
  'PGK' => 5.76554300000000008452616384602151811122894287109375,
  'PHP' => 79.4890740000000022291715140454471111297607421875,
  'PKR' => 378.01741399999997383929439820349216461181640625,
  'PLN' => 4.848691999999999779902282170951366424560546875,
  'PYG' => 8927.2005480000007082708179950714111328125,
  'QAR' => 4.921321999999999974306774674914777278900146484375,
  'RON' => 5.84365999999999985448084771633148193359375,
  'RSD' => 134.713134999999994079189491458237171173095703125,
  'RUB' => 103.71962999999999510691850446164608001708984375,
  'RWF' => 1963.7443769999999858555383980274200439453125,
  'SAR' => 5.06839999999999957225327307241968810558319091796875,
  'SBD' => 10.890670000000000072759576141834259033203125,
  'SCR' => 18.31744499999999931105776340700685977935791015625,
  'SDG' => 812.933408999999983279849402606487274169921875,
  'SEK' => 12.2644690000000000651425580144859850406646728515625,
  'SGD' => 1.7245250000000000856203996590920723974704742431640625,
  'SHP' => 1,
  'SLL' => 28340.49395699999877251684665679931640625,
  'SOS' => 772.0502239999999574138200841844081878662109375,
  'SRD' => 51.18169300000000276895661954768002033233642578125,
  'SSP' => 176.047723999999988109266269020736217498779296875,
  'STD' => 30114.08084400000007008202373981475830078125,
  'SVC' => 11.8284660000000005908304956392385065555572509765625,
  'SYP' => 17572.33612799999900744296610355377197265625,
  'SZL' => 21.705254000000000047521098167635500431060791015625,
  'THB' => 43.04560099999999778219716972671449184417724609375,
  'TJS' => 12.6535589999999995569623933988623321056365966796875,
  'TMT' => 4.73704400000000003245759216952137649059295654296875,
  'TND' => 3.848425999999999902456693234853446483612060546875,
  'TOP' => 3.25411200000000011556267054402269423007965087890625,
  'TRY' => 58.94584499999999849251253181137144565582275390625,
  'TTD' => 9.154194000000000386307874578051269054412841796875,
  'TWD' => 42.79489600000000137924871523864567279815673828125,
  'TZS' => 3493.65396800000007715425454080104827880859375,
  'UAH' => 58.336376000000001340595190413296222686767578125,
  'UGX' => 4825.8304760000000896980054676532745361328125,
  'USD' => 1.3515099999999999891286961428704671561717987060546875,
  'UYU' => 52.24103600000000113823261926881968975067138671875,
  'UZS' => 16589.78818400000091060064733028411865234375,
  'VND' => 35076.838908999998238869011402130126953125,
  'VUV' => 162.174471000000011144948075525462627410888671875,
  'WST' => 3.6846090000000000230784280574880540370941162109375,
  'XAF' => 752.81081700000004275352694094181060791015625,
  'XAG' => 0.0190139999999999996516120148726258776150643825531005859375,
  'XAU' => 0.0002880000000000000072962469399584506390965543687343597412109375,
  'XCD' => 3.652524000000000103938191386987455189228057861328125,
  'XDR' => 0.93403000000000002689404254851979203522205352783203125,
  'XOF' => 752.81081700000004275352694094181060791015625,
  'XPD' => 0.000787000000000000047607751074707493899040855467319488525390625,
  'XPF' => 136.95139499999999088686308823525905609130859375,
  'XPT' => 0.000658999999999999972084829824581220236723311245441436767578125,
  'YER' => 322.200059000000010200892575085163116455078125,
  'ZAR' => 22.09552000000000049340087571181356906890869140625,
  'ZMW' => 26.46953500000000047975845518521964550018310546875,
  'ZWL' => 435.18629700000002458182279951870441436767578125,
)
2026-02-06T02:19:55+00:00 INFO RESPONSE: array (
  'AED' => 4.963421000000000304908098769374191761016845703125,
  'AFN' => 88.523919000000006462869350798428058624267578125,
  'ALL' => 110.7884509999999949059201753698289394378662109375,
  'AMD' => 510.56355200000001559601514600217342376708984375,
  'ANG' => 2.419202999999999992297716744360513985157012939453125,
  'AOA' => 1239.334888999999975567334331572055816650390625,
  'ARS' => 1949.266053999999940060661174356937408447265625,
  'AUD' => 1.95730599999999999027977537480182945728302001953125,
  'AWG' => 2.432717999999999936022732072160579264163970947265625,
  'AZN' => 2.29756699999999991490540196537040174007415771484375,
  'BAM' => 2.241894999999999971151964928139932453632354736328125,
  'BBD' => 2.703019999999999978257392285740934312343597412109375,
  'BDT' => 165.339483999999998786734067834913730621337890625,
  'BGN' => 2.24439000000000010714984455262310802936553955078125,
  'BHD' => 0.5094760000000000399467126044328324496746063232421875,
  'BIF' => 4003.95117799999979979475028812885284423828125,
  'BMD' => 1.3515099999999999891286961428704671561717987060546875,
  'BND' => 1.721827999999999914138015810749493539333343505859375,
  'BOB' => 9.3410770000000002966089596156962215900421142578125,
  'BRL' => 7.1261080000000003309423846076242625713348388671875,
  'BSD' => 1.3515099999999999891286961428704671561717987060546875,
  'BTC' => 2.19999999999999994279749337966478606176679022610187530517578125E-5,
  'BTN' => 122.17626799999999320789356715977191925048828125,
  'BWP' => 17.898095000000001419948603142984211444854736328125,
  'BYN' => 3.87247800000000008679990060045383870601654052734375,
  'BZD' => 2.718862000000000112009956865222193300724029541015625,
  'CAD' => 1.85383399999999998186694938340224325656890869140625,
  'CDF' => 3058.19077299999980823486112058162689208984375,
  'CHF' => 1.050939000000000067558403316070325672626495361328125,
  'CLF' => 0.0296660000000000013964385203735218965448439121246337890625,
  'CLP' => 1175.22629499999993640813045203685760498046875,
  'CNH' => 9.3790420000000001010675987345166504383087158203125,
  'CNY' => 9.3769130000000000535465005668811500072479248046875,
  'COP' => 4929.3209329999999681604094803333282470703125,
  'CRC' => 670.2306839999999965584720484912395477294921875,
  'CUC' => 1.3515099999999999891286961428704671561717987060546875,
  'CUP' => 34.801389000000000351064954884350299835205078125,
  'CVE' => 126.5589120000000065147105487994849681854248046875,
  'CZK' => 27.84560499999999905185177340172231197357177734375,
  'DJF' => 240.382823999999999387000571005046367645263671875,
  'DKK' => 8.5699810000000002929709808086045086383819580078125,
  'DOP' => 85.245936999999997851773514412343502044677734375,
  'DZD' => 175.778604999999998881321516819298267364501953125,
  'EGP' => 63.3285259999999965430106385610997676849365234375,
  'ERN' => 20.272653999999999285819285432808101177215576171875,
  'ETB' => 209.686813999999998259227140806615352630615234375,
  'EUR' => 1.1476530000000000342197381542064249515533447265625,
  'FJD' => 2.99616300000000013170620150049217045307159423828125,
  'FKP' => 1,
  'GBP' => 1,
  'GEL' => 3.6423199999999997800159690086729824542999267578125,
  'GGP' => 1,
  'GHS' => 14.839078000000000656655174680054187774658203125,
  'GIP' => 1,
  'GMD' => 98.660248999999993202436598949134349822998046875,
  'GNF' => 11855.237961000000723288394510746002197265625,
  'GTQ' => 10.3692510000000002179376679123379290103912353515625,
  'GYD' => 282.833131999999977779225446283817291259765625,
  'HKD' => 10.559416999999999831061359145678579807281494140625,
  'HNL' => 35.7542049999999989040588843636214733123779296875,
  'HRK' => 8.6461249999999996163069226895458996295928955078125,
  'HTG' => 177.35246499999999514329829253256320953369140625,
  'HUF' => 436.2734520000000202344381250441074371337890625,
  'IDR' => 22822.8858309999995981343090534210205078125,
  'ILS' => 4.21684000000000036578740036929957568645477294921875,
  'IMP' => 1,
  'INR' => 122.071562999999997600752976723015308380126953125,
  'IQD' => 1771.1541680000000269501470029354095458984375,
  'IRR' => 56879.65991899999789893627166748046875,
  'ISK' => 166.100607999999994035533745773136615753173828125,
  'JEP' => 1,
  'JMD' => 211.44285300000001370790414512157440185546875,
  'JOD' => 0.9582209999999999894271240918897092342376708984375,
  'JPY' => 211.693355999999994310201145708560943603515625,
  'KES' => 174.369967000000002599335857667028903961181640625,
  'KGS' => 118.18957000000000334694050252437591552734375,
  'KHR' => 5454.0531920000003083259798586368560791015625,
  'KMF' => 566.2831979999999703068169765174388885498046875,
  'KPW' => 1216.35921499999994921381585299968719482421875,
  'KRW' => 1989.799940000000106010702438652515411376953125,
  'KWD' => 0.41550900000000001721645048746722750365734100341796875,
  'KYD' => 1.126616999999999979564790919539518654346466064453125,
  'KZT' => 666.7568479999999908613972365856170654296875,
  'LAK' => 29056.43230200000107288360595703125,
  'LBP' => 118935.77962600000319071114063262939453125,
  'LKR' => 418.357839000000012674718163907527923583984375,
  'LRD' => 251.542696000000006506525096483528614044189453125,
  'LSL' => 21.610814000000001300350049859844148159027099609375,
  'LYD' => 8.5576369999999997162376530468463897705078125,
  'MAD' => 12.40825399999999945066520012915134429931640625,
  'MDL' => 22.814277000000000583668224862776696681976318359375,
  'MGA' => 5997.326686000000336207449436187744140625,
  'MKD' => 70.7356379999999944629962556064128875732421875,
  'MMK' => 2838.03635100000019519939087331295013427734375,
  'MNT' => 4823.5400429999999687424860894680023193359375,
  'MOP' => 10.8793260000000007181597538874484598636627197265625,
  'MUR' => 62.22353199999999873170963837765157222747802734375,
  'MVR' => 20.88083400000000011687006917782127857208251953125,
  'MWK' => 2347.57328499999994164681993424892425537109375,
  'MXN' => 23.7269170000000002573870006017386913299560546875,
  'MYR' => 5.3402229999999999421333995996974408626556396484375,
  'MZN' => 86.1587770000000006120899342931807041168212890625,
  'NAD' => 21.705254000000000047521098167635500431060791015625,
  'NGN' => 1847.64964800000007016933523118495941162109375,
  'NIO' => 49.600425999999998794010025449097156524658203125,
  'NOK' => 13.27311399999999963483787723816931247711181640625,
  'NPR' => 195.482088000000004512912710197269916534423828125,
  'NZD' => 2.277695000000000025153212845907546579837799072265625,
  'OMR' => 0.5196650000000000435562697020941413938999176025390625,
  'PAB' => 1.3515099999999999891286961428704671561717987060546875,
  'PEN' => 4.5512110000000003395825842744670808315277099609375,
  'PGK' => 5.76554300000000008452616384602151811122894287109375,
  'PHP' => 79.4890740000000022291715140454471111297607421875,
  'PKR' => 378.01741399999997383929439820349216461181640625,
  'PLN' => 4.848691999999999779902282170951366424560546875,
  'PYG' => 8927.2005480000007082708179950714111328125,
  'QAR' => 4.921321999999999974306774674914777278900146484375,
  'RON' => 5.84365999999999985448084771633148193359375,
  'RSD' => 134.713134999999994079189491458237171173095703125,
  'RUB' => 103.71962999999999510691850446164608001708984375,
  'RWF' => 1963.7443769999999858555383980274200439453125,
  'SAR' => 5.06839999999999957225327307241968810558319091796875,
  'SBD' => 10.890670000000000072759576141834259033203125,
  'SCR' => 18.31744499999999931105776340700685977935791015625,
  'SDG' => 812.933408999999983279849402606487274169921875,
  'SEK' => 12.2644690000000000651425580144859850406646728515625,
  'SGD' => 1.7245250000000000856203996590920723974704742431640625,
  'SHP' => 1,
  'SLL' => 28340.49395699999877251684665679931640625,
  'SOS' => 772.0502239999999574138200841844081878662109375,
  'SRD' => 51.18169300000000276895661954768002033233642578125,
  'SSP' => 176.047723999999988109266269020736217498779296875,
  'STD' => 30114.08084400000007008202373981475830078125,
  'SVC' => 11.8284660000000005908304956392385065555572509765625,
  'SYP' => 17572.33612799999900744296610355377197265625,
  'SZL' => 21.705254000000000047521098167635500431060791015625,
  'THB' => 43.04560099999999778219716972671449184417724609375,
  'TJS' => 12.6535589999999995569623933988623321056365966796875,
  'TMT' => 4.73704400000000003245759216952137649059295654296875,
  'TND' => 3.848425999999999902456693234853446483612060546875,
  'TOP' => 3.25411200000000011556267054402269423007965087890625,
  'TRY' => 58.94584499999999849251253181137144565582275390625,
  'TTD' => 9.154194000000000386307874578051269054412841796875,
  'TWD' => 42.79489600000000137924871523864567279815673828125,
  'TZS' => 3493.65396800000007715425454080104827880859375,
  'UAH' => 58.336376000000001340595190413296222686767578125,
  'UGX' => 4825.8304760000000896980054676532745361328125,
  'USD' => 1.3515099999999999891286961428704671561717987060546875,
  'UYU' => 52.24103600000000113823261926881968975067138671875,
  'UZS' => 16589.78818400000091060064733028411865234375,
  'VND' => 35076.838908999998238869011402130126953125,
  'VUV' => 162.174471000000011144948075525462627410888671875,
  'WST' => 3.6846090000000000230784280574880540370941162109375,
  'XAF' => 752.81081700000004275352694094181060791015625,
  'XAG' => 0.0190139999999999996516120148726258776150643825531005859375,
  'XAU' => 0.0002880000000000000072962469399584506390965543687343597412109375,
  'XCD' => 3.652524000000000103938191386987455189228057861328125,
  'XDR' => 0.93403000000000002689404254851979203522205352783203125,
  'XOF' => 752.81081700000004275352694094181060791015625,
  'XPD' => 0.000787000000000000047607751074707493899040855467319488525390625,
  'XPF' => 136.95139499999999088686308823525905609130859375,
  'XPT' => 0.000658999999999999972084829824581220236723311245441436767578125,
  'YER' => 322.200059000000010200892575085163116455078125,
  'ZAR' => 22.09552000000000049340087571181356906890869140625,
  'ZMW' => 26.46953500000000047975845518521964550018310546875,
  'ZWL' => 435.18629700000002458182279951870441436767578125,
)
2026-02-06T06:12:50+00:00 INFO ENVIRONMENT: array (
  'WP_User' => 'Guest (non logged-in user)',
  'HTTP_REFERER' => '--',
  'HTTP_USER_AGENT' => '--',
  'REQUEST_URI' => '/wp-admin/',
  'DOING_AJAX' => false,
  'DOING_CRON' => false,
  'WP_CLI' => false,
)
2026-02-06T06:12:50+00:00 INFO REQUEST GET https://public-api.wordpress.com/wpcom/v2/sites/%s/wcpay/accounts?test_mode=0
2026-02-06T06:12:50+00:00 INFO HEADERS: array (
  'Content-Type' => 'application/json; charset=utf-8',
  'User-Agent' => 'WooCommerce Payments/8.6.0',
)
2026-02-06T06:12:51+00:00 INFO RESPONSE: array (
  'account_id' => 'acct_1QJjXwFt5S7zes6j',
  'email' => '(redacted)',
  'communications_email' => 'contactus@papapoke.co.uk',
  'live_publishable_key' => 'pk_live_51ETDmyFuiXB5oUVxaIafkGPnwuNcBxr1pXVhvLJ4BrWuiqfG6SldjatOGLQhuqXnDmgqwRA7tDoSFlbY4wFji7KR0079TvtxNs',
  'test_publishable_key' => 'pk_test_51ETDmyFuiXB5oUVxwSobQMW5Tno1GclIq7ePZWzLeW4q8oa7Zb8hI5VfwI5sNT5nXuKYinLukNvGCXmsQXAoDGHG00MqHqlYHR',
  'is_live' => true,
  'is_test_drive' => false,
  'created' => '2024-11-10 22:23:55',
  'has_pending_requirements' => false,
  'has_future_requirements' => false,
  'has_overdue_requirements' => false,
  'details_submitted' => true,
  'current_deadline' => NULL,
  'status' => 'complete',
  'capabilities' => 
  array (
    'card_payments' => 'active',
    'transfers' => 'active',
    'afterpay_clearpay_payments' => 'unrequested',
    'alipay_payments' => 'unrequested',
    'amazon_pay_payments' => 'unrequested',
    'bacs_debit_payments' => 'unrequested',
    'bancontact_payments' => 'unrequested',
    'bank_transfer_payments' => 'unrequested',
    'billie_payments' => 'unrequested',
    'cartes_bancaires_payments' => 'unrequested',
    'eps_payments' => 'unrequested',
    'gb_bank_transfer_payments' => 'unrequested',
    'ideal_payments' => 'unrequested',
    'kakao_pay_payments' => 'unrequested',
    'klarna' => 'unrequested',
    'klarna_payments' => 'unrequested',
    'kr_card_payments' => 'unrequested',
    'legacy_payments' => 'unrequested',
    'link_payments' => 'unrequested',
    'mb_way_payments' => 'unrequested',
    'multibanco_payments' => 'unrequested',
    'naver_pay_payments' => 'unrequested',
    'p24_payments' => 'unrequested',
    'pay_by_bank_payments' => 'unrequested',
    'payco_payments' => 'unrequested',
    'revolut_pay_payments' => 'unrequested',
    'samsung_pay_payments' => 'unrequested',
    'sepa_bank_transfer_payments' => 'unrequested',
    'sepa_debit_payments' => 'unrequested',
    'twint_payments' => 'unrequested',
    'us_bank_account_ach_payments' => 'unrequested',
    'us_bank_transfer_payments' => 'unrequested',
    'wechat_pay_payments' => 'unrequested',
  ),
  'capability_requirements' => 
  array (
    'afterpay_clearpay_payments' => 
    array (
    ),
    'alipay_payments' => 
    array (
      0 => 'business_profile.product_description',
    ),
    'amazon_pay_payments' => 
    array (
    ),
    'bacs_debit_payments' => 
    array (
    ),
    'bancontact_payments' => 
    array (
    ),
    'bank_transfer_payments' => 
    array (
    ),
    'billie_payments' => 
    array (
    ),
    'card_payments' => 
    array (
    ),
    'cartes_bancaires_payments' => 
    array (
    ),
    'eps_payments' => 
    array (
    ),
    'gb_bank_transfer_payments' => 
    array (
    ),
    'ideal_payments' => 
    array (
    ),
    'kakao_pay_payments' => 
    array (
    ),
    'klarna' => 
    array (
    ),
    'klarna_payments' => 
    array (
    ),
    'kr_card_payments' => 
    array (
    ),
    'legacy_payments' => 
    array (
    ),
    'link_payments' => 
    array (
    ),
    'mb_way_payments' => 
    array (
    ),
    'multibanco_payments' => 
    array (
    ),
    'naver_pay_payments' => 
    array (
    ),
    'p24_payments' => 
    array (
    ),
    'pay_by_bank_payments' => 
    array (
    ),
    'payco_payments' => 
    array (
    ),
    'revolut_pay_payments' => 
    array (
    ),
    'samsung_pay_payments' => 
    array (
    ),
    'sepa_bank_transfer_payments' => 
    array (
    ),
    'sepa_debit_payments' => 
    array (
    ),
    'transfers' => 
    array (
    ),
    'twint_payments' => 
    array (
    ),
    'us_bank_account_ach_payments' => 
    array (
    ),
    'us_bank_transfer_payments' => 
    array (
    ),
    'wechat_pay_payments' => 
    array (
      0 => 'business_profile.product_description',
    ),
  ),
  'payments_enabled' => true,
  'deposits' => 
  array (
    'status' => 'enabled',
    'restrictions' => 'deposits_unrestricted',
    'interval' => 'daily',
    'weekly_anchor' => '',
    'monthly_anchor' => NULL,
    'delay_days' => 3,
    'completed_waiting_period' => false,
    'minimum_manual_deposit_amounts' => 
    array (
      'aud' => 500,
      'bgn' => 100,
      'cad' => 500,
      'chf' => 500,
      'czk' => 3000,
      'dkk' => 5000,
      'eur' => 500,
      'gbp' => 500,
      'hkd' => 5000,
      'huf' => 36000,
      'nok' => 5000,
      'nzd' => 500,
      'jpy' => 50,
      'sek' => 5000,
      'sgd' => 500,
      'usd' => 500,
      'ron' => 500,
      'pln' => 500,
      'aed' => 200,
    ),
    'minimum_scheduled_deposit_amounts' => 
    array (
      'aed' => 200,
      'aud' => 0,
      'bgn' => 100,
      'cad' => 0,
      'chf' => 500,
      'czk' => 3000,
      'dkk' => 2000,
      'eur' => 100,
      'gbp' => 100,
      'hkd' => 0,
      'huf' => 36000,
      'jpy' => 1,
      'nok' => 2000,
      'nzd' => 0,
      'pln' => 500,
      'ron' => 500,
      'sek' => 2000,
      'sgd' => 100,
      'usd' => 0,
    ),
  ),
  'lifetime_total_payment_volume' => 0,
  'requirements' => 
  array (
    'errors' => 
    array (
    ),
  ),
  'statement_descriptor' => 'PAPA POKE',
  'statement_descriptor_kanji' => '',
  'statement_descriptor_kana' => '',
  'latest_tos_agreement' => 
  array (
    'date' => '2024-11-10 22:23:55',
    'source' => 'signup',
    'is_current_version' => true,
  ),
  'fees' => 
  array (
    'base' => 
    array (
      'percentage_rate' => 0.01499999999999999944488848768742172978818416595458984375,
      'fixed_rate' => 25,
      'currency' => 'gbp',
    ),
    'discount' => 
    array (
    ),
    'card' => 
    array (
      'base' => 
      array (
        'percentage_rate' => 0.01499999999999999944488848768742172978818416595458984375,
        'fixed_rate' => 25,
        'currency' => 'gbp',
      ),
      'additional' => 
      array (
        'percentage_rate' => 0.0200000000000000004163336342344337026588618755340576171875,
        'fixed_rate' => 0,
        'currency' => 'eur',
      ),
      'fx' => 
      array (
        'percentage_rate' => 0.0200000000000000004163336342344337026588618755340576171875,
        'fixed_rate' => 0,
        'currency' => 'gbp',
      ),
      'discount' => 
      array (
      ),
    ),
    'card_present' => 
    array (
      'base' => 
      array (
        'percentage_rate' => 0.01400000000000000029143354396410359186120331287384033203125,
        'fixed_rate' => 20,
        'currency' => 'gbp',
      ),
      'additional' => 
      array (
        'percentage_rate' => 0.0200000000000000004163336342344337026588618755340576171875,
        'fixed_rate' => 0,
        'currency' => 'gbp',
      ),
      'fx' => 
      array (
        'percentage_rate' => 0.0200000000000000004163336342344337026588618755340576171875,
        'fixed_rate' => 0,
        'currency' => 'gbp',
      ),
      'discount' => 
      array (
      ),
    ),
    'bancontact' => 
    array (
      'base' => 
      array (
        'percentage_rate' => 0.01400000000000000029143354396410359186120331287384033203125,
        'fixed_rate' => 20,
        'currency' => 'gbp',
      ),
      'additional' => 
      array (
        'percentage_rate' => 0,
        'fixed_rate' => 0,
        'currency' => 'gbp',
      ),
      'fx' => 
      array (
        'percentage_rate' => 0,
        'fixed_rate' => 0,
        'currency' => 'gbp',
      ),
      'discount' => 
      array (
      ),
    ),
    'eps' => 
    array (
      'base' => 
      array (
        'percentage_rate' => 0.01600000000000000033306690738754696212708950042724609375,
        'fixed_rate' => 20,
        'currency' => 'gbp',
      ),
      'additional' => 
      array (
        'percentage_rate' => 0,
        'fixed_rate' => 0,
        'currency' => 'gbp',
      ),
      'fx' => 
      array (
        'percentage_rate' => 0,
        'fixed_rate' => 0,
        'currency' => 'gbp',
      ),
      'discount' => 
      array (
      ),
    ),
    'ideal' => 
    array (
      'base' => 
      array (
        'percentage_rate' => 0,
        'fixed_rate' => 25,
        'currency' => 'gbp',
      ),
      'additional' => 
      array (
        'percentage_rate' => 0,
        'fixed_rate' => 0,
        'currency' => 'gbp',
      ),
      'fx' => 
      array (
        'percentage_rate' => 0,
        'fixed_rate' => 0,
        'currency' => 'gbp',
      ),
      'discount' => 
      array (
      ),
    ),
    'p24' => 
    array (
      'base' => 
      array (
        'percentage_rate' => 0.021999999999999998723243521681069978512823581695556640625,
        'fixed_rate' => 20,
        'currency' => 'gbp',
      ),
      'additional' => 
      array (
        'percentage_rate' => 0,
        'fixed_rate' => 0,
        'currency' => 'gbp',
      ),
      'fx' => 
      array (
        'percentage_rate' => 0,
        'fixed_rate' => 0,
        'currency' => 'gbp',
      ),
      'discount' => 
      array (
      ),
    ),
    'klarna' => 
    array (
      'base' => 
      array (
        'percentage_rate' => 0.049899999999999999911182158029987476766109466552734375,
        'fixed_rate' => 35,
        'currency' => 'gbp',
      ),
      'additional' => 
      array (
        'percentage_rate' => 0,
        'fixed_rate' => 0,
        'currency' => 'gbp',
      ),
      'fx' => 
      array (
        'percentage_rate' => 0,
        'fixed_rate' => 0,
        'currency' => 'gbp',
      ),
      'discount' => 
      array (
      ),
    ),
    'afterpay_clearpay' => 
    array (
      'base' => 
      array (
        'percentage_rate' => 0.059999999999999997779553950749686919152736663818359375,
        'fixed_rate' => 30,
        'currency' => 'gbp',
      ),
      'additional' => 
      array (
        'percentage_rate' => 0,
        'fixed_rate' => 0,
        'currency' => 'gbp',
      ),
      'fx' => 
      array (
        'percentage_rate' => 0,
        'fixed_rate' => 0,
        'currency' => 'gbp',
      ),
      'discount' => 
      array (
      ),
    ),
  ),
  'capital' => 
  array (
    'has_active_loan' => false,
    'has_previous_loans' => false,
    'loans' => 
    array (
    ),
  ),
  'fraud_services' => 
  array (
    'stripe' => 
    array (
    ),
    'sift' => 
    array (
      'beacon_key' => '1d81b5c86a',
      'sandbox_beacon_key' => '43e8654e6f',
    ),
  ),
  'store_currencies' => 
  array (
    'default' => 'gbp',
    'supported' => 
    array (
      0 => 'gbp',
    ),
  ),
  'customer_currencies' => 
  array (
    'supported' => 
    array (
      0 => 'usd',
      1 => 'aed',
      2 => 'afn',
      3 => 'all',
      4 => 'amd',
      5 => 'ang',
      6 => 'aoa',
      7 => 'ars',
      8 => 'aud',
      9 => 'awg',
      10 => 'azn',
      11 => 'bam',
      12 => 'bbd',
      13 => 'bdt',
      14 => 'bif',
      15 => 'bmd',
      16 => 'bnd',
      17 => 'bob',
      18 => 'brl',
      19 => 'bsd',
      20 => 'bwp',
      21 => 'byn',
      22 => 'bzd',
      23 => 'cad',
      24 => 'cdf',
      25 => 'chf',
      26 => 'clp',
      27 => 'cny',
      28 => 'cop',
      29 => 'crc',
      30 => 'cve',
      31 => 'czk',
      32 => 'djf',
      33 => 'dkk',
      34 => 'dop',
      35 => 'dzd',
      36 => 'egp',
      37 => 'etb',
      38 => 'eur',
      39 => 'fjd',
      40 => 'fkp',
      41 => 'gbp',
      42 => 'gel',
      43 => 'gip',
      44 => 'gmd',
      45 => 'gnf',
      46 => 'gtq',
      47 => 'gyd',
      48 => 'hkd',
      49 => 'hnl',
      50 => 'htg',
      51 => 'huf',
      52 => 'idr',
      53 => 'ils',
      54 => 'inr',
      55 => 'isk',
      56 => 'jmd',
      57 => 'jpy',
      58 => 'kes',
      59 => 'kgs',
      60 => 'khr',
      61 => 'kmf',
      62 => 'krw',
      63 => 'kyd',
      64 => 'kzt',
      65 => 'lak',
      66 => 'lbp',
      67 => 'lkr',
      68 => 'lrd',
      69 => 'lsl',
      70 => 'mad',
      71 => 'mdl',
      72 => 'mga',
      73 => 'mkd',
      74 => 'mmk',
      75 => 'mnt',
      76 => 'mop',
      77 => 'mur',
      78 => 'mvr',
      79 => 'mwk',
      80 => 'mxn',
      81 => 'myr',
      82 => 'mzn',
      83 => 'nad',
      84 => 'ngn',
      85 => 'nio',
      86 => 'nok',
      87 => 'npr',
      88 => 'nzd',
      89 => 'pab',
      90 => 'pen',
      91 => 'pgk',
      92 => 'php',
      93 => 'pkr',
      94 => 'pln',
      95 => 'pyg',
      96 => 'qar',
      97 => 'ron',
      98 => 'rsd',
      99 => 'rub',
      100 => 'rwf',
      101 => 'sar',
      102 => 'sbd',
      103 => 'scr',
      104 => 'sek',
      105 => 'sgd',
      106 => 'shp',
      107 => 'sle',
      108 => 'sos',
      109 => 'srd',
      110 => 'std',
      111 => 'szl',
      112 => 'thb',
      113 => 'tjs',
      114 => 'top',
      115 => 'try',
      116 => 'ttd',
      117 => 'twd',
      118 => 'tzs',
      119 => 'uah',
      120 => 'ugx',
      121 => 'uyu',
      122 => 'uzs',
      123 => 'vnd',
      124 => 'vuv',
      125 => 'wst',
      126 => 'xaf',
      127 => 'xcd',
      128 => 'xcg',
      129 => 'xof',
      130 => 'xpf',
      131 => 'yer',
      132 => 'zar',
      133 => 'zmw',
    ),
  ),
  'country' => '(redacted)',
  'instant_deposits_eligible' => false,
  'card_present_eligible' => true,
  'has_card_readers_available' => false,
  'platform_checkout_eligible' => false,
  'platform_direct_checkout_eligible' => false,
  'platform_global_theme_support_enabled' => false,
  'business_profile' => 
  array (
    'name' => '(redacted)',
    'url' => 'https://papapoke.co.uk',
    'support_address' => 
    array (
    ),
    'support_email' => 'contactus@papapoke.co.uk',
    'support_phone' => '+447387156597',
  ),
  'branding' => 
  array (
    'icon' => NULL,
    'logo' => NULL,
    'primary_color' => NULL,
    'secondary_color' => NULL,
  ),
  'locale' => 'en_GB',
  'has_more_failed_events' => false,
  'has_submitted_vat_data' => false,
  'is_documents_enabled' => true,
  'card_testing_protection_eligible' => false,
  'fraud_mitigation_settings' => 
  array (
    'avs_check_enabled' => false,
    'cvc_check_enabled' => true,
  ),
  'is_deferred_intent_creation_upe_enabled' => true,
  'pre_check_save_my_info' => false,
  'is_tokenized_ece_disabled' => false,
  'ece_confirmation_tokens_disabled' => true,
  'eligibility_wporg_review_campaign_2025' => false,
  'progressive_onboarding' => 
  array (
    'is_enabled' => false,
    'is_complete' => false,
  ),
)
2026-02-06T06:14:57+00:00 INFO ENVIRONMENT: array (
  'WP_User' => 'Guest (non logged-in user)',
  'HTTP_REFERER' => '--',
  'HTTP_USER_AGENT' => 'WordPress/6.9.1; https://papapoke.co.uk',
  'REQUEST_URI' => '/wp-cron.php?doing_wp_cron=1770358496.8369328975677490234375',
  'DOING_AJAX' => false,
  'DOING_CRON' => true,
  'WP_CLI' => false,
)
2026-02-06T06:14:57+00:00 INFO REQUEST POST https://public-api.wordpress.com/wpcom/v2/sites/%s/wcpay/compatibility
2026-02-06T06:14:57+00:00 INFO HEADERS: array (
  'Content-Type' => 'application/json; charset=utf-8',
  'User-Agent' => 'WooCommerce Payments/8.6.0',
  'Idempotency-Key' => 'ee8ef2ed-d479-488f-9697-6cd7420f5af6',
)
2026-02-06T06:14:57+00:00 INFO BODY: array (
  'test_mode' => false,
  'compatibility_data' => 
  array (
    'woopayments_version' => '8.6.0',
    'woocommerce_version' => '10.0.5',
    'woocommerce_permalinks' => 
    array (
      'product_base' => 'product',
      'category_base' => 'product-category',
      'tag_base' => 'product-tag',
      'attribute_base' => '',
      'use_verbose_page_rules' => false,
    ),
    'woocommerce_shop' => 'https://papapoke.co.uk/?page_id=7',
    'woocommerce_cart' => 'Not set',
    'woocommerce_checkout' => 'https://papapoke.co.uk/checkout/',
    'blog_theme' => 'papa',
    'active_plugins' => 
    array (
      0 => 'added-to-cart-popup-woocommerce/xoo-cp-main.php',
      1 => 'advanced-custom-fields-pro/acf.php',
      2 => 'classic-editor/classic-editor.php',
      3 => 'classic-widgets/classic-widgets.php',
      4 => 'contact-form-7/wp-contact-form-7.php',
      5 => 'health-check/health-check.php',
      6 => 'popup-maker/popup-maker.php',
      8 => 'regenerate-thumbnails/regenerate-thumbnails.php',
      9 => 'shipping-zones-by-drawing-for-woocommerce/shipping-zones-by-drawing.php',
      10 => 'svg-support/svg-support.php',
      11 => 'webp-converter-for-media/webp-converter-for-media.php',
      12 => 'woo-pincode-checker/woo-pincode-checker.php',
      13 => 'woocommerce-google-analytics-integration/woocommerce-google-analytics-integration.php',
      14 => 'woocommerce-lightbox/main.php',
      15 => 'woocommerce-payments/woocommerce-payments.php',
      17 => 'woocommerce/woocommerce.php',
      18 => 'wordpress-seo/wp-seo.php',
      19 => 'wp-rocket/wp-rocket.php',
      20 => 'wp-sitemap-page/wp-sitemap-page.php',
    ),
    'post_types_count' => 
    array (
      'post' => 0,
      'page' => 7,
      'attachment' => 0,
      'product' => 55,
      'popup' => 2,
      'popup_theme' => 8,
      'szbdzones' => 2,
    ),
  ),
)
2026-02-06T06:14:57+00:00 INFO RESPONSE: array (
  'result' => 'success',
)
2026-02-06T08:53:42+00:00 INFO ENVIRONMENT: array (
  'WP_User' => 'Guest (non logged-in user)',
  'HTTP_REFERER' => '--',
  'HTTP_USER_AGENT' => 'Mozilla/5.0 (Linux; Android 6.0.1; Nexus 5X Build/MMB29P) AppleWebKit/537.36 (KHTML, like Gecko) Chrome/144.0.7559.132 Mobile Safari/537.36 (compatible; Googlebot/2.1; +http://www.google.com/bot.html)',
  'REQUEST_URI' => '/product/tokyo-katsu-bowl/?add-to-cart=439',
  'DOING_AJAX' => false,
  'DOING_CRON' => false,
  'WP_CLI' => false,
)
2026-02-06T08:53:42+00:00 INFO REQUEST GET https://public-api.wordpress.com/wpcom/v2/sites/%s/wcpay/currency/rates?test_mode=0&currency_from=gbp
2026-02-06T08:53:42+00:00 INFO HEADERS: array (
  'Content-Type' => 'application/json; charset=utf-8',
  'User-Agent' => 'WooCommerce Payments/8.6.0',
)
2026-02-06T08:53:42+00:00 INFO RESPONSE: array (
  'AED' => 4.983534999999999826059138285927474498748779296875,
  'AFN' => 88.882645999999994046447682194411754608154296875,
  'ALL' => 111.2897909999999939145709504373371601104736328125,
  'AMD' => 512.6328800000000001091393642127513885498046875,
  'ANG' => 2.429006999999999916184378889738582074642181396484375,
  'AOA' => 1244.35707400000001143780536949634552001953125,
  'ARS' => 1957.27285299999994094832800328731536865234375,
  'AUD' => 1.950822000000000056019189287326298654079437255859375,
  'AWG' => 2.442576999999999998181010596454143524169921875,
  'AZN' => 2.30687800000000020617108020815066993236541748046875,
  'BAM' => 2.252048999999999967513986121048219501972198486328125,
  'BBD' => 2.713973999999999886512114244396798312664031982421875,
  'BDT' => 166.088347999999996318365447223186492919921875,
  'BGN' => 2.24985899999999983123188940226100385189056396484375,
  'BHD' => 0.51157799999999997719868360945838503539562225341796875,
  'BIF' => 4024.28726599999981772270984947681427001953125,
  'BMD' => 1.3569869999999999432560571221983991563320159912109375,
  'BND' => 1.729575000000000084554585555451922118663787841796875,
  'BOB' => 9.38330799999999953797669149935245513916015625,
  'BRL' => 7.1532210000000002736442183959297835826873779296875,
  'BSD' => 1.3569869999999999432560571221983991563320159912109375,
  'BTC' => 2.000000000000000163606107828062619091724627651274204254150390625E-5,
  'BTN' => 122.7291500000000041836756281554698944091796875,
  'BWP' => 17.97908699999999981855580699630081653594970703125,
  'BYN' => 3.890019000000000115591092253453098237514495849609375,
  'BZD' => 2.73116499999999984282794684986583888530731201171875,
  'CAD' => 1.857809000000000043684167394530959427356719970703125,
  'CDF' => 3116.5886529999997947015799582004547119140625,
  'CHF' => 1.054021000000000096719077191664837300777435302734375,
  'CLF' => 0.0297620000000000002604583215770617243833839893341064453125,
  'CLP' => 1175.15073699999993550591170787811279296875,
  'CNH' => 9.4160149999999998016164681757800281047821044921875,
  'CNY' => 9.417353999999999558667695964686572551727294921875,
  'COP' => 4941.365160999999716295860707759857177734375,
  'CRC' => 673.265881000000035783159546554088592529296875,
  'CUC' => 1.3569869999999999432560571221983991563320159912109375,
  'CUP' => 34.9424149999999968940755934454500675201416015625,
  'CVE' => 126.9665600000000011959855328314006328582763671875,
  'CZK' => 27.91183699999999845431375433690845966339111328125,
  'DJF' => 241.831196000000005597030394710600376129150390625,
  'DKK' => 8.5908560000000004919229468214325606822967529296875,
  'DOP' => 85.7040779999999955407474772073328495025634765625,
  'DZD' => 176.39924300000001267108018510043621063232421875,
  'EGP' => 63.58976799999999940382622298784554004669189453125,
  'ERN' => 20.35480499999999892679625190794467926025390625,
  'ETB' => 211.59832399999999097417457960546016693115234375,
  'EUR' => 1.1504440000000000221547225009999237954616546630859375,
  'FJD' => 2.99962000000000017507773009128868579864501953125,
  'FKP' => 1,
  'GBP' => 1,
  'GEL' => 3.657080000000000108428821476991288363933563232421875,
  'GGP' => 1,
  'GHS' => 14.9103510000000003543618731782771646976470947265625,
  'GIP' => 1,
  'GMD' => 99.0600519999999988840500009246170520782470703125,
  'GNF' => 11918.88520000000062282197177410125732421875,
  'GTQ' => 10.4161730000000005702531780116260051727294921875,
  'GYD' => 284.11305099999998446946847252547740936279296875,
  'HKD' => 10.600168000000000034788172342814505100250244140625,
  'HNL' => 35.871813000000003057721187360584735870361328125,
  'HRK' => 8.6672250000000001790567694115452468395233154296875,
  'HTG' => 178.150499999999993860910763032734394073486328125,
  'HUF' => 437.5959189999999807696440257132053375244140625,
  'IDR' => 22905.1941169999990961514413356781005859375,
  'ILS' => 4.2474509999999998655084709753282368183135986328125,
  'IMP' => 1,
  'INR' => 122.6806849999999968758856994099915027618408203125,
  'IQD' => 1779.027935000000070431269705295562744140625,
  'IRR' => 57110.1546319999979459680616855621337890625,
  'ISK' => 166.597293000000007623384590260684490203857421875,
  'JEP' => 1,
  'JMD' => 212.40055300000000215732143260538578033447265625,
  'JOD' => 0.96210399999999995923616324944305233657360076904296875,
  'JPY' => 212.853464000000002442902768962085247039794921875,
  'KES' => 175.187020999999987225237418897449970245361328125,
  'KGS' => 118.6685130000000043537511373870074748992919921875,
  'KHR' => 5480.862315000000307918526232242584228515625,
  'KMF' => 568.5779599999999618376023136079311370849609375,
  'KPW' => 1221.288295000000061918399296700954437255859375,
  'KRW' => 1995.38702100000000427826307713985443115234375,
  'KWD' => 0.41705599999999998228616959750070236623287200927734375,
  'KYD' => 1.1316669999999999784989768158993683755397796630859375,
  'KZT' => 669.7772479999999859501258470118045806884765625,
  'LAK' => 29188.55963300000075832940638065338134765625,
  'LBP' => 121642.992645000005722977221012115478515625,
  'LKR' => 420.2527969999999868377926759421825408935546875,
  'LRD' => 252.585874999999987267074175179004669189453125,
  'LSL' => 21.9288099999999985811882652342319488525390625,
  'LYD' => 8.6026129999999998432258507818914949893951416015625,
  'MAD' => 12.4644040000000000389945853385142982006072998046875,
  'MDL' => 22.999908999999998826524461037479341030120849609375,
  'MGA' => 6008.37733200000002398155629634857177734375,
  'MKD' => 70.9042060000000020636434783227741718292236328125,
  'MMK' => 2849.536989000000176019966602325439453125,
  'MNT' => 4843.08658199999990756623446941375732421875,
  'MOP' => 10.92804699999999940018824418075382709503173828125,
  'MUR' => 62.50282200000000187856130651198327541351318359375,
  'MVR' => 20.96544899999999955753082758747041225433349609375,
  'MWK' => 2354.762803999999960069544613361358642578125,
  'MXN' => 23.64651599999999831425157026387751102447509765625,
  'MYR' => 5.3641699999999996606447894009761512279510498046875,
  'MZN' => 86.5079199999999985948306857608258724212646484375,
  'NAD' => 21.7932109999999994442987372167408466339111328125,
  'NGN' => 1854.3634369999999762512743473052978515625,
  'NIO' => 49.9724140000000005557012627832591533660888671875,
  'NOK' => 13.270326000000000732370608602650463581085205078125,
  'NPR' => 196.367449999999990950527717359364032745361328125,
  'NZD' => 2.270865000000000133439925775746814906597137451171875,
  'OMR' => 0.52176999999999995605293179323780350387096405029296875,
  'PAB' => 1.3569869999999999432560571221983991563320159912109375,
  'PEN' => 4.56487700000000007349854058702476322650909423828125,
  'PGK' => 5.90359799999999967923258736846037209033966064453125,
  'PHP' => 79.4522670000000061918399296700954437255859375,
  'PKR' => 380.24088299999999662759364582598209381103515625,
  'PLN' => 4.85949499999999989796606314484961330890655517578125,
  'PYG' => 8967.56077100000038626603782176971435546875,
  'QAR' => 4.94946800000000042274450606782920658588409423828125,
  'RON' => 5.8600130000000003605009624152444303035736083984375,
  'RSD' => 135.02699100000000953514245338737964630126953125,
  'RUB' => 104.1483669999999932542777969501912593841552734375,
  'RWF' => 1982.032449999999926149030216038227081298828125,
  'SAR' => 5.08902500000000035385028240852989256381988525390625,
  'SBD' => 10.9348030000000004946514309267513453960418701171875,
  'SCR' => 18.784825999999998913381205056793987751007080078125,
  'SDG' => 816.2276769999999714855221100151538848876953125,
  'SEK' => 12.2626030000000003639115675468929111957550048828125,
  'SGD' => 1.7282129999999999991899812812334857881069183349609375,
  'SHP' => 1,
  'SLL' => 28455.33877199999915319494903087615966796875,
  'SOS' => 774.7102519999999685751390643417835235595703125,
  'SRD' => 51.38909699999999958208718453533947467803955078125,
  'SSP' => 176.7611259999999901992850936949253082275390625,
  'STD' => 30236.11280400000032386742532253265380859375,
  'SVC' => 11.8820420000000002147544364561326801776885986328125,
  'SYP' => 17643.544896999999764375388622283935546875,
  'SZL' => 21.928636999999998380417309817858040332794189453125,
  'THB' => 42.99893200000000348381945514120161533355712890625,
  'TJS' => 12.710817999999999727833710494451224803924560546875,
  'TMT' => 4.7562400000000000233058017329312860965728759765625,
  'TND' => 3.935024999999999995026200849679298698902130126953125,
  'TOP' => 3.267298999999999953303131405846215784549713134765625,
  'TRY' => 59.18172899999999714282239438034594058990478515625,
  'TTD' => 9.195657000000000635964170214720070362091064453125,
  'TWD' => 42.95542499999999819237928022630512714385986328125,
  'TZS' => 3494.2415099999998346902430057525634765625,
  'UAH' => 58.60060800000000114096110337413847446441650390625,
  'UGX' => 4847.696745999999620835296809673309326171875,
  'USD' => 1.3569869999999999432560571221983991563320159912109375,
  'UYU' => 52.45273399999999952569851302541792392730712890625,
  'UZS' => 16657.29665300000124261714518070220947265625,
  'VND' => 35228.1151109999991604126989841461181640625,
  'VUV' => 162.831653999999986126567819155752658843994140625,
  'WST' => 3.69953999999999982861709213466383516788482666015625,
  'XAF' => 754.6415359999999736828613094985485076904296875,
  'XAG' => 0.0181760000000000011832756996454918407835066318511962890625,
  'XAU' => 0.0002790000000000000053741733285761483784881420433521270751953125,
  'XCD' => 3.6673249999999999459987520822323858737945556640625,
  'XDR' => 0.939370999999999956031615511165000498294830322265625,
  'XOF' => 754.6415359999999736828613094985485076904296875,
  'XPD' => 0.000790000000000000012108369862318113518995232880115509033203125,
  'XPF' => 137.284439999999989368006936274468898773193359375,
  'XPT' => 0.00066200000000000004500566586074228325742296874523162841796875,
  'YER' => 323.5057180000000016661942936480045318603515625,
  'ZAR' => 21.9783690000000007103153620846569538116455078125,
  'ZMW' => 26.576798000000000143927536555565893650054931640625,
  'ZWL' => 436.94981200000000853833626024425029754638671875,
)
2026-02-06T15:14:13+00:00 INFO ENVIRONMENT: array (
  'WP_User' => 'Guest (non logged-in user)',
  'HTTP_REFERER' => '--',
  'HTTP_USER_AGENT' => 'Mozilla/5.0 (Windows NT 10.0; Win64; x64) AppleWebKit/537.36 (KHTML, like Gecko) Chrome/106.0.5249.119 Safari/537.36',
  'REQUEST_URI' => '/product/salmon-nigiri/?add-to-cart=398',
  'DOING_AJAX' => false,
  'DOING_CRON' => false,
  'WP_CLI' => false,
)
2026-02-06T15:14:13+00:00 INFO REQUEST GET https://public-api.wordpress.com/wpcom/v2/sites/%s/wcpay/disputes?test_mode=0&pagesize=50&search%5B0%5D=warning_needs_response&search%5B1%5D=needs_response
2026-02-06T15:14:13+00:00 INFO HEADERS: array (
  'Content-Type' => 'application/json; charset=utf-8',
  'User-Agent' => 'WooCommerce Payments/8.6.0',
)
2026-02-06T15:14:13+00:00 INFO RESPONSE: array (
  'data' => 
  array (
  ),
)
2026-02-06T15:14:13+00:00 INFO ENVIRONMENT: array (
  'WP_User' => 'Guest (non logged-in user)',
  'HTTP_REFERER' => '--',
  'HTTP_USER_AGENT' => 'Mozilla/5.0 (Windows NT 10.0; Win64; x64) AppleWebKit/537.36 (KHTML, like Gecko) Chrome/106.0.5249.119 Safari/537.36',
  'REQUEST_URI' => '/product/salmon-nigiri/?add-to-cart=398',
  'DOING_AJAX' => false,
  'DOING_CRON' => false,
  'WP_CLI' => false,
)
2026-02-06T15:14:13+00:00 INFO REQUEST GET https://public-api.wordpress.com/wpcom/v2/sites/%s/wcpay/currency/rates?test_mode=0&currency_from=gbp
2026-02-06T15:14:13+00:00 INFO HEADERS: array (
  'Content-Type' => 'application/json; charset=utf-8',
  'User-Agent' => 'WooCommerce Payments/8.6.0',
)
2026-02-06T15:14:14+00:00 INFO RESPONSE: array (
  'AED' => 4.99851299999999998391331246239133179187774658203125,
  'AFN' => 89.14979099999999334613676182925701141357421875,
  'ALL' => 111.4624280000000027257556212134659290313720703125,
  'AMD' => 514.0744570000000521758920513093471527099609375,
  'ANG' => 2.436306999999999778339088152279146015644073486328125,
  'AOA' => 1241.47293700000000171712599694728851318359375,
  'ARS' => 1954.39103999999997540726326406002044677734375,
  'AUD' => 1.9423950000000000937205868467572145164012908935546875,
  'AWG' => 2.449917999999999818072637935983948409557342529296875,
  'AZN' => 2.313810999999999840071041035116650164127349853515625,
  'BAM' => 2.25787899999999996936139723402447998523712158203125,
  'BBD' => 2.72213100000000007838707460905425250530242919921875,
  'BDT' => 166.460566000000000030922819860279560089111328125,
  'BGN' => 2.25236299999999989296384228509850800037384033203125,
  'BHD' => 0.51309499999999996777688693327945657074451446533203125,
  'BIF' => 4033.68120200000021213782019913196563720703125,
  'BMD' => 1.36106600000000010908252079389058053493499755859375,
  'BND' => 1.7332959999999999478603740499238483607769012451171875,
  'BOB' => 9.4053290000000000503632691106759011745452880859375,
  'BRL' => 7.25107799999999969031705404631793498992919921875,
  'BSD' => 1.36106600000000010908252079389058053493499755859375,
  'BTC' => 2.000000000000000163606107828062619091724627651274204254150390625E-5,
  'BTN' => 123.289816000000001849912223406136035919189453125,
  'BWP' => 18.0198579999999992651282809674739837646484375,
  'BYN' => 3.910362999999999811251427672686986625194549560546875,
  'BZD' => 2.7374390000000001776925273588858544826507568359375,
  'CAD' => 1.8551640000000000352287088389857672154903411865234375,
  'CDF' => 3110.10240800000019589788280427455902099609375,
  'CHF' => 1.0557790000000000230073737839120440185070037841796875,
  'CLF' => 0.02973900000000000154454227185851777903735637664794921875,
  'CLP' => 1174.0823620000001028529368340969085693359375,
  'CNH' => 9.4341950000000007747757990728132426738739013671875,
  'CNY' => 9.4444339999999993295887179556302726268768310546875,
  'COP' => 5022.467975999999907799065113067626953125,
  'CRC' => 674.775581999999985782778821885585784912109375,
  'CUC' => 1.36106600000000010908252079389058053493499755859375,
  'CUP' => 35.04743799999999964711605571210384368896484375,
  'CVE' => 127.29577299999999695501173846423625946044921875,
  'CZK' => 27.88340699999999827696228749118745326995849609375,
  'DJF' => 242.377332999999993035089573822915554046630859375,
  'DKK' => 8.598791999999999546844264841638505458831787109375,
  'DOP' => 85.90284800000000586805981583893299102783203125,
  'DZD' => 176.843874999999997044142219237983226776123046875,
  'EGP' => 63.76496800000000320096660288982093334197998046875,
  'ERN' => 20.415983000000000657792043057270348072052001953125,
  'ETB' => 211.59798000000000683940015733242034912109375,
  'EUR' => 1.1514990000000000502922148370998911559581756591796875,
  'FJD' => 3.00727399999999978064124661614187061786651611328125,
  'FKP' => 1,
  'GBP' => 1,
  'GEL' => 3.668071999999999999175770426518283784389495849609375,
  'GGP' => 1,
  'GHS' => 14.9582490000000003504965206957422196865081787109375,
  'GIP' => 1,
  'GMD' => 99.357786000000004378307494334876537322998046875,
  'GNF' => 11947.42205499999909079633653163909912109375,
  'GTQ' => 10.439719000000000193040250451304018497467041015625,
  'GYD' => 284.76898399999998900966602377593517303466796875,
  'HKD' => 10.63407300000000077488948591053485870361328125,
  'HNL' => 35.95428700000000077352524385787546634674072265625,
  'HRK' => 8.676840999999999581859810859896242618560791015625,
  'HTG' => 178.30526800000001230728230439126491546630859375,
  'HUF' => 435.0566969999999855645000934600830078125,
  'IDR' => 22942.3270919999995385296642780303955078125,
  'ILS' => 4.23951499999999992240873325499705970287322998046875,
  'IMP' => 1,
  'INR' => 123.16554800000000113868736661970615386962890625,
  'IQD' => 1783.055610999999998966814018785953521728515625,
  'IRR' => 57281.804625999997369945049285888671875,
  'ISK' => 167.39745199999998703788151033222675323486328125,
  'JEP' => 1,
  'JMD' => 213.03123299999998607745510526001453399658203125,
  'JOD' => 0.9649950000000000471800376544706523418426513671875,
  'JPY' => 213.5412489999999934298102743923664093017578125,
  'KES' => 175.583738000000010970325092785060405731201171875,
  'KGS' => 119.025182000000000925865606404840946197509765625,
  'KHR' => 5492.847646000000167987309396266937255859375,
  'KMF' => 570.286875000000009094947017729282379150390625,
  'KPW' => 1224.958992999999964013113640248775482177734375,
  'KRW' => 1991.650394999999889478203840553760528564453125,
  'KWD' => 0.41807899999999997842081711496575735509395599365234375,
  'KYD' => 1.1342499999999999804600747665972448885440826416015625,
  'KZT' => 673.4358559999999442879925481975078582763671875,
  'LAK' => 29248.57508199999938369728624820709228515625,
  'LBP' => 121899.09568100000615231692790985107421875,
  'LKR' => 421.09661299999999073406797833740711212158203125,
  'LRD' => 253.345045999999996411133906804025173187255859375,
  'LSL' => 21.98201099999999996725819073617458343505859375,
  'LYD' => 8.6191469999999998918838173267431557178497314453125,
  'MAD' => 12.4954540000000005051106199971400201320648193359375,
  'MDL' => 22.975576000000000220779838855378329753875732421875,
  'MGA' => 6042.4438280000003942404873669147491455078125,
  'MKD' => 70.986725000000006957634468562901020050048828125,
  'MMK' => 2858.10154300000021976302377879619598388671875,
  'MNT' => 4857.6429390000002968008629977703094482421875,
  'MOP' => 10.953334999999999155306795728392899036407470703125,
  'MUR' => 62.6906800000000004047251422889530658721923828125,
  'MVR' => 21.028462999999998572775439242832362651824951171875,
  'MWK' => 2360.1635500000002139131538569927215576171875,
  'MXN' => 23.570139999999998536850398522801697254180908203125,
  'MYR' => 5.37280599999999974869524521636776626110076904296875,
  'MZN' => 86.7679270000000002482920535840094089508056640625,
  'NAD' => 21.98201099999999996725819073617458343505859375,
  'NGN' => 1860.6718780000001061125658452510833740234375,
  'NIO' => 50.09150799999999748024492873810231685638427734375,
  'NOK' => 13.1588510000000002975184543174691498279571533203125,
  'NPR' => 197.262846999999993613528204150497913360595703125,
  'NZD' => 2.26327500000000014779288903810083866119384765625,
  'OMR' => 0.523341999999999973880449033458717167377471923828125,
  'PAB' => 1.36106600000000010908252079389058053493499755859375,
  'PEN' => 4.5796960000000002111164576490409672260284423828125,
  'PGK' => 5.83691500000000029757529773632995784282684326171875,
  'PHP' => 79.5641480000000029804141377098858356475830078125,
  'PKR' => 380.6002700000000231739250011742115020751953125,
  'PLN' => 4.85380500000000036919800550094805657863616943359375,
  'PYG' => 8993.223545999999259947799146175384521484375,
  'QAR' => 4.9612309999999997245367922005243599414825439453125,
  'RON' => 5.86428700000000002745537130977027118206024169921875,
  'RSD' => 135.164996000000002140950527973473072052001953125,
  'RUB' => 105.27226500000000442014425061643123626708984375,
  'RWF' => 1986.584364999999934298102743923664093017578125,
  'SAR' => 5.10436300000000020560264601954258978366851806640625,
  'SBD' => 10.967667999999999750571078038774430751800537109375,
  'SCR' => 18.66276500000000027057467377744615077972412109375,
  'SDG' => 818.6809269999999969513737596571445465087890625,
  'SEK' => 12.2723759999999995073949321522377431392669677734375,
  'SGD' => 1.7302400000000000002131628207280300557613372802734375,
  'SHP' => 1,
  'SLL' => 28540.8639949999997043050825595855712890625,
  'SOS' => 776.4854129999999940991983748972415924072265625,
  'SRD' => 51.54355199999999825877239345572888851165771484375,
  'SSP' => 177.29239799999999149804352782666683197021484375,
  'STD' => 30326.99031299999842303805053234100341796875,
  'SVC' => 11.9093379999999999796500560478307306766510009765625,
  'SYP' => 17696.57424700000046868808567523956298828125,
  'SZL' => 21.95414099999999990586729836650192737579345703125,
  'THB' => 42.8946609999999992623997968621551990509033203125,
  'TJS' => 12.7535900000000008702727427589707076549530029296875,
  'TMT' => 4.77053499999999974789943735231645405292510986328125,
  'TND' => 3.947537000000000073640649134176783263683319091796875,
  'TOP' => 3.27711899999999989319121596054174005985260009765625,
  'TRY' => 59.36070000000000135287336888723075389862060546875,
  'TTD' => 9.2171140000000004732783054350875318050384521484375,
  'TWD' => 43.04206500000000090722096501849591732025146484375,
  'TZS' => 3504.74378399999977773404680192470550537109375,
  'UAH' => 58.776736999999997124177752994000911712646484375,
  'UGX' => 4842.92252999999982421286404132843017578125,
  'USD' => 1.36106600000000010908252079389058053493499755859375,
  'UYU' => 52.196967000000000780346454121172428131103515625,
  'UZS' => 16714.5159720000010565854609012603759765625,
  'VND' => 35338.5841960000034305267035961151123046875,
  'VUV' => 163.321059999999988576746545732021331787109375,
  'WST' => 3.710659000000000151686663230066187679767608642578125,
  'XAF' => 755.33354499999995823600329458713531494140625,
  'XAG' => 0.0177509999999999994180210904914929415099322795867919921875,
  'XAU' => 0.0002750000000000000165666091955785077516338787972927093505859375,
  'XCD' => 3.678348000000000173059788721730001270771026611328125,
  'XDR' => 0.9421939999999999759694446765934117138385772705078125,
  'XOF' => 755.33354499999995823600329458713531494140625,
  'XPD' => 0.00079199999999999995230204330454171213204972445964813232421875,
  'XPF' => 137.41032999999998764906194992363452911376953125,
  'XPT' => 0.000663999999999999985199339302965881870477460324764251708984375,
  'YER' => 324.47804500000000871295924298465251922607421875,
  'ZAR' => 21.84796800000000160935087478719651699066162109375,
  'ZMW' => 25.30756999999999834471964277327060699462890625,
  'ZWL' => 438.2631059999999934007064439356327056884765625,
)
2026-02-06T15:24:29+00:00 INFO ENVIRONMENT: array (
  'WP_User' => 'Guest (non logged-in user)',
  'HTTP_REFERER' => '--',
  'HTTP_USER_AGENT' => 'Mozilla/5.0 (Windows NT 10.0; Win64; x64) AppleWebKit/537.36 (KHTML, like Gecko) Chrome/120.0.0.0 Safari/537.36',
  'REQUEST_URI' => '/wp-admin/',
  'DOING_AJAX' => false,
  'DOING_CRON' => false,
  'WP_CLI' => false,
)
2026-02-06T15:24:29+00:00 INFO REQUEST GET https://public-api.wordpress.com/wpcom/v2/sites/%s/wcpay/accounts?test_mode=0
2026-02-06T15:24:29+00:00 INFO HEADERS: array (
  'Content-Type' => 'application/json; charset=utf-8',
  'User-Agent' => 'WooCommerce Payments/8.6.0',
)
2026-02-06T15:24:31+00:00 INFO RESPONSE: array (
  'account_id' => 'acct_1QJjXwFt5S7zes6j',
  'email' => '(redacted)',
  'communications_email' => 'contactus@papapoke.co.uk',
  'live_publishable_key' => 'pk_live_51ETDmyFuiXB5oUVxaIafkGPnwuNcBxr1pXVhvLJ4BrWuiqfG6SldjatOGLQhuqXnDmgqwRA7tDoSFlbY4wFji7KR0079TvtxNs',
  'test_publishable_key' => 'pk_test_51ETDmyFuiXB5oUVxwSobQMW5Tno1GclIq7ePZWzLeW4q8oa7Zb8hI5VfwI5sNT5nXuKYinLukNvGCXmsQXAoDGHG00MqHqlYHR',
  'is_live' => true,
  'is_test_drive' => false,
  'created' => '2024-11-10 22:23:55',
  'has_pending_requirements' => false,
  'has_future_requirements' => false,
  'has_overdue_requirements' => false,
  'details_submitted' => true,
  'current_deadline' => NULL,
  'status' => 'complete',
  'capabilities' => 
  array (
    'card_payments' => 'active',
    'transfers' => 'active',
    'afterpay_clearpay_payments' => 'unrequested',
    'alipay_payments' => 'unrequested',
    'amazon_pay_payments' => 'unrequested',
    'bacs_debit_payments' => 'unrequested',
    'bancontact_payments' => 'unrequested',
    'bank_transfer_payments' => 'unrequested',
    'billie_payments' => 'unrequested',
    'cartes_bancaires_payments' => 'unrequested',
    'eps_payments' => 'unrequested',
    'gb_bank_transfer_payments' => 'unrequested',
    'ideal_payments' => 'unrequested',
    'kakao_pay_payments' => 'unrequested',
    'klarna' => 'unrequested',
    'klarna_payments' => 'unrequested',
    'kr_card_payments' => 'unrequested',
    'legacy_payments' => 'unrequested',
    'link_payments' => 'unrequested',
    'mb_way_payments' => 'unrequested',
    'multibanco_payments' => 'unrequested',
    'naver_pay_payments' => 'unrequested',
    'p24_payments' => 'unrequested',
    'pay_by_bank_payments' => 'unrequested',
    'payco_payments' => 'unrequested',
    'revolut_pay_payments' => 'unrequested',
    'samsung_pay_payments' => 'unrequested',
    'sepa_bank_transfer_payments' => 'unrequested',
    'sepa_debit_payments' => 'unrequested',
    'twint_payments' => 'unrequested',
    'us_bank_account_ach_payments' => 'unrequested',
    'us_bank_transfer_payments' => 'unrequested',
    'wechat_pay_payments' => 'unrequested',
  ),
  'capability_requirements' => 
  array (
    'afterpay_clearpay_payments' => 
    array (
    ),
    'alipay_payments' => 
    array (
      0 => 'business_profile.product_description',
    ),
    'amazon_pay_payments' => 
    array (
    ),
    'bacs_debit_payments' => 
    array (
    ),
    'bancontact_payments' => 
    array (
    ),
    'bank_transfer_payments' => 
    array (
    ),
    'billie_payments' => 
    array (
    ),
    'card_payments' => 
    array (
    ),
    'cartes_bancaires_payments' => 
    array (
    ),
    'eps_payments' => 
    array (
    ),
    'gb_bank_transfer_payments' => 
    array (
    ),
    'ideal_payments' => 
    array (
    ),
    'kakao_pay_payments' => 
    array (
    ),
    'klarna' => 
    array (
    ),
    'klarna_payments' => 
    array (
    ),
    'kr_card_payments' => 
    array (
    ),
    'legacy_payments' => 
    array (
    ),
    'link_payments' => 
    array (
    ),
    'mb_way_payments' => 
    array (
    ),
    'multibanco_payments' => 
    array (
    ),
    'naver_pay_payments' => 
    array (
    ),
    'p24_payments' => 
    array (
    ),
    'pay_by_bank_payments' => 
    array (
    ),
    'payco_payments' => 
    array (
    ),
    'revolut_pay_payments' => 
    array (
    ),
    'samsung_pay_payments' => 
    array (
    ),
    'sepa_bank_transfer_payments' => 
    array (
    ),
    'sepa_debit_payments' => 
    array (
    ),
    'transfers' => 
    array (
    ),
    'twint_payments' => 
    array (
    ),
    'us_bank_account_ach_payments' => 
    array (
    ),
    'us_bank_transfer_payments' => 
    array (
    ),
    'wechat_pay_payments' => 
    array (
      0 => 'business_profile.product_description',
    ),
  ),
  'payments_enabled' => true,
  'deposits' => 
  array (
    'status' => 'enabled',
    'restrictions' => 'deposits_unrestricted',
    'interval' => 'daily',
    'weekly_anchor' => '',
    'monthly_anchor' => NULL,
    'delay_days' => 3,
    'completed_waiting_period' => false,
    'minimum_manual_deposit_amounts' => 
    array (
      'aud' => 500,
      'bgn' => 100,
      'cad' => 500,
      'chf' => 500,
      'czk' => 3000,
      'dkk' => 5000,
      'eur' => 500,
      'gbp' => 500,
      'hkd' => 5000,
      'huf' => 36000,
      'nok' => 5000,
      'nzd' => 500,
      'jpy' => 50,
      'sek' => 5000,
      'sgd' => 500,
      'usd' => 500,
      'ron' => 500,
      'pln' => 500,
      'aed' => 200,
    ),
    'minimum_scheduled_deposit_amounts' => 
    array (
      'aed' => 200,
      'aud' => 0,
      'bgn' => 100,
      'cad' => 0,
      'chf' => 500,
      'czk' => 3000,
      'dkk' => 2000,
      'eur' => 100,
      'gbp' => 100,
      'hkd' => 0,
      'huf' => 36000,
      'jpy' => 1,
      'nok' => 2000,
      'nzd' => 0,
      'pln' => 500,
      'ron' => 500,
      'sek' => 2000,
      'sgd' => 100,
      'usd' => 0,
    ),
  ),
  'lifetime_total_payment_volume' => 0,
  'requirements' => 
  array (
    'errors' => 
    array (
    ),
  ),
  'statement_descriptor' => 'PAPA POKE',
  'statement_descriptor_kanji' => '',
  'statement_descriptor_kana' => '',
  'latest_tos_agreement' => 
  array (
    'date' => '2024-11-10 22:23:55',
    'source' => 'signup',
    'is_current_version' => true,
  ),
  'fees' => 
  array (
    'base' => 
    array (
      'percentage_rate' => 0.01499999999999999944488848768742172978818416595458984375,
      'fixed_rate' => 25,
      'currency' => 'gbp',
    ),
    'discount' => 
    array (
    ),
    'card' => 
    array (
      'base' => 
      array (
        'percentage_rate' => 0.01499999999999999944488848768742172978818416595458984375,
        'fixed_rate' => 25,
        'currency' => 'gbp',
      ),
      'additional' => 
      array (
        'percentage_rate' => 0.0200000000000000004163336342344337026588618755340576171875,
        'fixed_rate' => 0,
        'currency' => 'eur',
      ),
      'fx' => 
      array (
        'percentage_rate' => 0.0200000000000000004163336342344337026588618755340576171875,
        'fixed_rate' => 0,
        'currency' => 'gbp',
      ),
      'discount' => 
      array (
      ),
    ),
    'card_present' => 
    array (
      'base' => 
      array (
        'percentage_rate' => 0.01400000000000000029143354396410359186120331287384033203125,
        'fixed_rate' => 20,
        'currency' => 'gbp',
      ),
      'additional' => 
      array (
        'percentage_rate' => 0.0200000000000000004163336342344337026588618755340576171875,
        'fixed_rate' => 0,
        'currency' => 'gbp',
      ),
      'fx' => 
      array (
        'percentage_rate' => 0.0200000000000000004163336342344337026588618755340576171875,
        'fixed_rate' => 0,
        'currency' => 'gbp',
      ),
      'discount' => 
      array (
      ),
    ),
    'bancontact' => 
    array (
      'base' => 
      array (
        'percentage_rate' => 0.01400000000000000029143354396410359186120331287384033203125,
        'fixed_rate' => 20,
        'currency' => 'gbp',
      ),
      'additional' => 
      array (
        'percentage_rate' => 0,
        'fixed_rate' => 0,
        'currency' => 'gbp',
      ),
      'fx' => 
      array (
        'percentage_rate' => 0,
        'fixed_rate' => 0,
        'currency' => 'gbp',
      ),
      'discount' => 
      array (
      ),
    ),
    'eps' => 
    array (
      'base' => 
      array (
        'percentage_rate' => 0.01600000000000000033306690738754696212708950042724609375,
        'fixed_rate' => 20,
        'currency' => 'gbp',
      ),
      'additional' => 
      array (
        'percentage_rate' => 0,
        'fixed_rate' => 0,
        'currency' => 'gbp',
      ),
      'fx' => 
      array (
        'percentage_rate' => 0,
        'fixed_rate' => 0,
        'currency' => 'gbp',
      ),
      'discount' => 
      array (
      ),
    ),
    'ideal' => 
    array (
      'base' => 
      array (
        'percentage_rate' => 0,
        'fixed_rate' => 25,
        'currency' => 'gbp',
      ),
      'additional' => 
      array (
        'percentage_rate' => 0,
        'fixed_rate' => 0,
        'currency' => 'gbp',
      ),
      'fx' => 
      array (
        'percentage_rate' => 0,
        'fixed_rate' => 0,
        'currency' => 'gbp',
      ),
      'discount' => 
      array (
      ),
    ),
    'p24' => 
    array (
      'base' => 
      array (
        'percentage_rate' => 0.021999999999999998723243521681069978512823581695556640625,
        'fixed_rate' => 20,
        'currency' => 'gbp',
      ),
      'additional' => 
      array (
        'percentage_rate' => 0,
        'fixed_rate' => 0,
        'currency' => 'gbp',
      ),
      'fx' => 
      array (
        'percentage_rate' => 0,
        'fixed_rate' => 0,
        'currency' => 'gbp',
      ),
      'discount' => 
      array (
      ),
    ),
    'klarna' => 
    array (
      'base' => 
      array (
        'percentage_rate' => 0.049899999999999999911182158029987476766109466552734375,
        'fixed_rate' => 35,
        'currency' => 'gbp',
      ),
      'additional' => 
      array (
        'percentage_rate' => 0,
        'fixed_rate' => 0,
        'currency' => 'gbp',
      ),
      'fx' => 
      array (
        'percentage_rate' => 0,
        'fixed_rate' => 0,
        'currency' => 'gbp',
      ),
      'discount' => 
      array (
      ),
    ),
    'afterpay_clearpay' => 
    array (
      'base' => 
      array (
        'percentage_rate' => 0.059999999999999997779553950749686919152736663818359375,
        'fixed_rate' => 30,
        'currency' => 'gbp',
      ),
      'additional' => 
      array (
        'percentage_rate' => 0,
        'fixed_rate' => 0,
        'currency' => 'gbp',
      ),
      'fx' => 
      array (
        'percentage_rate' => 0,
        'fixed_rate' => 0,
        'currency' => 'gbp',
      ),
      'discount' => 
      array (
      ),
    ),
  ),
  'capital' => 
  array (
    'has_active_loan' => false,
    'has_previous_loans' => false,
    'loans' => 
    array (
    ),
  ),
  'fraud_services' => 
  array (
    'stripe' => 
    array (
    ),
    'sift' => 
    array (
      'beacon_key' => '1d81b5c86a',
      'sandbox_beacon_key' => '43e8654e6f',
    ),
  ),
  'store_currencies' => 
  array (
    'default' => 'gbp',
    'supported' => 
    array (
      0 => 'gbp',
    ),
  ),
  'customer_currencies' => 
  array (
    'supported' => 
    array (
      0 => 'usd',
      1 => 'aed',
      2 => 'afn',
      3 => 'all',
      4 => 'amd',
      5 => 'ang',
      6 => 'aoa',
      7 => 'ars',
      8 => 'aud',
      9 => 'awg',
      10 => 'azn',
      11 => 'bam',
      12 => 'bbd',
      13 => 'bdt',
      14 => 'bif',
      15 => 'bmd',
      16 => 'bnd',
      17 => 'bob',
      18 => 'brl',
      19 => 'bsd',
      20 => 'bwp',
      21 => 'byn',
      22 => 'bzd',
      23 => 'cad',
      24 => 'cdf',
      25 => 'chf',
      26 => 'clp',
      27 => 'cny',
      28 => 'cop',
      29 => 'crc',
      30 => 'cve',
      31 => 'czk',
      32 => 'djf',
      33 => 'dkk',
      34 => 'dop',
      35 => 'dzd',
      36 => 'egp',
      37 => 'etb',
      38 => 'eur',
      39 => 'fjd',
      40 => 'fkp',
      41 => 'gbp',
      42 => 'gel',
      43 => 'gip',
      44 => 'gmd',
      45 => 'gnf',
      46 => 'gtq',
      47 => 'gyd',
      48 => 'hkd',
      49 => 'hnl',
      50 => 'htg',
      51 => 'huf',
      52 => 'idr',
      53 => 'ils',
      54 => 'inr',
      55 => 'isk',
      56 => 'jmd',
      57 => 'jpy',
      58 => 'kes',
      59 => 'kgs',
      60 => 'khr',
      61 => 'kmf',
      62 => 'krw',
      63 => 'kyd',
      64 => 'kzt',
      65 => 'lak',
      66 => 'lbp',
      67 => 'lkr',
      68 => 'lrd',
      69 => 'lsl',
      70 => 'mad',
      71 => 'mdl',
      72 => 'mga',
      73 => 'mkd',
      74 => 'mmk',
      75 => 'mnt',
      76 => 'mop',
      77 => 'mur',
      78 => 'mvr',
      79 => 'mwk',
      80 => 'mxn',
      81 => 'myr',
      82 => 'mzn',
      83 => 'nad',
      84 => 'ngn',
      85 => 'nio',
      86 => 'nok',
      87 => 'npr',
      88 => 'nzd',
      89 => 'pab',
      90 => 'pen',
      91 => 'pgk',
      92 => 'php',
      93 => 'pkr',
      94 => 'pln',
      95 => 'pyg',
      96 => 'qar',
      97 => 'ron',
      98 => 'rsd',
      99 => 'rub',
      100 => 'rwf',
      101 => 'sar',
      102 => 'sbd',
      103 => 'scr',
      104 => 'sek',
      105 => 'sgd',
      106 => 'shp',
      107 => 'sle',
      108 => 'sos',
      109 => 'srd',
      110 => 'std',
      111 => 'szl',
      112 => 'thb',
      113 => 'tjs',
      114 => 'top',
      115 => 'try',
      116 => 'ttd',
      117 => 'twd',
      118 => 'tzs',
      119 => 'uah',
      120 => 'ugx',
      121 => 'uyu',
      122 => 'uzs',
      123 => 'vnd',
      124 => 'vuv',
      125 => 'wst',
      126 => 'xaf',
      127 => 'xcd',
      128 => 'xcg',
      129 => 'xof',
      130 => 'xpf',
      131 => 'yer',
      132 => 'zar',
      133 => 'zmw',
    ),
  ),
  'country' => '(redacted)',
  'instant_deposits_eligible' => false,
  'card_present_eligible' => true,
  'has_card_readers_available' => false,
  'platform_checkout_eligible' => false,
  'platform_direct_checkout_eligible' => false,
  'platform_global_theme_support_enabled' => false,
  'business_profile' => 
  array (
    'name' => '(redacted)',
    'url' => 'https://papapoke.co.uk',
    'support_address' => 
    array (
    ),
    'support_email' => 'contactus@papapoke.co.uk',
    'support_phone' => '+447387156597',
  ),
  'branding' => 
  array (
    'icon' => NULL,
    'logo' => NULL,
    'primary_color' => NULL,
    'secondary_color' => NULL,
  ),
  'locale' => 'en_GB',
  'has_more_failed_events' => false,
  'has_submitted_vat_data' => false,
  'is_documents_enabled' => true,
  'card_testing_protection_eligible' => false,
  'fraud_mitigation_settings' => 
  array (
    'avs_check_enabled' => false,
    'cvc_check_enabled' => true,
  ),
  'is_deferred_intent_creation_upe_enabled' => true,
  'pre_check_save_my_info' => false,
  'is_tokenized_ece_disabled' => false,
  'ece_confirmation_tokens_disabled' => true,
  'eligibility_wporg_review_campaign_2025' => false,
  'progressive_onboarding' => 
  array (
    'is_enabled' => false,
    'is_complete' => false,
  ),
)
2026-02-06T15:54:11+00:00 INFO ENVIRONMENT: array (
  'WP_User' => 'Guest (non logged-in user)',
  'HTTP_REFERER' => '--',
  'HTTP_USER_AGENT' => 'WordPress/6.9.1; https://papapoke.co.uk',
  'REQUEST_URI' => '/wp-cron.php?doing_wp_cron=1770393250.7543809413909912109375',
  'DOING_AJAX' => false,
  'DOING_CRON' => true,
  'WP_CLI' => false,
)
2026-02-06T15:54:11+00:00 INFO REQUEST POST https://public-api.wordpress.com/wpcom/v2/sites/%s/wcpay/compatibility
2026-02-06T15:54:11+00:00 INFO HEADERS: array (
  'Content-Type' => 'application/json; charset=utf-8',
  'User-Agent' => 'WooCommerce Payments/8.6.0',
  'Idempotency-Key' => 'd3aaaf92-2f16-4968-9e5b-ea0208b8a07e',
)
2026-02-06T15:54:11+00:00 INFO BODY: array (
  'test_mode' => false,
  'compatibility_data' => 
  array (
    'woopayments_version' => '8.6.0',
    'woocommerce_version' => '10.0.5',
    'woocommerce_permalinks' => 
    array (
      'product_base' => 'product',
      'category_base' => 'product-category',
      'tag_base' => 'product-tag',
      'attribute_base' => '',
      'use_verbose_page_rules' => false,
    ),
    'woocommerce_shop' => 'https://papapoke.co.uk/?page_id=7',
    'woocommerce_cart' => 'Not set',
    'woocommerce_checkout' => 'https://papapoke.co.uk/checkout/',
    'blog_theme' => 'papa',
    'active_plugins' => 
    array (
      0 => 'added-to-cart-popup-woocommerce/xoo-cp-main.php',
      1 => 'advanced-custom-fields-pro/acf.php',
      2 => 'classic-editor/classic-editor.php',
      3 => 'classic-widgets/classic-widgets.php',
      4 => 'contact-form-7/wp-contact-form-7.php',
      5 => 'health-check/health-check.php',
      6 => 'popup-maker/popup-maker.php',
      8 => 'regenerate-thumbnails/regenerate-thumbnails.php',
      9 => 'shipping-zones-by-drawing-for-woocommerce/shipping-zones-by-drawing.php',
      10 => 'svg-support/svg-support.php',
      11 => 'webp-converter-for-media/webp-converter-for-media.php',
      12 => 'woo-pincode-checker/woo-pincode-checker.php',
      13 => 'woocommerce-google-analytics-integration/woocommerce-google-analytics-integration.php',
      14 => 'woocommerce-lightbox/main.php',
      15 => 'woocommerce-payments/woocommerce-payments.php',
      17 => 'woocommerce/woocommerce.php',
      18 => 'wordpress-seo/wp-seo.php',
      19 => 'wp-rocket/wp-rocket.php',
      20 => 'wp-sitemap-page/wp-sitemap-page.php',
    ),
    'post_types_count' => 
    array (
      'post' => 0,
      'page' => 7,
      'attachment' => 0,
      'product' => 55,
      'popup' => 2,
      'popup_theme' => 8,
      'szbdzones' => 2,
    ),
  ),
)
2026-02-06T15:54:11+00:00 INFO RESPONSE: array (
  'result' => 'success',
)
2026-02-06T21:42:58+00:00 INFO ENVIRONMENT: array (
  'WP_User' => 'Guest (non logged-in user)',
  'HTTP_REFERER' => '--',
  'HTTP_USER_AGENT' => 'Mozilla/5.0 (Windows NT 10.0; Win64; x64) AppleWebKit/537.36 (KHTML, like Gecko) Chrome/139.0.0.0 Safari/537.36',
  'REQUEST_URI' => '/product/sashimi-soy-salmon/?add-to-cart=459',
  'DOING_AJAX' => false,
  'DOING_CRON' => false,
  'WP_CLI' => false,
)
2026-02-06T21:42:58+00:00 INFO REQUEST GET https://public-api.wordpress.com/wpcom/v2/sites/%s/wcpay/currency/rates?test_mode=0&currency_from=gbp
2026-02-06T21:42:58+00:00 INFO HEADERS: array (
  'Content-Type' => 'application/json; charset=utf-8',
  'User-Agent' => 'WooCommerce Payments/8.6.0',
)
2026-02-06T21:42:58+00:00 INFO RESPONSE: array (
  'AED' => 5.00274399999999985766407917253673076629638671875,
  'AFN' => 88.532093000000003257810021750628948211669921875,
  'ALL' => 111.5415909999999968249539961107075214385986328125,
  'AMD' => 514.4395670000000109212123788893222808837890625,
  'ANG' => 2.438038000000000149469769894494675099849700927734375,
  'AOA' => 1242.354665999999951964127831161022186279296875,
  'ARS' => 1950.1206769999998869025148451328277587890625,
  'AUD' => 1.9399409999999999154596252992632798850536346435546875,
  'AWG' => 2.45506299999999999528199623455293476581573486328125,
  'AZN' => 2.3154550000000000409272615797817707061767578125,
  'BAM' => 2.259482999999999908169456830364651978015899658203125,
  'BBD' => 2.724063999999999818868445800035260617733001708984375,
  'BDT' => 166.578790999999995392499840818345546722412109375,
  'BGN' => 2.25329300000000021242385628283955156803131103515625,
  'BHD' => 0.51356100000000004524025598584557883441448211669921875,
  'BIF' => 4031.6153530000001410371623933315277099609375,
  'BMD' => 1.3620319999999999094342229000176303088665008544921875,
  'BND' => 1.7345269999999999299689079634845256805419921875,
  'BOB' => 9.4120089999999994034851624746806919574737548828125,
  'BRL' => 7.1062659999999997495478964992798864841461181640625,
  'BSD' => 1.3620319999999999094342229000176303088665008544921875,
  'BTC' => 1.900000000000000104603825601401467793039046227931976318359375E-5,
  'BTN' => 123.3773800000000022691892809234559535980224609375,
  'BWP' => 18.032655999999999352212398662231862545013427734375,
  'BYN' => 3.913140999999999980474285621312446892261505126953125,
  'BZD' => 2.739383000000000123463905765675008296966552734375,
  'CAD' => 1.859548999999999896459712545038200914859771728515625,
  'CDF' => 3037.33183700000017779530026018619537353515625,
  'CHF' => 1.0560449999999999004529627200099639594554901123046875,
  'CLF' => 0.029696000000000000174082970261224545538425445556640625,
  'CLP' => 1172.5599130000000513973645865917205810546875,
  'CNH' => 9.4390470000000004091589289600960910320281982421875,
  'CNY' => 9.449847999999999359488356276415288448333740234375,
  'COP' => 5039.6235079999996742117218673229217529296875,
  'CRC' => 675.2548259999999800129444338381290435791015625,
  'CUC' => 1.3620319999999999094342229000176303088665008544921875,
  'CUP' => 35.07233000000000089357854449190199375152587890625,
  'CVE' => 127.7926719999999960464265313930809497833251953125,
  'CZK' => 27.90213200000000171030478668399155139923095703125,
  'DJF' => 242.4417339999999967403709888458251953125,
  'DKK' => 8.604051999999999367219061241485178470611572265625,
  'DOP' => 85.80121900000000323416315950453281402587890625,
  'DZD' => 176.968064999999995734469848684966564178466796875,
  'EGP' => 63.82551099999999877354639465920627117156982421875,
  'ERN' => 20.430482999999998838802639511413872241973876953125,
  'ETB' => 211.3192980000000034124241210520267486572265625,
  'EUR' => 1.1520360000000000599840177528676576912403106689453125,
  'FJD' => 3.00940999999999991842969393474049866199493408203125,
  'FKP' => 1,
  'GBP' => 1,
  'GEL' => 3.670676999999999967627672958769835531711578369140625,
  'GGP' => 1,
  'GHS' => 14.9687339999999995399093677406199276447296142578125,
  'GIP' => 1,
  'GMD' => 99.4283530000000013160388334654271602630615234375,
  'GNF' => 11932.083210999999209889210760593414306640625,
  'GTQ' => 10.4471340000000001424496076651848852634429931640625,
  'GYD' => 284.9712339999999812789610587060451507568359375,
  'HKD' => 10.64246299999999934016159386374056339263916015625,
  'HNL' => 36.03256400000000070349415182135999202728271484375,
  'HRK' => 8.68042200000000008230927051045000553131103515625,
  'HTG' => 178.431905999999997902705217711627483367919921875,
  'HUF' => 435.55068199999999478677636943757534027099609375,
  'IDR' => 22956.89469499999904655851423740386962890625,
  'ILS' => 4.236907999999999674400896765291690826416015625,
  'IMP' => 1,
  'INR' => 123.4085630000000008976712706498801708221435546875,
  'IQD' => 1784.943215999999893028871156275272369384765625,
  'IRR' => 57322.4877590000032796524465084075927734375,
  'ISK' => 167.05325099999998883504304103553295135498046875,
  'JEP' => 1,
  'JMD' => 213.182533000000006495611160062253475189208984375,
  'JOD' => 0.965681000000000011596057447604835033416748046875,
  'JPY' => 213.988427000000001498847268521785736083984375,
  'KES' => 175.70215600000000222280505113303661346435546875,
  'KGS' => 119.1097170000000033951437217183411121368408203125,
  'KHR' => 5493.0759189999998852727003395557403564453125,
  'KMF' => 570.691908000000012179953046143054962158203125,
  'KPW' => 1225.8289930000000822474248707294464111328125,
  'KRW' => 1992.3677490000000034342519938945770263671875,
  'KWD' => 0.418395000000000016893153542696381919085979461669921875,
  'KYD' => 1.135056000000000064886762629612348973751068115234375,
  'KZT' => 673.914148999999952138750813901424407958984375,
  'LAK' => 29283.69260099999883095733821392059326171875,
  'LBP' => 121985.67181400000117719173431396484375,
  'LKR' => 421.39568700000000944783096201717853546142578125,
  'LRD' => 253.54235399999998890052665956318378448486328125,
  'LSL' => 21.997623999999998289922586991451680660247802734375,
  'LYD' => 8.6148539999999993455048752366565167903900146484375,
  'MAD' => 12.5043279999999992213588484446518123149871826171875,
  'MDL' => 23.14033200000000078944140113890171051025390625,
  'MGA' => 6047.423029999999926076270639896392822265625,
  'MKD' => 71.0150220000000018671926227398216724395751953125,
  'MMK' => 2860.13144599999986894545145332813262939453125,
  'MNT' => 4861.092972000000372645445168018341064453125,
  'MOP' => 10.96111499999999949750417727045714855194091796875,
  'MUR' => 62.73520400000000307727532344870269298553466796875,
  'MVR' => 21.043397999999999825604390935041010379791259765625,
  'MWK' => 2365.849956000000020139850676059722900390625,
  'MXN' => 23.504581999999999197825673036277294158935546875,
  'MYR' => 5.37525999999999992695620676386170089244842529296875,
  'MZN' => 86.829552000000006728441803716123104095458984375,
  'NAD' => 21.997623999999998289922586991451680660247802734375,
  'NGN' => 1861.870795999999927516910247504711151123046875,
  'NIO' => 49.98658199999999851570464670658111572265625,
  'NOK' => 13.1699420000000007036078386590816080570220947265625,
  'NPR' => 197.402948000000009187715477310121059417724609375,
  'NZD' => 2.262386999999999925847760096075944602489471435546875,
  'OMR' => 0.523711000000000037601921576424501836299896240234375,
  'PAB' => 1.3620319999999999094342229000176303088665008544921875,
  'PEN' => 4.58664299999999958146190692787058651447296142578125,
  'PGK' => 5.81042900000000006599520929739810526371002197265625,
  'PHP' => 79.6880780000000044083208194933831691741943359375,
  'PKR' => 380.9604100000000244108377955853939056396484375,
  'PLN' => 4.85970399999999980167331159464083611965179443359375,
  'PYG' => 8999.61078400000042165629565715789794921875,
  'QAR' => 4.959635999999999711462805862538516521453857421875,
  'RON' => 5.86668199999999995242205841350369155406951904296875,
  'RSD' => 135.211626999999992904122336767613887786865234375,
  'RUB' => 104.86237199999999347710399888455867767333984375,
  'RWF' => 1979.03280700000004799221642315387725830078125,
  'SAR' => 5.1080240000000003419700078666210174560546875,
  'SBD' => 10.975457999999999714191289967857301235198974609375,
  'SCR' => 18.70488399999999984402165864594280719757080078125,
  'SDG' => 819.2623770000000149593688547611236572265625,
  'SEK' => 12.28193399999999968486008583568036556243896484375,
  'SGD' => 1.731259000000000103369757198379375040531158447265625,
  'SHP' => 1,
  'SLL' => 28561.13451200000054086558520793914794921875,
  'SOS' => 777.0368939999999611245584674179553985595703125,
  'SRD' => 51.58015999999999934289007796905934810638427734375,
  'SSP' => 177.418316000000004351022653281688690185546875,
  'STD' => 30348.52938599999833968468010425567626953125,
  'SVC' => 11.917795999999999168039721553213894367218017578125,
  'SYP' => 17709.14284699999916483648121356964111328125,
  'SZL' => 21.969733000000001510443325969390571117401123046875,
  'THB' => 42.93195800000000161844582180492579936981201171875,
  'TJS' => 12.7626480000000004366711436887271702289581298828125,
  'TMT' => 4.773922999999999916553861112333834171295166015625,
  'TND' => 3.878387000000000028876456781290471553802490234375,
  'TOP' => 3.279446999999999778907522340887226164340972900390625,
  'TRY' => 59.38828199999999668534655938856303691864013671875,
  'TTD' => 9.2236600000000006360778570524416863918304443359375,
  'TWD' => 43.0422650000000004411049303598701953887939453125,
  'TZS' => 3507.232950999999957275576889514923095703125,
  'UAH' => 58.8184820000000030404407880268990993499755859375,
  'UGX' => 4846.362108999999691150151193141937255859375,
  'USD' => 1.3620319999999999094342229000176303088665008544921875,
  'UYU' => 52.23403900000000277259459835477173328399658203125,
  'UZS' => 16718.9454269999987445771694183349609375,
  'VND' => 35351.5461149999973713420331478118896484375,
  'VUV' => 163.437056000000012545569916255772113800048828125,
  'WST' => 3.713295000000000012363443602225743234157562255859375,
  'XAF' => 755.6863090000000511281541548669338226318359375,
  'XAG' => 0.0176240000000000007762679388179094530642032623291015625,
  'XAU' => 0.0002750000000000000165666091955785077516338787972927093505859375,
  'XCD' => 3.68095999999999978768983055488206446170806884765625,
  'XDR' => 0.94286400000000003540634452292579226195812225341796875,
  'XOF' => 755.6863090000000511281541548669338226318359375,
  'XPD' => 0.000792999999999999976608988649928733138949610292911529541015625,
  'XPF' => 137.474504999999993515302776359021663665771484375,
  'XPT' => 0.000663999999999999985199339302965881870477460324764251708984375,
  'YER' => 324.70849800000002005617716349661350250244140625,
  'ZAR' => 21.817126999999999270585249178111553192138671875,
  'ZMW' => 25.32554400000000072168404585681855678558349609375,
  'ZWL' => 438.57437299999998003841028548777103424072265625,
)
2026-02-06T22:29:37+00:00 INFO ENVIRONMENT: array (
  'WP_User' => 'Guest (non logged-in user)',
  'HTTP_REFERER' => '--',
  'HTTP_USER_AGENT' => 'WordPress/6.9.1; https://papapoke.co.uk',
  'REQUEST_URI' => '/wp-cron.php?doing_wp_cron=1770416976.7086520195007324218750',
  'DOING_AJAX' => false,
  'DOING_CRON' => true,
  'WP_CLI' => false,
)
2026-02-06T22:29:37+00:00 INFO REQUEST GET https://public-api.wordpress.com/wpcom/v2/wcpay/woopay/compatibility?test_mode=0
2026-02-06T22:29:37+00:00 INFO HEADERS: array (
  'Content-Type' => 'application/json; charset=utf-8',
  'User-Agent' => 'WooCommerce Payments/8.6.0',
)
2026-02-06T22:29:37+00:00 INFO RESPONSE: array (
  'incompatible_extensions' => 
  array (
    0 => 'class-wcdonation',
    1 => 'woocommerce-avatax',
    2 => 'woocommerce-table-rate-shipping',
    3 => 'woocommerce-memberships-for-teams',
    4 => 'woocommerce-checkout-add-ons',
    5 => 'woocommerce-checkout-field-editor',
    6 => 'woocommerce-eu-vat-number',
    7 => 'woocommerce-order-delivery',
    8 => 'woocommerce-pdf-product-vouchers',
    9 => 'woocommerce-shipping-local-pickup-plus',
    10 => 'woocommerce-shipping-multiple-addresses',
    11 => 'woocommerce-smart-coupons',
    12 => 'woocommerce-subscriptions-gifting',
    13 => 'advanced-product-fields-for-woocommerce',
    14 => 'mage-eventpress',
  ),
  'adapted_extensions' => 
  array (
    0 => 'woocommerce-points-and-rewards',
    1 => 'woocommerce-gift-cards',
  ),
  'available_countries' => 
  array (
    0 => 'US',
  ),
)
