2026-02-02T04:03:22+00:00 INFO ENVIRONMENT: array (
  'WP_User' => 'Guest (non logged-in user)',
  'HTTP_REFERER' => 'http://mail.papapoke.co.uk/',
  'HTTP_USER_AGENT' => 'Mozilla/5.0 (Macintosh; Intel Mac OS X 15_7_3) AppleWebKit/605.1.15 (KHTML, like Gecko) Version/26.0 Safari/605.1.15',
  'REQUEST_URI' => '/',
  'DOING_AJAX' => false,
  'DOING_CRON' => false,
  'WP_CLI' => false,
)
2026-02-02T04:03:22+00:00 INFO REQUEST GET https://public-api.wordpress.com/wpcom/v2/sites/%s/wcpay/currency/rates?test_mode=0&currency_from=gbp
2026-02-02T04:03:22+00:00 INFO HEADERS: array (
  'Content-Type' => 'application/json; charset=utf-8',
  'User-Agent' => 'WooCommerce Payments/8.6.0',
)
2026-02-02T04:03:22+00:00 INFO RESPONSE: array (
  'AED' => 5.0264199999999998880184648442082107067108154296875,
  'AFN' => 88.9631830000000007885319064371287822723388671875,
  'ALL' => 111.4413729999999986830516718327999114990234375,
  'AMD' => 522.2836170000000493018887937068939208984375,
  'ANG' => 2.4499089999999998923385646776296198368072509765625,
  'AOA' => 1252.8447900000001027365215122699737548828125,
  'ARS' => 1989.8489700000000084401108324527740478515625,
  'AUD' => 1.969095999999999957452700982685200870037078857421875,
  'AWG' => 2.467017999999999933180561129120178520679473876953125,
  'AZN' => 2.326728999999999825121221874724142253398895263671875,
  'BAM' => 2.25490700000000021674395611626096069812774658203125,
  'BBD' => 2.73732899999999990114929460105486214160919189453125,
  'BDT' => 168.351330999999987625415087677538394927978515625,
  'BGN' => 2.255548999999999804089156896225176751613616943359375,
  'BHD' => 0.51940500000000000557776047571678645908832550048828125,
  'BIF' => 4081.561924999999973806552588939666748046875,
  'BMD' => 1.3686640000000001027302687361952848732471466064453125,
  'BND' => 1.7447630000000000638493702354026027023792266845703125,
  'BOB' => 9.5197699999999993991650626412592828273773193359375,
  'BRL' => 7.20218600000000019889512259396724402904510498046875,
  'BSD' => 1.3686640000000001027302687361952848732471466064453125,
  'BTC' => 1.800000000000000045601543374740316494353464804589748382568359375E-5,
  'BTN' => 126.5124119999999976471372065134346485137939453125,
  'BWP' => 18.0240620000000006939444574527442455291748046875,
  'BYN' => 3.923909999999999786979287819121964275836944580078125,
  'BZD' => 2.77074100000000012045120456605218350887298583984375,
  'CAD' => 1.8669309999999998961328628865885548293590545654296875,
  'CDF' => 3170.04404000000022278982214629650115966796875,
  'CHF' => 1.057582000000000022055246517993509769439697265625,
  'CLF' => 0.030065000000000001445510378061953815631568431854248046875,
  'CLP' => 1195.3628490000000965665094554424285888671875,
  'CNH' => 9.511583999999999150531948544085025787353515625,
  'CNY' => 9.5133120000000008786855687503702938556671142578125,
  'COP' => 5016.749061000000438070856034755706787109375,
  'CRC' => 682.20269099999995887628756463527679443359375,
  'CUC' => 1.3686640000000001027302687361952848732471466064453125,
  'CUP' => 35.24310700000000196041582967154681682586669921875,
  'CVE' => 127.1287379999999984647729434072971343994140625,
  'CZK' => 28.08914800000000155932866618968546390533447265625,
  'DJF' => 245.322179000000005544279702007770538330078125,
  'DKK' => 8.6114639999999997854729372193105518817901611328125,
  'DOP' => 86.7366229999999944766386761330068111419677734375,
  'DZD' => 177.887339999999994688550941646099090576171875,
  'EGP' => 64.47093499999999721694621257483959197998046875,
  'ERN' => 20.529965000000000685531631461344659328460693359375,
  'ETB' => 214.016180999999988898707670159637928009033203125,
  'EUR' => 1.1531599999999999628386149197467602789402008056640625,
  'FJD' => 3.017425999999999941536543701658956706523895263671875,
  'FKP' => 1,
  'GBP' => 1,
  'GEL' => 3.68855000000000021742607714259065687656402587890625,
  'GGP' => 1,
  'GHS' => 15.091960000000000263753463514149188995361328125,
  'GIP' => 1,
  'GMD' => 99.912499999999994315658113919198513031005859375,
  'GNF' => 12088.805134000000180094502866268157958984375,
  'GTQ' => 10.566722999999999643705450580455362796783447265625,
  'GYD' => 288.224238000000013926182873547077178955078125,
  'HKD' => 10.6882420000000006865548130008392035961151123046875,
  'HNL' => 36.3629760000000032960087992250919342041015625,
  'HRK' => 8.689042000000000598447513766586780548095703125,
  'HTG' => 180.298711999999994759491528384387493133544921875,
  'HUF' => 440.16724900000002662636688910424709320068359375,
  'IDR' => 22977.878786000001127831637859344482421875,
  'ILS' => 4.2297820000000001527951098978519439697265625,
  'IMP' => 1,
  'INR' => 125.8873789999999956989995553158223628997802734375,
  'IQD' => 1804.80125300000008792267180979251861572265625,
  'IRR' => 57601.6083399999988614581525325775146484375,
  'ISK' => 167.19603799999998727798811160027980804443359375,
  'JEP' => 1,
  'JMD' => 215.89042299999999841020326130092144012451171875,
  'JOD' => 0.9703829999999999955662133288569748401641845703125,
  'JPY' => 212.212322000000000343788997270166873931884765625,
  'KES' => 177.8579340000000001964508555829524993896484375,
  'KGS' => 119.6896980000000070276655605994164943695068359375,
  'KHR' => 5539.948862999999619205482304096221923828125,
  'KMF' => 567.995419999999967330950312316417694091796875,
  'KPW' => 1231.797925999999961277353577315807342529296875,
  'KRW' => 1994.209869999999909850885160267353057861328125,
  'KWD' => 0.42073700000000002763300699371029622852802276611328125,
  'KYD' => 1.148080999999999907146275290870107710361480712890625,
  'KZT' => 692.87200600000005579204298555850982666015625,
  'LAK' => 29647.382073000000673346221446990966796875,
  'LBP' => 123364.069417000006069429218769073486328125,
  'LKR' => 426.04550899999998136991052888333797454833984375,
  'LRD' => 248.32085399999999708597897551953792572021484375,
  'LSL' => 21.8745559999999983347152010537683963775634765625,
  'LYD' => 8.644729999999999137116901692934334278106689453125,
  'MAD' => 12.496643999999999863348421058617532253265380859375,
  'MDL' => 23.171848000000000666886990074999630451202392578125,
  'MGA' => 6156.6867069999998420826159417629241943359375,
  'MKD' => 71.0639259999999950423443806357681751251220703125,
  'MMK' => 2874.05829399999993256642483174800872802734375,
  'MNT' => 4872.445128999999724328517913818359375,
  'MOP' => 11.0785350000000004655476004700176417827606201171875,
  'MUR' => 62.15104999999999790816218592226505279541015625,
  'MVR' => 21.15955100000000044246917241252958774566650390625,
  'MWK' => 2388.880830000000059953890740871429443359375,
  'MXN' => 23.9242160000000012587406672537326812744140625,
  'MYR' => 5.3952749999999998209432305884547531604766845703125,
  'MZN' => 87.2660369999999971923898556269705295562744140625,
  'NAD' => 21.874188000000000187128534889779984951019287109375,
  'NGN' => 1911.859873999999990701326169073581695556640625,
  'NIO' => 50.6953299999999984493115334771573543548583984375,
  'NOK' => 13.2036970000000000169393388205207884311676025390625,
  'NPR' => 202.421642999999988887793733738362789154052734375,
  'NZD' => 2.273868999999999918060211712145246565341949462890625,
  'OMR' => 0.52747800000000000242295072894194163382053375244140625,
  'PAB' => 1.3686640000000001027302687361952848732471466064453125,
  'PEN' => 4.60608400000000006713207767461426556110382080078125,
  'PGK' => 5.897377999999999786950866109691560268402099609375,
  'PHP' => 80.5561589999999938527253107167780399322509765625,
  'PKR' => 385.389372999999977764673531055450439453125,
  'PLN' => 4.86096899999999987329601935925893485546112060546875,
  'PYG' => 9228.233105999999679625034332275390625,
  'QAR' => 5.022890000000000298996383207850158214569091796875,
  'RON' => 5.8760870000000000601403371547348797321319580078125,
  'RSD' => 135.35435599999999567444319836795330047607421875,
  'RUB' => 104.410763000000002875822247005999088287353515625,
  'RWF' => 2010.078627000000096813892014324665069580078125,
  'SAR' => 5.13358600000000020457946448004804551601409912109375,
  'SBD' => 11.01995600000000052887116908095777034759521484375,
  'SCR' => 19.798812999999999107103576534427702426910400390625,
  'SDG' => 823.251614000000017767888493835926055908203125,
  'SEK' => 12.195510999999999768306224723346531391143798828125,
  'SGD' => 1.739479999999999915161197350244037806987762451171875,
  'SHP' => 1,
  'SLL' => 28700.207339000000501982867717742919921875,
  'SOS' => 787.3511600000000498766894452273845672607421875,
  'SRD' => 52.07836300000000306908987113274633884429931640625,
  'SSP' => 178.28221999999999525243765674531459808349609375,
  'STD' => 30496.3055820000008679926395416259765625,
  'SVC' => 12.0538159999999994198560671065934002399444580078125,
  'SYP' => 17795.374035000000731088221073150634765625,
  'SZL' => 21.865199000000000495447238790802657604217529296875,
  'THB' => 43.183413999999999077772372402250766754150390625,
  'TJS' => 12.8605029999999995737880453816615045070648193359375,
  'TMT' => 4.79032500000000016626700016786344349384307861328125,
  'TND' => 3.95826700000000020196466721245087683200836181640625,
  'TOP' => 3.2954150000000002052047420875169336795806884765625,
  'TRY' => 59.54557799999999900819602771662175655364990234375,
  'TTD' => 9.353787000000000517729858984239399433135986328125,
  'TWD' => 43.27210099999999926012606010772287845611572265625,
  'TZS' => 3547.55065299999978378764353692531585693359375,
  'UAH' => 59.046571999999997615304891951382160186767578125,
  'UGX' => 4925.3732790000003660679794847965240478515625,
  'USD' => 1.3686640000000001027302687361952848732471466064453125,
  'UYU' => 53.109431999999998197381501086056232452392578125,
  'UZS' => 16842.06826599999840254895389080047607421875,
  'VND' => 35499.016189000001759268343448638916015625,
  'VUV' => 166.018987000000009857103577814996242523193359375,
  'WST' => 3.78818900000000002847855284926481544971466064453125,
  'XAF' => 756.4230489999999917927198112010955810546875,
  'XAG' => 0.01297000000000000062561067437627571052871644496917724609375,
  'XAU' => 0.0002790000000000000053741733285761483784881420433521270751953125,
  'XCD' => 3.698884000000000060737193052773363888263702392578125,
  'XDR' => 0.94056700000000004191491598248830996453762054443359375,
  'XOF' => 756.4230489999999917927198112010955810546875,
  'XPD' => 0.00067800000000000000023592239273284576484002172946929931640625,
  'XPF' => 137.608532999999994217432686127722263336181640625,
  'XPT' => 0.00052800000000000004048150703539477035519666969776153564453125,
  'YER' => 326.18688400000002047818270511925220489501953125,
  'ZAR' => 22.152584999999998416342350537888705730438232421875,
  'ZMW' => 27.03639799999999837609720998443663120269775390625,
  'ZWL' => 440.7099249999999983629095368087291717529296875,
)
2026-02-02T10:11:23+00:00 INFO ENVIRONMENT: array (
  'WP_User' => 'Guest (non logged-in user)',
  'HTTP_REFERER' => '--',
  'HTTP_USER_AGENT' => 'Mozilla/5.0 (Linux; Android 6.0.1; Nexus 5X Build/MMB29P) AppleWebKit/537.36 (KHTML, like Gecko) Chrome/143.0.7499.192 Mobile Safari/537.36 (compatible; Googlebot/2.1; +http://www.google.com/bot.html)',
  'REQUEST_URI' => '/?add-to-cart=452',
  'DOING_AJAX' => false,
  'DOING_CRON' => false,
  'WP_CLI' => false,
)
2026-02-02T10:11:23+00:00 INFO REQUEST GET https://public-api.wordpress.com/wpcom/v2/sites/%s/wcpay/currency/rates?test_mode=0&currency_from=gbp
2026-02-02T10:11:23+00:00 INFO HEADERS: array (
  'Content-Type' => 'application/json; charset=utf-8',
  'User-Agent' => 'WooCommerce Payments/8.6.0',
)
2026-02-02T10:11:23+00:00 INFO RESPONSE: array (
  'AED' => 5.02805000000000035242919693700969219207763671875,
  'AFN' => 88.9920330000000063819243223406374454498291015625,
  'ALL' => 111.4775120000000043773979996331036090850830078125,
  'AMD' => 522.4529890000000023064785636961460113525390625,
  'ANG' => 2.4507039999999999935198502498678863048553466796875,
  'AOA' => 1248.808913999999958832631818950176239013671875,
  'ARS' => 1981.082873999999947045580483973026275634765625,
  'AUD' => 1.9714359999999999661923766325344331562519073486328125,
  'AWG' => 2.467817999999999845073261894867755472660064697265625,
  'AZN' => 2.3274840000000001083435563487000763416290283203125,
  'BAM' => 2.255637999999999809830342201166786253452301025390625,
  'BBD' => 2.738215999999999983316456564352847635746002197265625,
  'BDT' => 168.405925999999993791789165697991847991943359375,
  'BGN' => 2.259425999999999934431116344057954847812652587890625,
  'BHD' => 0.51621499999999997942978779974509961903095245361328125,
  'BIF' => 4082.8855400000002191518433392047882080078125,
  'BMD' => 1.3691079999999999916582282821764238178730010986328125,
  'BND' => 1.7453289999999999082547219586558640003204345703125,
  'BOB' => 9.5228570000000001272155714104883372783660888671875,
  'BRL' => 7.2053419999999999134843164938502013683319091796875,
  'BSD' => 1.3691079999999999916582282821764238178730010986328125,
  'BTC' => 1.800000000000000045601543374740316494353464804589748382568359375E-5,
  'BTN' => 126.553437999999999874489731155335903167724609375,
  'BWP' => 18.02990700000000146019374369643628597259521484375,
  'BYN' => 3.925181999999999948869344734703190624713897705078125,
  'BZD' => 2.771638999999999963819163895095698535442352294921875,
  'CAD' => 1.868726000000000109224629341042600572109222412109375,
  'CDF' => 3171.07205800000019735307432711124420166015625,
  'CHF' => 1.060038000000000035782932172878645360469818115234375,
  'CLF' => 0.0300750000000000010380585280245213652960956096649169921875,
  'CLP' => 1195.7504939999998896382749080657958984375,
  'CNH' => 9.514084000000000429508872912265360355377197265625,
  'CNY' => 9.51735599999999948295226204209029674530029296875,
  'COP' => 5025.6511650000002191518433392047882080078125,
  'CRC' => 682.4239229999999452047632075846195220947265625,
  'CUC' => 1.3691079999999999916582282821764238178730010986328125,
  'CUP' => 35.254536000000001649823389016091823577880859375,
  'CVE' => 127.16996399999999312058207578957080841064453125,
  'CZK' => 28.0791770000000013851604308001697063446044921875,
  'DJF' => 245.401735000000002173692337237298488616943359375,
  'DKK' => 8.627442999999999528881744481623172760009765625,
  'DOP' => 86.7647510000000039553924580104649066925048828125,
  'DZD' => 177.54546199999998634666553698480129241943359375,
  'EGP' => 64.5055329999999997880877344869077205657958984375,
  'ERN' => 20.53662299999999873989509069360792636871337890625,
  'ETB' => 214.085585000000008903953130356967449188232421875,
  'EUR' => 1.15511900000000000687805368215776979923248291015625,
  'FJD' => 3.051330999999999793459437569254077970981597900390625,
  'FKP' => 1,
  'GBP' => 1,
  'GEL' => 3.689747000000000110020437205093912780284881591796875,
  'GGP' => 1,
  'GHS' => 15.09685400000000043974068830721080303192138671875,
  'GIP' => 1,
  'GMD' => 99.9449010000000015452314983122050762176513671875,
  'GNF' => 12092.725429000000076484866440296173095703125,
  'GTQ' => 10.5701490000000006830305210314691066741943359375,
  'GYD' => 288.31770699999998441853676922619342803955078125,
  'HKD' => 10.6942269999999997054374034632928669452667236328125,
  'HNL' => 36.3747680000000030986484489403665065765380859375,
  'HRK' => 8.7040530000000000399040800402872264385223388671875,
  'HTG' => 180.357180999999997084159986115992069244384765625,
  'HUF' => 440.10961200000002691012923605740070343017578125,
  'IDR' => 22992.81987300000037066638469696044921875,
  'ILS' => 4.2491690000000001958824213943444192409515380859375,
  'IMP' => 1,
  'INR' => 125.373343000000005531546776182949542999267578125,
  'IQD' => 1805.386533999999983279849402606487274169921875,
  'IRR' => 57620.288044000000809319317340850830078125,
  'ISK' => 167.496698000000009187715477310121059417724609375,
  'JEP' => 1,
  'JMD' => 215.960434999999989713614922948181629180908203125,
  'JOD' => 0.97069799999999994977173400911851786077022552490234375,
  'JPY' => 212.079113000000006650225259363651275634765625,
  'KES' => 177.915612000000010084477253258228302001953125,
  'KGS' => 119.7285130000000066274878918193280696868896484375,
  'KHR' => 5541.7454200000001947046257555484771728515625,
  'KMF' => 568.1796160000000099898898042738437652587890625,
  'KPW' => 1232.197386999999935142113827168941497802734375,
  'KRW' => 1993.66597400000000561703927814960479736328125,
  'KWD' => 0.420497999999999982900789063933189027011394500732421875,
  'KYD' => 1.14845400000000008589040589868091046810150146484375,
  'KZT' => 693.096698999999944135197438299655914306640625,
  'LAK' => 29656.99646299999949405901134014129638671875,
  'LBP' => 123404.0753189999959431588649749755859375,
  'LKR' => 426.1836720000000013897079043090343475341796875,
  'LRD' => 248.40138200000001234002411365509033203125,
  'LSL' => 21.88165000000000048885340220294892787933349609375,
  'LYD' => 8.647532999999999248075255309231579303741455078125,
  'MAD' => 12.5006959999999995858388501801528036594390869140625,
  'MDL' => 22.90449600000000174304659594781696796417236328125,
  'MGA' => 6158.683267000000341795384883880615234375,
  'MKD' => 71.179561000000006742993718944489955902099609375,
  'MMK' => 2874.9903260000000955187715590000152587890625,
  'MNT' => 4874.02522099999987403862178325653076171875,
  'MOP' => 11.082128000000000866975824465043842792510986328125,
  'MUR' => 62.499785000000002810338628478348255157470703125,
  'MVR' => 21.16641299999999858982846490107476711273193359375,
  'MWK' => 2389.655523999999786610715091228485107421875,
  'MXN' => 23.901984999999999814690454513765871524810791015625,
  'MYR' => 5.3970240000000000435420588473789393901824951171875,
  'MZN' => 87.2943360000000012632881407625973224639892578125,
  'NAD' => 21.88128199999999878855305723845958709716796875,
  'NGN' => 1911.179221000000097774318419396877288818359375,
  'NIO' => 50.7117700000000013460521586239337921142578125,
  'NOK' => 13.2719539999999991408685673377476632595062255859375,
  'NPR' => 202.487286000000011654265108518302440643310546875,
  'NZD' => 2.27817500000000006110667527536861598491668701171875,
  'OMR' => 0.526418000000000052551740736817009747028350830078125,
  'PAB' => 1.3691079999999999916582282821764238178730010986328125,
  'PEN' => 4.60757700000000003370814738445915281772613525390625,
  'PGK' => 5.89928999999999970071939969784580171108245849609375,
  'PHP' => 80.60624599999999873034539632499217987060546875,
  'PKR' => 385.51435199999997394115780480206012725830078125,
  'PLN' => 4.8658289999999997377244653762318193912506103515625,
  'PYG' => 9231.225743000000875326804816722869873046875,
  'QAR' => 5.0245189999999997354507286217994987964630126953125,
  'RON' => 5.88675499999999995992538970313034951686859130859375,
  'RSD' => 135.6688570000000026993802748620510101318359375,
  'RUB' => 105.6915910000000025092958821915090084075927734375,
  'RWF' => 2010.73047799999994822428561747074127197265625,
  'SAR' => 5.13497100000000017416823538951575756072998046875,
  'SBD' => 11.0235299999999991626964401802979409694671630859375,
  'SCR' => 19.8052339999999986730472301132977008819580078125,
  'SDG' => 823.51858700000002500019036233425140380859375,
  'SEK' => 12.2103920000000005785523171653039753437042236328125,
  'SGD' => 1.74093900000000001426769813406281173229217529296875,
  'SHP' => 1,
  'SLL' => 28709.514567999998689629137516021728515625,
  'SOS' => 787.60649100000000544241629540920257568359375,
  'SRD' => 52.0952520000000021127561922185122966766357421875,
  'SSP' => 178.34003500000000030922819860279560089111328125,
  'STD' => 30506.19527000000016414560377597808837890625,
  'SVC' => 12.0577249999999995822008713730610907077789306640625,
  'SYP' => 17801.144920999999158084392547607421875,
  'SZL' => 21.872288999999998537759893224574625492095947265625,
  'THB' => 43.273403000000001838998286984860897064208984375,
  'TJS' => 12.864672999999999802867023390717804431915283203125,
  'TMT' => 4.7918789999999997775148585787974298000335693359375,
  'TND' => 3.959550999999999820744278622441925108432769775390625,
  'TOP' => 3.296483999999999969787722875480540096759796142578125,
  'TRY' => 59.54593899999999706551534472964704036712646484375,
  'TTD' => 9.3568200000000008031975085032172501087188720703125,
  'TWD' => 43.2875020000000034769982448779046535491943359375,
  'TZS' => 3537.07736400000021603773348033428192138671875,
  'UAH' => 59.06571999999999889041646383702754974365234375,
  'UGX' => 4926.97053500000038184225559234619140625,
  'USD' => 1.3691079999999999916582282821764238178730010986328125,
  'UYU' => 53.11608199999999868623490328900516033172607421875,
  'UZS' => 16847.5300029999998514540493488311767578125,
  'VND' => 35644.57955799999763257801532745361328125,
  'VUV' => 166.072825999999992063749232329428195953369140625,
  'WST' => 3.789417999999999953075757730402983725070953369140625,
  'XAF' => 757.708127999999987878254614770412445068359375,
  'XAG' => 0.01201499999999999963862240548451154609210789203643798828125,
  'XAU' => 0.0002790000000000000053741733285761483784881420433521270751953125,
  'XCD' => 3.700082999999999788798277222667820751667022705078125,
  'XDR' => 0.94087200000000004163069888818426989018917083740234375,
  'XOF' => 757.708127999999987878254614770412445068359375,
  'XPD' => 0.00067800000000000000023592239273284576484002172946929931640625,
  'XPF' => 137.84231399999998757266439497470855712890625,
  'XPT' => 0.00052800000000000004048150703539477035519666969776153564453125,
  'YER' => 326.29266300000000455838744528591632843017578125,
  'ZAR' => 22.080400999999998390421751537360250949859619140625,
  'ZMW' => 27.045165999999998263092493289150297641754150390625,
  'ZWL' => 440.8528430000000071231625042855739593505859375,
)
2026-02-02T11:19:55+00:00 INFO Stripe Payment Request live mode requires SSL.
2026-02-02T11:19:55+00:00 INFO Stripe Payment Request live mode requires SSL.
2026-02-02T11:19:55+00:00 INFO Stripe Payment Request live mode requires SSL.
2026-02-02T11:19:55+00:00 INFO Stripe Payment Request live mode requires SSL.
2026-02-02T11:19:55+00:00 INFO Stripe Payment Request live mode requires SSL.
2026-02-02T11:19:56+00:00 INFO Stripe Payment Request live mode requires SSL.
2026-02-02T11:19:56+00:00 INFO Stripe Payment Request live mode requires SSL.
2026-02-02T11:19:56+00:00 INFO Stripe Payment Request live mode requires SSL.
2026-02-02T11:19:56+00:00 INFO Stripe Payment Request live mode requires SSL.
2026-02-02T11:19:56+00:00 INFO Stripe Payment Request live mode requires SSL.
2026-02-02T11:19:56+00:00 INFO Stripe Payment Request live mode requires SSL.
2026-02-02T11:19:56+00:00 INFO Stripe Payment Request live mode requires SSL.
2026-02-02T11:19:56+00:00 INFO Stripe Payment Request live mode requires SSL.
2026-02-02T11:19:56+00:00 INFO Stripe Payment Request live mode requires SSL.
2026-02-02T11:19:56+00:00 INFO Stripe Payment Request live mode requires SSL.
2026-02-02T11:19:56+00:00 INFO Stripe Payment Request live mode requires SSL.
2026-02-02T11:19:56+00:00 INFO Stripe Payment Request live mode requires SSL.
2026-02-02T11:19:56+00:00 INFO Stripe Payment Request live mode requires SSL.
2026-02-02T11:19:56+00:00 INFO Stripe Payment Request live mode requires SSL.
2026-02-02T11:19:56+00:00 INFO Stripe Payment Request live mode requires SSL.
2026-02-02T11:19:56+00:00 INFO Stripe Payment Request live mode requires SSL.
2026-02-02T11:19:56+00:00 INFO Stripe Payment Request live mode requires SSL.
2026-02-02T11:19:56+00:00 INFO Stripe Payment Request live mode requires SSL.
2026-02-02T11:19:56+00:00 INFO Stripe Payment Request live mode requires SSL.
2026-02-02T11:19:56+00:00 INFO Stripe Payment Request live mode requires SSL.
2026-02-02T11:19:56+00:00 INFO Stripe Payment Request live mode requires SSL.
2026-02-02T11:19:56+00:00 INFO Stripe Payment Request live mode requires SSL.
2026-02-02T11:19:56+00:00 INFO Stripe Payment Request live mode requires SSL.
2026-02-02T11:19:56+00:00 INFO Stripe Payment Request live mode requires SSL.
2026-02-02T11:19:56+00:00 INFO Stripe Payment Request live mode requires SSL.
2026-02-02T11:19:56+00:00 INFO Stripe Payment Request live mode requires SSL.
2026-02-02T11:19:56+00:00 INFO Stripe Payment Request live mode requires SSL.
2026-02-02T11:19:56+00:00 INFO Stripe Payment Request live mode requires SSL.
2026-02-02T11:19:56+00:00 INFO Stripe Payment Request live mode requires SSL.
2026-02-02T11:19:56+00:00 INFO Stripe Payment Request live mode requires SSL.
2026-02-02T11:19:57+00:00 INFO Stripe Payment Request live mode requires SSL.
2026-02-02T11:19:57+00:00 INFO Stripe Payment Request live mode requires SSL.
2026-02-02T11:19:57+00:00 INFO Stripe Payment Request live mode requires SSL.
2026-02-02T11:19:57+00:00 INFO Stripe Payment Request live mode requires SSL.
2026-02-02T11:19:57+00:00 INFO Stripe Payment Request live mode requires SSL.
2026-02-02T14:25:52+00:00 INFO ENVIRONMENT: array (
  'WP_User' => 'Guest (non logged-in user)',
  'HTTP_REFERER' => '--',
  'HTTP_USER_AGENT' => 'Mozilla/5.0 (Windows NT 10.0; Win64; x64) AppleWebKit/537.36 (KHTML, like Gecko) Chrome/139.0.0.0 Safari/537.36',
  'REQUEST_URI' => '/?add-to-cart=208',
  'DOING_AJAX' => false,
  'DOING_CRON' => false,
  'WP_CLI' => false,
)
2026-02-02T14:25:52+00:00 INFO REQUEST GET https://public-api.wordpress.com/wpcom/v2/sites/%s/wcpay/disputes?test_mode=0&pagesize=50&search%5B0%5D=warning_needs_response&search%5B1%5D=needs_response
2026-02-02T14:25:52+00:00 INFO HEADERS: array (
  'Content-Type' => 'application/json; charset=utf-8',
  'User-Agent' => 'WooCommerce Payments/8.6.0',
)
2026-02-02T14:25:52+00:00 INFO RESPONSE: array (
  'data' => 
  array (
  ),
)
2026-02-02T14:57:44+00:00 INFO ENVIRONMENT: array (
  'WP_User' => 'Guest (non logged-in user)',
  'HTTP_REFERER' => '--',
  'HTTP_USER_AGENT' => 'Mozilla/5.0 (Windows NT 10.0; Win64; x64) AppleWebKit/537.36 (KHTML, like Gecko) Chrome/144.0.0.0 Safari/537.36',
  'REQUEST_URI' => '/wp-admin/',
  'DOING_AJAX' => false,
  'DOING_CRON' => false,
  'WP_CLI' => false,
)
2026-02-02T14:57:44+00:00 INFO REQUEST GET https://public-api.wordpress.com/wpcom/v2/sites/%s/wcpay/accounts?test_mode=0
2026-02-02T14:57:44+00:00 INFO HEADERS: array (
  'Content-Type' => 'application/json; charset=utf-8',
  'User-Agent' => 'WooCommerce Payments/8.6.0',
)
2026-02-02T14:57:48+00:00 INFO RESPONSE: array (
  'account_id' => 'acct_1QJjXwFt5S7zes6j',
  'email' => '(redacted)',
  'communications_email' => 'contactus@papapoke.co.uk',
  'live_publishable_key' => 'pk_live_51ETDmyFuiXB5oUVxaIafkGPnwuNcBxr1pXVhvLJ4BrWuiqfG6SldjatOGLQhuqXnDmgqwRA7tDoSFlbY4wFji7KR0079TvtxNs',
  'test_publishable_key' => 'pk_test_51ETDmyFuiXB5oUVxwSobQMW5Tno1GclIq7ePZWzLeW4q8oa7Zb8hI5VfwI5sNT5nXuKYinLukNvGCXmsQXAoDGHG00MqHqlYHR',
  'is_live' => true,
  'is_test_drive' => false,
  'created' => '2024-11-10 22:23:55',
  'has_pending_requirements' => false,
  'has_future_requirements' => false,
  'has_overdue_requirements' => false,
  'details_submitted' => true,
  'current_deadline' => NULL,
  'status' => 'complete',
  'capabilities' => 
  array (
    'card_payments' => 'active',
    'transfers' => 'active',
    'afterpay_clearpay_payments' => 'unrequested',
    'alipay_payments' => 'unrequested',
    'amazon_pay_payments' => 'unrequested',
    'bacs_debit_payments' => 'unrequested',
    'bancontact_payments' => 'unrequested',
    'bank_transfer_payments' => 'unrequested',
    'billie_payments' => 'unrequested',
    'cartes_bancaires_payments' => 'unrequested',
    'eps_payments' => 'unrequested',
    'gb_bank_transfer_payments' => 'unrequested',
    'ideal_payments' => 'unrequested',
    'kakao_pay_payments' => 'unrequested',
    'klarna' => 'unrequested',
    'klarna_payments' => 'unrequested',
    'kr_card_payments' => 'unrequested',
    'legacy_payments' => 'unrequested',
    'link_payments' => 'unrequested',
    'mb_way_payments' => 'unrequested',
    'multibanco_payments' => 'unrequested',
    'naver_pay_payments' => 'unrequested',
    'p24_payments' => 'unrequested',
    'pay_by_bank_payments' => 'unrequested',
    'payco_payments' => 'unrequested',
    'revolut_pay_payments' => 'unrequested',
    'samsung_pay_payments' => 'unrequested',
    'sepa_bank_transfer_payments' => 'unrequested',
    'sepa_debit_payments' => 'unrequested',
    'twint_payments' => 'unrequested',
    'us_bank_account_ach_payments' => 'unrequested',
    'us_bank_transfer_payments' => 'unrequested',
    'wechat_pay_payments' => 'unrequested',
  ),
  'capability_requirements' => 
  array (
    'afterpay_clearpay_payments' => 
    array (
    ),
    'alipay_payments' => 
    array (
      0 => 'business_profile.product_description',
    ),
    'amazon_pay_payments' => 
    array (
    ),
    'bacs_debit_payments' => 
    array (
    ),
    'bancontact_payments' => 
    array (
    ),
    'bank_transfer_payments' => 
    array (
    ),
    'billie_payments' => 
    array (
    ),
    'card_payments' => 
    array (
    ),
    'cartes_bancaires_payments' => 
    array (
    ),
    'eps_payments' => 
    array (
    ),
    'gb_bank_transfer_payments' => 
    array (
    ),
    'ideal_payments' => 
    array (
    ),
    'kakao_pay_payments' => 
    array (
    ),
    'klarna' => 
    array (
    ),
    'klarna_payments' => 
    array (
    ),
    'kr_card_payments' => 
    array (
    ),
    'legacy_payments' => 
    array (
    ),
    'link_payments' => 
    array (
    ),
    'mb_way_payments' => 
    array (
    ),
    'multibanco_payments' => 
    array (
    ),
    'naver_pay_payments' => 
    array (
    ),
    'p24_payments' => 
    array (
    ),
    'pay_by_bank_payments' => 
    array (
    ),
    'payco_payments' => 
    array (
    ),
    'revolut_pay_payments' => 
    array (
    ),
    'samsung_pay_payments' => 
    array (
    ),
    'sepa_bank_transfer_payments' => 
    array (
    ),
    'sepa_debit_payments' => 
    array (
    ),
    'transfers' => 
    array (
    ),
    'twint_payments' => 
    array (
    ),
    'us_bank_account_ach_payments' => 
    array (
    ),
    'us_bank_transfer_payments' => 
    array (
    ),
    'wechat_pay_payments' => 
    array (
      0 => 'business_profile.product_description',
    ),
  ),
  'payments_enabled' => true,
  'deposits' => 
  array (
    'status' => 'enabled',
    'restrictions' => 'deposits_unrestricted',
    'interval' => 'daily',
    'weekly_anchor' => '',
    'monthly_anchor' => NULL,
    'delay_days' => 3,
    'completed_waiting_period' => false,
    'minimum_manual_deposit_amounts' => 
    array (
      'aud' => 500,
      'bgn' => 100,
      'cad' => 500,
      'chf' => 500,
      'czk' => 3000,
      'dkk' => 5000,
      'eur' => 500,
      'gbp' => 500,
      'hkd' => 5000,
      'huf' => 36000,
      'nok' => 5000,
      'nzd' => 500,
      'jpy' => 50,
      'sek' => 5000,
      'sgd' => 500,
      'usd' => 500,
      'ron' => 500,
      'pln' => 500,
      'aed' => 200,
    ),
    'minimum_scheduled_deposit_amounts' => 
    array (
      'aed' => 200,
      'aud' => 0,
      'bgn' => 100,
      'cad' => 0,
      'chf' => 500,
      'czk' => 3000,
      'dkk' => 2000,
      'eur' => 100,
      'gbp' => 100,
      'hkd' => 0,
      'huf' => 36000,
      'jpy' => 1,
      'nok' => 2000,
      'nzd' => 0,
      'pln' => 500,
      'ron' => 500,
      'sek' => 2000,
      'sgd' => 100,
      'usd' => 0,
    ),
  ),
  'lifetime_total_payment_volume' => 0,
  'requirements' => 
  array (
    'errors' => 
    array (
    ),
  ),
  'statement_descriptor' => 'PAPA POKE',
  'statement_descriptor_kanji' => '',
  'statement_descriptor_kana' => '',
  'latest_tos_agreement' => 
  array (
    'date' => '2024-11-10 22:23:55',
    'source' => 'signup',
    'is_current_version' => true,
  ),
  'fees' => 
  array (
    'base' => 
    array (
      'percentage_rate' => 0.01499999999999999944488848768742172978818416595458984375,
      'fixed_rate' => 25,
      'currency' => 'gbp',
    ),
    'discount' => 
    array (
    ),
    'card' => 
    array (
      'base' => 
      array (
        'percentage_rate' => 0.01499999999999999944488848768742172978818416595458984375,
        'fixed_rate' => 25,
        'currency' => 'gbp',
      ),
      'additional' => 
      array (
        'percentage_rate' => 0.0200000000000000004163336342344337026588618755340576171875,
        'fixed_rate' => 0,
        'currency' => 'eur',
      ),
      'fx' => 
      array (
        'percentage_rate' => 0.0200000000000000004163336342344337026588618755340576171875,
        'fixed_rate' => 0,
        'currency' => 'gbp',
      ),
      'discount' => 
      array (
      ),
    ),
    'card_present' => 
    array (
      'base' => 
      array (
        'percentage_rate' => 0.01400000000000000029143354396410359186120331287384033203125,
        'fixed_rate' => 20,
        'currency' => 'gbp',
      ),
      'additional' => 
      array (
        'percentage_rate' => 0.0200000000000000004163336342344337026588618755340576171875,
        'fixed_rate' => 0,
        'currency' => 'gbp',
      ),
      'fx' => 
      array (
        'percentage_rate' => 0.0200000000000000004163336342344337026588618755340576171875,
        'fixed_rate' => 0,
        'currency' => 'gbp',
      ),
      'discount' => 
      array (
      ),
    ),
    'bancontact' => 
    array (
      'base' => 
      array (
        'percentage_rate' => 0.01400000000000000029143354396410359186120331287384033203125,
        'fixed_rate' => 20,
        'currency' => 'gbp',
      ),
      'additional' => 
      array (
        'percentage_rate' => 0,
        'fixed_rate' => 0,
        'currency' => 'gbp',
      ),
      'fx' => 
      array (
        'percentage_rate' => 0,
        'fixed_rate' => 0,
        'currency' => 'gbp',
      ),
      'discount' => 
      array (
      ),
    ),
    'eps' => 
    array (
      'base' => 
      array (
        'percentage_rate' => 0.01600000000000000033306690738754696212708950042724609375,
        'fixed_rate' => 20,
        'currency' => 'gbp',
      ),
      'additional' => 
      array (
        'percentage_rate' => 0,
        'fixed_rate' => 0,
        'currency' => 'gbp',
      ),
      'fx' => 
      array (
        'percentage_rate' => 0,
        'fixed_rate' => 0,
        'currency' => 'gbp',
      ),
      'discount' => 
      array (
      ),
    ),
    'ideal' => 
    array (
      'base' => 
      array (
        'percentage_rate' => 0,
        'fixed_rate' => 25,
        'currency' => 'gbp',
      ),
      'additional' => 
      array (
        'percentage_rate' => 0,
        'fixed_rate' => 0,
        'currency' => 'gbp',
      ),
      'fx' => 
      array (
        'percentage_rate' => 0,
        'fixed_rate' => 0,
        'currency' => 'gbp',
      ),
      'discount' => 
      array (
      ),
    ),
    'p24' => 
    array (
      'base' => 
      array (
        'percentage_rate' => 0.021999999999999998723243521681069978512823581695556640625,
        'fixed_rate' => 20,
        'currency' => 'gbp',
      ),
      'additional' => 
      array (
        'percentage_rate' => 0,
        'fixed_rate' => 0,
        'currency' => 'gbp',
      ),
      'fx' => 
      array (
        'percentage_rate' => 0,
        'fixed_rate' => 0,
        'currency' => 'gbp',
      ),
      'discount' => 
      array (
      ),
    ),
    'klarna' => 
    array (
      'base' => 
      array (
        'percentage_rate' => 0.049899999999999999911182158029987476766109466552734375,
        'fixed_rate' => 35,
        'currency' => 'gbp',
      ),
      'additional' => 
      array (
        'percentage_rate' => 0,
        'fixed_rate' => 0,
        'currency' => 'gbp',
      ),
      'fx' => 
      array (
        'percentage_rate' => 0,
        'fixed_rate' => 0,
        'currency' => 'gbp',
      ),
      'discount' => 
      array (
      ),
    ),
    'afterpay_clearpay' => 
    array (
      'base' => 
      array (
        'percentage_rate' => 0.059999999999999997779553950749686919152736663818359375,
        'fixed_rate' => 30,
        'currency' => 'gbp',
      ),
      'additional' => 
      array (
        'percentage_rate' => 0,
        'fixed_rate' => 0,
        'currency' => 'gbp',
      ),
      'fx' => 
      array (
        'percentage_rate' => 0,
        'fixed_rate' => 0,
        'currency' => 'gbp',
      ),
      'discount' => 
      array (
      ),
    ),
  ),
  'capital' => 
  array (
    'has_active_loan' => false,
    'has_previous_loans' => false,
    'loans' => 
    array (
    ),
  ),
  'fraud_services' => 
  array (
    'stripe' => 
    array (
    ),
    'sift' => 
    array (
      'beacon_key' => '1d81b5c86a',
      'sandbox_beacon_key' => '43e8654e6f',
    ),
  ),
  'store_currencies' => 
  array (
    'default' => 'gbp',
    'supported' => 
    array (
      0 => 'gbp',
    ),
  ),
  'customer_currencies' => 
  array (
    'supported' => 
    array (
      0 => 'usd',
      1 => 'aed',
      2 => 'afn',
      3 => 'all',
      4 => 'amd',
      5 => 'ang',
      6 => 'aoa',
      7 => 'ars',
      8 => 'aud',
      9 => 'awg',
      10 => 'azn',
      11 => 'bam',
      12 => 'bbd',
      13 => 'bdt',
      14 => 'bif',
      15 => 'bmd',
      16 => 'bnd',
      17 => 'bob',
      18 => 'brl',
      19 => 'bsd',
      20 => 'bwp',
      21 => 'byn',
      22 => 'bzd',
      23 => 'cad',
      24 => 'cdf',
      25 => 'chf',
      26 => 'clp',
      27 => 'cny',
      28 => 'cop',
      29 => 'crc',
      30 => 'cve',
      31 => 'czk',
      32 => 'djf',
      33 => 'dkk',
      34 => 'dop',
      35 => 'dzd',
      36 => 'egp',
      37 => 'etb',
      38 => 'eur',
      39 => 'fjd',
      40 => 'fkp',
      41 => 'gbp',
      42 => 'gel',
      43 => 'gip',
      44 => 'gmd',
      45 => 'gnf',
      46 => 'gtq',
      47 => 'gyd',
      48 => 'hkd',
      49 => 'hnl',
      50 => 'htg',
      51 => 'huf',
      52 => 'idr',
      53 => 'ils',
      54 => 'inr',
      55 => 'isk',
      56 => 'jmd',
      57 => 'jpy',
      58 => 'kes',
      59 => 'kgs',
      60 => 'khr',
      61 => 'kmf',
      62 => 'krw',
      63 => 'kyd',
      64 => 'kzt',
      65 => 'lak',
      66 => 'lbp',
      67 => 'lkr',
      68 => 'lrd',
      69 => 'lsl',
      70 => 'mad',
      71 => 'mdl',
      72 => 'mga',
      73 => 'mkd',
      74 => 'mmk',
      75 => 'mnt',
      76 => 'mop',
      77 => 'mur',
      78 => 'mvr',
      79 => 'mwk',
      80 => 'mxn',
      81 => 'myr',
      82 => 'mzn',
      83 => 'nad',
      84 => 'ngn',
      85 => 'nio',
      86 => 'nok',
      87 => 'npr',
      88 => 'nzd',
      89 => 'pab',
      90 => 'pen',
      91 => 'pgk',
      92 => 'php',
      93 => 'pkr',
      94 => 'pln',
      95 => 'pyg',
      96 => 'qar',
      97 => 'ron',
      98 => 'rsd',
      99 => 'rub',
      100 => 'rwf',
      101 => 'sar',
      102 => 'sbd',
      103 => 'scr',
      104 => 'sek',
      105 => 'sgd',
      106 => 'shp',
      107 => 'sle',
      108 => 'sos',
      109 => 'srd',
      110 => 'std',
      111 => 'szl',
      112 => 'thb',
      113 => 'tjs',
      114 => 'top',
      115 => 'try',
      116 => 'ttd',
      117 => 'twd',
      118 => 'tzs',
      119 => 'uah',
      120 => 'ugx',
      121 => 'uyu',
      122 => 'uzs',
      123 => 'vnd',
      124 => 'vuv',
      125 => 'wst',
      126 => 'xaf',
      127 => 'xcd',
      128 => 'xcg',
      129 => 'xof',
      130 => 'xpf',
      131 => 'yer',
      132 => 'zar',
      133 => 'zmw',
    ),
  ),
  'country' => '(redacted)',
  'instant_deposits_eligible' => false,
  'card_present_eligible' => true,
  'has_card_readers_available' => false,
  'platform_checkout_eligible' => false,
  'platform_direct_checkout_eligible' => false,
  'platform_global_theme_support_enabled' => false,
  'business_profile' => 
  array (
    'name' => '(redacted)',
    'url' => 'https://papapoke.co.uk',
    'support_address' => 
    array (
    ),
    'support_email' => 'contactus@papapoke.co.uk',
    'support_phone' => '+447387156597',
  ),
  'branding' => 
  array (
    'icon' => NULL,
    'logo' => NULL,
    'primary_color' => NULL,
    'secondary_color' => NULL,
  ),
  'locale' => 'en_GB',
  'has_more_failed_events' => false,
  'has_submitted_vat_data' => false,
  'is_documents_enabled' => true,
  'card_testing_protection_eligible' => false,
  'fraud_mitigation_settings' => 
  array (
    'avs_check_enabled' => false,
    'cvc_check_enabled' => true,
  ),
  'is_deferred_intent_creation_upe_enabled' => true,
  'pre_check_save_my_info' => false,
  'is_tokenized_ece_disabled' => false,
  'ece_confirmation_tokens_disabled' => false,
  'eligibility_wporg_review_campaign_2025' => false,
  'progressive_onboarding' => 
  array (
    'is_enabled' => false,
    'is_complete' => false,
  ),
)
2026-02-02T14:57:53+00:00 INFO ENVIRONMENT: array (
  'WP_User' => 'vk',
  'HTTP_REFERER' => 'https://papapoke.co.uk/wp-login.php?redirect_to=httpspapapoke.co.ukwp-admin&reauth=1',
  'HTTP_USER_AGENT' => 'Mozilla/5.0 (Windows NT 10.0; Win64; x64) AppleWebKit/537.36 (KHTML, like Gecko) Chrome/144.0.0.0 Safari/537.36',
  'REQUEST_URI' => '/wp-admin/',
  'DOING_AJAX' => false,
  'DOING_CRON' => false,
  'WP_CLI' => false,
)
2026-02-02T14:57:53+00:00 INFO REQUEST GET https://public-api.wordpress.com/wpcom/v2/sites/%s/wcpay/disputes/status_counts?test_mode=0
2026-02-02T14:57:53+00:00 INFO HEADERS: array (
  'Content-Type' => 'application/json; charset=utf-8',
  'User-Agent' => 'WooCommerce Payments/8.6.0',
)
2026-02-02T14:57:53+00:00 INFO RESPONSE: array (
)
2026-02-02T15:00:42+00:00 INFO ENVIRONMENT: array (
  'WP_User' => 'vk',
  'HTTP_REFERER' => '--',
  'HTTP_USER_AGENT' => 'WordPress/6.9; https://papapoke.co.uk',
  'REQUEST_URI' => '/wp-admin/admin-ajax.php?action=as_async_request_queue_runner&nonce=56c8fb7d23',
  'DOING_AJAX' => true,
  'DOING_CRON' => false,
  'WP_CLI' => false,
)
2026-02-02T15:00:42+00:00 INFO REQUEST POST https://public-api.wordpress.com/wpcom/v2/sites/%s/wcpay/compatibility
2026-02-02T15:00:42+00:00 INFO HEADERS: array (
  'Content-Type' => 'application/json; charset=utf-8',
  'User-Agent' => 'WooCommerce Payments/8.6.0',
  'Idempotency-Key' => '5e5eefd1-e6b4-4267-8379-395d00659559',
)
2026-02-02T15:00:42+00:00 INFO BODY: array (
  'test_mode' => false,
  'compatibility_data' => 
  array (
    'woopayments_version' => '8.6.0',
    'woocommerce_version' => '10.0.5',
    'woocommerce_permalinks' => 
    array (
      'product_base' => 'product',
      'category_base' => 'product-category',
      'tag_base' => 'product-tag',
      'attribute_base' => '',
      'use_verbose_page_rules' => false,
    ),
    'woocommerce_shop' => 'https://papapoke.co.uk/?page_id=7',
    'woocommerce_cart' => 'Not set',
    'woocommerce_checkout' => 'https://papapoke.co.uk/checkout/',
    'blog_theme' => 'papa',
    'active_plugins' => 
    array (
      0 => 'added-to-cart-popup-woocommerce/xoo-cp-main.php',
      1 => 'advanced-custom-fields-pro/acf.php',
      2 => 'classic-editor/classic-editor.php',
      3 => 'classic-widgets/classic-widgets.php',
      4 => 'contact-form-7/wp-contact-form-7.php',
      5 => 'health-check/health-check.php',
      6 => 'popup-maker/popup-maker.php',
      8 => 'regenerate-thumbnails/regenerate-thumbnails.php',
      9 => 'shipping-zones-by-drawing-for-woocommerce/shipping-zones-by-drawing.php',
      10 => 'svg-support/svg-support.php',
      11 => 'webp-converter-for-media/webp-converter-for-media.php',
      12 => 'woo-pincode-checker/woo-pincode-checker.php',
      13 => 'woocommerce-google-analytics-integration/woocommerce-google-analytics-integration.php',
      14 => 'woocommerce-lightbox/main.php',
      15 => 'woocommerce-payments/woocommerce-payments.php',
      17 => 'woocommerce/woocommerce.php',
      18 => 'wordpress-seo/wp-seo.php',
      19 => 'wp-rocket/wp-rocket.php',
      20 => 'wp-sitemap-page/wp-sitemap-page.php',
    ),
    'post_types_count' => 
    array (
      'post' => 0,
      'page' => 7,
      'attachment' => 0,
      'product' => 55,
      'popup' => 2,
      'popup_theme' => 8,
      'szbdzones' => 2,
    ),
  ),
)
2026-02-02T15:00:42+00:00 INFO RESPONSE: array (
  'result' => 'success',
)
2026-02-02T16:12:09+00:00 INFO ENVIRONMENT: array (
  'WP_User' => 'Guest (non logged-in user)',
  'HTTP_REFERER' => '--',
  'HTTP_USER_AGENT' => 'Mozilla/5.0 (Windows NT 10.0; Win64; x64) AppleWebKit/537.36 (KHTML, like Gecko) Chrome/116.0.0.0 Safari/537.36',
  'REQUEST_URI' => '/product/ebi-nigiri/?add-to-cart=227',
  'DOING_AJAX' => false,
  'DOING_CRON' => false,
  'WP_CLI' => false,
)
2026-02-02T16:12:09+00:00 INFO REQUEST GET https://public-api.wordpress.com/wpcom/v2/sites/%s/wcpay/currency/rates?test_mode=0&currency_from=gbp
2026-02-02T16:12:09+00:00 INFO HEADERS: array (
  'Content-Type' => 'application/json; charset=utf-8',
  'User-Agent' => 'WooCommerce Payments/8.6.0',
)
2026-02-02T16:12:09+00:00 INFO RESPONSE: array (
  'AED' => 5.015748999999999568899511359632015228271484375,
  'AFN' => 88.7743190000000055306372814811766147613525390625,
  'ALL' => 111.4303120000000006939444574527442455291748046875,
  'AMD' => 517.52880000000004656612873077392578125,
  'ANG' => 2.444707999999999881168832871480844914913177490234375,
  'AOA' => 1245.753770000000031359377317130565643310546875,
  'ARS' => 1980.159675999999990381184034049510955810546875,
  'AUD' => 1.9619180000000000507753838974167592823505401611328125,
  'AWG' => 2.46178000000000007929656931082718074321746826171875,
  'AZN' => 2.32179000000000002046363078989088535308837890625,
  'BAM' => 2.253708000000000044593662096303887665271759033203125,
  'BBD' => 2.731517999999999890547996983514167368412017822265625,
  'BDT' => 167.213203999999990401192917488515377044677734375,
  'BGN' => 2.260645999999999933294247966841794550418853759765625,
  'BHD' => 0.51491399999999998282618207667837850749492645263671875,
  'BIF' => 4064.1541630000001532607711851596832275390625,
  'BMD' => 1.3657589999999999452739984917570836842060089111328125,
  'BND' => 1.73667600000000010851408660528250038623809814453125,
  'BOB' => 9.4816909999999996472297425498254597187042236328125,
  'BRL' => 7.17924800000000029598368200822733342647552490234375,
  'BSD' => 1.3657589999999999452739984917570836842060089111328125,
  'BTC' => 1.800000000000000045601543374740316494353464804589748382568359375E-5,
  'BTN' => 125.0272709999999989349817042239010334014892578125,
  'BWP' => 17.995391999999998944304024917073547840118408203125,
  'BYN' => 3.91489300000000017831780496635474264621734619140625,
  'BZD' => 2.749677999999999844504827706259675323963165283203125,
  'CAD' => 1.8650189999999999823643292984343133866786956787109375,
  'CDF' => 3163.3141999999998006387613713741302490234375,
  'CHF' => 1.0648649999999999504751713175210170447826385498046875,
  'CLF' => 0.0300120000000000004825029265020930324681103229522705078125,
  'CLP' => 1184.986928999999918232788331806659698486328125,
  'CNH' => 9.4793710000000004356479621492326259613037109375,
  'CNY' => 9.48464799999999996771293808706104755401611328125,
  'COP' => 4950.9711020000004282337613403797149658203125,
  'CRC' => 678.3765230000000201471266336739063262939453125,
  'CUC' => 1.3657589999999999452739984917570836842060089111328125,
  'CUP' => 35.16828799999999688452589907683432102203369140625,
  'CVE' => 127.0605780000000066820575739257037639617919921875,
  'CZK' => 28.0985739999999992733137332834303379058837890625,
  'DJF' => 244.801373000000012325472198426723480224609375,
  'DKK' => 8.632346999999999326291799661703407764434814453125,
  'DOP' => 86.3574239999999946348907542414963245391845703125,
  'DZD' => 177.3893190000000004147295840084552764892578125,
  'EGP' => 64.313580000000001746229827404022216796875,
  'ERN' => 20.48638100000000150657797348685562610626220703125,
  'ETB' => 213.12946099999999205465428531169891357421875,
  'EUR' => 1.155777000000000054313886721502058207988739013671875,
  'FJD' => 3.043865999999999960579089020029641687870025634765625,
  'FKP' => 1,
  'GBP' => 1,
  'GEL' => 3.68071999999999999175770426518283784389495849609375,
  'GGP' => 1,
  'GHS' => 14.9916870000000006513118933071382343769073486328125,
  'GIP' => 1,
  'GMD' => 99.700390999999996211045072413980960845947265625,
  'GNF' => 11996.98554800000056275166571140289306640625,
  'GTQ' => 10.490724000000000160071067512035369873046875,
  'GYD' => 286.0525089999999863721313886344432830810546875,
  'HKD' => 10.666740000000000776481101638637483119964599609375,
  'HNL' => 36.0906700000000029149305191822350025177001953125,
  'HRK' => 8.7087570000000003034301698789931833744049072265625,
  'HTG' => 179.18805900000000974614522419869899749755859375,
  'HUF' => 440.42594400000001542139216326177120208740234375,
  'IDR' => 22922.04160000000047148205339908599853515625,
  'ILS' => 4.23127099999999956025931169278919696807861328125,
  'IMP' => 1,
  'INR' => 124.97169999999999845385900698602199554443359375,
  'IQD' => 1791.05121800000006260233931243419647216796875,
  'IRR' => 57479.3231060000034631229937076568603515625,
  'ISK' => 167.605915000000010195435606874525547027587890625,
  'JEP' => 1,
  'JMD' => 214.66847500000000081854523159563541412353515625,
  'JOD' => 0.9683230000000000448068249170319177210330963134765625,
  'JPY' => 212.30446699999998827479430474340915679931640625,
  'KES' => 176.36042800000001307125785388052463531494140625,
  'KGS' => 119.4356030000000004065441316924989223480224609375,
  'KHR' => 5504.9104630000001634471118450164794921875,
  'KMF' => 566.789594999999962965375743806362152099609375,
  'KPW' => 1229.18288299999994706013239920139312744140625,
  'KRW' => 1985.789813999999978477717377245426177978515625,
  'KWD' => 0.4195130000000000247695197685970924794673919677734375,
  'KYD' => 1.1393470000000001096651658372138626873493194580078125,
  'KZT' => 690.4304260000000112995621748268604278564453125,
  'LAK' => 29402.57755600000018603168427944183349609375,
  'LBP' => 122435.618329000004450790584087371826171875,
  'LKR' => 423.39060899999998355269781313836574554443359375,
  'LRD' => 253.6248640000000023064785636961460113525390625,
  'LSL' => 21.889359999999999928377292235381901264190673828125,
  'LYD' => 8.637902000000000413137968280352652072906494140625,
  'MAD' => 12.4677589999999991476897776010446250438690185546875,
  'MDL' => 23.1476329999999990150172379799187183380126953125,
  'MGA' => 6096.976251000000047497451305389404296875,
  'MKD' => 71.296661000000000285581336356699466705322265625,
  'MMK' => 2867.95681699999977354309521615505218505859375,
  'MNT' => 4862.101179999999658321030437946319580078125,
  'MOP' => 10.9987820000000002806928023346699774265289306640625,
  'MUR' => 62.34688100000000332556737703271210193634033203125,
  'MVR' => 21.11462999999999823330654180608689785003662109375,
  'MWK' => 2370.67182000000002517481334507465362548828125,
  'MXN' => 23.69937399999999882993506616912782192230224609375,
  'MYR' => 5.38382100000000018980017557623796164989471435546875,
  'MZN' => 87.0807750000000027057467377744615077972412109375,
  'NAD' => 21.889359999999999928377292235381901264190673828125,
  'NGN' => 1903.93599700000004304456524550914764404296875,
  'NIO' => 50.310304000000002133674570359289646148681640625,
  'NOK' => 13.248048000000000712361725163646042346954345703125,
  'NPR' => 200.044481999999987920091371051967144012451171875,
  'NZD' => 2.27268500000000006622258297284133732318878173828125,
  'OMR' => 0.52515199999999995217336845598765648901462554931640625,
  'PAB' => 1.3657589999999999452739984917570836842060089111328125,
  'PEN' => 4.60490200000000005076117304270155727863311767578125,
  'PGK' => 5.858397000000000076624928624369204044342041015625,
  'PHP' => 80.421333000000004176399670541286468505859375,
  'PKR' => 382.71413899999998875500750727951526641845703125,
  'PLN' => 4.87780900000000006144773578853346407413482666015625,
  'PYG' => 9090.75832900000023073516786098480224609375,
  'QAR' => 4.9979589999999998184421201585792005062103271484375,
  'RON' => 5.8925660000000004146158971707336604595184326171875,
  'RSD' => 135.73372000000000525687937624752521514892578125,
  'RUB' => 104.5249620000000021491359802894294261932373046875,
  'RWF' => 1998.815225999999938721884973347187042236328125,
  'SAR' => 5.1219570000000000931095200940035283565521240234375,
  'SBD' => 10.9965609999999998080966179259121417999267578125,
  'SCR' => 20.484106000000000591398929827846586704254150390625,
  'SDG' => 821.5038929999999481879058293998241424560546875,
  'SEK' => 12.241671000000000191221261047758162021636962890625,
  'SGD' => 1.7374840000000000284074985756888054311275482177734375,
  'SHP' => 1,
  'SLL' => 28639.27828399999998509883880615234375,
  'SOS' => 781.3948810000000548825482837855815887451171875,
  'SRD' => 51.93297700000000105546860140748322010040283203125,
  'SSP' => 177.903736000000009198629413731396198272705078125,
  'STD' => 30431.56350300000121933408081531524658203125,
  'SVC' => 11.9635400000000000630961949354968965053558349609375,
  'SYP' => 17757.59537700000146287493407726287841796875,
  'SZL' => 21.879104000000001661874193814583122730255126953125,
  'THB' => 43.12110100000000301179170492105185985565185546875,
  'TJS' => 12.769605999999999568217390333302319049835205078125,
  'TMT' => 4.7801559999999998495923136943019926548004150390625,
  'TND' => 3.944507000000000207506900551379658281803131103515625,
  'TOP' => 3.28841900000000020298784875194542109966278076171875,
  'TRY' => 59.39471300000000297814040095545351505279541015625,
  'TTD' => 9.25666700000000020054358174093067646026611328125,
  'TWD' => 43.160021999999997888153302483260631561279296875,
  'TZS' => 3535.25288899999986824695952236652374267578125,
  'UAH' => 58.8813109999999966248651617206633090972900390625,
  'UGX' => 4883.512708000000202446244657039642333984375,
  'USD' => 1.3657589999999999452739984917570836842060089111328125,
  'UYU' => 52.9861360000000018999344320036470890045166015625,
  'UZS' => 16714.60644300000058137811720371246337890625,
  'VND' => 35534.3816549999974085949361324310302734375,
  'VUV' => 165.66653700000000526415533386170864105224609375,
  'WST' => 3.780146999999999923858240435947664082050323486328125,
  'XAF' => 758.1401210000000219224602915346622467041015625,
  'XAG' => 0.0172159999999999986652898797956368071027100086212158203125,
  'XAU' => 0.00028899999999999997739308366107024994562380015850067138671875,
  'XCD' => 3.691031000000000172889258465147577226161956787109375,
  'XDR' => 0.93857000000000001538325022920616902410984039306640625,
  'XOF' => 758.1401210000000219224602915346622467041015625,
  'XPD' => 0.000805999999999999967338626394308676026412285864353179931640625,
  'XPF' => 137.92090300000000979707692749798297882080078125,
  'XPT' => 0.000650999999999999994469701558585938983014784753322601318359375,
  'YER' => 325.494406000000026324414648115634918212890625,
  'ZAR' => 21.939868000000000591853677178733050823211669921875,
  'ZMW' => 26.831756999999999635519998264499008655548095703125,
  'ZWL' => 439.77431999999998879502527415752410888671875,
)
2026-02-02T22:36:42+00:00 INFO ENVIRONMENT: array (
  'WP_User' => 'Guest (non logged-in user)',
  'HTTP_REFERER' => '--',
  'HTTP_USER_AGENT' => 'WordPress/6.9; https://papapoke.co.uk',
  'REQUEST_URI' => '/wp-cron.php?doing_wp_cron=1770071801.5584819316864013671875',
  'DOING_AJAX' => false,
  'DOING_CRON' => true,
  'WP_CLI' => false,
)
2026-02-02T22:36:42+00:00 INFO REQUEST GET https://public-api.wordpress.com/wpcom/v2/wcpay/woopay/compatibility?test_mode=0
2026-02-02T22:36:42+00:00 INFO HEADERS: array (
  'Content-Type' => 'application/json; charset=utf-8',
  'User-Agent' => 'WooCommerce Payments/8.6.0',
)
2026-02-02T22:36:42+00:00 INFO RESPONSE: array (
  'incompatible_extensions' => 
  array (
    0 => 'class-wcdonation',
    1 => 'woocommerce-avatax',
    2 => 'woocommerce-table-rate-shipping',
    3 => 'woocommerce-memberships-for-teams',
    4 => 'woocommerce-checkout-add-ons',
    5 => 'woocommerce-checkout-field-editor',
    6 => 'woocommerce-eu-vat-number',
    7 => 'woocommerce-order-delivery',
    8 => 'woocommerce-pdf-product-vouchers',
    9 => 'woocommerce-shipping-local-pickup-plus',
    10 => 'woocommerce-shipping-multiple-addresses',
    11 => 'woocommerce-smart-coupons',
    12 => 'woocommerce-subscriptions-gifting',
    13 => 'advanced-product-fields-for-woocommerce',
    14 => 'mage-eventpress',
  ),
  'adapted_extensions' => 
  array (
    0 => 'woocommerce-points-and-rewards',
    1 => 'woocommerce-gift-cards',
  ),
  'available_countries' => 
  array (
    0 => 'US',
  ),
)
2026-02-02T22:36:56+00:00 INFO ENVIRONMENT: array (
  'WP_User' => 'Guest (non logged-in user)',
  'HTTP_REFERER' => '--',
  'HTTP_USER_AGENT' => 'Mozilla/5.0 (Windows NT 10.0; Win64; x64) AppleWebKit/537.36 (KHTML, like Gecko) Chrome/139.0.0.0 Safari/537.36',
  'REQUEST_URI' => '/?add-to-cart=200',
  'DOING_AJAX' => false,
  'DOING_CRON' => false,
  'WP_CLI' => false,
)
2026-02-02T22:36:56+00:00 INFO REQUEST GET https://public-api.wordpress.com/wpcom/v2/sites/%s/wcpay/currency/rates?test_mode=0&currency_from=gbp
2026-02-02T22:36:56+00:00 INFO HEADERS: array (
  'Content-Type' => 'application/json; charset=utf-8',
  'User-Agent' => 'WooCommerce Payments/8.6.0',
)
2026-02-02T22:36:57+00:00 INFO RESPONSE: array (
  'AED' => 5.01987900000000042410874812048859894275665283203125,
  'AFN' => 90.20202199999999947976903058588504791259765625,
  'ALL' => 111.5068830000000019708750187419354915618896484375,
  'AMD' => 517.884424999999964711605571210384368896484375,
  'ANG' => 2.44638799999999978496134644956327974796295166015625,
  'AOA' => 1253.26137900000003355671651661396026611328125,
  'ARS' => 1984.43607199999996737460605800151824951171875,
  'AUD' => 1.965688000000000101863406598567962646484375,
  'AWG' => 2.460055000000000102744479590910486876964569091796875,
  'AZN' => 2.3233850000000000335376171278767287731170654296875,
  'BAM' => 2.255256999999999845130105313728563487529754638671875,
  'BBD' => 2.7333949999999997970689946669153869152069091796875,
  'BDT' => 167.32810599999999112696968950331211090087890625,
  'BGN' => 2.266833999999999793573124406975694000720977783203125,
  'BHD' => 0.51519899999999996254018697072751820087432861328125,
  'BIF' => 4052.25734999999986030161380767822265625,
  'BMD' => 1.3666970000000000506901187691255472600460052490234375,
  'BND' => 1.73787000000000002586375558166764676570892333984375,
  'BOB' => 9.4882059999999999178044163272716104984283447265625,
  'BRL' => 7.18581999999999965211827657185494899749755859375,
  'BSD' => 1.3666970000000000506901187691255472600460052490234375,
  'BTC' => 1.69999999999999998659926114807916519566788338124752044677734375E-5,
  'BTN' => 125.1131850000000014233592082746326923370361328125,
  'BWP' => 18.007757000000001568196239531971514225006103515625,
  'BYN' => 3.917583000000000037488234738702885806560516357421875,
  'BZD' => 2.75156799999999979178255671286024153232574462890625,
  'CAD' => 1.8683080000000000797655275164288468658924102783203125,
  'CDF' => 2945.23257599999988087802194058895111083984375,
  'CHF' => 1.0653680000000000926974053072626702487468719482421875,
  'CLF' => 0.02996100000000000151967327610691427253186702728271484375,
  'CLP' => 1183.30983900000001085572876036167144775390625,
  'CNH' => 9.4861979999999999080273482832126319408416748046875,
  'CNY' => 9.4937629999999995078496795031242072582244873046875,
  'COP' => 5060.72578799999973853118717670440673828125,
  'CRC' => 678.8426749999999856299837119877338409423828125,
  'CUC' => 1.3666970000000000506901187691255472600460052490234375,
  'CUP' => 35.19245399999999790452420711517333984375,
  'CVE' => 127.147887999999994690369931049644947052001953125,
  'CZK' => 28.160152000000000072077455115504562854766845703125,
  'DJF' => 242.588762000000002672095433808863162994384765625,
  'DKK' => 8.6552699999999997970689946669153869152069091796875,
  'DOP' => 86.033591999999998733983375132083892822265625,
  'DZD' => 177.62506600000000389627530239522457122802734375,
  'EGP' => 64.3467030000000050904418458230793476104736328125,
  'ERN' => 20.50045899999999932106220512650907039642333984375,
  'ETB' => 212.24808300000000826912582851946353912353515625,
  'EUR' => 1.158965999999999940683892418746836483478546142578125,
  'FJD' => 3.049443000000000125737642520107328891754150390625,
  'FKP' => 1,
  'GBP' => 1,
  'GEL' => 3.683248999999999995225152815692126750946044921875,
  'GGP' => 1,
  'GHS' => 14.972167999999999921101334621198475360870361328125,
  'GIP' => 1,
  'GMD' => 99.768900999999999612555257044732570648193359375,
  'GNF' => 11959.96764500000062980689108371734619140625,
  'GTQ' => 10.4979320000000004853291102335788309574127197265625,
  'GYD' => 286.24907200000001239459379576146602630615234375,
  'HKD' => 10.6739739999999994068957676063291728496551513671875,
  'HNL' => 36.14914399999999972123987390659749507904052734375,
  'HRK' => 8.732609000000000065710992203094065189361572265625,
  'HTG' => 179.3111900000000105137587524950504302978515625,
  'HUF' => 441.51816600000000789805199019610881805419921875,
  'IDR' => 22916.5749250000008032657206058502197265625,
  'ILS' => 4.238127999999999673264028388075530529022216796875,
  'IMP' => 1,
  'INR' => 123.5680890000000005102265276946127414703369140625,
  'IQD' => 1791.0567479999999704887159168720245361328125,
  'IRR' => 57518.8205139999990933574736118316650390625,
  'ISK' => 168.404435000000006539266905747354030609130859375,
  'JEP' => 1,
  'JMD' => 214.81598700000000690124579705297946929931640625,
  'JOD' => 0.968987999999999960465402182308025658130645751953125,
  'JPY' => 212.65744300000000066575012169778347015380859375,
  'KES' => 176.481616000000002486558514647185802459716796875,
  'KGS' => 119.51767499999999699866748414933681488037109375,
  'KHR' => 5501.6397850000003018067218363285064697265625,
  'KMF' => 571.27983300000005328911356627941131591796875,
  'KPW' => 1230.027526000000079875462688505649566650390625,
  'KRW' => 1984.38907100000005812034942209720611572265625,
  'KWD' => 0.4198209999999999997299937604111619293689727783203125,
  'KYD' => 1.14013000000000008782308213994838297367095947265625,
  'KZT' => 690.9048609999999825959093868732452392578125,
  'LAK' => 29377.1574150000014924444258213043212890625,
  'LBP' => 116920.949840000001131556928157806396484375,
  'LKR' => 423.681546000000025742338038980960845947265625,
  'LRD' => 254.205678000000006022673915140330791473388671875,
  'LSL' => 22.01749300000000175714376382529735565185546875,
  'LYD' => 8.6375270000000003989271135651506483554840087890625,
  'MAD' => 12.4763269999999995008010955643840134143829345703125,
  'MDL' => 23.1635390000000001009539118967950344085693359375,
  'MGA' => 6081.802767999999559833668172359466552734375,
  'MKD' => 71.4382269999999977017068886198103427886962890625,
  'MMK' => 2869.92755799999986265902407467365264892578125,
  'MNT' => 4865.4422139999996943515725433826446533203125,
  'MOP' => 11.006339000000000538648237125016748905181884765625,
  'MUR' => 62.3897240000000010695657692849636077880859375,
  'MVR' => 21.11547300000000149111656355671584606170654296875,
  'MWK' => 2373.953125,
  'MXN' => 23.773413999999998935663825250230729579925537109375,
  'MYR' => 5.3868369999999998753992258571088314056396484375,
  'MZN' => 87.126948999999996203769114799797534942626953125,
  'NAD' => 22.03115999999999985448084771633148193359375,
  'NGN' => 1904.738624999999956344254314899444580078125,
  'NIO' => 50.15778900000000106729203253053128719329833984375,
  'NOK' => 13.2520880000000005338733899407088756561279296875,
  'NPR' => 200.181945000000013124008546583354473114013671875,
  'NZD' => 2.2757909999999998973407855373807251453399658203125,
  'OMR' => 0.52549100000000004140332521274103783071041107177734375,
  'PAB' => 1.3666970000000000506901187691255472600460052490234375,
  'PEN' => 4.600303000000000253066900768317282199859619140625,
  'PGK' => 5.8316970000000001306261765421368181705474853515625,
  'PHP' => 80.4226129999999983510861056856811046600341796875,
  'PKR' => 382.33355599999998730709194205701351165771484375,
  'PLN' => 4.89407999999999976381559463334269821643829345703125,
  'PYG' => 9097.005121000000144704245030879974365234375,
  'QAR' => 4.97648600000000040921577237895689904689788818359375,
  'RON' => 5.90604499999999976722619976499117910861968994140625,
  'RSD' => 136.103373000000004822140908800065517425537109375,
  'RUB' => 104.4867200000000053705662139691412448883056640625,
  'RWF' => 1985.469432000000097104930318892002105712890625,
  'SAR' => 5.1254340000000002675051291589625179767608642578125,
  'SBD' => 11.0129850000000004683897714130580425262451171875,
  'SCR' => 19.4756399999999985084286890923976898193359375,
  'SDG' => 822.0683970000000044819898903369903564453125,
  'SEK' => 12.2532019999999999271267370204441249370574951171875,
  'SGD' => 1.7386379999999999057536115287803113460540771484375,
  'SHP' => 1,
  'SLL' => 28658.9580090000017662532627582550048828125,
  'SOS' => 781.067479000000048472429625689983367919921875,
  'SRD' => 51.96866299999999938563632895238697528839111328125,
  'SSP' => 178.0259839999999940118868835270404815673828125,
  'STD' => 30452.4748120000003837049007415771484375,
  'SVC' => 11.9717610000000007630660547874867916107177734375,
  'SYP' => 17769.79766000000017811544239521026611328125,
  'SZL' => 22.01749300000000175714376382529735565185546875,
  'THB' => 43.16713299999999975398168317042291164398193359375,
  'TJS' => 12.778380999999999545480022788979113101959228515625,
  'TMT' => 4.7971079999999997056647771387360990047454833984375,
  'TND' => 3.891671000000000102403419077745638787746429443359375,
  'TOP' => 3.29067899999999990967580743017606437206268310546875,
  'TRY' => 59.4044549999999986766852089203894138336181640625,
  'TTD' => 9.2630280000000002615934135974384844303131103515625,
  'TWD' => 43.18011700000000274712874670512974262237548828125,
  'TZS' => 3537.68216799999981958535499870777130126953125,
  'UAH' => 58.92177199999999714918885729275643825531005859375,
  'UGX' => 4886.86845499999981257133185863494873046875,
  'USD' => 1.3666970000000000506901187691255472600460052490234375,
  'UYU' => 53.02254599999999840065356693230569362640380859375,
  'UZS' => 16742.041326999999000690877437591552734375,
  'VND' => 35558.7994079999989480711519718170166015625,
  'VUV' => 165.78037699999998721978045068681240081787109375,
  'WST' => 3.782744999999999802042793817236088216304779052734375,
  'XAF' => 760.2317070000000285290298052132129669189453125,
  'XAG' => 0.0170970000000000010853540288735530339181423187255859375,
  'XAU' => 0.0002930000000000000204107564183431122728507034480571746826171875,
  'XCD' => 3.69356799999999996231281329528428614139556884765625,
  'XDR' => 0.93921500000000002206235194535111077129840850830078125,
  'XOF' => 760.2317070000000285290298052132129669189453125,
  'XPD' => 0.000805999999999999967338626394308676026412285864353179931640625,
  'XPF' => 138.30140399999999090141500346362590789794921875,
  'XPT' => 0.000650999999999999994469701558585938983014784753322601318359375,
  'YER' => 325.78631699999999682404450140893459320068359375,
  'ZAR' => 21.984514999999998252633304218761622905731201171875,
  'ZMW' => 26.8501949999999993679011822678148746490478515625,
  'ZWL' => 440.076514999999972133082337677478790283203125,
)
2026-02-02T23:12:10+00:00 INFO ENVIRONMENT: array (
  'WP_User' => 'Guest (non logged-in user)',
  'HTTP_REFERER' => '--',
  'HTTP_USER_AGENT' => '--',
  'REQUEST_URI' => '/wp-admin/',
  'DOING_AJAX' => false,
  'DOING_CRON' => false,
  'WP_CLI' => false,
)
2026-02-02T23:12:10+00:00 INFO REQUEST GET https://public-api.wordpress.com/wpcom/v2/sites/%s/wcpay/accounts?test_mode=0
2026-02-02T23:12:10+00:00 INFO HEADERS: array (
  'Content-Type' => 'application/json; charset=utf-8',
  'User-Agent' => 'WooCommerce Payments/8.6.0',
)
2026-02-02T23:12:12+00:00 INFO RESPONSE: array (
  'account_id' => 'acct_1QJjXwFt5S7zes6j',
  'email' => '(redacted)',
  'communications_email' => 'contactus@papapoke.co.uk',
  'live_publishable_key' => 'pk_live_51ETDmyFuiXB5oUVxaIafkGPnwuNcBxr1pXVhvLJ4BrWuiqfG6SldjatOGLQhuqXnDmgqwRA7tDoSFlbY4wFji7KR0079TvtxNs',
  'test_publishable_key' => 'pk_test_51ETDmyFuiXB5oUVxwSobQMW5Tno1GclIq7ePZWzLeW4q8oa7Zb8hI5VfwI5sNT5nXuKYinLukNvGCXmsQXAoDGHG00MqHqlYHR',
  'is_live' => true,
  'is_test_drive' => false,
  'created' => '2024-11-10 22:23:55',
  'has_pending_requirements' => false,
  'has_future_requirements' => false,
  'has_overdue_requirements' => false,
  'details_submitted' => true,
  'current_deadline' => NULL,
  'status' => 'complete',
  'capabilities' => 
  array (
    'card_payments' => 'active',
    'transfers' => 'active',
    'afterpay_clearpay_payments' => 'unrequested',
    'alipay_payments' => 'unrequested',
    'amazon_pay_payments' => 'unrequested',
    'bacs_debit_payments' => 'unrequested',
    'bancontact_payments' => 'unrequested',
    'bank_transfer_payments' => 'unrequested',
    'billie_payments' => 'unrequested',
    'cartes_bancaires_payments' => 'unrequested',
    'eps_payments' => 'unrequested',
    'gb_bank_transfer_payments' => 'unrequested',
    'ideal_payments' => 'unrequested',
    'kakao_pay_payments' => 'unrequested',
    'klarna' => 'unrequested',
    'klarna_payments' => 'unrequested',
    'kr_card_payments' => 'unrequested',
    'legacy_payments' => 'unrequested',
    'link_payments' => 'unrequested',
    'mb_way_payments' => 'unrequested',
    'multibanco_payments' => 'unrequested',
    'naver_pay_payments' => 'unrequested',
    'p24_payments' => 'unrequested',
    'pay_by_bank_payments' => 'unrequested',
    'payco_payments' => 'unrequested',
    'revolut_pay_payments' => 'unrequested',
    'samsung_pay_payments' => 'unrequested',
    'sepa_bank_transfer_payments' => 'unrequested',
    'sepa_debit_payments' => 'unrequested',
    'twint_payments' => 'unrequested',
    'us_bank_account_ach_payments' => 'unrequested',
    'us_bank_transfer_payments' => 'unrequested',
    'wechat_pay_payments' => 'unrequested',
  ),
  'capability_requirements' => 
  array (
    'afterpay_clearpay_payments' => 
    array (
    ),
    'alipay_payments' => 
    array (
      0 => 'business_profile.product_description',
    ),
    'amazon_pay_payments' => 
    array (
    ),
    'bacs_debit_payments' => 
    array (
    ),
    'bancontact_payments' => 
    array (
    ),
    'bank_transfer_payments' => 
    array (
    ),
    'billie_payments' => 
    array (
    ),
    'card_payments' => 
    array (
    ),
    'cartes_bancaires_payments' => 
    array (
    ),
    'eps_payments' => 
    array (
    ),
    'gb_bank_transfer_payments' => 
    array (
    ),
    'ideal_payments' => 
    array (
    ),
    'kakao_pay_payments' => 
    array (
    ),
    'klarna' => 
    array (
    ),
    'klarna_payments' => 
    array (
    ),
    'kr_card_payments' => 
    array (
    ),
    'legacy_payments' => 
    array (
    ),
    'link_payments' => 
    array (
    ),
    'mb_way_payments' => 
    array (
    ),
    'multibanco_payments' => 
    array (
    ),
    'naver_pay_payments' => 
    array (
    ),
    'p24_payments' => 
    array (
    ),
    'pay_by_bank_payments' => 
    array (
    ),
    'payco_payments' => 
    array (
    ),
    'revolut_pay_payments' => 
    array (
    ),
    'samsung_pay_payments' => 
    array (
    ),
    'sepa_bank_transfer_payments' => 
    array (
    ),
    'sepa_debit_payments' => 
    array (
    ),
    'transfers' => 
    array (
    ),
    'twint_payments' => 
    array (
    ),
    'us_bank_account_ach_payments' => 
    array (
    ),
    'us_bank_transfer_payments' => 
    array (
    ),
    'wechat_pay_payments' => 
    array (
      0 => 'business_profile.product_description',
    ),
  ),
  'payments_enabled' => true,
  'deposits' => 
  array (
    'status' => 'enabled',
    'restrictions' => 'deposits_unrestricted',
    'interval' => 'daily',
    'weekly_anchor' => '',
    'monthly_anchor' => NULL,
    'delay_days' => 3,
    'completed_waiting_period' => false,
    'minimum_manual_deposit_amounts' => 
    array (
      'aud' => 500,
      'bgn' => 100,
      'cad' => 500,
      'chf' => 500,
      'czk' => 3000,
      'dkk' => 5000,
      'eur' => 500,
      'gbp' => 500,
      'hkd' => 5000,
      'huf' => 36000,
      'nok' => 5000,
      'nzd' => 500,
      'jpy' => 50,
      'sek' => 5000,
      'sgd' => 500,
      'usd' => 500,
      'ron' => 500,
      'pln' => 500,
      'aed' => 200,
    ),
    'minimum_scheduled_deposit_amounts' => 
    array (
      'aed' => 200,
      'aud' => 0,
      'bgn' => 100,
      'cad' => 0,
      'chf' => 500,
      'czk' => 3000,
      'dkk' => 2000,
      'eur' => 100,
      'gbp' => 100,
      'hkd' => 0,
      'huf' => 36000,
      'jpy' => 1,
      'nok' => 2000,
      'nzd' => 0,
      'pln' => 500,
      'ron' => 500,
      'sek' => 2000,
      'sgd' => 100,
      'usd' => 0,
    ),
  ),
  'lifetime_total_payment_volume' => 0,
  'requirements' => 
  array (
    'errors' => 
    array (
    ),
  ),
  'statement_descriptor' => 'PAPA POKE',
  'statement_descriptor_kanji' => '',
  'statement_descriptor_kana' => '',
  'latest_tos_agreement' => 
  array (
    'date' => '2024-11-10 22:23:55',
    'source' => 'signup',
    'is_current_version' => true,
  ),
  'fees' => 
  array (
    'base' => 
    array (
      'percentage_rate' => 0.01499999999999999944488848768742172978818416595458984375,
      'fixed_rate' => 25,
      'currency' => 'gbp',
    ),
    'discount' => 
    array (
    ),
    'card' => 
    array (
      'base' => 
      array (
        'percentage_rate' => 0.01499999999999999944488848768742172978818416595458984375,
        'fixed_rate' => 25,
        'currency' => 'gbp',
      ),
      'additional' => 
      array (
        'percentage_rate' => 0.0200000000000000004163336342344337026588618755340576171875,
        'fixed_rate' => 0,
        'currency' => 'eur',
      ),
      'fx' => 
      array (
        'percentage_rate' => 0.0200000000000000004163336342344337026588618755340576171875,
        'fixed_rate' => 0,
        'currency' => 'gbp',
      ),
      'discount' => 
      array (
      ),
    ),
    'card_present' => 
    array (
      'base' => 
      array (
        'percentage_rate' => 0.01400000000000000029143354396410359186120331287384033203125,
        'fixed_rate' => 20,
        'currency' => 'gbp',
      ),
      'additional' => 
      array (
        'percentage_rate' => 0.0200000000000000004163336342344337026588618755340576171875,
        'fixed_rate' => 0,
        'currency' => 'gbp',
      ),
      'fx' => 
      array (
        'percentage_rate' => 0.0200000000000000004163336342344337026588618755340576171875,
        'fixed_rate' => 0,
        'currency' => 'gbp',
      ),
      'discount' => 
      array (
      ),
    ),
    'bancontact' => 
    array (
      'base' => 
      array (
        'percentage_rate' => 0.01400000000000000029143354396410359186120331287384033203125,
        'fixed_rate' => 20,
        'currency' => 'gbp',
      ),
      'additional' => 
      array (
        'percentage_rate' => 0,
        'fixed_rate' => 0,
        'currency' => 'gbp',
      ),
      'fx' => 
      array (
        'percentage_rate' => 0,
        'fixed_rate' => 0,
        'currency' => 'gbp',
      ),
      'discount' => 
      array (
      ),
    ),
    'eps' => 
    array (
      'base' => 
      array (
        'percentage_rate' => 0.01600000000000000033306690738754696212708950042724609375,
        'fixed_rate' => 20,
        'currency' => 'gbp',
      ),
      'additional' => 
      array (
        'percentage_rate' => 0,
        'fixed_rate' => 0,
        'currency' => 'gbp',
      ),
      'fx' => 
      array (
        'percentage_rate' => 0,
        'fixed_rate' => 0,
        'currency' => 'gbp',
      ),
      'discount' => 
      array (
      ),
    ),
    'ideal' => 
    array (
      'base' => 
      array (
        'percentage_rate' => 0,
        'fixed_rate' => 25,
        'currency' => 'gbp',
      ),
      'additional' => 
      array (
        'percentage_rate' => 0,
        'fixed_rate' => 0,
        'currency' => 'gbp',
      ),
      'fx' => 
      array (
        'percentage_rate' => 0,
        'fixed_rate' => 0,
        'currency' => 'gbp',
      ),
      'discount' => 
      array (
      ),
    ),
    'p24' => 
    array (
      'base' => 
      array (
        'percentage_rate' => 0.021999999999999998723243521681069978512823581695556640625,
        'fixed_rate' => 20,
        'currency' => 'gbp',
      ),
      'additional' => 
      array (
        'percentage_rate' => 0,
        'fixed_rate' => 0,
        'currency' => 'gbp',
      ),
      'fx' => 
      array (
        'percentage_rate' => 0,
        'fixed_rate' => 0,
        'currency' => 'gbp',
      ),
      'discount' => 
      array (
      ),
    ),
    'klarna' => 
    array (
      'base' => 
      array (
        'percentage_rate' => 0.049899999999999999911182158029987476766109466552734375,
        'fixed_rate' => 35,
        'currency' => 'gbp',
      ),
      'additional' => 
      array (
        'percentage_rate' => 0,
        'fixed_rate' => 0,
        'currency' => 'gbp',
      ),
      'fx' => 
      array (
        'percentage_rate' => 0,
        'fixed_rate' => 0,
        'currency' => 'gbp',
      ),
      'discount' => 
      array (
      ),
    ),
    'afterpay_clearpay' => 
    array (
      'base' => 
      array (
        'percentage_rate' => 0.059999999999999997779553950749686919152736663818359375,
        'fixed_rate' => 30,
        'currency' => 'gbp',
      ),
      'additional' => 
      array (
        'percentage_rate' => 0,
        'fixed_rate' => 0,
        'currency' => 'gbp',
      ),
      'fx' => 
      array (
        'percentage_rate' => 0,
        'fixed_rate' => 0,
        'currency' => 'gbp',
      ),
      'discount' => 
      array (
      ),
    ),
  ),
  'capital' => 
  array (
    'has_active_loan' => false,
    'has_previous_loans' => false,
    'loans' => 
    array (
    ),
  ),
  'fraud_services' => 
  array (
    'stripe' => 
    array (
    ),
    'sift' => 
    array (
      'beacon_key' => '1d81b5c86a',
      'sandbox_beacon_key' => '43e8654e6f',
    ),
  ),
  'store_currencies' => 
  array (
    'default' => 'gbp',
    'supported' => 
    array (
      0 => 'gbp',
    ),
  ),
  'customer_currencies' => 
  array (
    'supported' => 
    array (
      0 => 'usd',
      1 => 'aed',
      2 => 'afn',
      3 => 'all',
      4 => 'amd',
      5 => 'ang',
      6 => 'aoa',
      7 => 'ars',
      8 => 'aud',
      9 => 'awg',
      10 => 'azn',
      11 => 'bam',
      12 => 'bbd',
      13 => 'bdt',
      14 => 'bif',
      15 => 'bmd',
      16 => 'bnd',
      17 => 'bob',
      18 => 'brl',
      19 => 'bsd',
      20 => 'bwp',
      21 => 'byn',
      22 => 'bzd',
      23 => 'cad',
      24 => 'cdf',
      25 => 'chf',
      26 => 'clp',
      27 => 'cny',
      28 => 'cop',
      29 => 'crc',
      30 => 'cve',
      31 => 'czk',
      32 => 'djf',
      33 => 'dkk',
      34 => 'dop',
      35 => 'dzd',
      36 => 'egp',
      37 => 'etb',
      38 => 'eur',
      39 => 'fjd',
      40 => 'fkp',
      41 => 'gbp',
      42 => 'gel',
      43 => 'gip',
      44 => 'gmd',
      45 => 'gnf',
      46 => 'gtq',
      47 => 'gyd',
      48 => 'hkd',
      49 => 'hnl',
      50 => 'htg',
      51 => 'huf',
      52 => 'idr',
      53 => 'ils',
      54 => 'inr',
      55 => 'isk',
      56 => 'jmd',
      57 => 'jpy',
      58 => 'kes',
      59 => 'kgs',
      60 => 'khr',
      61 => 'kmf',
      62 => 'krw',
      63 => 'kyd',
      64 => 'kzt',
      65 => 'lak',
      66 => 'lbp',
      67 => 'lkr',
      68 => 'lrd',
      69 => 'lsl',
      70 => 'mad',
      71 => 'mdl',
      72 => 'mga',
      73 => 'mkd',
      74 => 'mmk',
      75 => 'mnt',
      76 => 'mop',
      77 => 'mur',
      78 => 'mvr',
      79 => 'mwk',
      80 => 'mxn',
      81 => 'myr',
      82 => 'mzn',
      83 => 'nad',
      84 => 'ngn',
      85 => 'nio',
      86 => 'nok',
      87 => 'npr',
      88 => 'nzd',
      89 => 'pab',
      90 => 'pen',
      91 => 'pgk',
      92 => 'php',
      93 => 'pkr',
      94 => 'pln',
      95 => 'pyg',
      96 => 'qar',
      97 => 'ron',
      98 => 'rsd',
      99 => 'rub',
      100 => 'rwf',
      101 => 'sar',
      102 => 'sbd',
      103 => 'scr',
      104 => 'sek',
      105 => 'sgd',
      106 => 'shp',
      107 => 'sle',
      108 => 'sos',
      109 => 'srd',
      110 => 'std',
      111 => 'szl',
      112 => 'thb',
      113 => 'tjs',
      114 => 'top',
      115 => 'try',
      116 => 'ttd',
      117 => 'twd',
      118 => 'tzs',
      119 => 'uah',
      120 => 'ugx',
      121 => 'uyu',
      122 => 'uzs',
      123 => 'vnd',
      124 => 'vuv',
      125 => 'wst',
      126 => 'xaf',
      127 => 'xcd',
      128 => 'xcg',
      129 => 'xof',
      130 => 'xpf',
      131 => 'yer',
      132 => 'zar',
      133 => 'zmw',
    ),
  ),
  'country' => '(redacted)',
  'instant_deposits_eligible' => false,
  'card_present_eligible' => true,
  'has_card_readers_available' => false,
  'platform_checkout_eligible' => false,
  'platform_direct_checkout_eligible' => false,
  'platform_global_theme_support_enabled' => false,
  'business_profile' => 
  array (
    'name' => '(redacted)',
    'url' => 'https://papapoke.co.uk',
    'support_address' => 
    array (
    ),
    'support_email' => 'contactus@papapoke.co.uk',
    'support_phone' => '+447387156597',
  ),
  'branding' => 
  array (
    'icon' => NULL,
    'logo' => NULL,
    'primary_color' => NULL,
    'secondary_color' => NULL,
  ),
  'locale' => 'en_GB',
  'has_more_failed_events' => false,
  'has_submitted_vat_data' => false,
  'is_documents_enabled' => true,
  'card_testing_protection_eligible' => false,
  'fraud_mitigation_settings' => 
  array (
    'avs_check_enabled' => false,
    'cvc_check_enabled' => true,
  ),
  'is_deferred_intent_creation_upe_enabled' => true,
  'pre_check_save_my_info' => false,
  'is_tokenized_ece_disabled' => false,
  'ece_confirmation_tokens_disabled' => false,
  'eligibility_wporg_review_campaign_2025' => false,
  'progressive_onboarding' => 
  array (
    'is_enabled' => false,
    'is_complete' => false,
  ),
)
2026-02-02T23:16:40+00:00 INFO ENVIRONMENT: array (
  'WP_User' => 'Guest (non logged-in user)',
  'HTTP_REFERER' => '--',
  'HTTP_USER_AGENT' => 'WordPress/6.9; https://papapoke.co.uk',
  'REQUEST_URI' => '/wp-cron.php?doing_wp_cron=1770074199.7676570415496826171875',
  'DOING_AJAX' => false,
  'DOING_CRON' => true,
  'WP_CLI' => false,
)
2026-02-02T23:16:40+00:00 INFO REQUEST POST https://public-api.wordpress.com/wpcom/v2/sites/%s/wcpay/compatibility
2026-02-02T23:16:40+00:00 INFO HEADERS: array (
  'Content-Type' => 'application/json; charset=utf-8',
  'User-Agent' => 'WooCommerce Payments/8.6.0',
  'Idempotency-Key' => '397ce9ef-98ab-4f3c-8562-eaa608a1ff6a',
)
2026-02-02T23:16:40+00:00 INFO BODY: array (
  'test_mode' => false,
  'compatibility_data' => 
  array (
    'woopayments_version' => '8.6.0',
    'woocommerce_version' => '10.0.5',
    'woocommerce_permalinks' => 
    array (
      'product_base' => 'product',
      'category_base' => 'product-category',
      'tag_base' => 'product-tag',
      'attribute_base' => '',
      'use_verbose_page_rules' => false,
    ),
    'woocommerce_shop' => 'https://papapoke.co.uk/?page_id=7',
    'woocommerce_cart' => 'Not set',
    'woocommerce_checkout' => 'https://papapoke.co.uk/checkout/',
    'blog_theme' => 'papa',
    'active_plugins' => 
    array (
      0 => 'added-to-cart-popup-woocommerce/xoo-cp-main.php',
      1 => 'advanced-custom-fields-pro/acf.php',
      2 => 'classic-editor/classic-editor.php',
      3 => 'classic-widgets/classic-widgets.php',
      4 => 'contact-form-7/wp-contact-form-7.php',
      5 => 'health-check/health-check.php',
      6 => 'popup-maker/popup-maker.php',
      8 => 'regenerate-thumbnails/regenerate-thumbnails.php',
      9 => 'shipping-zones-by-drawing-for-woocommerce/shipping-zones-by-drawing.php',
      10 => 'svg-support/svg-support.php',
      11 => 'webp-converter-for-media/webp-converter-for-media.php',
      12 => 'woo-pincode-checker/woo-pincode-checker.php',
      13 => 'woocommerce-google-analytics-integration/woocommerce-google-analytics-integration.php',
      14 => 'woocommerce-lightbox/main.php',
      15 => 'woocommerce-payments/woocommerce-payments.php',
      17 => 'woocommerce/woocommerce.php',
      18 => 'wordpress-seo/wp-seo.php',
      19 => 'wp-rocket/wp-rocket.php',
      20 => 'wp-sitemap-page/wp-sitemap-page.php',
    ),
    'post_types_count' => 
    array (
      'post' => 0,
      'page' => 7,
      'attachment' => 0,
      'product' => 55,
      'popup' => 2,
      'popup_theme' => 8,
      'szbdzones' => 2,
    ),
  ),
)
2026-02-02T23:16:40+00:00 INFO RESPONSE: array (
  'result' => 'success',
)
