2026-01-27T03:19:00+00:00 INFO ENVIRONMENT: array (
  'WP_User' => 'Guest (non logged-in user)',
  'HTTP_REFERER' => '--',
  'HTTP_USER_AGENT' => 'Mozilla/5.0 (Windows NT 10.0; Win64; x64) AppleWebKit/537.36 (KHTML, like Gecko) Chrome/120.0.0.0 Safari/537.36',
  'REQUEST_URI' => '/wp-admin/',
  'DOING_AJAX' => false,
  'DOING_CRON' => false,
  'WP_CLI' => false,
)
2026-01-27T03:19:00+00:00 INFO REQUEST GET https://public-api.wordpress.com/wpcom/v2/sites/%s/wcpay/accounts?test_mode=0
2026-01-27T03:19:00+00:00 INFO HEADERS: array (
  'Content-Type' => 'application/json; charset=utf-8',
  'User-Agent' => 'WooCommerce Payments/8.6.0',
)
2026-01-27T03:19:02+00:00 INFO RESPONSE: array (
  'account_id' => 'acct_1QJjXwFt5S7zes6j',
  'email' => '(redacted)',
  'communications_email' => 'contactus@papapoke.co.uk',
  'live_publishable_key' => 'pk_live_51ETDmyFuiXB5oUVxaIafkGPnwuNcBxr1pXVhvLJ4BrWuiqfG6SldjatOGLQhuqXnDmgqwRA7tDoSFlbY4wFji7KR0079TvtxNs',
  'test_publishable_key' => 'pk_test_51ETDmyFuiXB5oUVxwSobQMW5Tno1GclIq7ePZWzLeW4q8oa7Zb8hI5VfwI5sNT5nXuKYinLukNvGCXmsQXAoDGHG00MqHqlYHR',
  'is_live' => true,
  'is_test_drive' => false,
  'created' => '2024-11-10 22:23:55',
  'has_pending_requirements' => false,
  'has_future_requirements' => false,
  'has_overdue_requirements' => false,
  'details_submitted' => true,
  'current_deadline' => NULL,
  'status' => 'complete',
  'capabilities' => 
  array (
    'card_payments' => 'active',
    'transfers' => 'active',
    'afterpay_clearpay_payments' => 'unrequested',
    'alipay_payments' => 'unrequested',
    'amazon_pay_payments' => 'unrequested',
    'bacs_debit_payments' => 'unrequested',
    'bancontact_payments' => 'unrequested',
    'bank_transfer_payments' => 'unrequested',
    'billie_payments' => 'unrequested',
    'cartes_bancaires_payments' => 'unrequested',
    'eps_payments' => 'unrequested',
    'gb_bank_transfer_payments' => 'unrequested',
    'ideal_payments' => 'unrequested',
    'kakao_pay_payments' => 'unrequested',
    'klarna' => 'unrequested',
    'klarna_payments' => 'unrequested',
    'kr_card_payments' => 'unrequested',
    'legacy_payments' => 'unrequested',
    'link_payments' => 'unrequested',
    'mb_way_payments' => 'unrequested',
    'multibanco_payments' => 'unrequested',
    'naver_pay_payments' => 'unrequested',
    'p24_payments' => 'unrequested',
    'pay_by_bank_payments' => 'unrequested',
    'payco_payments' => 'unrequested',
    'revolut_pay_payments' => 'unrequested',
    'samsung_pay_payments' => 'unrequested',
    'sepa_bank_transfer_payments' => 'unrequested',
    'sepa_debit_payments' => 'unrequested',
    'twint_payments' => 'unrequested',
    'us_bank_account_ach_payments' => 'unrequested',
    'us_bank_transfer_payments' => 'unrequested',
    'wechat_pay_payments' => 'unrequested',
  ),
  'capability_requirements' => 
  array (
    'afterpay_clearpay_payments' => 
    array (
    ),
    'alipay_payments' => 
    array (
      0 => 'business_profile.product_description',
    ),
    'amazon_pay_payments' => 
    array (
    ),
    'bacs_debit_payments' => 
    array (
    ),
    'bancontact_payments' => 
    array (
    ),
    'bank_transfer_payments' => 
    array (
    ),
    'billie_payments' => 
    array (
    ),
    'card_payments' => 
    array (
    ),
    'cartes_bancaires_payments' => 
    array (
    ),
    'eps_payments' => 
    array (
    ),
    'gb_bank_transfer_payments' => 
    array (
    ),
    'ideal_payments' => 
    array (
    ),
    'kakao_pay_payments' => 
    array (
    ),
    'klarna' => 
    array (
    ),
    'klarna_payments' => 
    array (
    ),
    'kr_card_payments' => 
    array (
    ),
    'legacy_payments' => 
    array (
    ),
    'link_payments' => 
    array (
    ),
    'mb_way_payments' => 
    array (
    ),
    'multibanco_payments' => 
    array (
    ),
    'naver_pay_payments' => 
    array (
    ),
    'p24_payments' => 
    array (
    ),
    'pay_by_bank_payments' => 
    array (
    ),
    'payco_payments' => 
    array (
    ),
    'revolut_pay_payments' => 
    array (
    ),
    'samsung_pay_payments' => 
    array (
    ),
    'sepa_bank_transfer_payments' => 
    array (
    ),
    'sepa_debit_payments' => 
    array (
    ),
    'transfers' => 
    array (
    ),
    'twint_payments' => 
    array (
    ),
    'us_bank_account_ach_payments' => 
    array (
    ),
    'us_bank_transfer_payments' => 
    array (
    ),
    'wechat_pay_payments' => 
    array (
      0 => 'business_profile.product_description',
    ),
  ),
  'payments_enabled' => true,
  'deposits' => 
  array (
    'status' => 'enabled',
    'restrictions' => 'deposits_unrestricted',
    'interval' => 'daily',
    'weekly_anchor' => '',
    'monthly_anchor' => NULL,
    'delay_days' => 3,
    'completed_waiting_period' => false,
    'minimum_manual_deposit_amounts' => 
    array (
      'aud' => 500,
      'bgn' => 100,
      'cad' => 500,
      'chf' => 500,
      'czk' => 3000,
      'dkk' => 5000,
      'eur' => 500,
      'gbp' => 500,
      'hkd' => 5000,
      'huf' => 36000,
      'nok' => 5000,
      'nzd' => 500,
      'jpy' => 50,
      'sek' => 5000,
      'sgd' => 500,
      'usd' => 500,
      'ron' => 500,
      'pln' => 500,
      'aed' => 200,
    ),
    'minimum_scheduled_deposit_amounts' => 
    array (
      'aed' => 200,
      'aud' => 0,
      'bgn' => 100,
      'cad' => 0,
      'chf' => 500,
      'czk' => 3000,
      'dkk' => 2000,
      'eur' => 100,
      'gbp' => 100,
      'hkd' => 0,
      'huf' => 36000,
      'jpy' => 1,
      'nok' => 2000,
      'nzd' => 0,
      'pln' => 500,
      'ron' => 500,
      'sek' => 2000,
      'sgd' => 100,
      'usd' => 0,
    ),
  ),
  'lifetime_total_payment_volume' => 0,
  'requirements' => 
  array (
    'errors' => 
    array (
    ),
  ),
  'statement_descriptor' => 'PAPA POKE',
  'statement_descriptor_kanji' => '',
  'statement_descriptor_kana' => '',
  'latest_tos_agreement' => 
  array (
    'date' => '2024-11-10 22:23:55',
    'source' => 'signup',
    'is_current_version' => true,
  ),
  'fees' => 
  array (
    'base' => 
    array (
      'percentage_rate' => 0.01499999999999999944488848768742172978818416595458984375,
      'fixed_rate' => 25,
      'currency' => 'gbp',
    ),
    'discount' => 
    array (
    ),
    'card' => 
    array (
      'base' => 
      array (
        'percentage_rate' => 0.01499999999999999944488848768742172978818416595458984375,
        'fixed_rate' => 25,
        'currency' => 'gbp',
      ),
      'additional' => 
      array (
        'percentage_rate' => 0.0200000000000000004163336342344337026588618755340576171875,
        'fixed_rate' => 0,
        'currency' => 'eur',
      ),
      'fx' => 
      array (
        'percentage_rate' => 0.0200000000000000004163336342344337026588618755340576171875,
        'fixed_rate' => 0,
        'currency' => 'gbp',
      ),
      'discount' => 
      array (
      ),
    ),
    'card_present' => 
    array (
      'base' => 
      array (
        'percentage_rate' => 0.01400000000000000029143354396410359186120331287384033203125,
        'fixed_rate' => 20,
        'currency' => 'gbp',
      ),
      'additional' => 
      array (
        'percentage_rate' => 0.0200000000000000004163336342344337026588618755340576171875,
        'fixed_rate' => 0,
        'currency' => 'gbp',
      ),
      'fx' => 
      array (
        'percentage_rate' => 0.0200000000000000004163336342344337026588618755340576171875,
        'fixed_rate' => 0,
        'currency' => 'gbp',
      ),
      'discount' => 
      array (
      ),
    ),
    'bancontact' => 
    array (
      'base' => 
      array (
        'percentage_rate' => 0.01400000000000000029143354396410359186120331287384033203125,
        'fixed_rate' => 20,
        'currency' => 'gbp',
      ),
      'additional' => 
      array (
        'percentage_rate' => 0,
        'fixed_rate' => 0,
        'currency' => 'gbp',
      ),
      'fx' => 
      array (
        'percentage_rate' => 0,
        'fixed_rate' => 0,
        'currency' => 'gbp',
      ),
      'discount' => 
      array (
      ),
    ),
    'eps' => 
    array (
      'base' => 
      array (
        'percentage_rate' => 0.01600000000000000033306690738754696212708950042724609375,
        'fixed_rate' => 20,
        'currency' => 'gbp',
      ),
      'additional' => 
      array (
        'percentage_rate' => 0,
        'fixed_rate' => 0,
        'currency' => 'gbp',
      ),
      'fx' => 
      array (
        'percentage_rate' => 0,
        'fixed_rate' => 0,
        'currency' => 'gbp',
      ),
      'discount' => 
      array (
      ),
    ),
    'ideal' => 
    array (
      'base' => 
      array (
        'percentage_rate' => 0,
        'fixed_rate' => 25,
        'currency' => 'gbp',
      ),
      'additional' => 
      array (
        'percentage_rate' => 0,
        'fixed_rate' => 0,
        'currency' => 'gbp',
      ),
      'fx' => 
      array (
        'percentage_rate' => 0,
        'fixed_rate' => 0,
        'currency' => 'gbp',
      ),
      'discount' => 
      array (
      ),
    ),
    'p24' => 
    array (
      'base' => 
      array (
        'percentage_rate' => 0.021999999999999998723243521681069978512823581695556640625,
        'fixed_rate' => 20,
        'currency' => 'gbp',
      ),
      'additional' => 
      array (
        'percentage_rate' => 0,
        'fixed_rate' => 0,
        'currency' => 'gbp',
      ),
      'fx' => 
      array (
        'percentage_rate' => 0,
        'fixed_rate' => 0,
        'currency' => 'gbp',
      ),
      'discount' => 
      array (
      ),
    ),
    'klarna' => 
    array (
      'base' => 
      array (
        'percentage_rate' => 0.049899999999999999911182158029987476766109466552734375,
        'fixed_rate' => 35,
        'currency' => 'gbp',
      ),
      'additional' => 
      array (
        'percentage_rate' => 0,
        'fixed_rate' => 0,
        'currency' => 'gbp',
      ),
      'fx' => 
      array (
        'percentage_rate' => 0,
        'fixed_rate' => 0,
        'currency' => 'gbp',
      ),
      'discount' => 
      array (
      ),
    ),
    'afterpay_clearpay' => 
    array (
      'base' => 
      array (
        'percentage_rate' => 0.059999999999999997779553950749686919152736663818359375,
        'fixed_rate' => 30,
        'currency' => 'gbp',
      ),
      'additional' => 
      array (
        'percentage_rate' => 0,
        'fixed_rate' => 0,
        'currency' => 'gbp',
      ),
      'fx' => 
      array (
        'percentage_rate' => 0,
        'fixed_rate' => 0,
        'currency' => 'gbp',
      ),
      'discount' => 
      array (
      ),
    ),
  ),
  'capital' => 
  array (
    'has_active_loan' => false,
    'has_previous_loans' => false,
    'loans' => 
    array (
    ),
  ),
  'fraud_services' => 
  array (
    'stripe' => 
    array (
    ),
    'sift' => 
    array (
      'beacon_key' => '1d81b5c86a',
      'sandbox_beacon_key' => '43e8654e6f',
    ),
  ),
  'store_currencies' => 
  array (
    'default' => 'gbp',
    'supported' => 
    array (
      0 => 'gbp',
    ),
  ),
  'customer_currencies' => 
  array (
    'supported' => 
    array (
      0 => 'usd',
      1 => 'aed',
      2 => 'afn',
      3 => 'all',
      4 => 'amd',
      5 => 'ang',
      6 => 'aoa',
      7 => 'ars',
      8 => 'aud',
      9 => 'awg',
      10 => 'azn',
      11 => 'bam',
      12 => 'bbd',
      13 => 'bdt',
      15 => 'bif',
      16 => 'bmd',
      17 => 'bnd',
      18 => 'bob',
      19 => 'brl',
      20 => 'bsd',
      21 => 'bwp',
      22 => 'byn',
      23 => 'bzd',
      24 => 'cad',
      25 => 'cdf',
      26 => 'chf',
      27 => 'clp',
      28 => 'cny',
      29 => 'cop',
      30 => 'crc',
      31 => 'cve',
      32 => 'czk',
      33 => 'djf',
      34 => 'dkk',
      35 => 'dop',
      36 => 'dzd',
      37 => 'egp',
      38 => 'etb',
      39 => 'eur',
      40 => 'fjd',
      41 => 'fkp',
      42 => 'gbp',
      43 => 'gel',
      44 => 'gip',
      45 => 'gmd',
      46 => 'gnf',
      47 => 'gtq',
      48 => 'gyd',
      49 => 'hkd',
      50 => 'hnl',
      51 => 'htg',
      52 => 'huf',
      53 => 'idr',
      54 => 'ils',
      55 => 'inr',
      56 => 'isk',
      57 => 'jmd',
      58 => 'jpy',
      59 => 'kes',
      60 => 'kgs',
      61 => 'khr',
      62 => 'kmf',
      63 => 'krw',
      64 => 'kyd',
      65 => 'kzt',
      66 => 'lak',
      67 => 'lbp',
      68 => 'lkr',
      69 => 'lrd',
      70 => 'lsl',
      71 => 'mad',
      72 => 'mdl',
      73 => 'mga',
      74 => 'mkd',
      75 => 'mmk',
      76 => 'mnt',
      77 => 'mop',
      78 => 'mur',
      79 => 'mvr',
      80 => 'mwk',
      81 => 'mxn',
      82 => 'myr',
      83 => 'mzn',
      84 => 'nad',
      85 => 'ngn',
      86 => 'nio',
      87 => 'nok',
      88 => 'npr',
      89 => 'nzd',
      90 => 'pab',
      91 => 'pen',
      92 => 'pgk',
      93 => 'php',
      94 => 'pkr',
      95 => 'pln',
      96 => 'pyg',
      97 => 'qar',
      98 => 'ron',
      99 => 'rsd',
      100 => 'rub',
      101 => 'rwf',
      102 => 'sar',
      103 => 'sbd',
      104 => 'scr',
      105 => 'sek',
      106 => 'sgd',
      107 => 'shp',
      108 => 'sle',
      109 => 'sos',
      110 => 'srd',
      111 => 'std',
      112 => 'szl',
      113 => 'thb',
      114 => 'tjs',
      115 => 'top',
      116 => 'try',
      117 => 'ttd',
      118 => 'twd',
      119 => 'tzs',
      120 => 'uah',
      121 => 'ugx',
      122 => 'uyu',
      123 => 'uzs',
      124 => 'vnd',
      125 => 'vuv',
      126 => 'wst',
      127 => 'xaf',
      128 => 'xcd',
      129 => 'xcg',
      130 => 'xof',
      131 => 'xpf',
      132 => 'yer',
      133 => 'zar',
      134 => 'zmw',
    ),
  ),
  'country' => '(redacted)',
  'instant_deposits_eligible' => false,
  'card_present_eligible' => true,
  'has_card_readers_available' => false,
  'platform_checkout_eligible' => false,
  'platform_direct_checkout_eligible' => false,
  'platform_global_theme_support_enabled' => false,
  'business_profile' => 
  array (
    'name' => '(redacted)',
    'url' => 'https://papapoke.co.uk',
    'support_address' => 
    array (
    ),
    'support_email' => 'contactus@papapoke.co.uk',
    'support_phone' => '+447387156597',
  ),
  'branding' => 
  array (
    'icon' => NULL,
    'logo' => NULL,
    'primary_color' => NULL,
    'secondary_color' => NULL,
  ),
  'locale' => 'en_GB',
  'has_more_failed_events' => false,
  'has_submitted_vat_data' => false,
  'is_documents_enabled' => true,
  'card_testing_protection_eligible' => false,
  'fraud_mitigation_settings' => 
  array (
    'avs_check_enabled' => false,
    'cvc_check_enabled' => true,
  ),
  'is_deferred_intent_creation_upe_enabled' => true,
  'pre_check_save_my_info' => false,
  'is_tokenized_ece_disabled' => false,
  'ece_confirmation_tokens_disabled' => false,
  'eligibility_wporg_review_campaign_2025' => false,
  'progressive_onboarding' => 
  array (
    'is_enabled' => false,
    'is_complete' => false,
  ),
)
2026-01-27T03:56:24+00:00 INFO ENVIRONMENT: array (
  'WP_User' => 'Guest (non logged-in user)',
  'HTTP_REFERER' => '--',
  'HTTP_USER_AGENT' => 'WordPress/6.9; https://papapoke.co.uk',
  'REQUEST_URI' => '/wp-cron.php?doing_wp_cron=1769486184.2932488918304443359375',
  'DOING_AJAX' => false,
  'DOING_CRON' => true,
  'WP_CLI' => false,
)
2026-01-27T03:56:24+00:00 INFO REQUEST POST https://public-api.wordpress.com/wpcom/v2/sites/%s/wcpay/compatibility
2026-01-27T03:56:24+00:00 INFO HEADERS: array (
  'Content-Type' => 'application/json; charset=utf-8',
  'User-Agent' => 'WooCommerce Payments/8.6.0',
  'Idempotency-Key' => '9bcf5ece-b6cf-4ede-b7e0-1a1c1226127f',
)
2026-01-27T03:56:24+00:00 INFO BODY: array (
  'test_mode' => false,
  'compatibility_data' => 
  array (
    'woopayments_version' => '8.6.0',
    'woocommerce_version' => '10.0.5',
    'woocommerce_permalinks' => 
    array (
      'product_base' => 'product',
      'category_base' => 'product-category',
      'tag_base' => 'product-tag',
      'attribute_base' => '',
      'use_verbose_page_rules' => false,
    ),
    'woocommerce_shop' => 'https://papapoke.co.uk/?page_id=7',
    'woocommerce_cart' => 'Not set',
    'woocommerce_checkout' => 'https://papapoke.co.uk/checkout/',
    'blog_theme' => 'papa',
    'active_plugins' => 
    array (
      0 => 'added-to-cart-popup-woocommerce/xoo-cp-main.php',
      1 => 'advanced-custom-fields-pro/acf.php',
      2 => 'classic-editor/classic-editor.php',
      3 => 'classic-widgets/classic-widgets.php',
      4 => 'contact-form-7/wp-contact-form-7.php',
      5 => 'health-check/health-check.php',
      6 => 'popup-maker/popup-maker.php',
      8 => 'regenerate-thumbnails/regenerate-thumbnails.php',
      9 => 'shipping-zones-by-drawing-for-woocommerce/shipping-zones-by-drawing.php',
      10 => 'svg-support/svg-support.php',
      11 => 'webp-converter-for-media/webp-converter-for-media.php',
      12 => 'woo-pincode-checker/woo-pincode-checker.php',
      13 => 'woocommerce-google-analytics-integration/woocommerce-google-analytics-integration.php',
      14 => 'woocommerce-lightbox/main.php',
      15 => 'woocommerce-payments/woocommerce-payments.php',
      17 => 'woocommerce/woocommerce.php',
      18 => 'wordpress-seo/wp-seo.php',
      19 => 'wp-rocket/wp-rocket.php',
      20 => 'wp-sitemap-page/wp-sitemap-page.php',
    ),
    'post_types_count' => 
    array (
      'post' => 0,
      'page' => 7,
      'attachment' => 0,
      'product' => 55,
      'popup' => 2,
      'popup_theme' => 8,
      'szbdzones' => 2,
    ),
  ),
)
2026-01-27T03:56:25+00:00 INFO RESPONSE: array (
  'result' => 'success',
)
2026-01-27T04:26:51+00:00 INFO ENVIRONMENT: array (
  'WP_User' => 'Guest (non logged-in user)',
  'HTTP_REFERER' => '--',
  'HTTP_USER_AGENT' => 'Mozilla/5.0 (Windows NT 10.0; Win64; x64) AppleWebKit/537.36 (KHTML, like Gecko) Chrome/120.0.0.0 Safari/537.36',
  'REQUEST_URI' => '/assets/',
  'DOING_AJAX' => false,
  'DOING_CRON' => false,
  'WP_CLI' => false,
)
2026-01-27T04:26:51+00:00 INFO REQUEST GET https://public-api.wordpress.com/wpcom/v2/sites/%s/wcpay/currency/rates?test_mode=0&currency_from=gbp
2026-01-27T04:26:51+00:00 INFO HEADERS: array (
  'Content-Type' => 'application/json; charset=utf-8',
  'User-Agent' => 'WooCommerce Payments/8.6.0',
)
2026-01-27T04:26:51+00:00 INFO RESPONSE: array (
  'AED' => 5.02886399999999955667817630455829203128814697265625,
  'AFN' => 90.3757800000000059981175581924617290496826171875,
  'ALL' => 111.4115139999999968267729855142533779144287109375,
  'AMD' => 517.3589610000000220679794438183307647705078125,
  'ANG' => 2.451100999999999974221509546623565256595611572265625,
  'AOA' => 1255.67560800000001108855940401554107666015625,
  'ARS' => 1968.687928999999940060661174356937408447265625,
  'AUD' => 1.9789730000000000931237309487187303602695465087890625,
  'AWG' => 2.464793999999999929428895484306849539279937744140625,
  'AZN' => 2.327860999999999958021135171293281018733978271484375,
  'BAM' => 2.25457000000000018502532839193008840084075927734375,
  'BBD' => 2.738659999999999872244416110333986580371856689453125,
  'BDT' => 167.231009999999997717168298549950122833251953125,
  'BGN' => 2.252083999999999974761522025801241397857666015625,
  'BHD' => 0.5162459999999999826769681021687574684619903564453125,
  'BIF' => 4027.54948000000013053067959845066070556640625,
  'BMD' => 1.3693299999999999361222080551669932901859283447265625,
  'BND' => 1.7343859999999999832454022907768376171588897705078125,
  'BOB' => 9.4641660000000005226183930062688887119293212890625,
  'BRL' => 7.23416999999999976722619976499117910861968994140625,
  'BSD' => 1.3693299999999999361222080551669932901859283447265625,
  'BTC' => 1.5000000000000000380012861456169304119612206704914569854736328125E-5,
  'BTN' => 124.200749999999999317878973670303821563720703125,
  'BWP' => 17.987148999999998721932570333592593669891357421875,
  'BYN' => 3.89710599999999995901589500135742127895355224609375,
  'BZD' => 2.748699999999999921129756330628879368305206298828125,
  'CAD' => 1.878713999999999995083044268540106713771820068359375,
  'CDF' => 3129.66190300000016577541828155517578125,
  'CHF' => 1.0627780000000000004689582056016661226749420166015625,
  'CLF' => 0.030000999999999999889865875957184471189975738525390625,
  'CLP' => 1184.128116000000090934918262064456939697265625,
  'CNH' => 9.5230049999999994980726114590652287006378173828125,
  'CNY' => 9.5272500000000004405364961712621152400970458984375,
  'COP' => 4977.424664000000120722688734531402587890625,
  'CRC' => 676.3020410000000310901668854057788848876953125,
  'CUC' => 1.3693299999999999361222080551669932901859283447265625,
  'CUP' => 35.26024699999999967303665471263229846954345703125,
  'CVE' => 127.1091449999999980491338646970689296722412109375,
  'CZK' => 27.918240999999998308567228377796709537506103515625,
  'DJF' => 243.377265999999991663571563549339771270751953125,
  'DKK' => 8.6026070000000007809148883097805082798004150390625,
  'DOP' => 85.578070999999994228346622548997402191162109375,
  'DZD' => 176.81504000000001042280928231775760650634765625,
  'EGP' => 64.433685999999994464815245009958744049072265625,
  'ERN' => 20.539950000000001040234565152786672115325927734375,
  'ETB' => 212.4515489999999999781721271574497222900390625,
  'EUR' => 1.1518740000000000645030695523018948733806610107421875,
  'FJD' => 3.0269040000000000389945853385142982006072998046875,
  'FKP' => 1,
  'GBP' => 1,
  'GEL' => 3.6834980000000001609805622138082981109619140625,
  'GGP' => 1,
  'GHS' => 14.904044999999999987494447850622236728668212890625,
  'GIP' => 1,
  'GMD' => 100.30342400000000679938239045441150665283203125,
  'GNF' => 11971.05735300000014831312000751495361328125,
  'GTQ' => 10.48897099999999937836037133820354938507080078125,
  'GYD' => 285.9422749999999950887286104261875152587890625,
  'HKD' => 10.6782409999999998717612470500171184539794921875,
  'HNL' => 36.0490759999999994533936842344701290130615234375,
  'HRK' => 8.675793999999999783767634653486311435699462890625,
  'HTG' => 179.108418999999997822669683955609798431396484375,
  'HUF' => 439.5766290000000253712642006576061248779296875,
  'IDR' => 23011.80522399999972549267113208770751953125,
  'ILS' => 4.267298000000000257614374277181923389434814453125,
  'IMP' => 1,
  'INR' => 125.630628999999998995917849242687225341796875,
  'IQD' => 1794.05051899999989473144523799419403076171875,
  'IRR' => 57629.622302999996463768184185028076171875,
  'ISK' => 167.537524999999988040144671685993671417236328125,
  'JEP' => 1,
  'JMD' => 215.132527000000010275471140630543231964111328125,
  'JOD' => 0.9708550000000000235189645536593161523342132568359375,
  'JPY' => 211.221890999999999394276528619229793548583984375,
  'KES' => 176.301236999999986210241331718862056732177734375,
  'KGS' => 119.74790799999999535430106334388256072998046875,
  'KHR' => 5506.480050000000119325704872608184814453125,
  'KMF' => 571.6950249999999869032762944698333740234375,
  'KPW' => 1232.396997999999939565896056592464447021484375,
  'KRW' => 1981.6622010000000955187715590000152587890625,
  'KWD' => 0.419785000000000019237944570704712532460689544677734375,
  'KYD' => 1.13892799999999994042809703387320041656494140625,
  'KZT' => 686.7222990000000208965502679347991943359375,
  'LAK' => 29485.36348699999871314503252506256103515625,
  'LBP' => 122425.594261000005644746124744415283203125,
  'LKR' => 423.1401740000000017971615307033061981201171875,
  'LRD' => 252.846557999999987487171893008053302764892578125,
  'LSL' => 21.91552899999999937108441372402012348175048828125,
  'LYD' => 8.6305390000000006267555363592691719532012939453125,
  'MAD' => 12.420652000000000469981387141160666942596435546875,
  'MDL' => 23.056174999999999641886461176909506320953369140625,
  'MGA' => 6168.8316420000001016887836158275604248046875,
  'MKD' => 71.04176499999999805368133820593357086181640625,
  'MMK' => 2875.45606300000008559436537325382232666015625,
  'MNT' => 4874.814793999999892548657953739166259765625,
  'MOP' => 10.9768190000000007700009518885053694248199462890625,
  'MUR' => 62.33189899999999994406607584096491336822509765625,
  'MVR' => 21.169841999999999160309016588144004344940185546875,
  'MWK' => 2369.7685129999999844585545361042022705078125,
  'MXN' => 23.731187999999999505007508560083806514739990234375,
  'MYR' => 5.4256960000000002963815859402529895305633544921875,
  'MZN' => 87.2947860000000019908839021809399127960205078125,
  'NAD' => 21.915713000000000221234586206264793872833251953125,
  'NGN' => 1933.493956999999909385223872959613800048828125,
  'NIO' => 50.25441099999999750025381217710673809051513671875,
  'NOK' => 13.3761150000000004212097337585873901844024658203125,
  'NPR' => 198.71427399999998897328623570501804351806640625,
  'NZD' => 2.293972000000000122099663713015615940093994140625,
  'OMR' => 0.52650600000000002953726152554736472666263580322265625,
  'PAB' => 1.3693299999999999361222080551669932901859283447265625,
  'PEN' => 4.58337600000000033872993299155496060848236083984375,
  'PGK' => 5.93075400000000030331648304127156734466552734375,
  'PHP' => 80.9260230000000007066773832775652408599853515625,
  'PKR' => 382.70394900000002280648914165794849395751953125,
  'PLN' => 4.84612200000000026278712539351545274257659912109375,
  'PYG' => 9184.94232399999964400194585323333740234375,
  'QAR' => 4.986209999999999809006112627685070037841796875,
  'RON' => 5.87113999999999958134822009014897048473358154296875,
  'RSD' => 135.2386089999999967403709888458251953125,
  'RUB' => 104.7804440000000028021531761623919010162353515625,
  'RWF' => 1989.636486999999988256604410707950592041015625,
  'SAR' => 5.13492299999999968207475831150077283382415771484375,
  'SBD' => 11.0655110000000007630660547874867916107177734375,
  'SCR' => 19.649439000000000987711246125400066375732421875,
  'SDG' => 823.6519939999999451174517162144184112548828125,
  'SEK' => 12.2291369999999997020267983316443860530853271484375,
  'SGD' => 1.7376799999999998913580157022806815803050994873046875,
  'SHP' => 1,
  'SLL' => 28714.16539700000066659413278102874755859375,
  'SOS' => 779.700552000000016050762496888637542724609375,
  'SRD' => 52.20570599999999927831595414318144321441650390625,
  'SSP' => 178.3689259999999876526999287307262420654296875,
  'STD' => 30511.13715299999967101030051708221435546875,
  'SVC' => 11.958740999999999843339537619613111019134521484375,
  'SYP' => 17804.02863599999909638427197933197021484375,
  'SZL' => 22.025673000000001167109076050110161304473876953125,
  'THB' => 42.7180230000000022982931113801896572113037109375,
  'TJS' => 12.758430000000000603677108301781117916107177734375,
  'TMT' => 4.80634899999999998243538357201032340526580810546875,
  'TND' => 3.91662599999999994082600096589885652065277099609375,
  'TOP' => 3.297018000000000004234834705130197107791900634765625,
  'TRY' => 59.41837600000000207955963560380041599273681640625,
  'TTD' => 9.2877939999999998832436176599003374576568603515625,
  'TWD' => 43.10034399999999976671460899524390697479248046875,
  'TZS' => 3464.5489189999998416169546544551849365234375,
  'UAH' => 58.92199500000000256250132224522531032562255859375,
  'UGX' => 4845.06820599999991827644407749176025390625,
  'USD' => 1.3693299999999999361222080551669932901859283447265625,
  'UYU' => 51.3143189999999975725586409680545330047607421875,
  'UZS' => 16589.43292799999835551716387271881103515625,
  'VND' => 35788.8088320000024395994842052459716796875,
  'VUV' => 166.099728999999996403857949189841747283935546875,
  'WST' => 3.790032000000000067529981606639921665191650390625,
  'XAF' => 755.5795190000000047803041525185108184814453125,
  'XAG' => 0.01244600000000000046551651422532813739962875843048095703125,
  'XAU' => 0.0002700000000000000034520997171938461178797297179698944091796875,
  'XCD' => 3.700683000000000166807012647041119635105133056640625,
  'XDR' => 0.94039499999999998092192754484131000936031341552734375,
  'XOF' => 755.5795190000000047803041525185108184814453125,
  'XPD' => 0.000685999999999999977851050658728127018548548221588134765625,
  'XPF' => 137.455077999999986104739946313202381134033203125,
  'XPT' => 0.000519000000000000038559433424012468094588257372379302978515625,
  'YER' => 324.2574220000000195796019397675991058349609375,
  'ZAR' => 21.901903999999998262637745938263833522796630859375,
  'ZMW' => 26.684698999999998392240740940906107425689697265625,
  'ZWL' => 440.9242590000000063810148276388645172119140625,
)
2026-01-27T10:35:37+00:00 INFO ENVIRONMENT: array (
  'WP_User' => 'Guest (non logged-in user)',
  'HTTP_REFERER' => '--',
  'HTTP_USER_AGENT' => 'Mozilla/5.0 (Windows NT 10.0; Win64; x64) AppleWebKit/537.36 (KHTML, like Gecko) Chrome/133.0.0.0 Safari/537.36',
  'REQUEST_URI' => '/product/california-roll-2/?add-to-cart=426',
  'DOING_AJAX' => false,
  'DOING_CRON' => false,
  'WP_CLI' => false,
)
2026-01-27T10:35:37+00:00 INFO REQUEST GET https://public-api.wordpress.com/wpcom/v2/sites/%s/wcpay/currency/rates?test_mode=0&currency_from=gbp
2026-01-27T10:35:37+00:00 INFO HEADERS: array (
  'Content-Type' => 'application/json; charset=utf-8',
  'User-Agent' => 'WooCommerce Payments/8.6.0',
)
2026-01-27T10:35:37+00:00 INFO RESPONSE: array (
  'AED' => 5.02067200000000024573409973527304828166961669921875,
  'AFN' => 90.228553000000005113179213367402553558349609375,
  'ALL' => 111.230018000000001165972207672894001007080078125,
  'AMD' => 516.5161560000000235959305427968502044677734375,
  'ANG' => 2.4471080000000000609361450187861919403076171875,
  'AOA' => 1246.859488000000055762939155101776123046875,
  'ARS' => 1965.5470009999999092542566359043121337890625,
  'AUD' => 1.978355000000000085691453932668082416057586669921875,
  'AWG' => 2.460779000000000049652726374915800988674163818359375,
  'AZN' => 2.324069000000000162486912813619710505008697509765625,
  'BAM' => 2.2508970000000001476792022003792226314544677734375,
  'BBD' => 2.734198999999999823984353497507981956005096435546875,
  'BDT' => 166.958582000000006928530638106167316436767578125,
  'BGN' => 2.25418800000000008054712452576495707035064697265625,
  'BHD' => 0.515379999999999949267248666728846728801727294921875,
  'BIF' => 4020.98838999999998122802935540676116943359375,
  'BMD' => 1.367099000000000064147798184421844780445098876953125,
  'BND' => 1.7315599999999999880628820392303168773651123046875,
  'BOB' => 9.4487480000000001467697074986062943935394287109375,
  'BRL' => 7.23058800000000001517719283583573997020721435546875,
  'BSD' => 1.367099000000000064147798184421844780445098876953125,
  'BTC' => 1.599999999999999927596978921418013896982301957905292510986328125E-5,
  'BTN' => 123.9984209999999933415892883203923702239990234375,
  'BWP' => 17.9578470000000010031726560555398464202880859375,
  'BYN' => 3.89075699999999979894482748932205140590667724609375,
  'BZD' => 2.7442229999999998568682713084854185581207275390625,
  'CAD' => 1.876236000000000014864554032101295888423919677734375,
  'CDF' => 3124.56352000000015323166735470294952392578125,
  'CHF' => 1.063112999999999974676256897510029375553131103515625,
  'CLF' => 0.029951999999999999457767074773073545657098293304443359375,
  'CLP' => 1182.199108999999907609890215098857879638671875,
  'CNH' => 9.50594399999999950523488223552703857421875,
  'CNY' => 9.5096790000000002152091838070191442966461181640625,
  'COP' => 4978.9979869999997390550561249256134033203125,
  'CRC' => 675.2003089999999474457581527531147003173828125,
  'CUC' => 1.367099000000000064147798184421844780445098876953125,
  'CUP' => 35.20280699999999995952748577110469341278076171875,
  'CVE' => 126.9020770000000055688360589556396007537841796875,
  'CZK' => 27.943760000000001042508301907218992710113525390625,
  'DJF' => 242.98079200000000810177880339324474334716796875,
  'DKK' => 8.6055949999999992172661222866736352443695068359375,
  'DOP' => 85.438659999999998717612470500171184539794921875,
  'DZD' => 176.742914000000013174940249882638454437255859375,
  'EGP' => 64.3151859999999970796125126071274280548095703125,
  'ERN' => 20.506488999999998412704371730796992778778076171875,
  'ETB' => 212.10545400000000881846062839031219482421875,
  'EUR' => 1.1523049999999999126742977750836871564388275146484375,
  'FJD' => 3.026689999999999880486711845151148736476898193359375,
  'FKP' => 1,
  'GBP' => 1,
  'GEL' => 3.67749699999999979382891979184933006763458251953125,
  'GGP' => 1,
  'GHS' => 14.8797650000000007963762982399202883243560791015625,
  'GIP' => 1,
  'GMD' => 100.1400239999999968176780384965240955352783203125,
  'GNF' => 11951.55587200000081793405115604400634765625,
  'GTQ' => 10.471883999999999304009179468266665935516357421875,
  'GYD' => 285.4764599999999745705281384289264678955078125,
  'HKD' => 10.664291999999999660531102563254535198211669921875,
  'HNL' => 35.99034999999999939745976007543504238128662109375,
  'HRK' => 8.6838449999999998141220203251577913761138916015625,
  'HTG' => 178.816642000000001644366420805454254150390625,
  'HUF' => 440.5053189999999858628143556416034698486328125,
  'IDR' => 22918.702820999998948536813259124755859375,
  'ILS' => 4.2620620000000002391971065662801265716552734375,
  'IMP' => 1,
  'INR' => 125.3738259999999939964254735969007015228271484375,
  'IQD' => 1791.127917000000024927430786192417144775390625,
  'IRR' => 57535.7406209999971906654536724090576171875,
  'ISK' => 167.524347000000005891706678085029125213623046875,
  'JEP' => 1,
  'JMD' => 214.7820649999999886858859099447727203369140625,
  'JOD' => 0.9692730000000000512017095388728193938732147216796875,
  'JPY' => 211.4872520000000122308847494423389434814453125,
  'KES' => 176.355807999999996127371559850871562957763671875,
  'KGS' => 119.5528330000000067911969381384551525115966796875,
  'KHR' => 5497.50970500000039464794099330902099609375,
  'KMF' => 570.7637029999999640494934283196926116943359375,
  'KPW' => 1230.389359000000013111275620758533477783203125,
  'KRW' => 1979.462690999999949781340546905994415283203125,
  'KWD' => 0.419370999999999993779198348420322872698307037353515625,
  'KYD' => 1.1370720000000000826645418783300556242465972900390625,
  'KZT' => 685.6035920000000487561919726431369781494140625,
  'LAK' => 29437.33028099999864934943616390228271484375,
  'LBP' => 122665.42544900000211782753467559814453125,
  'LKR' => 422.45085599999998748899088241159915924072265625,
  'LRD' => 252.4346580000000130894477479159832000732421875,
  'LSL' => 21.87982699999999880446921451948583126068115234375,
  'LYD' => 8.6164789999999999992041921359486877918243408203125,
  'MAD' => 12.4004180000000001626858647796325385570526123046875,
  'MDL' => 23.050191999999999126202965271659195423126220703125,
  'MGA' => 6158.7822910000004412722773849964141845703125,
  'MKD' => 71.059244000000006735717761330306529998779296875,
  'MMK' => 2870.7717940000002272427082061767578125,
  'MNT' => 4866.87346400000024004839360713958740234375,
  'MOP' => 10.9589370000000005944684744463302195072174072265625,
  'MUR' => 62.2303629999999969868440530262887477874755859375,
  'MVR' => 21.135355000000000558202373213134706020355224609375,
  'MWK' => 2365.9080359999998108833096921443939208984375,
  'MXN' => 23.716826999999998548673829645849764347076416015625,
  'MYR' => 5.40619400000000016603962649242021143436431884765625,
  'MZN' => 87.15257800000000543150235898792743682861328125,
  'NAD' => 21.880010999999999654619387001730501651763916015625,
  'NGN' => 1929.04545000000007348717190325260162353515625,
  'NIO' => 50.1725440000000020290826796554028987884521484375,
  'NOK' => 13.3805940000000003209379428881220519542694091796875,
  'NPR' => 198.39055799999999862848198972642421722412109375,
  'NZD' => 2.293464000000000169166014529764652252197265625,
  'OMR' => 0.525668000000000024130031306413002312183380126953125,
  'PAB' => 1.367099000000000064147798184421844780445098876953125,
  'PEN' => 4.57591000000000036607161746360361576080322265625,
  'PGK' => 5.92109299999999993957544575096108019351959228515625,
  'PHP' => 80.772322000000002617525751702487468719482421875,
  'PKR' => 382.08050400000001900480128824710845947265625,
  'PLN' => 4.8465270000000000294448909698985517024993896484375,
  'PYG' => 9169.97956999999951221980154514312744140625,
  'QAR' => 4.9780870000000003727791408891789615154266357421875,
  'RON' => 5.87374200000000001864464138634502887725830078125,
  'RSD' => 135.301816999999999779902282170951366424560546875,
  'RUB' => 104.552895000000006575646693818271160125732421875,
  'RWF' => 1986.3952650000001085572876036167144775390625,
  'SAR' => 5.12649199999999982679810273111797869205474853515625,
  'SBD' => 11.0474849999999999994315658113919198513031005859375,
  'SCR' => 19.016372000000000497266228194348514080047607421875,
  'SDG' => 822.3102219999999533683876506984233856201171875,
  'SEK' => 12.2283430000000006288018994382582604885101318359375,
  'SGD' => 1.7344049999999999744915157862124033272266387939453125,
  'SHP' => 1,
  'SLL' => 28667.38851300000169430859386920928955078125,
  'SOS' => 778.4303780000000188010744750499725341796875,
  'SRD' => 52.1206600000000008776623872108757495880126953125,
  'SSP' => 178.0783529999999927895260043442249298095703125,
  'STD' => 30461.43290799999886075966060161590576171875,
  'SVC' => 11.939260000000000871978045324794948101043701171875,
  'SYP' => 17775.02493799999865586869418621063232421875,
  'SZL' => 21.98979200000000133741195895709097385406494140625,
  'THB' => 42.54413000000000266709321294911205768585205078125,
  'TJS' => 12.7376459999999998018438418512232601642608642578125,
  'TMT' => 4.79851899999999975676701069460250437259674072265625,
  'TND' => 3.91024599999999988853005561395548284053802490234375,
  'TOP' => 3.29164700000000021162804841878823935985565185546875,
  'TRY' => 59.32759999999999678266249247826635837554931640625,
  'TTD' => 9.2726629999999996556425685412250459194183349609375,
  'TWD' => 43.0242760000000004083631210960447788238525390625,
  'TZS' => 3486.75118900000006760819815099239349365234375,
  'UAH' => 58.82600800000000162981450557708740234375,
  'UGX' => 4837.1753349999999045394361019134521484375,
  'USD' => 1.367099000000000064147798184421844780445098876953125,
  'UYU' => 51.22086900000000042609826778061687946319580078125,
  'UZS' => 16562.40786999999909312464296817779541015625,
  'VND' => 35731.81619599999976344406604766845703125,
  'VUV' => 165.829144000000013647877494804561138153076171875,
  'WST' => 3.783856999999999803918626639642752707004547119140625,
  'XAF' => 755.8627569999999877836671657860279083251953125,
  'XAG' => 0.01224699999999999920630155969547558925114572048187255859375,
  'XAU' => 0.0002689999999999999791451543718068251109798438847064971923828125,
  'XCD' => 3.6946539999999998826751834712922573089599609375,
  'XDR' => 0.938863000000000003097966327914036810398101806640625,
  'XOF' => 755.8627569999999877836671657860279083251953125,
  'XPD' => 0.000674000000000000011428358259735205137985758483409881591796875,
  'XPF' => 137.506604000000010046278475783765316009521484375,
  'XPT' => 0.0005130000000000000011379786002407854539342224597930908203125,
  'YER' => 323.7291890000000194049789570271968841552734375,
  'ZAR' => 21.951344999999999885176293901167809963226318359375,
  'ZMW' => 26.641228000000001685521056060679256916046142578125,
  'ZWL' => 440.2059709999999768115230835974216461181640625,
)
2026-01-27T13:22:42+00:00 INFO ENVIRONMENT: array (
  'WP_User' => 'Guest (non logged-in user)',
  'HTTP_REFERER' => '--',
  'HTTP_USER_AGENT' => 'Mozilla/5.0 (Windows NT 10.0; Win64; x64) AppleWebKit/537.36 (KHTML, like Gecko) Chrome/133.0.0.0 Safari/537.36',
  'REQUEST_URI' => '/product/hosomaki-roll-with-cucumber-and-sesame-seeds/?add-to-cart=426',
  'DOING_AJAX' => false,
  'DOING_CRON' => false,
  'WP_CLI' => false,
)
2026-01-27T13:22:42+00:00 INFO REQUEST GET https://public-api.wordpress.com/wpcom/v2/sites/%s/wcpay/disputes?test_mode=0&pagesize=50&search%5B0%5D=warning_needs_response&search%5B1%5D=needs_response
2026-01-27T13:22:42+00:00 INFO HEADERS: array (
  'Content-Type' => 'application/json; charset=utf-8',
  'User-Agent' => 'WooCommerce Payments/8.6.0',
)
2026-01-27T13:22:43+00:00 INFO RESPONSE: array (
  'data' => 
  array (
  ),
)
2026-01-27T17:02:10+00:00 INFO ENVIRONMENT: array (
  'WP_User' => 'Guest (non logged-in user)',
  'HTTP_REFERER' => '--',
  'HTTP_USER_AGENT' => 'Mozilla/5.0 AppleWebKit/537.36 (KHTML, like Gecko; compatible; bingbot/2.0; +http://www.bing.com/bingbot.htm) Chrome/116.0.1938.76 Safari/537.36',
  'REQUEST_URI' => '/product/spicy-ahi-poke',
  'DOING_AJAX' => false,
  'DOING_CRON' => false,
  'WP_CLI' => false,
)
2026-01-27T17:02:10+00:00 INFO REQUEST GET https://public-api.wordpress.com/wpcom/v2/sites/%s/wcpay/currency/rates?test_mode=0&currency_from=gbp
2026-01-27T17:02:10+00:00 INFO HEADERS: array (
  'Content-Type' => 'application/json; charset=utf-8',
  'User-Agent' => 'WooCommerce Payments/8.6.0',
)
2026-01-27T17:02:10+00:00 INFO RESPONSE: array (
  'AED' => 5.0618590000000001083435563487000763416290283203125,
  'AFN' => 89.5782329999999973324520397000014781951904296875,
  'ALL' => 111.8325459999999935689629637636244297027587890625,
  'AMD' => 521.4885960000000295622157864272594451904296875,
  'ANG' => 2.466847000000000011965539670200087130069732666015625,
  'AOA' => 1256.916981000000077983713708817958831787109375,
  'ARS' => 1986.2001829999999245046637952327728271484375,
  'AUD' => 1.9781910000000000326991766996798105537891387939453125,
  'AWG' => 2.482350999999999974221509546623565256595611572265625,
  'AZN' => 2.3428149999999998698285708087496459484100341796875,
  'BAM' => 2.2630140000000000810587152955122292041778564453125,
  'BBD' => 2.75625300000000006406253305613063275814056396484375,
  'BDT' => 168.194314999999988913259585388004779815673828125,
  'BGN' => 2.255885999999999835807784620556049048900604248046875,
  'BHD' => 0.5195060000000000233200125876464881002902984619140625,
  'BIF' => 4093.036199000000124215148389339447021484375,
  'BMD' => 1.37812700000000010192025001742877066135406494140625,
  'BND' => 1.7431970000000001075335376299335621297359466552734375,
  'BOB' => 9.5110650000000003245759216952137649059295654296875,
  'BRL' => 7.22579399999999960613195071346126496791839599609375,
  'BSD' => 1.37812700000000010192025001742877066135406494140625,
  'BTC' => 1.599999999999999927596978921418013896982301957905292510986328125E-5,
  'BTN' => 124.99862400000000661748345009982585906982421875,
  'BWP' => 18.115370999999999668261807528324425220489501953125,
  'BYN' => 3.921933999999999809205064593697898089885711669921875,
  'BZD' => 2.76821800000000006747313818777911365032196044921875,
  'CAD' => 1.8777699999999999391775418189354240894317626953125,
  'CDF' => 3162.3019930000000385916791856288909912109375,
  'CHF' => 1.0571829999999999838422581888153217732906341552734375,
  'CLF' => 0.030113000000000000877520278663723729550838470458984375,
  'CLP' => 1189.00634399999989909701980650424957275390625,
  'CNH' => 9.573446000000000566387825529091060161590576171875,
  'CNY' => 9.5843199999999999505462255910970270633697509765625,
  'COP' => 5077.8455149999999775900505483150482177734375,
  'CRC' => 683.839232000000038169673644006252288818359375,
  'CUC' => 1.37812700000000010192025001742877066135406494140625,
  'CUP' => 35.48676199999999880674295127391815185546875,
  'CVE' => 127.58634299999999939245753921568393707275390625,
  'CZK' => 27.9691159999999996443875716067850589752197265625,
  'DJF' => 245.10181099999999787542037665843963623046875,
  'DKK' => 8.605919000000000096406438387930393218994140625,
  'DOP' => 86.1278310000000004720277502201497554779052734375,
  'DZD' => 177.761813999999986890543368645012378692626953125,
  'EGP' => 64.808010999999993373421602882444858551025390625,
  'ERN' => 20.67190000000000082991391536779701709747314453125,
  'ETB' => 213.997751999999991312506608664989471435546875,
  'EUR' => 1.1524170000000000246842546403058804571628570556640625,
  'FJD' => 3.038286999999999959953811412560753524303436279296875,
  'FKP' => 1,
  'GBP' => 1,
  'GEL' => 3.70716100000000015057821656228043138980865478515625,
  'GGP' => 1,
  'GHS' => 15.0698150000000001824673745431937277317047119140625,
  'GIP' => 1,
  'GMD' => 100.6032479999999935671439743600785732269287109375,
  'GNF' => 12058.60832999999911407940089702606201171875,
  'GTQ' => 10.5607430000000004355342753115110099315643310546875,
  'GYD' => 287.95972100000000182262738235294818878173828125,
  'HKD' => 10.749843999999999510919224121607840061187744140625,
  'HNL' => 36.32330999999999932015271042473614215850830078125,
  'HRK' => 8.6904500000000002302158463862724602222442626953125,
  'HTG' => 180.5057630000000017389538697898387908935546875,
  'HUF' => 437.2954399999999850479071028530597686767578125,
  'IDR' => 23008.8492530000003171153366565704345703125,
  'ILS' => 4.28052299999999963375785227981396019458770751953125,
  'IMP' => 1,
  'INR' => 126.176468999999997322447597980499267578125,
  'IQD' => 1803.08695699999998396378941833972930908203125,
  'IRR' => 57999.8388760000016191042959690093994140625,
  'ISK' => 167.3045769999999947685864754021167755126953125,
  'JEP' => 1,
  'JMD' => 216.246431999999998652128851972520351409912109375,
  'JOD' => 0.97709199999999996055777273795683868229389190673828125,
  'JPY' => 210.91032200000000784712028689682483673095703125,
  'KES' => 177.55783999999999878127709962427616119384765625,
  'KGS' => 120.5157990000000012287273420952260494232177734375,
  'KHR' => 5534.4226360000002387096174061298370361328125,
  'KMF' => 575.36763199999995777034200727939605712890625,
  'KPW' => 1240.314000000000078216544352471828460693359375,
  'KRW' => 1981.24969000000010055373422801494598388671875,
  'KWD' => 0.422084999999999987974064197260304354131221771240234375,
  'KYD' => 1.1470119999999999205186895778751932084560394287109375,
  'KZT' => 693.4173939999999447536538355052471160888671875,
  'LAK' => 29656.43496999999842955730855464935302734375,
  'LBP' => 123233.045742000002064742147922515869140625,
  'LKR' => 426.190063000000009196810424327850341796875,
  'LRD' => 254.623468000000002575688995420932769775390625,
  'LSL' => 22.071224999999998317434801720082759857177734375,
  'LYD' => 8.6873810000000002418119038338772952556610107421875,
  'MAD' => 12.4995600000000006701839083689264953136444091796875,
  'MDL' => 23.152201999999999060264599393121898174285888671875,
  'MGA' => 6178.8354399999998349812813103199005126953125,
  'MKD' => 71.1444960000000037325662560760974884033203125,
  'MMK' => 2893.9281860000000961008481681346893310546875,
  'MNT' => 4906.1309320000000298023223876953125,
  'MOP' => 11.0597949999999993764276950969360768795013427734375,
  'MUR' => 62.73232999999999748297341284342110157012939453125,
  'MVR' => 21.30583800000000138652467285282909870147705078125,
  'MWK' => 2386.665195999999923515133559703826904296875,
  'MXN' => 23.79293799999999947658579912967979907989501953125,
  'MYR' => 5.44704500000000013670842236024327576160430908203125,
  'MZN' => 87.8555740000000042755345930345356464385986328125,
  'NAD' => 22.07113199999999864076016820035874843597412109375,
  'NGN' => 1940.4988149999999222927726805210113525390625,
  'NIO' => 50.645747000000000070940586738288402557373046875,
  'NOK' => 13.292441000000000173031367012299597263336181640625,
  'NPR' => 199.990826999999995905454852618277072906494140625,
  'NZD' => 2.293861000000000149867673826520331203937530517578125,
  'OMR' => 0.52988400000000002165734258596785366535186767578125,
  'PAB' => 1.37812700000000010192025001742877066135406494140625,
  'PEN' => 4.6133100000000002438582669128663837909698486328125,
  'PGK' => 5.8884460000000000690079104970209300518035888671875,
  'PHP' => 81.21989800000000059299054555594921112060546875,
  'PKR' => 385.357612000000017360434867441654205322265625,
  'PLN' => 4.8390389999999996462065610103309154510498046875,
  'PYG' => 9225.389413999999305815435945987701416015625,
  'QAR' => 5.00366999999999961801222525537014007568359375,
  'RON' => 5.875643000000000171212377608753740787506103515625,
  'RSD' => 135.33341699999999718784238211810588836669921875,
  'RUB' => 105.2627489999999994552126736380159854888916015625,
  'RWF' => 2008.112276000000065323547460138797760009765625,
  'SAR' => 5.1683930000000000148929757415316998958587646484375,
  'SBD' => 11.1365970000000000794670995674096047878265380859375,
  'SCR' => 18.671876999999998503199094557203352451324462890625,
  'SDG' => 828.943189999999958672560751438140869140625,
  'SEK' => 12.165777999999999536839823122136294841766357421875,
  'SGD' => 1.741101000000000009748646334628574550151824951171875,
  'SHP' => 1,
  'SLL' => 28898.6271280000000842846930027008056640625,
  'SOS' => 785.2005540000000110012479126453399658203125,
  'SRD' => 52.77811700000000172394720721058547496795654296875,
  'SSP' => 179.514780000000001791704562492668628692626953125,
  'STD' => 30707.142751999999745748937129974365234375,
  'SVC' => 12.0429230000000000444515535491518676280975341796875,
  'SYP' => 17918.402914999998756684362888336181640625,
  'SZL' => 22.064513999999999072088030516169965267181396484375,
  'THB' => 42.83562200000000075306161306798458099365234375,
  'TJS' => 12.8556229999999995783355188905261456966400146484375,
  'TMT' => 4.837225000000000108002495835535228252410888671875,
  'TND' => 3.96881299999999992422772265854291617870330810546875,
  'TOP' => 3.318198000000000202902583623654209077358245849609375,
  'TRY' => 59.817261000000002013621269725263118743896484375,
  'TTD' => 9.359685999999999950205165077932178974151611328125,
  'TWD' => 43.28048100000000175668901647441089153289794921875,
  'TZS' => 3520.04420600000003105378709733486175537109375,
  'UAH' => 59.08232100000000031059244065545499324798583984375,
  'UGX' => 4914.168700000000171712599694728851318359375,
  'USD' => 1.37812700000000010192025001742877066135406494140625,
  'UYU' => 51.63403000000000275804268312640488147735595703125,
  'UZS' => 16652.49794000000110827386379241943359375,
  'VND' => 36015.962295999997877515852451324462890625,
  'VUV' => 167.16676499999999805368133820593357086181640625,
  'WST' => 3.814379000000000186076931640855036675930023193359375,
  'XAF' => 755.93608300000005328911356627941131591796875,
  'XAG' => 0.0129610000000000002984279490192420780658721923828125,
  'XAU' => 0.000271999999999999997855881783692666431306861340999603271484375,
  'XCD' => 3.724455999999999988858689903281629085540771484375,
  'XDR' => 0.9464360000000000550102186025469563901424407958984375,
  'XOF' => 755.93608300000005328911356627941131591796875,
  'XPD' => 0.000720999999999999961232399758870315054082311689853668212890625,
  'XPF' => 137.5199440000000095096766017377376556396484375,
  'XPT' => 0.0005389999999999999825972540890006712288595736026763916015625,
  'YER' => 326.340472999999974490492604672908782958984375,
  'ZAR' => 22.028097999999999956344254314899444580078125,
  'ZMW' => 26.856123000000000189402271644212305545806884765625,
  'ZWL' => 443.75678699999997434133547358214855194091796875,
)
2026-01-27T19:27:09+00:00 INFO ENVIRONMENT: array (
  'WP_User' => 'Guest (non logged-in user)',
  'HTTP_REFERER' => '--',
  'HTTP_USER_AGENT' => 'Mozilla/5.0 (Windows NT 10.0; Win64; x64) AppleWebKit/537.36 (KHTML, like Gecko) Chrome/120.0.0.0 Safari/537.36',
  'REQUEST_URI' => '/wp-admin/',
  'DOING_AJAX' => false,
  'DOING_CRON' => false,
  'WP_CLI' => false,
)
2026-01-27T19:27:09+00:00 INFO REQUEST GET https://public-api.wordpress.com/wpcom/v2/sites/%s/wcpay/accounts?test_mode=0
2026-01-27T19:27:09+00:00 INFO HEADERS: array (
  'Content-Type' => 'application/json; charset=utf-8',
  'User-Agent' => 'WooCommerce Payments/8.6.0',
)
2026-01-27T19:27:13+00:00 INFO RESPONSE: array (
  'account_id' => 'acct_1QJjXwFt5S7zes6j',
  'email' => '(redacted)',
  'communications_email' => 'contactus@papapoke.co.uk',
  'live_publishable_key' => 'pk_live_51ETDmyFuiXB5oUVxaIafkGPnwuNcBxr1pXVhvLJ4BrWuiqfG6SldjatOGLQhuqXnDmgqwRA7tDoSFlbY4wFji7KR0079TvtxNs',
  'test_publishable_key' => 'pk_test_51ETDmyFuiXB5oUVxwSobQMW5Tno1GclIq7ePZWzLeW4q8oa7Zb8hI5VfwI5sNT5nXuKYinLukNvGCXmsQXAoDGHG00MqHqlYHR',
  'is_live' => true,
  'is_test_drive' => false,
  'created' => '2024-11-10 22:23:55',
  'has_pending_requirements' => false,
  'has_future_requirements' => false,
  'has_overdue_requirements' => false,
  'details_submitted' => true,
  'current_deadline' => NULL,
  'status' => 'complete',
  'capabilities' => 
  array (
    'card_payments' => 'active',
    'transfers' => 'active',
    'afterpay_clearpay_payments' => 'unrequested',
    'alipay_payments' => 'unrequested',
    'amazon_pay_payments' => 'unrequested',
    'bacs_debit_payments' => 'unrequested',
    'bancontact_payments' => 'unrequested',
    'bank_transfer_payments' => 'unrequested',
    'billie_payments' => 'unrequested',
    'cartes_bancaires_payments' => 'unrequested',
    'eps_payments' => 'unrequested',
    'gb_bank_transfer_payments' => 'unrequested',
    'ideal_payments' => 'unrequested',
    'kakao_pay_payments' => 'unrequested',
    'klarna' => 'unrequested',
    'klarna_payments' => 'unrequested',
    'kr_card_payments' => 'unrequested',
    'legacy_payments' => 'unrequested',
    'link_payments' => 'unrequested',
    'mb_way_payments' => 'unrequested',
    'multibanco_payments' => 'unrequested',
    'naver_pay_payments' => 'unrequested',
    'p24_payments' => 'unrequested',
    'pay_by_bank_payments' => 'unrequested',
    'payco_payments' => 'unrequested',
    'revolut_pay_payments' => 'unrequested',
    'samsung_pay_payments' => 'unrequested',
    'sepa_bank_transfer_payments' => 'unrequested',
    'sepa_debit_payments' => 'unrequested',
    'twint_payments' => 'unrequested',
    'us_bank_account_ach_payments' => 'unrequested',
    'us_bank_transfer_payments' => 'unrequested',
    'wechat_pay_payments' => 'unrequested',
  ),
  'capability_requirements' => 
  array (
    'afterpay_clearpay_payments' => 
    array (
    ),
    'alipay_payments' => 
    array (
      0 => 'business_profile.product_description',
    ),
    'amazon_pay_payments' => 
    array (
    ),
    'bacs_debit_payments' => 
    array (
    ),
    'bancontact_payments' => 
    array (
    ),
    'bank_transfer_payments' => 
    array (
    ),
    'billie_payments' => 
    array (
    ),
    'card_payments' => 
    array (
    ),
    'cartes_bancaires_payments' => 
    array (
    ),
    'eps_payments' => 
    array (
    ),
    'gb_bank_transfer_payments' => 
    array (
    ),
    'ideal_payments' => 
    array (
    ),
    'kakao_pay_payments' => 
    array (
    ),
    'klarna' => 
    array (
    ),
    'klarna_payments' => 
    array (
    ),
    'kr_card_payments' => 
    array (
    ),
    'legacy_payments' => 
    array (
    ),
    'link_payments' => 
    array (
    ),
    'mb_way_payments' => 
    array (
    ),
    'multibanco_payments' => 
    array (
    ),
    'naver_pay_payments' => 
    array (
    ),
    'p24_payments' => 
    array (
    ),
    'pay_by_bank_payments' => 
    array (
    ),
    'payco_payments' => 
    array (
    ),
    'revolut_pay_payments' => 
    array (
    ),
    'samsung_pay_payments' => 
    array (
    ),
    'sepa_bank_transfer_payments' => 
    array (
    ),
    'sepa_debit_payments' => 
    array (
    ),
    'transfers' => 
    array (
    ),
    'twint_payments' => 
    array (
    ),
    'us_bank_account_ach_payments' => 
    array (
    ),
    'us_bank_transfer_payments' => 
    array (
    ),
    'wechat_pay_payments' => 
    array (
      0 => 'business_profile.product_description',
    ),
  ),
  'payments_enabled' => true,
  'deposits' => 
  array (
    'status' => 'enabled',
    'restrictions' => 'deposits_unrestricted',
    'interval' => 'daily',
    'weekly_anchor' => '',
    'monthly_anchor' => NULL,
    'delay_days' => 3,
    'completed_waiting_period' => false,
    'minimum_manual_deposit_amounts' => 
    array (
      'aud' => 500,
      'bgn' => 100,
      'cad' => 500,
      'chf' => 500,
      'czk' => 3000,
      'dkk' => 5000,
      'eur' => 500,
      'gbp' => 500,
      'hkd' => 5000,
      'huf' => 36000,
      'nok' => 5000,
      'nzd' => 500,
      'jpy' => 50,
      'sek' => 5000,
      'sgd' => 500,
      'usd' => 500,
      'ron' => 500,
      'pln' => 500,
      'aed' => 200,
    ),
    'minimum_scheduled_deposit_amounts' => 
    array (
      'aed' => 200,
      'aud' => 0,
      'bgn' => 100,
      'cad' => 0,
      'chf' => 500,
      'czk' => 3000,
      'dkk' => 2000,
      'eur' => 100,
      'gbp' => 100,
      'hkd' => 0,
      'huf' => 36000,
      'jpy' => 1,
      'nok' => 2000,
      'nzd' => 0,
      'pln' => 500,
      'ron' => 500,
      'sek' => 2000,
      'sgd' => 100,
      'usd' => 0,
    ),
  ),
  'lifetime_total_payment_volume' => 0,
  'requirements' => 
  array (
    'errors' => 
    array (
    ),
  ),
  'statement_descriptor' => 'PAPA POKE',
  'statement_descriptor_kanji' => '',
  'statement_descriptor_kana' => '',
  'latest_tos_agreement' => 
  array (
    'date' => '2024-11-10 22:23:55',
    'source' => 'signup',
    'is_current_version' => true,
  ),
  'fees' => 
  array (
    'base' => 
    array (
      'percentage_rate' => 0.01499999999999999944488848768742172978818416595458984375,
      'fixed_rate' => 25,
      'currency' => 'gbp',
    ),
    'discount' => 
    array (
    ),
    'card' => 
    array (
      'base' => 
      array (
        'percentage_rate' => 0.01499999999999999944488848768742172978818416595458984375,
        'fixed_rate' => 25,
        'currency' => 'gbp',
      ),
      'additional' => 
      array (
        'percentage_rate' => 0.0200000000000000004163336342344337026588618755340576171875,
        'fixed_rate' => 0,
        'currency' => 'eur',
      ),
      'fx' => 
      array (
        'percentage_rate' => 0.0200000000000000004163336342344337026588618755340576171875,
        'fixed_rate' => 0,
        'currency' => 'gbp',
      ),
      'discount' => 
      array (
      ),
    ),
    'card_present' => 
    array (
      'base' => 
      array (
        'percentage_rate' => 0.01400000000000000029143354396410359186120331287384033203125,
        'fixed_rate' => 20,
        'currency' => 'gbp',
      ),
      'additional' => 
      array (
        'percentage_rate' => 0.0200000000000000004163336342344337026588618755340576171875,
        'fixed_rate' => 0,
        'currency' => 'gbp',
      ),
      'fx' => 
      array (
        'percentage_rate' => 0.0200000000000000004163336342344337026588618755340576171875,
        'fixed_rate' => 0,
        'currency' => 'gbp',
      ),
      'discount' => 
      array (
      ),
    ),
    'bancontact' => 
    array (
      'base' => 
      array (
        'percentage_rate' => 0.01400000000000000029143354396410359186120331287384033203125,
        'fixed_rate' => 20,
        'currency' => 'gbp',
      ),
      'additional' => 
      array (
        'percentage_rate' => 0,
        'fixed_rate' => 0,
        'currency' => 'gbp',
      ),
      'fx' => 
      array (
        'percentage_rate' => 0,
        'fixed_rate' => 0,
        'currency' => 'gbp',
      ),
      'discount' => 
      array (
      ),
    ),
    'eps' => 
    array (
      'base' => 
      array (
        'percentage_rate' => 0.01600000000000000033306690738754696212708950042724609375,
        'fixed_rate' => 20,
        'currency' => 'gbp',
      ),
      'additional' => 
      array (
        'percentage_rate' => 0,
        'fixed_rate' => 0,
        'currency' => 'gbp',
      ),
      'fx' => 
      array (
        'percentage_rate' => 0,
        'fixed_rate' => 0,
        'currency' => 'gbp',
      ),
      'discount' => 
      array (
      ),
    ),
    'ideal' => 
    array (
      'base' => 
      array (
        'percentage_rate' => 0,
        'fixed_rate' => 25,
        'currency' => 'gbp',
      ),
      'additional' => 
      array (
        'percentage_rate' => 0,
        'fixed_rate' => 0,
        'currency' => 'gbp',
      ),
      'fx' => 
      array (
        'percentage_rate' => 0,
        'fixed_rate' => 0,
        'currency' => 'gbp',
      ),
      'discount' => 
      array (
      ),
    ),
    'p24' => 
    array (
      'base' => 
      array (
        'percentage_rate' => 0.021999999999999998723243521681069978512823581695556640625,
        'fixed_rate' => 20,
        'currency' => 'gbp',
      ),
      'additional' => 
      array (
        'percentage_rate' => 0,
        'fixed_rate' => 0,
        'currency' => 'gbp',
      ),
      'fx' => 
      array (
        'percentage_rate' => 0,
        'fixed_rate' => 0,
        'currency' => 'gbp',
      ),
      'discount' => 
      array (
      ),
    ),
    'klarna' => 
    array (
      'base' => 
      array (
        'percentage_rate' => 0.049899999999999999911182158029987476766109466552734375,
        'fixed_rate' => 35,
        'currency' => 'gbp',
      ),
      'additional' => 
      array (
        'percentage_rate' => 0,
        'fixed_rate' => 0,
        'currency' => 'gbp',
      ),
      'fx' => 
      array (
        'percentage_rate' => 0,
        'fixed_rate' => 0,
        'currency' => 'gbp',
      ),
      'discount' => 
      array (
      ),
    ),
    'afterpay_clearpay' => 
    array (
      'base' => 
      array (
        'percentage_rate' => 0.059999999999999997779553950749686919152736663818359375,
        'fixed_rate' => 30,
        'currency' => 'gbp',
      ),
      'additional' => 
      array (
        'percentage_rate' => 0,
        'fixed_rate' => 0,
        'currency' => 'gbp',
      ),
      'fx' => 
      array (
        'percentage_rate' => 0,
        'fixed_rate' => 0,
        'currency' => 'gbp',
      ),
      'discount' => 
      array (
      ),
    ),
  ),
  'capital' => 
  array (
    'has_active_loan' => false,
    'has_previous_loans' => false,
    'loans' => 
    array (
    ),
  ),
  'fraud_services' => 
  array (
    'stripe' => 
    array (
    ),
    'sift' => 
    array (
      'beacon_key' => '1d81b5c86a',
      'sandbox_beacon_key' => '43e8654e6f',
    ),
  ),
  'store_currencies' => 
  array (
    'default' => 'gbp',
    'supported' => 
    array (
      0 => 'gbp',
    ),
  ),
  'customer_currencies' => 
  array (
    'supported' => 
    array (
      0 => 'usd',
      1 => 'aed',
      2 => 'afn',
      3 => 'all',
      4 => 'amd',
      5 => 'ang',
      6 => 'aoa',
      7 => 'ars',
      8 => 'aud',
      9 => 'awg',
      10 => 'azn',
      11 => 'bam',
      12 => 'bbd',
      13 => 'bdt',
      15 => 'bif',
      16 => 'bmd',
      17 => 'bnd',
      18 => 'bob',
      19 => 'brl',
      20 => 'bsd',
      21 => 'bwp',
      22 => 'byn',
      23 => 'bzd',
      24 => 'cad',
      25 => 'cdf',
      26 => 'chf',
      27 => 'clp',
      28 => 'cny',
      29 => 'cop',
      30 => 'crc',
      31 => 'cve',
      32 => 'czk',
      33 => 'djf',
      34 => 'dkk',
      35 => 'dop',
      36 => 'dzd',
      37 => 'egp',
      38 => 'etb',
      39 => 'eur',
      40 => 'fjd',
      41 => 'fkp',
      42 => 'gbp',
      43 => 'gel',
      44 => 'gip',
      45 => 'gmd',
      46 => 'gnf',
      47 => 'gtq',
      48 => 'gyd',
      49 => 'hkd',
      50 => 'hnl',
      51 => 'htg',
      52 => 'huf',
      53 => 'idr',
      54 => 'ils',
      55 => 'inr',
      56 => 'isk',
      57 => 'jmd',
      58 => 'jpy',
      59 => 'kes',
      60 => 'kgs',
      61 => 'khr',
      62 => 'kmf',
      63 => 'krw',
      64 => 'kyd',
      65 => 'kzt',
      66 => 'lak',
      67 => 'lbp',
      68 => 'lkr',
      69 => 'lrd',
      70 => 'lsl',
      71 => 'mad',
      72 => 'mdl',
      73 => 'mga',
      74 => 'mkd',
      75 => 'mmk',
      76 => 'mnt',
      77 => 'mop',
      78 => 'mur',
      79 => 'mvr',
      80 => 'mwk',
      81 => 'mxn',
      82 => 'myr',
      83 => 'mzn',
      84 => 'nad',
      85 => 'ngn',
      86 => 'nio',
      87 => 'nok',
      88 => 'npr',
      89 => 'nzd',
      90 => 'pab',
      91 => 'pen',
      92 => 'pgk',
      93 => 'php',
      94 => 'pkr',
      95 => 'pln',
      96 => 'pyg',
      97 => 'qar',
      98 => 'ron',
      99 => 'rsd',
      100 => 'rub',
      101 => 'rwf',
      102 => 'sar',
      103 => 'sbd',
      104 => 'scr',
      105 => 'sek',
      106 => 'sgd',
      107 => 'shp',
      108 => 'sle',
      109 => 'sos',
      110 => 'srd',
      111 => 'std',
      112 => 'szl',
      113 => 'thb',
      114 => 'tjs',
      115 => 'top',
      116 => 'try',
      117 => 'ttd',
      118 => 'twd',
      119 => 'tzs',
      120 => 'uah',
      121 => 'ugx',
      122 => 'uyu',
      123 => 'uzs',
      124 => 'vnd',
      125 => 'vuv',
      126 => 'wst',
      127 => 'xaf',
      128 => 'xcd',
      129 => 'xcg',
      130 => 'xof',
      131 => 'xpf',
      132 => 'yer',
      133 => 'zar',
      134 => 'zmw',
    ),
  ),
  'country' => '(redacted)',
  'instant_deposits_eligible' => false,
  'card_present_eligible' => true,
  'has_card_readers_available' => false,
  'platform_checkout_eligible' => false,
  'platform_direct_checkout_eligible' => false,
  'platform_global_theme_support_enabled' => false,
  'business_profile' => 
  array (
    'name' => '(redacted)',
    'url' => 'https://papapoke.co.uk',
    'support_address' => 
    array (
    ),
    'support_email' => 'contactus@papapoke.co.uk',
    'support_phone' => '+447387156597',
  ),
  'branding' => 
  array (
    'icon' => NULL,
    'logo' => NULL,
    'primary_color' => NULL,
    'secondary_color' => NULL,
  ),
  'locale' => 'en_GB',
  'has_more_failed_events' => false,
  'has_submitted_vat_data' => false,
  'is_documents_enabled' => true,
  'card_testing_protection_eligible' => false,
  'fraud_mitigation_settings' => 
  array (
    'avs_check_enabled' => false,
    'cvc_check_enabled' => true,
  ),
  'is_deferred_intent_creation_upe_enabled' => true,
  'pre_check_save_my_info' => false,
  'is_tokenized_ece_disabled' => false,
  'ece_confirmation_tokens_disabled' => false,
  'eligibility_wporg_review_campaign_2025' => false,
  'progressive_onboarding' => 
  array (
    'is_enabled' => false,
    'is_complete' => false,
  ),
)
2026-01-27T20:20:17+00:00 INFO ENVIRONMENT: array (
  'WP_User' => 'vk',
  'HTTP_REFERER' => '--',
  'HTTP_USER_AGENT' => 'WordPress/6.9; https://papapoke.co.uk',
  'REQUEST_URI' => '/wp-admin/admin-ajax.php?action=as_async_request_queue_runner&nonce=6c30b8afbc',
  'DOING_AJAX' => true,
  'DOING_CRON' => false,
  'WP_CLI' => false,
)
2026-01-27T20:20:17+00:00 INFO REQUEST POST https://public-api.wordpress.com/wpcom/v2/sites/%s/wcpay/compatibility
2026-01-27T20:20:17+00:00 INFO HEADERS: array (
  'Content-Type' => 'application/json; charset=utf-8',
  'User-Agent' => 'WooCommerce Payments/8.6.0',
  'Idempotency-Key' => 'fa140e49-b0ac-4356-a83d-23aae4742265',
)
2026-01-27T20:20:17+00:00 INFO BODY: array (
  'test_mode' => false,
  'compatibility_data' => 
  array (
    'woopayments_version' => '8.6.0',
    'woocommerce_version' => '10.0.5',
    'woocommerce_permalinks' => 
    array (
      'product_base' => 'product',
      'category_base' => 'product-category',
      'tag_base' => 'product-tag',
      'attribute_base' => '',
      'use_verbose_page_rules' => false,
    ),
    'woocommerce_shop' => 'https://papapoke.co.uk/?page_id=7',
    'woocommerce_cart' => 'Not set',
    'woocommerce_checkout' => 'https://papapoke.co.uk/checkout/',
    'blog_theme' => 'papa',
    'active_plugins' => 
    array (
      0 => 'added-to-cart-popup-woocommerce/xoo-cp-main.php',
      1 => 'advanced-custom-fields-pro/acf.php',
      2 => 'classic-editor/classic-editor.php',
      3 => 'classic-widgets/classic-widgets.php',
      4 => 'contact-form-7/wp-contact-form-7.php',
      5 => 'health-check/health-check.php',
      6 => 'popup-maker/popup-maker.php',
      8 => 'regenerate-thumbnails/regenerate-thumbnails.php',
      9 => 'shipping-zones-by-drawing-for-woocommerce/shipping-zones-by-drawing.php',
      10 => 'svg-support/svg-support.php',
      11 => 'webp-converter-for-media/webp-converter-for-media.php',
      12 => 'woo-pincode-checker/woo-pincode-checker.php',
      13 => 'woocommerce-google-analytics-integration/woocommerce-google-analytics-integration.php',
      14 => 'woocommerce-lightbox/main.php',
      15 => 'woocommerce-payments/woocommerce-payments.php',
      17 => 'woocommerce/woocommerce.php',
      18 => 'wordpress-seo/wp-seo.php',
      19 => 'wp-rocket/wp-rocket.php',
      20 => 'wp-sitemap-page/wp-sitemap-page.php',
    ),
    'post_types_count' => 
    array (
      'post' => 0,
      'page' => 7,
      'attachment' => 0,
      'product' => 55,
      'popup' => 2,
      'popup_theme' => 8,
      'szbdzones' => 2,
    ),
  ),
)
2026-01-27T20:20:17+00:00 INFO RESPONSE: array (
  'result' => 'success',
)
2026-01-27T22:22:47+00:00 INFO ENVIRONMENT: array (
  'WP_User' => 'Guest (non logged-in user)',
  'HTTP_REFERER' => '--',
  'HTTP_USER_AGENT' => 'WordPress/6.9; https://papapoke.co.uk',
  'REQUEST_URI' => '/wp-cron.php?doing_wp_cron=1769552567.2289960384368896484375',
  'DOING_AJAX' => false,
  'DOING_CRON' => true,
  'WP_CLI' => false,
)
2026-01-27T22:22:47+00:00 INFO REQUEST GET https://public-api.wordpress.com/wpcom/v2/wcpay/woopay/compatibility?test_mode=0
2026-01-27T22:22:47+00:00 INFO HEADERS: array (
  'Content-Type' => 'application/json; charset=utf-8',
  'User-Agent' => 'WooCommerce Payments/8.6.0',
)
2026-01-27T22:22:47+00:00 INFO RESPONSE: array (
  'incompatible_extensions' => 
  array (
    0 => 'class-wcdonation',
    1 => 'woocommerce-avatax',
    2 => 'woocommerce-table-rate-shipping',
    3 => 'woocommerce-memberships-for-teams',
    4 => 'woocommerce-checkout-add-ons',
    5 => 'woocommerce-checkout-field-editor',
    6 => 'woocommerce-eu-vat-number',
    7 => 'woocommerce-order-delivery',
    8 => 'woocommerce-pdf-product-vouchers',
    9 => 'woocommerce-shipping-local-pickup-plus',
    10 => 'woocommerce-shipping-multiple-addresses',
    11 => 'woocommerce-smart-coupons',
    12 => 'woocommerce-subscriptions-gifting',
    13 => 'advanced-product-fields-for-woocommerce',
    14 => 'mage-eventpress',
  ),
  'adapted_extensions' => 
  array (
    0 => 'woocommerce-points-and-rewards',
    1 => 'woocommerce-gift-cards',
  ),
  'available_countries' => 
  array (
    0 => 'US',
  ),
)
2026-01-27T23:05:36+00:00 INFO ENVIRONMENT: array (
  'WP_User' => 'Guest (non logged-in user)',
  'HTTP_REFERER' => '--',
  'HTTP_USER_AGENT' => 'Hello from Palo Alto Networks, find out more about our scans in https://docs-cortex.paloaltonetworks.com/r/1/Cortex-Xpanse/Scanning-activity',
  'REQUEST_URI' => '/api/modular-connector/',
  'DOING_AJAX' => false,
  'DOING_CRON' => false,
  'WP_CLI' => false,
)
2026-01-27T23:05:36+00:00 INFO REQUEST GET https://public-api.wordpress.com/wpcom/v2/sites/%s/wcpay/currency/rates?test_mode=0&currency_from=gbp
2026-01-27T23:05:36+00:00 INFO HEADERS: array (
  'Content-Type' => 'application/json; charset=utf-8',
  'User-Agent' => 'WooCommerce Payments/8.6.0',
)
2026-01-27T23:05:36+00:00 INFO RESPONSE: array (
  'AED' => 5.082997999999999905185177340172231197357177734375,
  'AFN' => 89.9523109999999945785020827315747737884521484375,
  'ALL' => 112.2995590000000021291270968504250049591064453125,
  'AMD' => 523.6663330000000087238731794059276580810546875,
  'ANG' => 2.477148000000000127585053633083589375019073486328125,
  'AOA' => 1269.019543000000112442648969590663909912109375,
  'ARS' => 1996.545679000000063751940615475177764892578125,
  'AUD' => 1.97399199999999996890664988313801586627960205078125,
  'AWG' => 2.49271699999999984953547027544118463993072509765625,
  'AZN' => 2.352599000000000106780362330027855932712554931640625,
  'BAM' => 2.272463999999999817447360328515060245990753173828125,
  'BBD' => 2.767762999999999973255171425989829003810882568359375,
  'BDT' => 168.896694999999994024619809351861476898193359375,
  'BGN' => 2.25188100000000002154365574824623763561248779296875,
  'BHD' => 0.52176199999999994805222058857907541096210479736328125,
  'BIF' => 4110.1287259999999150750227272510528564453125,
  'BMD' => 1.3838820000000000565165692023583687841892242431640625,
  'BND' => 1.750477000000000060708771343342959880828857421875,
  'BOB' => 9.550782999999999134388417587615549564361572265625,
  'BRL' => 7.17616500000000012704504115390591323375701904296875,
  'BSD' => 1.3838820000000000565165692023583687841892242431640625,
  'BTC' => 1.599999999999999927596978921418013896982301957905292510986328125E-5,
  'BTN' => 125.5206189999999963902155286632478237152099609375,
  'BWP' => 18.19102099999999921919879852794110774993896484375,
  'BYN' => 3.938311999999999812871465110220015048980712890625,
  'BZD' => 2.779777999999999860136767892981879413127899169921875,
  'CAD' => 1.879208999999999907259962128591723740100860595703125,
  'CDF' => 3175.5077719999999317224137485027313232421875,
  'CHF' => 1.0544860000000000344044792655040509998798370361328125,
  'CLF' => 0.030131999999999999062527678006517817266285419464111328125,
  'CLP' => 1189.7784750000000713043846189975738525390625,
  'CNH' => 9.5934030000000003468585418886505067348480224609375,
  'CNY' => 9.62448200000000042564352042973041534423828125,
  'COP' => 5047.8169719999996232218109071254730224609375,
  'CRC' => 686.6949459999999589854269288480281829833984375,
  'CUC' => 1.3838820000000000565165692023583687841892242431640625,
  'CUP' => 35.63495400000000046247805585153400897979736328125,
  'CVE' => 128.119144000000005689798854291439056396484375,
  'CZK' => 27.845150000000000289901436190120875835418701171875,
  'DJF' => 246.092880000000008067218004725873470306396484375,
  'DKK' => 8.5823990000000005551328285946510732173919677734375,
  'DOP' => 87.115354999999993879100657068192958831787109375,
  'DZD' => 178.806364000000002079104888252913951873779296875,
  'EGP' => 65.0322000000000031150193535722792148590087890625,
  'ERN' => 20.75822600000000051068127504549920558929443359375,
  'ETB' => 214.5016679999999951178324408829212188720703125,
  'EUR' => 1.149326999999999987522869560052640736103057861328125,
  'FJD' => 3.038243000000000026972202249453403055667877197265625,
  'FKP' => 1,
  'GBP' => 1,
  'GEL' => 3.729560999999999904019887253525666892528533935546875,
  'GGP' => 1,
  'GHS' => 15.1327470000000001704165697447024285793304443359375,
  'GIP' => 1,
  'GMD' => 101.0233669999999932542777969501912593841552734375,
  'GNF' => 12108.965103000000453903339803218841552734375,
  'GTQ' => 10.6048449999999991888444128562696278095245361328125,
  'GYD' => 289.162240999999994528479874134063720703125,
  'HKD' => 10.79642199999999974124875734560191631317138671875,
  'HNL' => 36.474997000000001889929990284144878387451171875,
  'HRK' => 8.674929999999999807869244250468909740447998046875,
  'HTG' => 181.259556000000003450622898526489734649658203125,
  'HUF' => 436.5331469999999853826011531054973602294921875,
  'IDR' => 23112.52996799999891663901507854461669921875,
  'ILS' => 4.298890000000000100044417195022106170654296875,
  'IMP' => 1,
  'INR' => 126.6244659999999981891960487700998783111572265625,
  'IQD' => 1812.8850609999999505816958844661712646484375,
  'IRR' => 58242.0463240000026416964828968048095703125,
  'ISK' => 166.923813999999993029632605612277984619140625,
  'JEP' => 1,
  'JMD' => 217.14947699999999031206243671476840972900390625,
  'JOD' => 0.98117200000000004411759846334462054073810577392578125,
  'JPY' => 210.7644950000000108047970570623874664306640625,
  'KES' => 178.839034999999995534381014294922351837158203125,
  'KGS' => 121.0190730000000058907971833832561969757080078125,
  'KHR' => 5578.42723800000021583400666713714599609375,
  'KMF' => 570.1591250000000172803993336856365203857421875,
  'KPW' => 1245.493553000000019892468117177486419677734375,
  'KRW' => 1979.484024000000090381945483386516571044921875,
  'KWD' => 0.4235320000000000195683469428331591188907623291015625,
  'KYD' => 1.151801999999999992496668710373342037200927734375,
  'KZT' => 696.313106999999945401214063167572021484375,
  'LAK' => 29812.27208400000017718411982059478759765625,
  'LBP' => 123747.66719599999487400054931640625,
  'LKR' => 427.9698329999999941719579510390758514404296875,
  'LRD' => 256.64086600000001681110006757080554962158203125,
  'LSL' => 22.163394000000000261252353084273636341094970703125,
  'LYD' => 8.753052000000000276713763014413416385650634765625,
  'MAD' => 12.55175799999999952660800772719085216522216796875,
  'MDL' => 23.248885999999998830389813520014286041259765625,
  'MGA' => 6204.6382700000003751483745872974395751953125,
  'MKD' => 71.20483500000000276486389338970184326171875,
  'MMK' => 2906.0132370000001174048520624637603759765625,
  'MNT' => 4926.618945000000167055986821651458740234375,
  'MOP' => 11.1059800000000006292566467891447246074676513671875,
  'MUR' => 62.99430000000000262616595136933028697967529296875,
  'MVR' => 21.380973000000000894260665518231689929962158203125,
  'MWK' => 2402.41867599999977755942381918430328369140625,
  'MXN' => 23.736660000000000536601874046027660369873046875,
  'MYR' => 5.46840900000000029734792406088672578334808349609375,
  'MZN' => 88.2293789999999944484443403780460357666015625,
  'NAD' => 22.128268999999999522287907893769443035125732421875,
  'NGN' => 1948.754568999999946754542179405689239501953125,
  'NIO' => 50.7884590000000031295712688006460666656494140625,
  'NOK' => 13.2550539999999994478230291861109435558319091796875,
  'NPR' => 200.82598999999999023202690295875072479248046875,
  'NZD' => 2.289267000000000162884816745645366609096527099609375,
  'OMR' => 0.53212899999999996314414829612360335886478424072265625,
  'PAB' => 1.3838820000000000565165692023583687841892242431640625,
  'PEN' => 4.63116000000000038738789953640662133693695068359375,
  'PGK' => 5.89118500000000011596057447604835033416748046875,
  'PHP' => 81.1743529999999964275048114359378814697265625,
  'PKR' => 387.14091300000001183434505946934223175048828125,
  'PLN' => 4.82632900000000031326408134191296994686126708984375,
  'PYG' => 9263.914660000000367290340363979339599609375,
  'QAR' => 5.03871399999999969310238157049752771854400634765625,
  'RON' => 5.85907900000000037010750020272098481655120849609375,
  'RSD' => 134.97967199999999365900293923914432525634765625,
  'RUB' => 106.0702280000000001791704562492668628692626953125,
  'RWF' => 2009.396265999999968698830343782901763916015625,
  'SAR' => 5.1894419999999996662154444493353366851806640625,
  'SBD' => 11.17854799999999926285454421304166316986083984375,
  'SCR' => 19.540403000000001298985807807184755802154541015625,
  'SDG' => 832.4048579999999901701812632381916046142578125,
  'SEK' => 12.1501140000000003027480488526634871959686279296875,
  'SGD' => 1.744005000000000027426949600339867174625396728515625,
  'SHP' => 1,
  'SLL' => 29019.3078549999991082586348056793212890625,
  'SOS' => 788.4795530000000098880263976752758026123046875,
  'SRD' => 52.99851799999999713008946855552494525909423828125,
  'SSP' => 180.26443399999999428473529405891895294189453125,
  'STD' => 30835.37584399999832385219633579254150390625,
  'SVC' => 12.093213999999999685996954212896525859832763671875,
  'SYP' => 17993.230202999999164603650569915771484375,
  'SZL' => 22.128268999999999522287907893769443035125732421875,
  'THB' => 42.7667890000000028294380172155797481536865234375,
  'TJS' => 12.909307999999999339024725486524403095245361328125,
  'TMT' => 4.85050600000000020628476704587228596210479736328125,
  'TND' => 3.911887999999999809830342201166786253452301025390625,
  'TOP' => 3.332054999999999989057641869294457137584686279296875,
  'TRY' => 60.06254700000000212867234949953854084014892578125,
  'TTD' => 9.3987719999999992381845004274509847164154052734375,
  'TWD' => 43.227620999999999185092747211456298828125,
  'TZS' => 3534.7439180000001215375959873199462890625,
  'UAH' => 59.32904899999999770443537272512912750244140625,
  'UGX' => 4934.690279000000373343937098979949951171875,
  'USD' => 1.3838820000000000565165692023583687841892242431640625,
  'UYU' => 51.8496540000000010195435606874525547027587890625,
  'UZS' => 16779.56592900000032386742532253265380859375,
  'VND' => 36166.3650290000005043111741542816162109375,
  'VUV' => 167.864853000000010752046364359557628631591796875,
  'WST' => 3.830308000000000046014747567824088037014007568359375,
  'XAF' => 753.9091310000000021318555809557437896728515625,
  'XAG' => 0.01230400000000000070021766163108623004518449306488037109375,
  'XAU' => 0.000266999999999999984741372305308004797552712261676788330078125,
  'XCD' => 3.7400099999999998345856511150486767292022705078125,
  'XDR' => 0.9503880000000000105586650533950887620449066162109375,
  'XOF' => 753.9091310000000021318555809557437896728515625,
  'XPD' => 0.00072400000000000003415323579503137807478196918964385986328125,
  'XPF' => 137.151200999999986152033670805394649505615234375,
  'XPT' => 0.000537999999999999958290308743613650221959687769412994384765625,
  'YER' => 329.91730599999999640203895978629589080810546875,
  'ZAR' => 22.00272100000000108366293716244399547576904296875,
  'ZMW' => 26.96827400000000096724761533550918102264404296875,
  'ZWL' => 445.6099159999999983483576215803623199462890625,
)
2026-01-27T23:54:04+00:00 INFO ENVIRONMENT: array (
  'WP_User' => 'Guest (non logged-in user)',
  'HTTP_REFERER' => '--',
  'HTTP_USER_AGENT' => 'Mozilla/5.0 (Windows NT 10.0; Win64; x64) AppleWebKit/537.36 (KHTML, like Gecko) Chrome/120.0.0.0 Safari/537.36',
  'REQUEST_URI' => '/wp-admin/',
  'DOING_AJAX' => false,
  'DOING_CRON' => false,
  'WP_CLI' => false,
)
2026-01-27T23:54:04+00:00 INFO REQUEST GET https://public-api.wordpress.com/wpcom/v2/sites/%s/wcpay/accounts?test_mode=0
2026-01-27T23:54:04+00:00 INFO HEADERS: array (
  'Content-Type' => 'application/json; charset=utf-8',
  'User-Agent' => 'WooCommerce Payments/8.6.0',
)
2026-01-27T23:54:05+00:00 INFO RESPONSE: array (
  'account_id' => 'acct_1QJjXwFt5S7zes6j',
  'email' => '(redacted)',
  'communications_email' => 'contactus@papapoke.co.uk',
  'live_publishable_key' => 'pk_live_51ETDmyFuiXB5oUVxaIafkGPnwuNcBxr1pXVhvLJ4BrWuiqfG6SldjatOGLQhuqXnDmgqwRA7tDoSFlbY4wFji7KR0079TvtxNs',
  'test_publishable_key' => 'pk_test_51ETDmyFuiXB5oUVxwSobQMW5Tno1GclIq7ePZWzLeW4q8oa7Zb8hI5VfwI5sNT5nXuKYinLukNvGCXmsQXAoDGHG00MqHqlYHR',
  'is_live' => true,
  'is_test_drive' => false,
  'created' => '2024-11-10 22:23:55',
  'has_pending_requirements' => false,
  'has_future_requirements' => false,
  'has_overdue_requirements' => false,
  'details_submitted' => true,
  'current_deadline' => NULL,
  'status' => 'complete',
  'capabilities' => 
  array (
    'card_payments' => 'active',
    'transfers' => 'active',
    'afterpay_clearpay_payments' => 'unrequested',
    'alipay_payments' => 'unrequested',
    'amazon_pay_payments' => 'unrequested',
    'bacs_debit_payments' => 'unrequested',
    'bancontact_payments' => 'unrequested',
    'bank_transfer_payments' => 'unrequested',
    'billie_payments' => 'unrequested',
    'cartes_bancaires_payments' => 'unrequested',
    'eps_payments' => 'unrequested',
    'gb_bank_transfer_payments' => 'unrequested',
    'ideal_payments' => 'unrequested',
    'kakao_pay_payments' => 'unrequested',
    'klarna' => 'unrequested',
    'klarna_payments' => 'unrequested',
    'kr_card_payments' => 'unrequested',
    'legacy_payments' => 'unrequested',
    'link_payments' => 'unrequested',
    'mb_way_payments' => 'unrequested',
    'multibanco_payments' => 'unrequested',
    'naver_pay_payments' => 'unrequested',
    'p24_payments' => 'unrequested',
    'pay_by_bank_payments' => 'unrequested',
    'payco_payments' => 'unrequested',
    'revolut_pay_payments' => 'unrequested',
    'samsung_pay_payments' => 'unrequested',
    'sepa_bank_transfer_payments' => 'unrequested',
    'sepa_debit_payments' => 'unrequested',
    'twint_payments' => 'unrequested',
    'us_bank_account_ach_payments' => 'unrequested',
    'us_bank_transfer_payments' => 'unrequested',
    'wechat_pay_payments' => 'unrequested',
  ),
  'capability_requirements' => 
  array (
    'afterpay_clearpay_payments' => 
    array (
    ),
    'alipay_payments' => 
    array (
      0 => 'business_profile.product_description',
    ),
    'amazon_pay_payments' => 
    array (
    ),
    'bacs_debit_payments' => 
    array (
    ),
    'bancontact_payments' => 
    array (
    ),
    'bank_transfer_payments' => 
    array (
    ),
    'billie_payments' => 
    array (
    ),
    'card_payments' => 
    array (
    ),
    'cartes_bancaires_payments' => 
    array (
    ),
    'eps_payments' => 
    array (
    ),
    'gb_bank_transfer_payments' => 
    array (
    ),
    'ideal_payments' => 
    array (
    ),
    'kakao_pay_payments' => 
    array (
    ),
    'klarna' => 
    array (
    ),
    'klarna_payments' => 
    array (
    ),
    'kr_card_payments' => 
    array (
    ),
    'legacy_payments' => 
    array (
    ),
    'link_payments' => 
    array (
    ),
    'mb_way_payments' => 
    array (
    ),
    'multibanco_payments' => 
    array (
    ),
    'naver_pay_payments' => 
    array (
    ),
    'p24_payments' => 
    array (
    ),
    'pay_by_bank_payments' => 
    array (
    ),
    'payco_payments' => 
    array (
    ),
    'revolut_pay_payments' => 
    array (
    ),
    'samsung_pay_payments' => 
    array (
    ),
    'sepa_bank_transfer_payments' => 
    array (
    ),
    'sepa_debit_payments' => 
    array (
    ),
    'transfers' => 
    array (
    ),
    'twint_payments' => 
    array (
    ),
    'us_bank_account_ach_payments' => 
    array (
    ),
    'us_bank_transfer_payments' => 
    array (
    ),
    'wechat_pay_payments' => 
    array (
      0 => 'business_profile.product_description',
    ),
  ),
  'payments_enabled' => true,
  'deposits' => 
  array (
    'status' => 'enabled',
    'restrictions' => 'deposits_unrestricted',
    'interval' => 'daily',
    'weekly_anchor' => '',
    'monthly_anchor' => NULL,
    'delay_days' => 3,
    'completed_waiting_period' => false,
    'minimum_manual_deposit_amounts' => 
    array (
      'aud' => 500,
      'bgn' => 100,
      'cad' => 500,
      'chf' => 500,
      'czk' => 3000,
      'dkk' => 5000,
      'eur' => 500,
      'gbp' => 500,
      'hkd' => 5000,
      'huf' => 36000,
      'nok' => 5000,
      'nzd' => 500,
      'jpy' => 50,
      'sek' => 5000,
      'sgd' => 500,
      'usd' => 500,
      'ron' => 500,
      'pln' => 500,
      'aed' => 200,
    ),
    'minimum_scheduled_deposit_amounts' => 
    array (
      'aed' => 200,
      'aud' => 0,
      'bgn' => 100,
      'cad' => 0,
      'chf' => 500,
      'czk' => 3000,
      'dkk' => 2000,
      'eur' => 100,
      'gbp' => 100,
      'hkd' => 0,
      'huf' => 36000,
      'jpy' => 1,
      'nok' => 2000,
      'nzd' => 0,
      'pln' => 500,
      'ron' => 500,
      'sek' => 2000,
      'sgd' => 100,
      'usd' => 0,
    ),
  ),
  'lifetime_total_payment_volume' => 0,
  'requirements' => 
  array (
    'errors' => 
    array (
    ),
  ),
  'statement_descriptor' => 'PAPA POKE',
  'statement_descriptor_kanji' => '',
  'statement_descriptor_kana' => '',
  'latest_tos_agreement' => 
  array (
    'date' => '2024-11-10 22:23:55',
    'source' => 'signup',
    'is_current_version' => true,
  ),
  'fees' => 
  array (
    'base' => 
    array (
      'percentage_rate' => 0.01499999999999999944488848768742172978818416595458984375,
      'fixed_rate' => 25,
      'currency' => 'gbp',
    ),
    'discount' => 
    array (
    ),
    'card' => 
    array (
      'base' => 
      array (
        'percentage_rate' => 0.01499999999999999944488848768742172978818416595458984375,
        'fixed_rate' => 25,
        'currency' => 'gbp',
      ),
      'additional' => 
      array (
        'percentage_rate' => 0.0200000000000000004163336342344337026588618755340576171875,
        'fixed_rate' => 0,
        'currency' => 'eur',
      ),
      'fx' => 
      array (
        'percentage_rate' => 0.0200000000000000004163336342344337026588618755340576171875,
        'fixed_rate' => 0,
        'currency' => 'gbp',
      ),
      'discount' => 
      array (
      ),
    ),
    'card_present' => 
    array (
      'base' => 
      array (
        'percentage_rate' => 0.01400000000000000029143354396410359186120331287384033203125,
        'fixed_rate' => 20,
        'currency' => 'gbp',
      ),
      'additional' => 
      array (
        'percentage_rate' => 0.0200000000000000004163336342344337026588618755340576171875,
        'fixed_rate' => 0,
        'currency' => 'gbp',
      ),
      'fx' => 
      array (
        'percentage_rate' => 0.0200000000000000004163336342344337026588618755340576171875,
        'fixed_rate' => 0,
        'currency' => 'gbp',
      ),
      'discount' => 
      array (
      ),
    ),
    'bancontact' => 
    array (
      'base' => 
      array (
        'percentage_rate' => 0.01400000000000000029143354396410359186120331287384033203125,
        'fixed_rate' => 20,
        'currency' => 'gbp',
      ),
      'additional' => 
      array (
        'percentage_rate' => 0,
        'fixed_rate' => 0,
        'currency' => 'gbp',
      ),
      'fx' => 
      array (
        'percentage_rate' => 0,
        'fixed_rate' => 0,
        'currency' => 'gbp',
      ),
      'discount' => 
      array (
      ),
    ),
    'eps' => 
    array (
      'base' => 
      array (
        'percentage_rate' => 0.01600000000000000033306690738754696212708950042724609375,
        'fixed_rate' => 20,
        'currency' => 'gbp',
      ),
      'additional' => 
      array (
        'percentage_rate' => 0,
        'fixed_rate' => 0,
        'currency' => 'gbp',
      ),
      'fx' => 
      array (
        'percentage_rate' => 0,
        'fixed_rate' => 0,
        'currency' => 'gbp',
      ),
      'discount' => 
      array (
      ),
    ),
    'ideal' => 
    array (
      'base' => 
      array (
        'percentage_rate' => 0,
        'fixed_rate' => 25,
        'currency' => 'gbp',
      ),
      'additional' => 
      array (
        'percentage_rate' => 0,
        'fixed_rate' => 0,
        'currency' => 'gbp',
      ),
      'fx' => 
      array (
        'percentage_rate' => 0,
        'fixed_rate' => 0,
        'currency' => 'gbp',
      ),
      'discount' => 
      array (
      ),
    ),
    'p24' => 
    array (
      'base' => 
      array (
        'percentage_rate' => 0.021999999999999998723243521681069978512823581695556640625,
        'fixed_rate' => 20,
        'currency' => 'gbp',
      ),
      'additional' => 
      array (
        'percentage_rate' => 0,
        'fixed_rate' => 0,
        'currency' => 'gbp',
      ),
      'fx' => 
      array (
        'percentage_rate' => 0,
        'fixed_rate' => 0,
        'currency' => 'gbp',
      ),
      'discount' => 
      array (
      ),
    ),
    'klarna' => 
    array (
      'base' => 
      array (
        'percentage_rate' => 0.049899999999999999911182158029987476766109466552734375,
        'fixed_rate' => 35,
        'currency' => 'gbp',
      ),
      'additional' => 
      array (
        'percentage_rate' => 0,
        'fixed_rate' => 0,
        'currency' => 'gbp',
      ),
      'fx' => 
      array (
        'percentage_rate' => 0,
        'fixed_rate' => 0,
        'currency' => 'gbp',
      ),
      'discount' => 
      array (
      ),
    ),
    'afterpay_clearpay' => 
    array (
      'base' => 
      array (
        'percentage_rate' => 0.059999999999999997779553950749686919152736663818359375,
        'fixed_rate' => 30,
        'currency' => 'gbp',
      ),
      'additional' => 
      array (
        'percentage_rate' => 0,
        'fixed_rate' => 0,
        'currency' => 'gbp',
      ),
      'fx' => 
      array (
        'percentage_rate' => 0,
        'fixed_rate' => 0,
        'currency' => 'gbp',
      ),
      'discount' => 
      array (
      ),
    ),
  ),
  'capital' => 
  array (
    'has_active_loan' => false,
    'has_previous_loans' => false,
    'loans' => 
    array (
    ),
  ),
  'fraud_services' => 
  array (
    'stripe' => 
    array (
    ),
    'sift' => 
    array (
      'beacon_key' => '1d81b5c86a',
      'sandbox_beacon_key' => '43e8654e6f',
    ),
  ),
  'store_currencies' => 
  array (
    'default' => 'gbp',
    'supported' => 
    array (
      0 => 'gbp',
    ),
  ),
  'customer_currencies' => 
  array (
    'supported' => 
    array (
      0 => 'usd',
      1 => 'aed',
      2 => 'afn',
      3 => 'all',
      4 => 'amd',
      5 => 'ang',
      6 => 'aoa',
      7 => 'ars',
      8 => 'aud',
      9 => 'awg',
      10 => 'azn',
      11 => 'bam',
      12 => 'bbd',
      13 => 'bdt',
      15 => 'bif',
      16 => 'bmd',
      17 => 'bnd',
      18 => 'bob',
      19 => 'brl',
      20 => 'bsd',
      21 => 'bwp',
      22 => 'byn',
      23 => 'bzd',
      24 => 'cad',
      25 => 'cdf',
      26 => 'chf',
      27 => 'clp',
      28 => 'cny',
      29 => 'cop',
      30 => 'crc',
      31 => 'cve',
      32 => 'czk',
      33 => 'djf',
      34 => 'dkk',
      35 => 'dop',
      36 => 'dzd',
      37 => 'egp',
      38 => 'etb',
      39 => 'eur',
      40 => 'fjd',
      41 => 'fkp',
      42 => 'gbp',
      43 => 'gel',
      44 => 'gip',
      45 => 'gmd',
      46 => 'gnf',
      47 => 'gtq',
      48 => 'gyd',
      49 => 'hkd',
      50 => 'hnl',
      51 => 'htg',
      52 => 'huf',
      53 => 'idr',
      54 => 'ils',
      55 => 'inr',
      56 => 'isk',
      57 => 'jmd',
      58 => 'jpy',
      59 => 'kes',
      60 => 'kgs',
      61 => 'khr',
      62 => 'kmf',
      63 => 'krw',
      64 => 'kyd',
      65 => 'kzt',
      66 => 'lak',
      67 => 'lbp',
      68 => 'lkr',
      69 => 'lrd',
      70 => 'lsl',
      71 => 'mad',
      72 => 'mdl',
      73 => 'mga',
      74 => 'mkd',
      75 => 'mmk',
      76 => 'mnt',
      77 => 'mop',
      78 => 'mur',
      79 => 'mvr',
      80 => 'mwk',
      81 => 'mxn',
      82 => 'myr',
      83 => 'mzn',
      84 => 'nad',
      85 => 'ngn',
      86 => 'nio',
      87 => 'nok',
      88 => 'npr',
      89 => 'nzd',
      90 => 'pab',
      91 => 'pen',
      92 => 'pgk',
      93 => 'php',
      94 => 'pkr',
      95 => 'pln',
      96 => 'pyg',
      97 => 'qar',
      98 => 'ron',
      99 => 'rsd',
      100 => 'rub',
      101 => 'rwf',
      102 => 'sar',
      103 => 'sbd',
      104 => 'scr',
      105 => 'sek',
      106 => 'sgd',
      107 => 'shp',
      108 => 'sle',
      109 => 'sos',
      110 => 'srd',
      111 => 'std',
      112 => 'szl',
      113 => 'thb',
      114 => 'tjs',
      115 => 'top',
      116 => 'try',
      117 => 'ttd',
      118 => 'twd',
      119 => 'tzs',
      120 => 'uah',
      121 => 'ugx',
      122 => 'uyu',
      123 => 'uzs',
      124 => 'vnd',
      125 => 'vuv',
      126 => 'wst',
      127 => 'xaf',
      128 => 'xcd',
      129 => 'xcg',
      130 => 'xof',
      131 => 'xpf',
      132 => 'yer',
      133 => 'zar',
      134 => 'zmw',
    ),
  ),
  'country' => '(redacted)',
  'instant_deposits_eligible' => false,
  'card_present_eligible' => true,
  'has_card_readers_available' => false,
  'platform_checkout_eligible' => false,
  'platform_direct_checkout_eligible' => false,
  'platform_global_theme_support_enabled' => false,
  'business_profile' => 
  array (
    'name' => '(redacted)',
    'url' => 'https://papapoke.co.uk',
    'support_address' => 
    array (
    ),
    'support_email' => 'contactus@papapoke.co.uk',
    'support_phone' => '+447387156597',
  ),
  'branding' => 
  array (
    'icon' => NULL,
    'logo' => NULL,
    'primary_color' => NULL,
    'secondary_color' => NULL,
  ),
  'locale' => 'en_GB',
  'has_more_failed_events' => false,
  'has_submitted_vat_data' => false,
  'is_documents_enabled' => true,
  'card_testing_protection_eligible' => false,
  'fraud_mitigation_settings' => 
  array (
    'avs_check_enabled' => false,
    'cvc_check_enabled' => true,
  ),
  'is_deferred_intent_creation_upe_enabled' => true,
  'pre_check_save_my_info' => false,
  'is_tokenized_ece_disabled' => false,
  'ece_confirmation_tokens_disabled' => false,
  'eligibility_wporg_review_campaign_2025' => false,
  'progressive_onboarding' => 
  array (
    'is_enabled' => false,
    'is_complete' => false,
  ),
)
