2026-01-30T01:35:27+00:00 INFO ENVIRONMENT: array (
  'WP_User' => 'Guest (non logged-in user)',
  'HTTP_REFERER' => '--',
  'HTTP_USER_AGENT' => 'Mozilla/5.0 (Windows; U; Windows NT 6.1; ru; rv:1.9.2b5) Gecko/20091204 Firefox/3.6b5',
  'REQUEST_URI' => '/page-sitemap.xml',
  'DOING_AJAX' => false,
  'DOING_CRON' => false,
  'WP_CLI' => false,
)
2026-01-30T01:35:27+00:00 INFO REQUEST GET https://public-api.wordpress.com/wpcom/v2/sites/%s/wcpay/currency/rates?test_mode=0&currency_from=gbp
2026-01-30T01:35:27+00:00 INFO HEADERS: array (
  'Content-Type' => 'application/json; charset=utf-8',
  'User-Agent' => 'WooCommerce Payments/8.6.0',
)
2026-01-30T01:35:28+00:00 INFO RESPONSE: array (
  'AED' => 5.07329299999999960846253088675439357757568359375,
  'AFN' => 91.174229999999994333848007954657077789306640625,
  'ALL' => 111.6809679999999929123077890835702419281005859375,
  'AMD' => 523.2591009999999869251041673123836517333984375,
  'ANG' => 2.472755999999999954042095851036719977855682373046875,
  'AOA' => 1260.045769999999947685864754021167755126953125,
  'ARS' => 1994.82749199999989286880008876323699951171875,
  'AUD' => 1.9587380000000000901394514585263095796108245849609375,
  'AWG' => 2.486569999999999946993511912296526134014129638671875,
  'AZN' => 2.34842700000000004223466021358035504817962646484375,
  'BAM' => 2.261134999999999894981783654657192528247833251953125,
  'BBD' => 2.7628550000000000608224581810645759105682373046875,
  'BDT' => 168.7816090000000031068339012563228607177734375,
  'BGN' => 2.256960999999999994969357430818490684032440185546875,
  'BHD' => 0.520845000000000002415845301584340631961822509765625,
  'BIF' => 4096.2251210000003993627615272998809814453125,
  'BMD' => 1.381428000000000100300212579895742237567901611328125,
  'BND' => 1.747355999999999909277903498150408267974853515625,
  'BOB' => 9.5437519999999995690131981973536312580108642578125,
  'BRL' => 7.1754119999999996792894307873211801052093505859375,
  'BSD' => 1.381428000000000100300212579895742237567901611328125,
  'BTC' => 1.599999999999999927596978921418013896982301957905292510986328125E-5,
  'BTN' => 127.0815979999999996152837411500513553619384765625,
  'BWP' => 18.012313999999999936107997200451791286468505859375,
  'BYN' => 3.901781000000000165783831107546575367450714111328125,
  'BZD' => 2.7779199999999999448618837050162255764007568359375,
  'CAD' => 1.862956000000000056360249800491146743297576904296875,
  'CDF' => 3153.5603909999999814317561686038970947265625,
  'CHF' => 1.055290999999999979053200149792246520519256591796875,
  'CLF' => 0.0300529999999999998527844269347042427398264408111572265625,
  'CLP' => 1186.64637399999992339871823787689208984375,
  'CNH' => 9.5931700000000006411937647499144077301025390625,
  'CNY' => 9.5987120000000007991047823452390730381011962890625,
  'COP' => 5059.5337609999996857368387281894683837890625,
  'CRC' => 683.3810979999999517531250603497028350830078125,
  'CUC' => 1.381428000000000100300212579895742237567901611328125,
  'CUP' => 35.57176299999999713463694206438958644866943359375,
  'CVE' => 127.6695079999999933306753518991172313690185546875,
  'CZK' => 28.06770900000000068530425778590142726898193359375,
  'DJF' => 245.565867999999994708559825085103511810302734375,
  'DKK' => 8.6159300000000005326228347257710993289947509765625,
  'DOP' => 86.8788890000000009194991434924304485321044921875,
  'DZD' => 178.462929000000002588421921245753765106201171875,
  'EGP' => 64.6892189999999942529029794968664646148681640625,
  'ERN' => 20.72141500000000036152414395473897457122802734375,
  'ETB' => 214.86542900000000599902705289423465728759765625,
  'EUR' => 1.1537740000000000772928387959836982190608978271484375,
  'FJD' => 3.025602999999999820346374690416269004344940185546875,
  'FKP' => 1,
  'GBP' => 1,
  'GEL' => 3.722948000000000146059164762846194207668304443359375,
  'GGP' => 1,
  'GHS' => 15.10720500000000043883119360543787479400634765625,
  'GIP' => 1,
  'GMD' => 101.5349389999999942801878205500543117523193359375,
  'GNF' => 12108.020587999999406747519969940185546875,
  'GTQ' => 10.5981310000000004123421604163013398647308349609375,
  'GYD' => 288.97160900000000083309714682400226593017578125,
  'HKD' => 10.783466000000000661884769215248525142669677734375,
  'HNL' => 36.4512339999999994688550941646099090576171875,
  'HRK' => 8.69456100000000020600054995156824588775634765625,
  'HTG' => 181.048011999999999943611328490078449249267578125,
  'HUF' => 439.10732500000000300133251585066318511962890625,
  'IDR' => 23191.33875400000033550895750522613525390625,
  'ILS' => 4.27456499999999994798827174236066639423370361328125,
  'IMP' => 1,
  'INR' => 126.8580989999999957262843963690102100372314453125,
  'IQD' => 1809.435803999999961888534016907215118408203125,
  'IRR' => 58138.7651740000001154839992523193359375,
  'ISK' => 167.3047060000000101354089565575122833251953125,
  'JEP' => 1,
  'JMD' => 216.7257779999999911524355411529541015625,
  'JOD' => 0.97943199999999996929744838780607096850872039794921875,
  'JPY' => 211.54820799999998826024238951504230499267578125,
  'KES' => 178.187261000000006561094778589904308319091796875,
  'KGS' => 120.8058500000000066165739553980529308319091796875,
  'KHR' => 5558.174254999999902793206274509429931640625,
  'KMF' => 569.1480569999999943320290185511112213134765625,
  'KPW' => 1243.28490800000008675851859152317047119140625,
  'KRW' => 1977.539250999999921987182460725307464599609375,
  'KWD' => 0.423254999999999992343902022184920497238636016845703125,
  'KYD' => 1.1510309999999999153175167521112598478794097900390625,
  'KZT' => 693.8553900000000567160896025598049163818359375,
  'LAK' => 29710.9864989999987301416695117950439453125,
  'LBP' => 123708.708322000005864538252353668212890625,
  'LKR' => 427.34759999999999990905052982270717620849609375,
  'LRD' => 255.5251289999999926294549368321895599365234375,
  'LSL' => 21.79305000000000092086338554508984088897705078125,
  'LYD' => 8.6766629999999995703774402500130236148834228515625,
  'MAD' => 12.50815300000000007685230229981243610382080078125,
  'MDL' => 23.04120999999999952478901832364499568939208984375,
  'MGA' => 6173.6111709999995582620613276958465576171875,
  'MKD' => 71.117153999999999314240994863212108612060546875,
  'MMK' => 2900.859977000000071711838245391845703125,
  'MNT' => 4917.882526999999754480086266994476318359375,
  'MOP' => 11.104625999999999663714334019459784030914306640625,
  'MUR' => 62.37146500000000060026650317013263702392578125,
  'MVR' => 21.356871999999999189867594395764172077178955078125,
  'MWK' => 2395.01431400000001303851604461669921875,
  'MXN' => 23.787797999999998665998646174557507038116455078125,
  'MYR' => 5.42901100000000003120703695458360016345977783203125,
  'MZN' => 88.079824999999999590727384202182292938232421875,
  'NAD' => 21.79305000000000092086338554508984088897705078125,
  'NGN' => 1917.5183139999999184510670602321624755859375,
  'NIO' => 50.83449499999999687815943616442382335662841796875,
  'NOK' => 13.1704059999999998353814589790999889373779296875,
  'NPR' => 203.331085999999999103238224051892757415771484375,
  'NZD' => 2.272459000000000006735945135005749762058258056640625,
  'OMR' => 0.5311630000000000517701437274808995425701141357421875,
  'PAB' => 1.381428000000000100300212579895742237567901611328125,
  'PEN' => 4.61915299999999984237319949897937476634979248046875,
  'PGK' => 6.0025630000000003150262273265980184078216552734375,
  'PHP' => 81.386810999999994464815245009958744049072265625,
  'PKR' => 386.363978999999972074874676764011383056640625,
  'PLN' => 4.85290499999999980218490236438810825347900390625,
  'PYG' => 9268.5341100000005098991096019744873046875,
  'QAR' => 5.035123999999999711008058511652052402496337890625,
  'RON' => 5.881980999999999681904228054918348789215087890625,
  'RSD' => 135.463177999999999201463651843369007110595703125,
  'RUB' => 103.955026000000003705281415022909641265869140625,
  'RWF' => 2015.2286389999999300925992429256439208984375,
  'SAR' => 5.18133499999999980190068527008406817913055419921875,
  'SBD' => 11.158725000000000449063009000383317470550537109375,
  'SCR' => 19.14885699999999957299223751761019229888916015625,
  'SDG' => 830.9287470000000439540599472820758819580078125,
  'SEK' => 12.1611799999999998789235178264789283275604248046875,
  'SGD' => 1.745516999999999985249132805620320141315460205078125,
  'SHP' => 1,
  'SLL' => 28967.84765300000071874819695949554443359375,
  'SOS' => 788.0103530000000091604306362569332122802734375,
  'SRD' => 52.499087000000002944943844340741634368896484375,
  'SSP' => 179.94476900000000796353560872375965118408203125,
  'STD' => 30780.695191999999224208295345306396484375,
  'SVC' => 12.086054000000000741010808269493281841278076171875,
  'SYP' => 17961.3226439999998547136783599853515625,
  'SZL' => 21.7858820000000008576535037718713283538818359375,
  'THB' => 43.1558009999999967476469464600086212158203125,
  'TJS' => 12.900655000000000427462509833276271820068359375,
  'TMT' => 4.83499700000000043331738197593949735164642333984375,
  'TND' => 3.955541000000000195768734556622803211212158203125,
  'TOP' => 3.326146000000000046981085688457824289798736572265625,
  'TRY' => 60.03698700000000343379724654369056224822998046875,
  'TTD' => 9.37495799999999945839590509422123432159423828125,
  'TWD' => 43.3443639999999987821865943260490894317626953125,
  'TZS' => 3543.3619889999999941210262477397918701171875,
  'UAH' => 59.11310999999999893361746217124164104461669921875,
  'UGX' => 4913.508840000000418513081967830657958984375,
  'USD' => 1.381428000000000100300212579895742237567901611328125,
  'UYU' => 53.61483299999999729834598838351666927337646484375,
  'UZS' => 16807.7363059999988763593137264251708984375,
  'VND' => 35923.2271330000003217719495296478271484375,
  'VUV' => 167.567176999999986719558364711701869964599609375,
  'WST' => 3.823516000000000136793687488534487783908843994140625,
  'XAF' => 756.825937999999950989149510860443115234375,
  'XAG' => 0.01166900000000000055255799935594041016884148120880126953125,
  'XAU' => 0.000253999999999999994011734560928061910090036690235137939453125,
  'XCD' => 3.73337699999999994560084815020672976970672607421875,
  'XDR' => 0.942166999999999976722619976499117910861968994140625,
  'XOF' => 756.825937999999950989149510860443115234375,
  'XPD' => 0.000684000000000000037657377216504528405494056642055511474609375,
  'XPF' => 137.681826000000000931322574615478515625,
  'XPT' => 0.0005330000000000000535960165137794319889508187770843505859375,
  'YER' => 329.33226100000001679291017353534698486328125,
  'ZAR' => 21.726055999999999812644091434776782989501953125,
  'ZMW' => 27.31327999999999889269020059145987033843994140625,
  'ZWL' => 444.81971199999998134444467723369598388671875,
)
2026-01-30T07:55:07+00:00 INFO ENVIRONMENT: array (
  'WP_User' => 'Guest (non logged-in user)',
  'HTTP_REFERER' => '--',
  'HTTP_USER_AGENT' => 'Mozilla/5.0 (Windows NT 10.0; Win64; x64) AppleWebKit/537.36 (KHTML, like Gecko) Chrome/105.0.0.0 Safari/537.3',
  'REQUEST_URI' => '/product/pumpkin-croquettes/?add-to-cart=115',
  'DOING_AJAX' => false,
  'DOING_CRON' => false,
  'WP_CLI' => false,
)
2026-01-30T07:55:07+00:00 INFO REQUEST GET https://public-api.wordpress.com/wpcom/v2/sites/%s/wcpay/currency/rates?test_mode=0&currency_from=gbp
2026-01-30T07:55:07+00:00 INFO HEADERS: array (
  'Content-Type' => 'application/json; charset=utf-8',
  'User-Agent' => 'WooCommerce Payments/8.6.0',
)
2026-01-30T07:55:07+00:00 INFO RESPONSE: array (
  'AED' => 5.0534540000000003345803634147159755229949951171875,
  'AFN' => 90.817689999999998917701304890215396881103515625,
  'ALL' => 111.5368729999999999336068867705762386322021484375,
  'AMD' => 522.5618490000000520012690685689449310302734375,
  'ANG' => 2.463086000000000108656195152434520423412322998046875,
  'AOA' => 1261.815432999999984531314112246036529541015625,
  'ARS' => 1987.077633999999989100615493953227996826171875,
  'AUD' => 1.9644719999999999959783281155978329479694366455078125,
  'AWG' => 2.4768460000000001031139618135057389736175537109375,
  'AZN' => 2.339243000000000183291604116675443947315216064453125,
  'BAM' => 2.2580749999999998323119143606163561344146728515625,
  'BBD' => 2.7520509999999998029807102284394204616546630859375,
  'BDT' => 168.55324899999999388455762527883052825927734375,
  'BGN' => 2.25605399999999978177811499335803091526031494140625,
  'BHD' => 0.51874600000000004040856538267689757049083709716796875,
  'BIF' => 4086.8666309999998702551238238811492919921875,
  'BMD' => 1.376025999999999971379338603583164513111114501953125,
  'BND' => 1.7452259999999999440234432768193073570728302001953125,
  'BOB' => 9.53107800000000082718543126247823238372802734375,
  'BRL' => 7.1456999999999997186250766390003263950347900390625,
  'BSD' => 1.376025999999999971379338603583164513111114501953125,
  'BTC' => 1.69999999999999998659926114807916519566788338124752044677734375E-5,
  'BTN' => 126.912319999999994024619809351861476898193359375,
  'BWP' => 17.989073000000001201215127366594970226287841796875,
  'BYN' => 3.8968129999999998602788764401338994503021240234375,
  'BZD' => 2.774369999999999780726511744433082640171051025390625,
  'CAD' => 1.859458000000000055251803132705390453338623046875,
  'CDF' => 3174.04557599999998274142853915691375732421875,
  'CHF' => 1.0566310000000000979269998424570076167583465576171875,
  'CLF' => 0.0299349999999999998034905246413472923450171947479248046875,
  'CLP' => 1182.005949999999984356691129505634307861328125,
  'CNH' => 9.559006000000000113914211397059261798858642578125,
  'CNY' => 9.562414000000000413592715631239116191864013671875,
  'COP' => 5056.880334999999831779859960079193115234375,
  'CRC' => 682.55733499999996638507582247257232666015625,
  'CUC' => 1.376025999999999971379338603583164513111114501953125,
  'CUP' => 35.43265800000000353975337930023670196533203125,
  'CVE' => 127.3094770000000011123120202682912349700927734375,
  'CZK' => 28.04756400000000127192834042944014072418212890625,
  'DJF' => 245.64366000000001122316461987793445587158203125,
  'DKK' => 8.612142999999999659621607861481606960296630859375,
  'DOP' => 86.6735000000000042064129956997931003570556640625,
  'DZD' => 177.990821000000011053998605348169803619384765625,
  'EGP' => 64.432534000000003970853867940604686737060546875,
  'ERN' => 20.6403829999999999245119397528469562530517578125,
  'ETB' => 213.4903649999999970532371662557125091552734375,
  'EUR' => 1.1533130000000000325854898619581945240497589111328125,
  'FJD' => 3.023677999999999865821109779062680900096893310546875,
  'FKP' => 1,
  'GBP' => 1,
  'GEL' => 3.708388999999999935397454464691691100597381591796875,
  'GGP' => 1,
  'GHS' => 15.069610000000000837871994008310139179229736328125,
  'GIP' => 1,
  'GMD' => 101.1378830000000021982486941851675510406494140625,
  'GNF' => 12105.931998000000021420419216156005859375,
  'GTQ' => 10.5840119999999995314965417492203414440155029296875,
  'GYD' => 288.58781399999998029670678079128265380859375,
  'HKD' => 10.74274199999999979127096594311296939849853515625,
  'HNL' => 36.4371579999999966048562782816588878631591796875,
  'HRK' => 8.69106000000000022964741219766438007354736328125,
  'HTG' => 180.827280999999999266947270371019840240478515625,
  'HUF' => 439.6835429999999860228854231536388397216796875,
  'IDR' => 23097.66728599999987636692821979522705078125,
  'ILS' => 4.24663500000000038170355765032581984996795654296875,
  'IMP' => 1,
  'INR' => 126.507463000000001329681253992021083831787109375,
  'IQD' => 1803.28148800000008122879080474376678466796875,
  'IRR' => 57911.41144399999757297337055206298828125,
  'ISK' => 167.228386000000000422005541622638702392578125,
  'JEP' => 1,
  'JMD' => 216.447992999999996754922904074192047119140625,
  'JOD' => 0.97560199999999996922639411423006094992160797119140625,
  'JPY' => 211.709328999999996767655829899013042449951171875,
  'KES' => 177.8788230000000112340785562992095947265625,
  'KGS' => 120.3334349999999943747752695344388484954833984375,
  'KHR' => 5548.3227809999998498824425041675567626953125,
  'KMF' => 566.9223829999999679785105399787425994873046875,
  'KPW' => 1238.422998000000006868503987789154052734375,
  'KRW' => 1977.501449999999977080733515322208404541015625,
  'KWD' => 0.42204099999999999948130380289512686431407928466796875,
  'KYD' => 1.1494590000000000085123019744060002267360687255859375,
  'KZT' => 692.9080370000000357322278432548046112060546875,
  'LAK' => 29612.06991099999868310987949371337890625,
  'LBP' => 123554.052209999994374811649322509765625,
  'LKR' => 426.7816450000000259024091064929962158203125,
  'LRD' => 255.2527929999999969368218444287776947021484375,
  'LSL' => 21.741203999999999751935320091433823108673095703125,
  'LYD' => 8.63456000000000045702108764089643955230712890625,
  'MAD' => 12.4915420000000008116103344946168363094329833984375,
  'MDL' => 23.20259899999999930741978459991514682769775390625,
  'MGA' => 6137.0739690000000337022356688976287841796875,
  'MKD' => 71.09796099999999796636984683573246002197265625,
  'MMK' => 2889.516059999999924912117421627044677734375,
  'MNT' => 4898.6509699999996882979758083820343017578125,
  'MOP' => 11.089461000000000012732925824820995330810546875,
  'MUR' => 62.51284299999999660713001503609120845794677734375,
  'MVR' => 21.259595000000000908357833395712077617645263671875,
  'MWK' => 2390.15638600000011138035915791988372802734375,
  'MXN' => 23.76093399999999888905222178436815738677978515625,
  'MYR' => 5.4185140000000000526370058651082217693328857421875,
  'MZN' => 87.7216279999999954952727421186864376068115234375,
  'NAD' => 21.858166000000000650516085443086922168731689453125,
  'NGN' => 1914.051545000000032814568839967250823974609375,
  'NIO' => 50.77316400000000129466570797376334667205810546875,
  'NOK' => 13.184262000000000369936969946138560771942138671875,
  'NPR' => 203.085771999999991521690390072762966156005859375,
  'NZD' => 2.273163999999999962398078423575498163700103759765625,
  'OMR' => 0.52907700000000001949729266925714910030364990234375,
  'PAB' => 1.376025999999999971379338603583164513111114501953125,
  'PEN' => 4.602805000000000035242919693700969219207763671875,
  'PGK' => 5.86255699999999979610265654628165066242218017578125,
  'PHP' => 80.9956150000000008049028110690414905548095703125,
  'PKR' => 385.04635100000001557418727315962314605712890625,
  'PLN' => 4.85433000000000003382183422218076884746551513671875,
  'PYG' => 9256.754907000000457628630101680755615234375,
  'QAR' => 5.0102460000000004214371074340306222438812255859375,
  'RON' => 5.879343999999999681449480704031884670257568359375,
  'RSD' => 135.3841850000000022191670723259449005126953125,
  'RUB' => 103.554180999999999812644091434776782989501953125,
  'RWF' => 1998.677116000000069107045419514179229736328125,
  'SAR' => 5.16091000000000033054448067559860646724700927734375,
  'SBD' => 11.088153999999999399506123154424130916595458984375,
  'SCR' => 19.71271300000000081809048424474895000457763671875,
  'SDG' => 827.6793699999999489591573365032672882080078125,
  'SEK' => 12.166824999999999334931999328546226024627685546875,
  'SGD' => 1.7427699999999999302957576219341717660427093505859375,
  'SHP' => 1,
  'SLL' => 28854.56784400000105961225926876068115234375,
  'SOS' => 787.000260000000025684130378067493438720703125,
  'SRD' => 52.29378700000000179670678335241973400115966796875,
  'SSP' => 179.2410889999999881183612160384654998779296875,
  'STD' => 30660.32617699999900651164352893829345703125,
  'SVC' => 12.0695490000000003050217856070958077907562255859375,
  'SYP' => 17891.084245999998529441654682159423828125,
  'SZL' => 21.741203999999999751935320091433823108673095703125,
  'THB' => 43.20536799999999999499777914024889469146728515625,
  'TJS' => 12.8834689999999998377688825712539255619049072265625,
  'TMT' => 4.82985000000000042064129956997931003570556640625,
  'TND' => 3.890368000000000048288484322256408631801605224609375,
  'TOP' => 3.313139000000000056189719543908722698688507080078125,
  'TRY' => 59.855356999999997924533090554177761077880859375,
  'TTD' => 9.362313000000000329237082041800022125244140625,
  'TWD' => 43.20995400000000330464899889193475246429443359375,
  'TZS' => 3501.98503399999981411383487284183502197265625,
  'UAH' => 59.0373340000000013105818652547895908355712890625,
  'UGX' => 4907.0085890000000290456227958202362060546875,
  'USD' => 1.376025999999999971379338603583164513111114501953125,
  'UYU' => 53.405169999999998253770172595977783203125,
  'UZS' => 16742.0090500000005704350769519805908203125,
  'VND' => 35643.71393800000078044831752777099609375,
  'VUV' => 166.91190000000000281943357549607753753662109375,
  'WST' => 3.808564000000000060452975958469323813915252685546875,
  'XAF' => 756.5235340000000405780156143009662628173828125,
  'XAG' => 0.012455000000000000792699239582361769862473011016845703125,
  'XAU' => 0.0002649999999999999903375902388091844841255806386470794677734375,
  'XCD' => 3.718777999999999916980186753789894282817840576171875,
  'XDR' => 0.94195200000000001150368689195602200925350189208984375,
  'XOF' => 756.5235340000000405780156143009662628173828125,
  'XPD' => 0.00068099999999999996473654118034346538479439914226531982421875,
  'XPF' => 137.626812999999998510247678495943546295166015625,
  'XPT' => 0.00053100000000000000498212582300538997515104711055755615234375,
  'YER' => 328.04451099999999996725819073617458343505859375,
  'ZAR' => 21.793699000000000154386725625954568386077880859375,
  'ZMW' => 27.27838200000000057343640946783125400543212890625,
  'ZWL' => 443.08022799999997687336872331798076629638671875,
)
2026-01-30T13:55:26+00:00 INFO ENVIRONMENT: array (
  'WP_User' => 'Guest (non logged-in user)',
  'HTTP_REFERER' => '--',
  'HTTP_USER_AGENT' => 'Mozilla/5.0 (compatible; InternetMeasurement/1.0; +https://internet-measurement.com/)',
  'REQUEST_URI' => '/',
  'DOING_AJAX' => false,
  'DOING_CRON' => false,
  'WP_CLI' => false,
)
2026-01-30T13:55:26+00:00 INFO REQUEST GET https://public-api.wordpress.com/wpcom/v2/sites/%s/wcpay/accounts?test_mode=0
2026-01-30T13:55:26+00:00 INFO HEADERS: array (
  'Content-Type' => 'application/json; charset=utf-8',
  'User-Agent' => 'WooCommerce Payments/8.6.0',
)
2026-01-30T13:55:27+00:00 INFO RESPONSE: array (
  'account_id' => 'acct_1QJjXwFt5S7zes6j',
  'email' => '(redacted)',
  'communications_email' => 'contactus@papapoke.co.uk',
  'live_publishable_key' => 'pk_live_51ETDmyFuiXB5oUVxaIafkGPnwuNcBxr1pXVhvLJ4BrWuiqfG6SldjatOGLQhuqXnDmgqwRA7tDoSFlbY4wFji7KR0079TvtxNs',
  'test_publishable_key' => 'pk_test_51ETDmyFuiXB5oUVxwSobQMW5Tno1GclIq7ePZWzLeW4q8oa7Zb8hI5VfwI5sNT5nXuKYinLukNvGCXmsQXAoDGHG00MqHqlYHR',
  'is_live' => true,
  'is_test_drive' => false,
  'created' => '2024-11-10 22:23:55',
  'has_pending_requirements' => false,
  'has_future_requirements' => false,
  'has_overdue_requirements' => false,
  'details_submitted' => true,
  'current_deadline' => NULL,
  'status' => 'complete',
  'capabilities' => 
  array (
    'card_payments' => 'active',
    'transfers' => 'active',
    'afterpay_clearpay_payments' => 'unrequested',
    'alipay_payments' => 'unrequested',
    'amazon_pay_payments' => 'unrequested',
    'bacs_debit_payments' => 'unrequested',
    'bancontact_payments' => 'unrequested',
    'bank_transfer_payments' => 'unrequested',
    'billie_payments' => 'unrequested',
    'cartes_bancaires_payments' => 'unrequested',
    'eps_payments' => 'unrequested',
    'gb_bank_transfer_payments' => 'unrequested',
    'ideal_payments' => 'unrequested',
    'kakao_pay_payments' => 'unrequested',
    'klarna' => 'unrequested',
    'klarna_payments' => 'unrequested',
    'kr_card_payments' => 'unrequested',
    'legacy_payments' => 'unrequested',
    'link_payments' => 'unrequested',
    'mb_way_payments' => 'unrequested',
    'multibanco_payments' => 'unrequested',
    'naver_pay_payments' => 'unrequested',
    'p24_payments' => 'unrequested',
    'pay_by_bank_payments' => 'unrequested',
    'payco_payments' => 'unrequested',
    'revolut_pay_payments' => 'unrequested',
    'samsung_pay_payments' => 'unrequested',
    'sepa_bank_transfer_payments' => 'unrequested',
    'sepa_debit_payments' => 'unrequested',
    'twint_payments' => 'unrequested',
    'us_bank_account_ach_payments' => 'unrequested',
    'us_bank_transfer_payments' => 'unrequested',
    'wechat_pay_payments' => 'unrequested',
  ),
  'capability_requirements' => 
  array (
    'afterpay_clearpay_payments' => 
    array (
    ),
    'alipay_payments' => 
    array (
      0 => 'business_profile.product_description',
    ),
    'amazon_pay_payments' => 
    array (
    ),
    'bacs_debit_payments' => 
    array (
    ),
    'bancontact_payments' => 
    array (
    ),
    'bank_transfer_payments' => 
    array (
    ),
    'billie_payments' => 
    array (
    ),
    'card_payments' => 
    array (
    ),
    'cartes_bancaires_payments' => 
    array (
    ),
    'eps_payments' => 
    array (
    ),
    'gb_bank_transfer_payments' => 
    array (
    ),
    'ideal_payments' => 
    array (
    ),
    'kakao_pay_payments' => 
    array (
    ),
    'klarna' => 
    array (
    ),
    'klarna_payments' => 
    array (
    ),
    'kr_card_payments' => 
    array (
    ),
    'legacy_payments' => 
    array (
    ),
    'link_payments' => 
    array (
    ),
    'mb_way_payments' => 
    array (
    ),
    'multibanco_payments' => 
    array (
    ),
    'naver_pay_payments' => 
    array (
    ),
    'p24_payments' => 
    array (
    ),
    'pay_by_bank_payments' => 
    array (
    ),
    'payco_payments' => 
    array (
    ),
    'revolut_pay_payments' => 
    array (
    ),
    'samsung_pay_payments' => 
    array (
    ),
    'sepa_bank_transfer_payments' => 
    array (
    ),
    'sepa_debit_payments' => 
    array (
    ),
    'transfers' => 
    array (
    ),
    'twint_payments' => 
    array (
    ),
    'us_bank_account_ach_payments' => 
    array (
    ),
    'us_bank_transfer_payments' => 
    array (
    ),
    'wechat_pay_payments' => 
    array (
      0 => 'business_profile.product_description',
    ),
  ),
  'payments_enabled' => true,
  'deposits' => 
  array (
    'status' => 'enabled',
    'restrictions' => 'deposits_unrestricted',
    'interval' => 'daily',
    'weekly_anchor' => '',
    'monthly_anchor' => NULL,
    'delay_days' => 3,
    'completed_waiting_period' => false,
    'minimum_manual_deposit_amounts' => 
    array (
      'aud' => 500,
      'bgn' => 100,
      'cad' => 500,
      'chf' => 500,
      'czk' => 3000,
      'dkk' => 5000,
      'eur' => 500,
      'gbp' => 500,
      'hkd' => 5000,
      'huf' => 36000,
      'nok' => 5000,
      'nzd' => 500,
      'jpy' => 50,
      'sek' => 5000,
      'sgd' => 500,
      'usd' => 500,
      'ron' => 500,
      'pln' => 500,
      'aed' => 200,
    ),
    'minimum_scheduled_deposit_amounts' => 
    array (
      'aed' => 200,
      'aud' => 0,
      'bgn' => 100,
      'cad' => 0,
      'chf' => 500,
      'czk' => 3000,
      'dkk' => 2000,
      'eur' => 100,
      'gbp' => 100,
      'hkd' => 0,
      'huf' => 36000,
      'jpy' => 1,
      'nok' => 2000,
      'nzd' => 0,
      'pln' => 500,
      'ron' => 500,
      'sek' => 2000,
      'sgd' => 100,
      'usd' => 0,
    ),
  ),
  'lifetime_total_payment_volume' => 0,
  'requirements' => 
  array (
    'errors' => 
    array (
    ),
  ),
  'statement_descriptor' => 'PAPA POKE',
  'statement_descriptor_kanji' => '',
  'statement_descriptor_kana' => '',
  'latest_tos_agreement' => 
  array (
    'date' => '2024-11-10 22:23:55',
    'source' => 'signup',
    'is_current_version' => true,
  ),
  'fees' => 
  array (
    'base' => 
    array (
      'percentage_rate' => 0.01499999999999999944488848768742172978818416595458984375,
      'fixed_rate' => 25,
      'currency' => 'gbp',
    ),
    'discount' => 
    array (
    ),
    'card' => 
    array (
      'base' => 
      array (
        'percentage_rate' => 0.01499999999999999944488848768742172978818416595458984375,
        'fixed_rate' => 25,
        'currency' => 'gbp',
      ),
      'additional' => 
      array (
        'percentage_rate' => 0.0200000000000000004163336342344337026588618755340576171875,
        'fixed_rate' => 0,
        'currency' => 'eur',
      ),
      'fx' => 
      array (
        'percentage_rate' => 0.0200000000000000004163336342344337026588618755340576171875,
        'fixed_rate' => 0,
        'currency' => 'gbp',
      ),
      'discount' => 
      array (
      ),
    ),
    'card_present' => 
    array (
      'base' => 
      array (
        'percentage_rate' => 0.01400000000000000029143354396410359186120331287384033203125,
        'fixed_rate' => 20,
        'currency' => 'gbp',
      ),
      'additional' => 
      array (
        'percentage_rate' => 0.0200000000000000004163336342344337026588618755340576171875,
        'fixed_rate' => 0,
        'currency' => 'gbp',
      ),
      'fx' => 
      array (
        'percentage_rate' => 0.0200000000000000004163336342344337026588618755340576171875,
        'fixed_rate' => 0,
        'currency' => 'gbp',
      ),
      'discount' => 
      array (
      ),
    ),
    'bancontact' => 
    array (
      'base' => 
      array (
        'percentage_rate' => 0.01400000000000000029143354396410359186120331287384033203125,
        'fixed_rate' => 20,
        'currency' => 'gbp',
      ),
      'additional' => 
      array (
        'percentage_rate' => 0,
        'fixed_rate' => 0,
        'currency' => 'gbp',
      ),
      'fx' => 
      array (
        'percentage_rate' => 0,
        'fixed_rate' => 0,
        'currency' => 'gbp',
      ),
      'discount' => 
      array (
      ),
    ),
    'eps' => 
    array (
      'base' => 
      array (
        'percentage_rate' => 0.01600000000000000033306690738754696212708950042724609375,
        'fixed_rate' => 20,
        'currency' => 'gbp',
      ),
      'additional' => 
      array (
        'percentage_rate' => 0,
        'fixed_rate' => 0,
        'currency' => 'gbp',
      ),
      'fx' => 
      array (
        'percentage_rate' => 0,
        'fixed_rate' => 0,
        'currency' => 'gbp',
      ),
      'discount' => 
      array (
      ),
    ),
    'ideal' => 
    array (
      'base' => 
      array (
        'percentage_rate' => 0,
        'fixed_rate' => 25,
        'currency' => 'gbp',
      ),
      'additional' => 
      array (
        'percentage_rate' => 0,
        'fixed_rate' => 0,
        'currency' => 'gbp',
      ),
      'fx' => 
      array (
        'percentage_rate' => 0,
        'fixed_rate' => 0,
        'currency' => 'gbp',
      ),
      'discount' => 
      array (
      ),
    ),
    'p24' => 
    array (
      'base' => 
      array (
        'percentage_rate' => 0.021999999999999998723243521681069978512823581695556640625,
        'fixed_rate' => 20,
        'currency' => 'gbp',
      ),
      'additional' => 
      array (
        'percentage_rate' => 0,
        'fixed_rate' => 0,
        'currency' => 'gbp',
      ),
      'fx' => 
      array (
        'percentage_rate' => 0,
        'fixed_rate' => 0,
        'currency' => 'gbp',
      ),
      'discount' => 
      array (
      ),
    ),
    'klarna' => 
    array (
      'base' => 
      array (
        'percentage_rate' => 0.049899999999999999911182158029987476766109466552734375,
        'fixed_rate' => 35,
        'currency' => 'gbp',
      ),
      'additional' => 
      array (
        'percentage_rate' => 0,
        'fixed_rate' => 0,
        'currency' => 'gbp',
      ),
      'fx' => 
      array (
        'percentage_rate' => 0,
        'fixed_rate' => 0,
        'currency' => 'gbp',
      ),
      'discount' => 
      array (
      ),
    ),
    'afterpay_clearpay' => 
    array (
      'base' => 
      array (
        'percentage_rate' => 0.059999999999999997779553950749686919152736663818359375,
        'fixed_rate' => 30,
        'currency' => 'gbp',
      ),
      'additional' => 
      array (
        'percentage_rate' => 0,
        'fixed_rate' => 0,
        'currency' => 'gbp',
      ),
      'fx' => 
      array (
        'percentage_rate' => 0,
        'fixed_rate' => 0,
        'currency' => 'gbp',
      ),
      'discount' => 
      array (
      ),
    ),
  ),
  'capital' => 
  array (
    'has_active_loan' => false,
    'has_previous_loans' => false,
    'loans' => 
    array (
    ),
  ),
  'fraud_services' => 
  array (
    'stripe' => 
    array (
    ),
    'sift' => 
    array (
      'beacon_key' => '1d81b5c86a',
      'sandbox_beacon_key' => '43e8654e6f',
    ),
  ),
  'store_currencies' => 
  array (
    'default' => 'gbp',
    'supported' => 
    array (
      0 => 'gbp',
    ),
  ),
  'customer_currencies' => 
  array (
    'supported' => 
    array (
      0 => 'usd',
      1 => 'aed',
      2 => 'afn',
      3 => 'all',
      4 => 'amd',
      5 => 'ang',
      6 => 'aoa',
      7 => 'ars',
      8 => 'aud',
      9 => 'awg',
      10 => 'azn',
      11 => 'bam',
      12 => 'bbd',
      13 => 'bdt',
      14 => 'bif',
      15 => 'bmd',
      16 => 'bnd',
      17 => 'bob',
      18 => 'brl',
      19 => 'bsd',
      20 => 'bwp',
      21 => 'byn',
      22 => 'bzd',
      23 => 'cad',
      24 => 'cdf',
      25 => 'chf',
      26 => 'clp',
      27 => 'cny',
      28 => 'cop',
      29 => 'crc',
      30 => 'cve',
      31 => 'czk',
      32 => 'djf',
      33 => 'dkk',
      34 => 'dop',
      35 => 'dzd',
      36 => 'egp',
      37 => 'etb',
      38 => 'eur',
      39 => 'fjd',
      40 => 'fkp',
      41 => 'gbp',
      42 => 'gel',
      43 => 'gip',
      44 => 'gmd',
      45 => 'gnf',
      46 => 'gtq',
      47 => 'gyd',
      48 => 'hkd',
      49 => 'hnl',
      50 => 'htg',
      51 => 'huf',
      52 => 'idr',
      53 => 'ils',
      54 => 'inr',
      55 => 'isk',
      56 => 'jmd',
      57 => 'jpy',
      58 => 'kes',
      59 => 'kgs',
      60 => 'khr',
      61 => 'kmf',
      62 => 'krw',
      63 => 'kyd',
      64 => 'kzt',
      65 => 'lak',
      66 => 'lbp',
      67 => 'lkr',
      68 => 'lrd',
      69 => 'lsl',
      70 => 'mad',
      71 => 'mdl',
      72 => 'mga',
      73 => 'mkd',
      74 => 'mmk',
      75 => 'mnt',
      76 => 'mop',
      77 => 'mur',
      78 => 'mvr',
      79 => 'mwk',
      80 => 'mxn',
      81 => 'myr',
      82 => 'mzn',
      83 => 'nad',
      84 => 'ngn',
      85 => 'nio',
      86 => 'nok',
      87 => 'npr',
      88 => 'nzd',
      89 => 'pab',
      90 => 'pen',
      91 => 'pgk',
      92 => 'php',
      93 => 'pkr',
      94 => 'pln',
      95 => 'pyg',
      96 => 'qar',
      97 => 'ron',
      98 => 'rsd',
      99 => 'rub',
      100 => 'rwf',
      101 => 'sar',
      102 => 'sbd',
      103 => 'scr',
      104 => 'sek',
      105 => 'sgd',
      106 => 'shp',
      107 => 'sle',
      108 => 'sos',
      109 => 'srd',
      110 => 'std',
      111 => 'szl',
      112 => 'thb',
      113 => 'tjs',
      114 => 'top',
      115 => 'try',
      116 => 'ttd',
      117 => 'twd',
      118 => 'tzs',
      119 => 'uah',
      120 => 'ugx',
      121 => 'uyu',
      122 => 'uzs',
      123 => 'vnd',
      124 => 'vuv',
      125 => 'wst',
      126 => 'xaf',
      127 => 'xcd',
      128 => 'xcg',
      129 => 'xof',
      130 => 'xpf',
      131 => 'yer',
      132 => 'zar',
      133 => 'zmw',
    ),
  ),
  'country' => '(redacted)',
  'instant_deposits_eligible' => false,
  'card_present_eligible' => true,
  'has_card_readers_available' => false,
  'platform_checkout_eligible' => false,
  'platform_direct_checkout_eligible' => false,
  'platform_global_theme_support_enabled' => false,
  'business_profile' => 
  array (
    'name' => '(redacted)',
    'url' => 'https://papapoke.co.uk',
    'support_address' => 
    array (
    ),
    'support_email' => 'contactus@papapoke.co.uk',
    'support_phone' => '+447387156597',
  ),
  'branding' => 
  array (
    'icon' => NULL,
    'logo' => NULL,
    'primary_color' => NULL,
    'secondary_color' => NULL,
  ),
  'locale' => 'en_GB',
  'has_more_failed_events' => false,
  'has_submitted_vat_data' => false,
  'is_documents_enabled' => true,
  'card_testing_protection_eligible' => false,
  'fraud_mitigation_settings' => 
  array (
    'avs_check_enabled' => false,
    'cvc_check_enabled' => true,
  ),
  'is_deferred_intent_creation_upe_enabled' => true,
  'pre_check_save_my_info' => false,
  'is_tokenized_ece_disabled' => false,
  'ece_confirmation_tokens_disabled' => false,
  'eligibility_wporg_review_campaign_2025' => false,
  'progressive_onboarding' => 
  array (
    'is_enabled' => false,
    'is_complete' => false,
  ),
)
2026-01-30T13:55:27+00:00 INFO ENVIRONMENT: array (
  'WP_User' => 'Guest (non logged-in user)',
  'HTTP_REFERER' => '--',
  'HTTP_USER_AGENT' => 'Mozilla/5.0 (compatible; InternetMeasurement/1.0; +https://internet-measurement.com/)',
  'REQUEST_URI' => '/',
  'DOING_AJAX' => false,
  'DOING_CRON' => false,
  'WP_CLI' => false,
)
2026-01-30T13:55:27+00:00 INFO REQUEST GET https://public-api.wordpress.com/wpcom/v2/sites/%s/wcpay/currency/rates?test_mode=0&currency_from=gbp
2026-01-30T13:55:27+00:00 INFO HEADERS: array (
  'Content-Type' => 'application/json; charset=utf-8',
  'User-Agent' => 'WooCommerce Payments/8.6.0',
)
2026-01-30T13:55:27+00:00 INFO RESPONSE: array (
  'AED' => 5.06064999999999987068122209166176617145538330078125,
  'AFN' => 90.947012999999998328348738141357898712158203125,
  'ALL' => 111.6956990000000047302819439209997653961181640625,
  'AMD' => 523.3059660000000121726770885288715362548828125,
  'ANG' => 2.466593000000000035498715078574605286121368408203125,
  'AOA' => 1256.905578000000105021172203123569488525390625,
  'ARS' => 1989.848901000000068961526267230510711669921875,
  'AUD' => 1.9612890000000000600977045905892737209796905517578125,
  'AWG' => 2.4803730000000001609805622138082981109619140625,
  'AZN' => 2.34257399999999993411847754032351076602935791015625,
  'BAM' => 2.261290999999999939973349682986736297607421875,
  'BBD' => 2.755970000000000030837554731988348066806793212890625,
  'BDT' => 168.793264999999991005097399465739727020263671875,
  'BGN' => 2.25641900000000017456613932154141366481781005859375,
  'BHD' => 0.51945699999999994656008084348286502063274383544921875,
  'BIF' => 4092.68624200000022028689272701740264892578125,
  'BMD' => 1.3779850000000000154187773659941740334033966064453125,
  'BND' => 1.7477110000000000145092826642212457954883575439453125,
  'BOB' => 9.544650000000000744648787076584994792938232421875,
  'BRL' => 7.17089599999999993684696164564229547977447509765625,
  'BSD' => 1.3779850000000000154187773659941740334033966064453125,
  'BTC' => 1.69999999999999998659926114807916519566788338124752044677734375E-5,
  'BTN' => 127.093040000000002009983290918171405792236328125,
  'BWP' => 18.014689000000000618229023530147969722747802734375,
  'BYN' => 3.902362000000000108457243186421692371368408203125,
  'BZD' => 2.7783210000000000405862010666169226169586181640625,
  'CAD' => 1.8597140000000000892299567567533813416957855224609375,
  'CDF' => 3178.5653499999998530256561934947967529296875,
  'CHF' => 1.0562959999999999016750962255173362791538238525390625,
  'CLF' => 0.0300290000000000001367794766338192857801914215087890625,
  'CLP' => 1185.59072100000003047171048820018768310546875,
  'CNH' => 9.573375999999999663714334019459784030914306640625,
  'CNY' => 9.57603100000000040381564758718013763427734375,
  'COP' => 5057.7607490000000325380824506282806396484375,
  'CRC' => 683.52928199999996650149114429950714111328125,
  'CUC' => 1.3779850000000000154187773659941740334033966064453125,
  'CUP' => 35.483113000000003012246452271938323974609375,
  'CVE' => 127.4907630000000011705196811817586421966552734375,
  'CZK' => 28.05725199999999830424712854437530040740966796875,
  'DJF' => 245.99345099999999320061760954558849334716796875,
  'DKK' => 8.61070300000000088402885012328624725341796875,
  'DOP' => 86.79692199999999502324499189853668212890625,
  'DZD' => 178.158022999999985813701641745865345001220703125,
  'EGP' => 64.662497000000001889929990284144878387451171875,
  'ERN' => 20.6697750000000013415046851150691509246826171875,
  'ETB' => 213.794369999999986475813784636557102203369140625,
  'EUR' => 1.153097999999999956344254314899444580078125,
  'FJD' => 3.023299000000000180676806849078275263309478759765625,
  'FKP' => 1,
  'GBP' => 1,
  'GEL' => 3.713670000000000026574298317427746951580047607421875,
  'GGP' => 1,
  'GHS' => 15.09106799999999992678567650727927684783935546875,
  'GIP' => 1,
  'GMD' => 101.28190100000000484214979223906993865966796875,
  'GNF' => 12123.17058700000052340328693389892578125,
  'GTQ' => 10.5990839999999995058033164241351187229156494140625,
  'GYD' => 288.99875700000001188527676276862621307373046875,
  'HKD' => 10.758933999999999997498889570124447345733642578125,
  'HNL' => 36.48904399999999981218934408389031887054443359375,
  'HRK' => 8.69247299999999967212716001085937023162841796875,
  'HTG' => 181.084775000000007594280759803950786590576171875,
  'HUF' => 439.0659779999999727806425653398036956787109375,
  'IDR' => 23133.688376999998581595718860626220703125,
  'ILS' => 4.253674000000000177124093170277774333953857421875,
  'IMP' => 1,
  'INR' => 126.632328000000001111402525566518306732177734375,
  'IQD' => 1805.849322000000029220245778560638427734375,
  'IRR' => 57993.8760630000033415853977203369140625,
  'ISK' => 167.20469800000000759609974920749664306640625,
  'JEP' => 1,
  'JMD' => 216.7562110000000075160642154514789581298828125,
  'JOD' => 0.97699100000000005383782308854279108345508575439453125,
  'JPY' => 211.995098000000012916643754579126834869384765625,
  'KES' => 178.1321189999999887731974013149738311767578125,
  'KGS' => 120.504786999999993213350535370409488677978515625,
  'KHR' => 5556.2234749999997802660800516605377197265625,
  'KMF' => 567.7296689999999443898559547960758209228515625,
  'KPW' => 1240.18648600000005899346433579921722412109375,
  'KRW' => 1982.923379000000068117515183985233306884765625,
  'KWD' => 0.422588000000000019173995724486303515732288360595703125,
  'KYD' => 1.15109599999999989705656844307668507099151611328125,
  'KZT' => 693.8947229999999990468495525419712066650390625,
  'LAK' => 29654.236869000000297091901302337646484375,
  'LBP' => 123729.990554000003612600266933441162109375,
  'LKR' => 427.389372999999977764673531055450439453125,
  'LRD' => 255.6162669999999934589141048491001129150390625,
  'LSL' => 21.77216299999999904457581578753888607025146484375,
  'LYD' => 8.6468559999999996534825186245143413543701171875,
  'MAD' => 12.5093300000000002825117917382158339023590087890625,
  'MDL' => 23.1790179999999992332959664054214954376220703125,
  'MGA' => 6145.813030999999682535417377948760986328125,
  'MKD' => 71.096621999999996432961779646575450897216796875,
  'MMK' => 2893.630669000000125379301607608795166015625,
  'MNT' => 4905.6265450000000782893039286136627197265625,
  'MOP' => 11.10525200000000012323653209023177623748779296875,
  'MUR' => 62.6018600000000020600054995156824588775634765625,
  'MVR' => 21.2898679999999984602254698984324932098388671875,
  'MWK' => 2393.5599179999999250867404043674468994140625,
  'MXN' => 23.742081999999999908368408796377480030059814453125,
  'MYR' => 5.4320170000000000953832568484358489513397216796875,
  'MZN' => 87.846541999999999461579136550426483154296875,
  'NAD' => 21.8892910000000000536601874046027660369873046875,
  'NGN' => 1914.91683400000010806252248585224151611328125,
  'NIO' => 50.84546399999999977126208250410854816436767578125,
  'NOK' => 13.135006000000000625504981144331395626068115234375,
  'NPR' => 203.374962000000010675648809410631656646728515625,
  'NZD' => 2.268081000000000013727685654885135591030120849609375,
  'OMR' => 0.52983899999999994889776644413359463214874267578125,
  'PAB' => 1.3779850000000000154187773659941740334033966064453125,
  'PEN' => 4.60935999999999967968733471934683620929718017578125,
  'PGK' => 5.87090499999999959612750899395905435085296630859375,
  'PHP' => 81.1426560000000023364918888546526432037353515625,
  'PKR' => 385.594648000000006504706107079982757568359375,
  'PLN' => 4.85154100000000010339817890780977904796600341796875,
  'PYG' => 9269.93633000000045285560190677642822265625,
  'QAR' => 5.0173810000000003128661774098873138427734375,
  'RON' => 5.8768299999999999982946974341757595539093017578125,
  'RSD' => 135.454786000000012791133485734462738037109375,
  'RUB' => 104.204036999999999579813447780907154083251953125,
  'RWF' => 2001.523190000000113286660052835941314697265625,
  'SAR' => 5.168473999999999790588844916783273220062255859375,
  'SBD' => 11.1039429999999992304537954623810946941375732421875,
  'SCR' => 19.16362099999999912824932835064828395843505859375,
  'SDG' => 828.857968000000028041540645062923431396484375,
  'SEK' => 12.1318070000000002295337253599427640438079833984375,
  'SGD' => 1.7446550000000000668620714350254274904727935791015625,
  'SHP' => 1,
  'SLL' => 28895.65613500000108615495264530181884765625,
  'SOS' => 788.120932000000038897269405424594879150390625,
  'SRD' => 52.3682519999999982474037096835672855377197265625,
  'SSP' => 179.496323999999987108822097070515155792236328125,
  'STD' => 30703.98583000000144238583743572235107421875,
  'SVC' => 12.0867360000000001463149601477198302745819091796875,
  'SYP' => 17916.56077000000004773028194904327392578125,
  'SZL' => 21.77216299999999904457581578753888607025146484375,
  'THB' => 43.17433700000000129648469737730920314788818359375,
  'TJS' => 12.90181499999999914507498033344745635986328125,
  'TMT' => 4.83672799999999991626964401802979409694671630859375,
  'TND' => 3.895907999999999926643567960127256810665130615234375,
  'TOP' => 3.317857000000000056161297834478318691253662109375,
  'TRY' => 59.9409679999999980282154865562915802001953125,
  'TTD' => 9.3756439999999994228119248873554170131683349609375,
  'TWD' => 43.29973100000000130194166558794677257537841796875,
  'TZS' => 3548.31133499999987179762683808803558349609375,
  'UAH' => 59.1214020000000033405740396119654178619384765625,
  'UGX' => 4913.9960650000002715387381613254547119140625,
  'USD' => 1.3779850000000000154187773659941740334033966064453125,
  'UYU' => 53.4812179999999983692759997211396694183349609375,
  'UZS' => 16808.58650000000125146470963954925537109375,
  'VND' => 35740.76496400000178255140781402587890625,
  'VUV' => 167.149578999999988582203513942658901214599609375,
  'WST' => 3.81398700000000001608668753760866820812225341796875,
  'XAF' => 756.382597000000032494426704943180084228515625,
  'XAG' => 0.01305899999999999942790207541065683471970260143280029296875,
  'XAU' => 0.0002689999999999999791451543718068251109798438847064971923828125,
  'XCD' => 3.724073000000000188691728908452205359935760498046875,
  'XDR' => 0.94329300000000004811084863831638358533382415771484375,
  'XOF' => 756.382597000000032494426704943180084228515625,
  'XPD' => 0.000681999999999999989043486525730486391694284975528717041015625,
  'XPF' => 137.601173999999986108377925120294094085693359375,
  'XPT' => 0.000532000000000000029289071168392410982050932943820953369140625,
  'YER' => 328.51163900000000239742803387343883514404296875,
  'ZAR' => 21.90414799999999928559191175736486911773681640625,
  'ZMW' => 27.317226000000001562284523970447480678558349609375,
  'ZWL' => 443.71116499999999405190465040504932403564453125,
)
2026-01-30T13:58:51+00:00 INFO ENVIRONMENT: array (
  'WP_User' => 'vk',
  'HTTP_REFERER' => '--',
  'HTTP_USER_AGENT' => 'WordPress/6.9; https://papapoke.co.uk',
  'REQUEST_URI' => '/wp-admin/admin-ajax.php?action=as_async_request_queue_runner&nonce=6faf25cbfc',
  'DOING_AJAX' => true,
  'DOING_CRON' => false,
  'WP_CLI' => false,
)
2026-01-30T13:58:51+00:00 INFO REQUEST POST https://public-api.wordpress.com/wpcom/v2/sites/%s/wcpay/compatibility
2026-01-30T13:58:51+00:00 INFO HEADERS: array (
  'Content-Type' => 'application/json; charset=utf-8',
  'User-Agent' => 'WooCommerce Payments/8.6.0',
  'Idempotency-Key' => 'cbd5c003-42f5-4c61-ad1f-3a0db0b17e80',
)
2026-01-30T13:58:51+00:00 INFO BODY: array (
  'test_mode' => false,
  'compatibility_data' => 
  array (
    'woopayments_version' => '8.6.0',
    'woocommerce_version' => '10.0.5',
    'woocommerce_permalinks' => 
    array (
      'product_base' => 'product',
      'category_base' => 'product-category',
      'tag_base' => 'product-tag',
      'attribute_base' => '',
      'use_verbose_page_rules' => false,
    ),
    'woocommerce_shop' => 'https://papapoke.co.uk/?page_id=7',
    'woocommerce_cart' => 'Not set',
    'woocommerce_checkout' => 'https://papapoke.co.uk/checkout/',
    'blog_theme' => 'papa',
    'active_plugins' => 
    array (
      0 => 'added-to-cart-popup-woocommerce/xoo-cp-main.php',
      1 => 'advanced-custom-fields-pro/acf.php',
      2 => 'classic-editor/classic-editor.php',
      3 => 'classic-widgets/classic-widgets.php',
      4 => 'contact-form-7/wp-contact-form-7.php',
      5 => 'health-check/health-check.php',
      6 => 'popup-maker/popup-maker.php',
      8 => 'regenerate-thumbnails/regenerate-thumbnails.php',
      9 => 'shipping-zones-by-drawing-for-woocommerce/shipping-zones-by-drawing.php',
      10 => 'svg-support/svg-support.php',
      11 => 'webp-converter-for-media/webp-converter-for-media.php',
      12 => 'woo-pincode-checker/woo-pincode-checker.php',
      13 => 'woocommerce-google-analytics-integration/woocommerce-google-analytics-integration.php',
      14 => 'woocommerce-lightbox/main.php',
      15 => 'woocommerce-payments/woocommerce-payments.php',
      17 => 'woocommerce/woocommerce.php',
      18 => 'wordpress-seo/wp-seo.php',
      19 => 'wp-rocket/wp-rocket.php',
      20 => 'wp-sitemap-page/wp-sitemap-page.php',
    ),
    'post_types_count' => 
    array (
      'post' => 0,
      'page' => 7,
      'attachment' => 0,
      'product' => 55,
      'popup' => 2,
      'popup_theme' => 8,
      'szbdzones' => 2,
    ),
  ),
)
2026-01-30T13:58:51+00:00 INFO RESPONSE: array (
  'result' => 'success',
)
2026-01-30T14:13:02+00:00 INFO ENVIRONMENT: array (
  'WP_User' => 'Guest (non logged-in user)',
  'HTTP_REFERER' => 'http://www.papapoke.co.uk',
  'HTTP_USER_AGENT' => 'Mozilla/5.0 (compatible; CMS-Checker/1.0; +https://example.com)',
  'REQUEST_URI' => '/',
  'DOING_AJAX' => false,
  'DOING_CRON' => false,
  'WP_CLI' => false,
)
2026-01-30T14:13:02+00:00 INFO REQUEST GET https://public-api.wordpress.com/wpcom/v2/sites/%s/wcpay/disputes?test_mode=0&pagesize=50&search%5B0%5D=warning_needs_response&search%5B1%5D=needs_response
2026-01-30T14:13:02+00:00 INFO HEADERS: array (
  'Content-Type' => 'application/json; charset=utf-8',
  'User-Agent' => 'WooCommerce Payments/8.6.0',
)
2026-01-30T14:13:02+00:00 INFO RESPONSE: array (
  'data' => 
  array (
  ),
)
2026-01-30T16:51:33+00:00 INFO ENVIRONMENT: array (
  'WP_User' => 'vk',
  'HTTP_REFERER' => 'https://papapoke.co.uk/wp-login.php?redirect_to=httpspapapoke.co.ukwp-adminpost.phppost464actionedit&reauth=1',
  'HTTP_USER_AGENT' => 'Mozilla/5.0 (Macintosh; Intel Mac OS X 10_15_7) AppleWebKit/537.36 (KHTML, like Gecko) Chrome/144.0.0.0 Safari/537.36',
  'REQUEST_URI' => '/wp-admin/post.php?post=464&action=edit',
  'DOING_AJAX' => false,
  'DOING_CRON' => false,
  'WP_CLI' => false,
)
2026-01-30T16:51:33+00:00 INFO REQUEST GET https://public-api.wordpress.com/wpcom/v2/sites/%s/wcpay/accounts?test_mode=0
2026-01-30T16:51:33+00:00 INFO HEADERS: array (
  'Content-Type' => 'application/json; charset=utf-8',
  'User-Agent' => 'WooCommerce Payments/8.6.0',
)
2026-01-30T16:51:34+00:00 INFO RESPONSE: array (
  'account_id' => 'acct_1QJjXwFt5S7zes6j',
  'email' => '(redacted)',
  'communications_email' => 'contactus@papapoke.co.uk',
  'live_publishable_key' => 'pk_live_51ETDmyFuiXB5oUVxaIafkGPnwuNcBxr1pXVhvLJ4BrWuiqfG6SldjatOGLQhuqXnDmgqwRA7tDoSFlbY4wFji7KR0079TvtxNs',
  'test_publishable_key' => 'pk_test_51ETDmyFuiXB5oUVxwSobQMW5Tno1GclIq7ePZWzLeW4q8oa7Zb8hI5VfwI5sNT5nXuKYinLukNvGCXmsQXAoDGHG00MqHqlYHR',
  'is_live' => true,
  'is_test_drive' => false,
  'created' => '2024-11-10 22:23:55',
  'has_pending_requirements' => false,
  'has_future_requirements' => false,
  'has_overdue_requirements' => false,
  'details_submitted' => true,
  'current_deadline' => NULL,
  'status' => 'complete',
  'capabilities' => 
  array (
    'card_payments' => 'active',
    'transfers' => 'active',
    'afterpay_clearpay_payments' => 'unrequested',
    'alipay_payments' => 'unrequested',
    'amazon_pay_payments' => 'unrequested',
    'bacs_debit_payments' => 'unrequested',
    'bancontact_payments' => 'unrequested',
    'bank_transfer_payments' => 'unrequested',
    'billie_payments' => 'unrequested',
    'cartes_bancaires_payments' => 'unrequested',
    'eps_payments' => 'unrequested',
    'gb_bank_transfer_payments' => 'unrequested',
    'ideal_payments' => 'unrequested',
    'kakao_pay_payments' => 'unrequested',
    'klarna' => 'unrequested',
    'klarna_payments' => 'unrequested',
    'kr_card_payments' => 'unrequested',
    'legacy_payments' => 'unrequested',
    'link_payments' => 'unrequested',
    'mb_way_payments' => 'unrequested',
    'multibanco_payments' => 'unrequested',
    'naver_pay_payments' => 'unrequested',
    'p24_payments' => 'unrequested',
    'pay_by_bank_payments' => 'unrequested',
    'payco_payments' => 'unrequested',
    'revolut_pay_payments' => 'unrequested',
    'samsung_pay_payments' => 'unrequested',
    'sepa_bank_transfer_payments' => 'unrequested',
    'sepa_debit_payments' => 'unrequested',
    'twint_payments' => 'unrequested',
    'us_bank_account_ach_payments' => 'unrequested',
    'us_bank_transfer_payments' => 'unrequested',
    'wechat_pay_payments' => 'unrequested',
  ),
  'capability_requirements' => 
  array (
    'afterpay_clearpay_payments' => 
    array (
    ),
    'alipay_payments' => 
    array (
      0 => 'business_profile.product_description',
    ),
    'amazon_pay_payments' => 
    array (
    ),
    'bacs_debit_payments' => 
    array (
    ),
    'bancontact_payments' => 
    array (
    ),
    'bank_transfer_payments' => 
    array (
    ),
    'billie_payments' => 
    array (
    ),
    'card_payments' => 
    array (
    ),
    'cartes_bancaires_payments' => 
    array (
    ),
    'eps_payments' => 
    array (
    ),
    'gb_bank_transfer_payments' => 
    array (
    ),
    'ideal_payments' => 
    array (
    ),
    'kakao_pay_payments' => 
    array (
    ),
    'klarna' => 
    array (
    ),
    'klarna_payments' => 
    array (
    ),
    'kr_card_payments' => 
    array (
    ),
    'legacy_payments' => 
    array (
    ),
    'link_payments' => 
    array (
    ),
    'mb_way_payments' => 
    array (
    ),
    'multibanco_payments' => 
    array (
    ),
    'naver_pay_payments' => 
    array (
    ),
    'p24_payments' => 
    array (
    ),
    'pay_by_bank_payments' => 
    array (
    ),
    'payco_payments' => 
    array (
    ),
    'revolut_pay_payments' => 
    array (
    ),
    'samsung_pay_payments' => 
    array (
    ),
    'sepa_bank_transfer_payments' => 
    array (
    ),
    'sepa_debit_payments' => 
    array (
    ),
    'transfers' => 
    array (
    ),
    'twint_payments' => 
    array (
    ),
    'us_bank_account_ach_payments' => 
    array (
    ),
    'us_bank_transfer_payments' => 
    array (
    ),
    'wechat_pay_payments' => 
    array (
      0 => 'business_profile.product_description',
    ),
  ),
  'payments_enabled' => true,
  'deposits' => 
  array (
    'status' => 'enabled',
    'restrictions' => 'deposits_unrestricted',
    'interval' => 'daily',
    'weekly_anchor' => '',
    'monthly_anchor' => NULL,
    'delay_days' => 3,
    'completed_waiting_period' => false,
    'minimum_manual_deposit_amounts' => 
    array (
      'aud' => 500,
      'bgn' => 100,
      'cad' => 500,
      'chf' => 500,
      'czk' => 3000,
      'dkk' => 5000,
      'eur' => 500,
      'gbp' => 500,
      'hkd' => 5000,
      'huf' => 36000,
      'nok' => 5000,
      'nzd' => 500,
      'jpy' => 50,
      'sek' => 5000,
      'sgd' => 500,
      'usd' => 500,
      'ron' => 500,
      'pln' => 500,
      'aed' => 200,
    ),
    'minimum_scheduled_deposit_amounts' => 
    array (
      'aed' => 200,
      'aud' => 0,
      'bgn' => 100,
      'cad' => 0,
      'chf' => 500,
      'czk' => 3000,
      'dkk' => 2000,
      'eur' => 100,
      'gbp' => 100,
      'hkd' => 0,
      'huf' => 36000,
      'jpy' => 1,
      'nok' => 2000,
      'nzd' => 0,
      'pln' => 500,
      'ron' => 500,
      'sek' => 2000,
      'sgd' => 100,
      'usd' => 0,
    ),
  ),
  'lifetime_total_payment_volume' => 0,
  'requirements' => 
  array (
    'errors' => 
    array (
    ),
  ),
  'statement_descriptor' => 'PAPA POKE',
  'statement_descriptor_kanji' => '',
  'statement_descriptor_kana' => '',
  'latest_tos_agreement' => 
  array (
    'date' => '2024-11-10 22:23:55',
    'source' => 'signup',
    'is_current_version' => true,
  ),
  'fees' => 
  array (
    'base' => 
    array (
      'percentage_rate' => 0.01499999999999999944488848768742172978818416595458984375,
      'fixed_rate' => 25,
      'currency' => 'gbp',
    ),
    'discount' => 
    array (
    ),
    'card' => 
    array (
      'base' => 
      array (
        'percentage_rate' => 0.01499999999999999944488848768742172978818416595458984375,
        'fixed_rate' => 25,
        'currency' => 'gbp',
      ),
      'additional' => 
      array (
        'percentage_rate' => 0.0200000000000000004163336342344337026588618755340576171875,
        'fixed_rate' => 0,
        'currency' => 'eur',
      ),
      'fx' => 
      array (
        'percentage_rate' => 0.0200000000000000004163336342344337026588618755340576171875,
        'fixed_rate' => 0,
        'currency' => 'gbp',
      ),
      'discount' => 
      array (
      ),
    ),
    'card_present' => 
    array (
      'base' => 
      array (
        'percentage_rate' => 0.01400000000000000029143354396410359186120331287384033203125,
        'fixed_rate' => 20,
        'currency' => 'gbp',
      ),
      'additional' => 
      array (
        'percentage_rate' => 0.0200000000000000004163336342344337026588618755340576171875,
        'fixed_rate' => 0,
        'currency' => 'gbp',
      ),
      'fx' => 
      array (
        'percentage_rate' => 0.0200000000000000004163336342344337026588618755340576171875,
        'fixed_rate' => 0,
        'currency' => 'gbp',
      ),
      'discount' => 
      array (
      ),
    ),
    'bancontact' => 
    array (
      'base' => 
      array (
        'percentage_rate' => 0.01400000000000000029143354396410359186120331287384033203125,
        'fixed_rate' => 20,
        'currency' => 'gbp',
      ),
      'additional' => 
      array (
        'percentage_rate' => 0,
        'fixed_rate' => 0,
        'currency' => 'gbp',
      ),
      'fx' => 
      array (
        'percentage_rate' => 0,
        'fixed_rate' => 0,
        'currency' => 'gbp',
      ),
      'discount' => 
      array (
      ),
    ),
    'eps' => 
    array (
      'base' => 
      array (
        'percentage_rate' => 0.01600000000000000033306690738754696212708950042724609375,
        'fixed_rate' => 20,
        'currency' => 'gbp',
      ),
      'additional' => 
      array (
        'percentage_rate' => 0,
        'fixed_rate' => 0,
        'currency' => 'gbp',
      ),
      'fx' => 
      array (
        'percentage_rate' => 0,
        'fixed_rate' => 0,
        'currency' => 'gbp',
      ),
      'discount' => 
      array (
      ),
    ),
    'ideal' => 
    array (
      'base' => 
      array (
        'percentage_rate' => 0,
        'fixed_rate' => 25,
        'currency' => 'gbp',
      ),
      'additional' => 
      array (
        'percentage_rate' => 0,
        'fixed_rate' => 0,
        'currency' => 'gbp',
      ),
      'fx' => 
      array (
        'percentage_rate' => 0,
        'fixed_rate' => 0,
        'currency' => 'gbp',
      ),
      'discount' => 
      array (
      ),
    ),
    'p24' => 
    array (
      'base' => 
      array (
        'percentage_rate' => 0.021999999999999998723243521681069978512823581695556640625,
        'fixed_rate' => 20,
        'currency' => 'gbp',
      ),
      'additional' => 
      array (
        'percentage_rate' => 0,
        'fixed_rate' => 0,
        'currency' => 'gbp',
      ),
      'fx' => 
      array (
        'percentage_rate' => 0,
        'fixed_rate' => 0,
        'currency' => 'gbp',
      ),
      'discount' => 
      array (
      ),
    ),
    'klarna' => 
    array (
      'base' => 
      array (
        'percentage_rate' => 0.049899999999999999911182158029987476766109466552734375,
        'fixed_rate' => 35,
        'currency' => 'gbp',
      ),
      'additional' => 
      array (
        'percentage_rate' => 0,
        'fixed_rate' => 0,
        'currency' => 'gbp',
      ),
      'fx' => 
      array (
        'percentage_rate' => 0,
        'fixed_rate' => 0,
        'currency' => 'gbp',
      ),
      'discount' => 
      array (
      ),
    ),
    'afterpay_clearpay' => 
    array (
      'base' => 
      array (
        'percentage_rate' => 0.059999999999999997779553950749686919152736663818359375,
        'fixed_rate' => 30,
        'currency' => 'gbp',
      ),
      'additional' => 
      array (
        'percentage_rate' => 0,
        'fixed_rate' => 0,
        'currency' => 'gbp',
      ),
      'fx' => 
      array (
        'percentage_rate' => 0,
        'fixed_rate' => 0,
        'currency' => 'gbp',
      ),
      'discount' => 
      array (
      ),
    ),
  ),
  'capital' => 
  array (
    'has_active_loan' => false,
    'has_previous_loans' => false,
    'loans' => 
    array (
    ),
  ),
  'fraud_services' => 
  array (
    'stripe' => 
    array (
    ),
    'sift' => 
    array (
      'beacon_key' => '1d81b5c86a',
      'sandbox_beacon_key' => '43e8654e6f',
    ),
  ),
  'store_currencies' => 
  array (
    'default' => 'gbp',
    'supported' => 
    array (
      0 => 'gbp',
    ),
  ),
  'customer_currencies' => 
  array (
    'supported' => 
    array (
      0 => 'usd',
      1 => 'aed',
      2 => 'afn',
      3 => 'all',
      4 => 'amd',
      5 => 'ang',
      6 => 'aoa',
      7 => 'ars',
      8 => 'aud',
      9 => 'awg',
      10 => 'azn',
      11 => 'bam',
      12 => 'bbd',
      13 => 'bdt',
      14 => 'bif',
      15 => 'bmd',
      16 => 'bnd',
      17 => 'bob',
      18 => 'brl',
      19 => 'bsd',
      20 => 'bwp',
      21 => 'byn',
      22 => 'bzd',
      23 => 'cad',
      24 => 'cdf',
      25 => 'chf',
      26 => 'clp',
      27 => 'cny',
      28 => 'cop',
      29 => 'crc',
      30 => 'cve',
      31 => 'czk',
      32 => 'djf',
      33 => 'dkk',
      34 => 'dop',
      35 => 'dzd',
      36 => 'egp',
      37 => 'etb',
      38 => 'eur',
      39 => 'fjd',
      40 => 'fkp',
      41 => 'gbp',
      42 => 'gel',
      43 => 'gip',
      44 => 'gmd',
      45 => 'gnf',
      46 => 'gtq',
      47 => 'gyd',
      48 => 'hkd',
      49 => 'hnl',
      50 => 'htg',
      51 => 'huf',
      52 => 'idr',
      53 => 'ils',
      54 => 'inr',
      55 => 'isk',
      56 => 'jmd',
      57 => 'jpy',
      58 => 'kes',
      59 => 'kgs',
      60 => 'khr',
      61 => 'kmf',
      62 => 'krw',
      63 => 'kyd',
      64 => 'kzt',
      65 => 'lak',
      66 => 'lbp',
      67 => 'lkr',
      68 => 'lrd',
      69 => 'lsl',
      70 => 'mad',
      71 => 'mdl',
      72 => 'mga',
      73 => 'mkd',
      74 => 'mmk',
      75 => 'mnt',
      76 => 'mop',
      77 => 'mur',
      78 => 'mvr',
      79 => 'mwk',
      80 => 'mxn',
      81 => 'myr',
      82 => 'mzn',
      83 => 'nad',
      84 => 'ngn',
      85 => 'nio',
      86 => 'nok',
      87 => 'npr',
      88 => 'nzd',
      89 => 'pab',
      90 => 'pen',
      91 => 'pgk',
      92 => 'php',
      93 => 'pkr',
      94 => 'pln',
      95 => 'pyg',
      96 => 'qar',
      97 => 'ron',
      98 => 'rsd',
      99 => 'rub',
      100 => 'rwf',
      101 => 'sar',
      102 => 'sbd',
      103 => 'scr',
      104 => 'sek',
      105 => 'sgd',
      106 => 'shp',
      107 => 'sle',
      108 => 'sos',
      109 => 'srd',
      110 => 'std',
      111 => 'szl',
      112 => 'thb',
      113 => 'tjs',
      114 => 'top',
      115 => 'try',
      116 => 'ttd',
      117 => 'twd',
      118 => 'tzs',
      119 => 'uah',
      120 => 'ugx',
      121 => 'uyu',
      122 => 'uzs',
      123 => 'vnd',
      124 => 'vuv',
      125 => 'wst',
      126 => 'xaf',
      127 => 'xcd',
      128 => 'xcg',
      129 => 'xof',
      130 => 'xpf',
      131 => 'yer',
      132 => 'zar',
      133 => 'zmw',
    ),
  ),
  'country' => '(redacted)',
  'instant_deposits_eligible' => false,
  'card_present_eligible' => true,
  'has_card_readers_available' => false,
  'platform_checkout_eligible' => false,
  'platform_direct_checkout_eligible' => false,
  'platform_global_theme_support_enabled' => false,
  'business_profile' => 
  array (
    'name' => '(redacted)',
    'url' => 'https://papapoke.co.uk',
    'support_address' => 
    array (
    ),
    'support_email' => 'contactus@papapoke.co.uk',
    'support_phone' => '+447387156597',
  ),
  'branding' => 
  array (
    'icon' => NULL,
    'logo' => NULL,
    'primary_color' => NULL,
    'secondary_color' => NULL,
  ),
  'locale' => 'en_GB',
  'has_more_failed_events' => false,
  'has_submitted_vat_data' => false,
  'is_documents_enabled' => true,
  'card_testing_protection_eligible' => false,
  'fraud_mitigation_settings' => 
  array (
    'avs_check_enabled' => false,
    'cvc_check_enabled' => true,
  ),
  'is_deferred_intent_creation_upe_enabled' => true,
  'pre_check_save_my_info' => false,
  'is_tokenized_ece_disabled' => false,
  'ece_confirmation_tokens_disabled' => false,
  'eligibility_wporg_review_campaign_2025' => false,
  'progressive_onboarding' => 
  array (
    'is_enabled' => false,
    'is_complete' => false,
  ),
)
2026-01-30T16:51:34+00:00 INFO ENVIRONMENT: array (
  'WP_User' => 'vk',
  'HTTP_REFERER' => 'https://papapoke.co.uk/wp-login.php?redirect_to=httpspapapoke.co.ukwp-adminpost.phppost464actionedit&reauth=1',
  'HTTP_USER_AGENT' => 'Mozilla/5.0 (Macintosh; Intel Mac OS X 10_15_7) AppleWebKit/537.36 (KHTML, like Gecko) Chrome/144.0.0.0 Safari/537.36',
  'REQUEST_URI' => '/wp-admin/post.php?post=464&action=edit',
  'DOING_AJAX' => false,
  'DOING_CRON' => false,
  'WP_CLI' => false,
)
2026-01-30T16:51:34+00:00 INFO REQUEST GET https://public-api.wordpress.com/wpcom/v2/sites/%s/wcpay/disputes/status_counts?test_mode=0
2026-01-30T16:51:34+00:00 INFO HEADERS: array (
  'Content-Type' => 'application/json; charset=utf-8',
  'User-Agent' => 'WooCommerce Payments/8.6.0',
)
2026-01-30T16:51:34+00:00 INFO RESPONSE: array (
)
2026-01-30T16:53:39+00:00 INFO ENVIRONMENT: array (
  'WP_User' => 'vk',
  'HTTP_REFERER' => '--',
  'HTTP_USER_AGENT' => 'WordPress/6.9; https://papapoke.co.uk',
  'REQUEST_URI' => '/wp-admin/admin-ajax.php?action=as_async_request_queue_runner&nonce=6faf25cbfc',
  'DOING_AJAX' => true,
  'DOING_CRON' => false,
  'WP_CLI' => false,
)
2026-01-30T16:53:39+00:00 INFO REQUEST POST https://public-api.wordpress.com/wpcom/v2/sites/%s/wcpay/compatibility
2026-01-30T16:53:39+00:00 INFO HEADERS: array (
  'Content-Type' => 'application/json; charset=utf-8',
  'User-Agent' => 'WooCommerce Payments/8.6.0',
  'Idempotency-Key' => '021b7067-822a-4ca9-a878-6f421d73c358',
)
2026-01-30T16:53:39+00:00 INFO BODY: array (
  'test_mode' => false,
  'compatibility_data' => 
  array (
    'woopayments_version' => '8.6.0',
    'woocommerce_version' => '10.0.5',
    'woocommerce_permalinks' => 
    array (
      'product_base' => 'product',
      'category_base' => 'product-category',
      'tag_base' => 'product-tag',
      'attribute_base' => '',
      'use_verbose_page_rules' => false,
    ),
    'woocommerce_shop' => 'https://papapoke.co.uk/?page_id=7',
    'woocommerce_cart' => 'Not set',
    'woocommerce_checkout' => 'https://papapoke.co.uk/checkout/',
    'blog_theme' => 'papa',
    'active_plugins' => 
    array (
      0 => 'added-to-cart-popup-woocommerce/xoo-cp-main.php',
      1 => 'advanced-custom-fields-pro/acf.php',
      2 => 'classic-editor/classic-editor.php',
      3 => 'classic-widgets/classic-widgets.php',
      4 => 'contact-form-7/wp-contact-form-7.php',
      5 => 'health-check/health-check.php',
      6 => 'popup-maker/popup-maker.php',
      8 => 'regenerate-thumbnails/regenerate-thumbnails.php',
      9 => 'shipping-zones-by-drawing-for-woocommerce/shipping-zones-by-drawing.php',
      10 => 'svg-support/svg-support.php',
      11 => 'webp-converter-for-media/webp-converter-for-media.php',
      12 => 'woo-pincode-checker/woo-pincode-checker.php',
      13 => 'woocommerce-google-analytics-integration/woocommerce-google-analytics-integration.php',
      14 => 'woocommerce-lightbox/main.php',
      15 => 'woocommerce-payments/woocommerce-payments.php',
      17 => 'woocommerce/woocommerce.php',
      18 => 'wordpress-seo/wp-seo.php',
      19 => 'wp-rocket/wp-rocket.php',
      20 => 'wp-sitemap-page/wp-sitemap-page.php',
    ),
    'post_types_count' => 
    array (
      'post' => 0,
      'page' => 7,
      'attachment' => 0,
      'product' => 55,
      'popup' => 2,
      'popup_theme' => 8,
      'szbdzones' => 2,
    ),
  ),
)
2026-01-30T16:53:39+00:00 INFO RESPONSE: array (
  'result' => 'success',
)
2026-01-30T19:58:04+00:00 INFO ENVIRONMENT: array (
  'WP_User' => 'Guest (non logged-in user)',
  'HTTP_REFERER' => 'http://papapoke.co.uk/new/',
  'HTTP_USER_AGENT' => 'Mozilla/5.0 (Windows NT 11.0; Win64; x64) AppleWebKit/537.36 (KHTML, like Gecko) Chrome/128.0.6540.18 Safari/537.36',
  'REQUEST_URI' => '/new/',
  'DOING_AJAX' => false,
  'DOING_CRON' => false,
  'WP_CLI' => false,
)
2026-01-30T19:58:04+00:00 INFO REQUEST GET https://public-api.wordpress.com/wpcom/v2/sites/%s/wcpay/currency/rates?test_mode=0&currency_from=gbp
2026-01-30T19:58:04+00:00 INFO HEADERS: array (
  'Content-Type' => 'application/json; charset=utf-8',
  'User-Agent' => 'WooCommerce Payments/8.6.0',
)
2026-01-30T19:58:04+00:00 INFO RESPONSE: array (
  'AED' => 5.0315940000000001219859768752939999103546142578125,
  'AFN' => 90.4248460000000022773747332394123077392578125,
  'ALL' => 110.8372600000000005593392415903508663177490234375,
  'AMD' => 519.48211700000001656007952988147735595703125,
  'ANG' => 2.45243099999999980553866407717578113079071044921875,
  'AOA' => 1249.68913500000007843482308089733123779296875,
  'ARS' => 1982.3957430000000385916791856288909912109375,
  'AUD' => 1.9681040000000000755875362301594577729701995849609375,
  'AWG' => 2.4661319999999999907913661445491015911102294921875,
  'AZN' => 2.329124999999999889865875957184471189975738525390625,
  'BAM' => 2.24284999999999978825826474349014461040496826171875,
  'BBD' => 2.740146999999999888331103647942654788494110107421875,
  'BDT' => 167.452554999999989604475558735430240631103515625,
  'BGN' => 2.25744699999999998141220203251577913761138916015625,
  'BHD' => 0.51652799999999998714628191009978763759136199951171875,
  'BIF' => 4059.63485499999978856067173182964324951171875,
  'BMD' => 1.370073000000000096321173259639181196689605712890625,
  'BND' => 1.73539099999999990586729836650192737579345703125,
  'BOB' => 9.4690290000000008063807399594224989414215087890625,
  'BRL' => 7.20480500000000034788172342814505100250244140625,
  'BSD' => 1.370073000000000096321173259639181196689605712890625,
  'BTC' => 1.69999999999999998659926114807916519566788338124752044677734375E-5,
  'BTN' => 125.8370670000000046684363042004406452178955078125,
  'BWP' => 17.926353999999999899728209129534661769866943359375,
  'BYN' => 3.902880000000000126902932606753893196582794189453125,
  'BZD' => 2.75596100000000010510348147363401949405670166015625,
  'CAD' => 1.8628389999999999115942728167283348739147186279296875,
  'CDF' => 3153.11606100000017249840311706066131591796875,
  'CHF' => 1.0581160000000000565023583476431667804718017578125,
  'CLF' => 0.0300309999999999986675103258448871201835572719573974609375,
  'CLP' => 1186.09992000000011103111319243907928466796875,
  'CNH' => 9.530041000000000650516085443086922168731689453125,
  'CNY' => 9.52447599999999994224708643741905689239501953125,
  'COP' => 5021.3052070000003368477337062358856201171875,
  'CRC' => 678.553951999999981126165948808193206787109375,
  'CUC' => 1.370073000000000096321173259639181196689605712890625,
  'CUP' => 35.27938900000000188583726412616670131683349609375,
  'CVE' => 126.4495399999999989404386724345386028289794921875,
  'CZK' => 28.09040900000000107183950603939592838287353515625,
  'DJF' => 243.637369000000006735717761330306529998779296875,
  'DKK' => 8.621026000000000522049958817660808563232421875,
  'DOP' => 86.27105000000000245563569478690624237060546875,
  'DZD' => 177.547338999999993802703102119266986846923828125,
  'EGP' => 64.2999449999999939109329716302454471588134765625,
  'ERN' => 20.551100999999999174860931816510856151580810546875,
  'ETB' => 212.871814000000000532963895238935947418212890625,
  'EUR' => 1.154411000000000075971229307469911873340606689453125,
  'FJD' => 3.018546000000000173457692653755657374858856201171875,
  'FKP' => 1,
  'GBP' => 1,
  'GEL' => 3.69234799999999996344968167250044643878936767578125,
  'GGP' => 1,
  'GHS' => 15.0114549999999997709210219909437000751495361328125,
  'GIP' => 1,
  'GMD' => 100.7003969999999952733560348860919475555419921875,
  'GNF' => 12023.892628999999942607246339321136474609375,
  'GTQ' => 10.5103120000000007649987310287542641162872314453125,
  'GYD' => 286.68553900000000567160896025598049163818359375,
  'HKD' => 10.70045999999999963847585604526102542877197265625,
  'HNL' => 36.16854500000000172121872310526669025421142578125,
  'HRK' => 8.696479000000000070258465711958706378936767578125,
  'HTG' => 179.330992000000009056748240254819393157958984375,
  'HUF' => 440.030574999999998908606357872486114501953125,
  'IDR' => 22976.1896469999992405064404010772705078125,
  'ILS' => 4.23438300000000023004531612969003617763519287109375,
  'IMP' => 1,
  'INR' => 125.6749769999999983838279149495065212249755859375,
  'IQD' => 1795.14559099999996760743670165538787841796875,
  'IRR' => 57660.90793200000189244747161865234375,
  'ISK' => 167.38186400000000730869942344725131988525390625,
  'JEP' => 1,
  'JMD' => 214.732519999999993842720868997275829315185546875,
  'JOD' => 0.9713819999999999676987272323458455502986907958984375,
  'JPY' => 211.723222999999990179276210255920886993408203125,
  'KES' => 176.7394649999999955980456434190273284912109375,
  'KGS' => 119.812916000000001304215402342379093170166015625,
  'KHR' => 5510.200066999999762629158794879913330078125,
  'KMF' => 564.4700850000000400541466660797595977783203125,
  'KPW' => 1233.066035000000056243152357637882232666015625,
  'KRW' => 1984.403156999999964682501740753650665283203125,
  'KWD' => 0.4203799999999999759126012577326036989688873291015625,
  'KYD' => 1.14173700000000000187583282240666449069976806640625,
  'KZT' => 689.1852979999999888605088926851749420166015625,
  'LAK' => 29489.30922700000155600719153881072998046875,
  'LBP' => 122711.16360699999495409429073333740234375,
  'LKR' => 423.76537999999999328792910091578960418701171875,
  'LRD' => 254.14866299999999910141923464834690093994140625,
  'LSL' => 21.757778999999999314240994863212108612060546875,
  'LYD' => 8.598544000000000409045242122374475002288818359375,
  'MAD' => 12.429930999999999841065800865180790424346923828125,
  'MDL' => 22.9206429999999983238012646324932575225830078125,
  'MGA' => 6123.8773300000002564047463238239288330078125,
  'MKD' => 71.00846400000000357977114617824554443359375,
  'MMK' => 2877.01707399999986591865308582782745361328125,
  'MNT' => 4877.4612040000001798034645617008209228515625,
  'MOP' => 11.0192099999999992832044881652109324932098388671875,
  'MUR' => 62.24243599999999787542037665843963623046875,
  'MVR' => 21.16763399999999961664798320271074771881103515625,
  'MWK' => 2376.14936200000011012889444828033447265625,
  'MXN' => 23.8729799999999983128873282112181186676025390625,
  'MYR' => 5.4008289999999998798330125282518565654754638671875,
  'MZN' => 87.3421759999999949286575429141521453857421875,
  'NAD' => 21.757778999999999314240994863212108612060546875,
  'NGN' => 1902.018058999999993829987943172454833984375,
  'NIO' => 50.42426999999999992496668710373342037200927734375,
  'NOK' => 13.1736260000000005021547622163780033588409423828125,
  'NPR' => 201.3350639999999884821590967476367950439453125,
  'NZD' => 2.274706999999999812445139468763954937458038330078125,
  'OMR' => 0.52677300000000004676081744037219323217868804931640625,
  'PAB' => 1.370073000000000096321173259639181196689605712890625,
  'PEN' => 4.58153300000000029967850423417985439300537109375,
  'PGK' => 5.86577199999999976398612488992512226104736328125,
  'PHP' => 80.78158999999999423380359075963497161865234375,
  'PKR' => 383.37223599999998668863554485142230987548828125,
  'PLN' => 4.86137700000000005928768587182275950908660888671875,
  'PYG' => 9178.74922399999923072755336761474609375,
  'QAR' => 4.9960129999999995931148077943362295627593994140625,
  'RON' => 5.88008099999999966911445881123654544353485107421875,
  'RSD' => 135.4961230000000114159774966537952423095703125,
  'RUB' => 104.1326059999999955607563606463372707366943359375,
  'RWF' => 1998.89923300000009476207196712493896484375,
  'SAR' => 5.13858999999999976893150233081541955471038818359375,
  'SBD' => 11.0401900000000008361666914424858987331390380859375,
  'SCR' => 18.9033629999999988058334565721452236175537109375,
  'SDG' => 824.0991330000000516520231030881404876708984375,
  'SEK' => 12.1755619999999993297024047933518886566162109375,
  'SGD' => 1.7420310000000001071640554073383100330829620361328125,
  'SHP' => 1,
  'SLL' => 28729.7535730000017792917788028717041015625,
  'SOS' => 783.125710000000026411726139485836029052734375,
  'SRD' => 52.13197699999999912279236014001071453094482421875,
  'SSP' => 178.46575699999999642386683262884616851806640625,
  'STD' => 30527.70085900000049150548875331878662109375,
  'SVC' => 11.9895680000000002252136255265213549137115478515625,
  'SYP' => 17813.69398200000068754889070987701416015625,
  'SZL' => 21.75067299999999903548086876980960369110107421875,
  'THB' => 43.18885900000000077625372796319425106048583984375,
  'TJS' => 12.7916329999999991429149304167367517948150634765625,
  'TMT' => 4.80895799999999962182073431904427707195281982421875,
  'TND' => 3.9370870000000000032969182939268648624420166015625,
  'TOP' => 3.29880800000000018457058104104362428188323974609375,
  'TRY' => 59.57736200000000081899997894652187824249267578125,
  'TTD' => 9.30389100000000013324097380973398685455322265625,
  'TWD' => 43.22943500000000227601049118675291538238525390625,
  'TZS' => 3527.93893299999990631476975977420806884765625,
  'UAH' => 58.7311150000000026238922146148979663848876953125,
  'UGX' => 4899.08297099999981583096086978912353515625,
  'USD' => 1.370073000000000096321173259639181196689605712890625,
  'UYU' => 53.16410700000000133513822220265865325927734375,
  'UZS' => 16752.139074999999138526618480682373046875,
  'VND' => 35535.56164800000260584056377410888671875,
  'VUV' => 166.189899999999994406607584096491336822509765625,
  'WST' => 3.79208899999999982100007400731556117534637451171875,
  'XAF' => 757.2439689999999927749740891158580780029296875,
  'XAG' => 0.01298400000000000074906747471459311782382428646087646484375,
  'XAU' => 0.0002790000000000000053741733285761483784881420433521270751953125,
  'XCD' => 3.70269199999999987227283781976439058780670166015625,
  'XDR' => 0.93787699999999996069988128510885871946811676025390625,
  'XOF' => 757.2439689999999927749740891158580780029296875,
  'XPD' => 0.000679000000000000024542867738119866771739907562732696533203125,
  'XPF' => 137.757875000000012732925824820995330810546875,
  'XPT' => 0.00052800000000000004048150703539477035519666969776153564453125,
  'YER' => 326.62551000000001977241481654345989227294921875,
  'ZAR' => 22.116817000000001058879206539131700992584228515625,
  'ZMW' => 26.89217899999999872306943871080875396728515625,
  'ZWL' => 441.16362600000002203159965574741363525390625,
)
2026-01-30T22:19:23+00:00 INFO ENVIRONMENT: array (
  'WP_User' => 'Guest (non logged-in user)',
  'HTTP_REFERER' => '--',
  'HTTP_USER_AGENT' => 'WordPress/6.9; https://papapoke.co.uk',
  'REQUEST_URI' => '/wp-cron.php?doing_wp_cron=1769811563.4487099647521972656250',
  'DOING_AJAX' => false,
  'DOING_CRON' => true,
  'WP_CLI' => false,
)
2026-01-30T22:19:23+00:00 INFO REQUEST GET https://public-api.wordpress.com/wpcom/v2/wcpay/woopay/compatibility?test_mode=0
2026-01-30T22:19:23+00:00 INFO HEADERS: array (
  'Content-Type' => 'application/json; charset=utf-8',
  'User-Agent' => 'WooCommerce Payments/8.6.0',
)
2026-01-30T22:19:24+00:00 INFO RESPONSE: array (
  'incompatible_extensions' => 
  array (
    0 => 'class-wcdonation',
    1 => 'woocommerce-avatax',
    2 => 'woocommerce-table-rate-shipping',
    3 => 'woocommerce-memberships-for-teams',
    4 => 'woocommerce-checkout-add-ons',
    5 => 'woocommerce-checkout-field-editor',
    6 => 'woocommerce-eu-vat-number',
    7 => 'woocommerce-order-delivery',
    8 => 'woocommerce-pdf-product-vouchers',
    9 => 'woocommerce-shipping-local-pickup-plus',
    10 => 'woocommerce-shipping-multiple-addresses',
    11 => 'woocommerce-smart-coupons',
    12 => 'woocommerce-subscriptions-gifting',
    13 => 'advanced-product-fields-for-woocommerce',
    14 => 'mage-eventpress',
  ),
  'adapted_extensions' => 
  array (
    0 => 'woocommerce-points-and-rewards',
    1 => 'woocommerce-gift-cards',
  ),
  'available_countries' => 
  array (
    0 => 'US',
  ),
)
