2026-02-09T03:24:21+00:00 INFO ENVIRONMENT: array (
  'WP_User' => 'Guest (non logged-in user)',
  'HTTP_REFERER' => '--',
  'HTTP_USER_AGENT' => '--',
  'REQUEST_URI' => '/.well-known/pki-validation/',
  'DOING_AJAX' => false,
  'DOING_CRON' => false,
  'WP_CLI' => false,
)
2026-02-09T03:24:21+00:00 INFO REQUEST GET https://public-api.wordpress.com/wpcom/v2/sites/%s/wcpay/currency/rates?test_mode=0&currency_from=gbp
2026-02-09T03:24:21+00:00 INFO HEADERS: array (
  'Content-Type' => 'application/json; charset=utf-8',
  'User-Agent' => 'WooCommerce Payments/8.6.0',
)
2026-02-09T03:24:22+00:00 INFO RESPONSE: array (
  'AED' => 4.99677500000000041069370126933790743350982666015625,
  'AFN' => 88.436094999999994570316630415618419647216796875,
  'ALL' => 111.0819450000000045974957174621522426605224609375,
  'AMD' => 511.760363999999981388100422918796539306640625,
  'ANG' => 2.435394000000000058747673392645083367824554443359375,
  'AOA' => 1245.42200000000002546585164964199066162109375,
  'ARS' => 1956.75596799999993891105987131595611572265625,
  'AUD' => 1.935373999999999927723592918482609093189239501953125,
  'AWG' => 2.4524010000000000530917532159946858882904052734375,
  'AZN' => 2.3129439999999998889279595459811389446258544921875,
  'BAM' => 2.250199999999999977973175191436894237995147705078125,
  'BBD' => 2.721111000000000057497118177707307040691375732421875,
  'BDT' => 165.894441000000000485670170746743679046630859375,
  'BGN' => 2.251052000000000052892801249981857836246490478515625,
  'BHD' => 0.511403000000000051983306548208929598331451416015625,
  'BIF' => 4019.9307650000000649015419185161590576171875,
  'BMD' => 1.3605549999999999588595755994901992380619049072265625,
  'BND' => 1.727400999999999964273911245982162654399871826171875,
  'BOB' => 9.3734599999999996811084201908670365810394287109375,
  'BRL' => 7.10468399999999977723064148449338972568511962890625,
  'BSD' => 1.3605549999999999588595755994901992380619049072265625,
  'BTC' => 1.900000000000000104603825601401467793039046227931976318359375E-5,
  'BTN' => 122.87205199999999649662640877068042755126953125,
  'BWP' => 17.9583429999999992787707014940679073333740234375,
  'BYN' => 3.897013999999999978030018610297702252864837646484375,
  'BZD' => 2.728094000000000018957280190079472959041595458984375,
  'CAD' => 1.8583480000000001108872993427212350070476531982421875,
  'CDF' => 3099.48126199999978780397213995456695556640625,
  'CHF' => 1.055819000000000063010929807205684483051300048828125,
  'CLF' => 0.02951600000000000056932236702778027392923831939697265625,
  'CLP' => 1165.465292999999974199454300105571746826171875,
  'CNH' => 9.4312670000000000669615474180318415164947509765625,
  'CNY' => 9.4338180000000004810090104001574218273162841796875,
  'COP' => 5034.9041669999996884143911302089691162109375,
  'CRC' => 672.47420499999998355633579194545745849609375,
  'CUC' => 1.3605549999999999588595755994901992380619049072265625,
  'CUP' => 35.034300000000001773514668457210063934326171875,
  'CVE' => 126.8644440000000059853846323676407337188720703125,
  'CZK' => 27.880303999999998865177985862828791141510009765625,
  'DJF' => 241.550987999999989597199601121246814727783203125,
  'DKK' => 8.5966240000000002652313924045301973819732666015625,
  'DOP' => 85.6095959999999962519723339937627315521240234375,
  'DZD' => 176.34910300000001370790414512157440185546875,
  'EGP' => 63.5977979999999973870217218063771724700927734375,
  'ERN' => 20.40832999999999941564965411089360713958740234375,
  'ETB' => 210.875704000000013138560461811721324920654296875,
  'EUR' => 1.150935000000000041353587221237830817699432373046875,
  'FJD' => 3.013018000000000196081373360357247292995452880859375,
  'FKP' => 1,
  'GBP' => 1,
  'GEL' => 3.66669700000000009509903975413180887699127197265625,
  'GGP' => 1,
  'GHS' => 14.907562999999999675537765142507851123809814453125,
  'GIP' => 1,
  'GMD' => 99.32053999999999405190465040504932403564453125,
  'GNF' => 11906.839250999999421765096485614776611328125,
  'GTQ' => 10.40434499999999928832039586268365383148193359375,
  'GYD' => 283.80395700000002534579834900796413421630859375,
  'HKD' => 10.6307469999999995025063981302082538604736328125,
  'HNL' => 35.831547000000000480213202536106109619140625,
  'HRK' => 8.6718139999999994671497915987856686115264892578125,
  'HTG' => 177.698835000000002537490217946469783782958984375,
  'HUF' => 435.10785900000001902299118228256702423095703125,
  'IDR' => 22946.33106200000111130066215991973876953125,
  'ILS' => 4.23225899999999999323563315556384623050689697265625,
  'IMP' => 1,
  'INR' => 123.2816030000000040445229387842118740081787109375,
  'IQD' => 1777.012942999999950188794173300266265869140625,
  'IRR' => 57260.331218999999691732227802276611328125,
  'ISK' => 166.885716000000002168235369026660919189453125,
  'JEP' => 1,
  'JMD' => 212.303981999999990648575476370751857757568359375,
  'JOD' => 0.9646339999999999914592763161635957658290863037109375,
  'JPY' => 213.41500700000000279032974503934383392333984375,
  'KES' => 174.98102000000000089130480773746967315673828125,
  'KGS' => 118.9805630000000036261553759686648845672607421875,
  'KHR' => 5474.198287999999593012034893035888671875,
  'KMF' => 570.07308899999998175189830362796783447265625,
  'KPW' => 1224.4997880000000805011950433254241943359375,
  'KRW' => 1994.205596999999897889210842549800872802734375,
  'KWD' => 0.416951000000000016054713114499463699758052825927734375,
  'KYD' => 1.1304069999999999396322891698218882083892822265625,
  'KZT' => 671.1564620000000331856426782906055450439453125,
  'LAK' => 29149.440403000000515021383762359619140625,
  'LBP' => 121477.77348800000618211925029754638671875,
  'LKR' => 419.6641379999999799110810272395610809326171875,
  'LRD' => 255.0174690000000055078999139368534088134765625,
  'LSL' => 21.88389000000000095269570010714232921600341796875,
  'LYD' => 8.58972299999999933106664684601128101348876953125,
  'MAD' => 12.453113999999999350620782934129238128662109375,
  'MDL' => 23.127593999999998430894265766255557537078857421875,
  'MGA' => 6021.7762389999998049461282789707183837890625,
  'MKD' => 70.9160389999999978272171574644744396209716796875,
  'MMK' => 2857.03011800000012954114936292171478271484375,
  'MNT' => 4855.8219390000003841123543679714202880859375,
  'MOP' => 10.91622100000000017416823538951575756072998046875,
  'MUR' => 62.6671759999999977708284859545528888702392578125,
  'MVR' => 21.020579999999998932480593794025480747222900390625,
  'MWK' => 2352.1035050000000410364009439945220947265625,
  'MXN' => 23.498974000000000472709871246479451656341552734375,
  'MYR' => 5.34766299999999983327825248125009238719940185546875,
  'MZN' => 86.735399999999998499333742074668407440185546875,
  'NAD' => 21.884446000000000509544406668283045291900634765625,
  'NGN' => 1855.57976800000005823676474392414093017578125,
  'NIO' => 49.92134800000000183217707672156393527984619140625,
  'NOK' => 13.1632230000000003400373316253535449504852294921875,
  'NPR' => 196.59030400000000327054294757544994354248046875,
  'NZD' => 2.26034999999999985931253831950016319751739501953125,
  'OMR' => 0.5231339999999999879065626373630948364734649658203125,
  'PAB' => 1.3605549999999999588595755994901992380619049072265625,
  'PEN' => 4.56419700000000005957190296612679958343505859375,
  'PGK' => 5.8170880000000000364934749086387455463409423828125,
  'PHP' => 79.5407819999999929905243334360420703887939453125,
  'PKR' => 379.3023230000000012296368367969989776611328125,
  'PLN' => 4.85271600000000002950173438875935971736907958984375,
  'PYG' => 8962.591931000000840867869555950164794921875,
  'QAR' => 4.94433599999999984220266924239695072174072265625,
  'RON' => 5.8627690000000001191438059322535991668701171875,
  'RSD' => 135.050530000000009067662176676094532012939453125,
  'RUB' => 104.4943269999999984065652824938297271728515625,
  'RWF' => 1979.8017110000000684522092342376708984375,
  'SAR' => 5.10235500000000019582557797548361122608184814453125,
  'SBD' => 10.9635569999999997747863744734786450862884521484375,
  'SCR' => 18.84148499999999870624378672800958156585693359375,
  'SDG' => 818.3740249999999605279299430549144744873046875,
  'SEK' => 12.2541349999999997777422322542406618595123291015625,
  'SGD' => 1.7293380000000000418225454268394969403743743896484375,
  'SHP' => 1,
  'SLL' => 28530.16479299999991781078279018402099609375,
  'SOS' => 773.834344999999984793248586356639862060546875,
  'SRD' => 51.4534809999999964702510624192655086517333984375,
  'SSP' => 177.22593599999999014471541158854961395263671875,
  'STD' => 30315.62154100000043399631977081298828125,
  'SVC' => 11.8689839999999993125356922973878681659698486328125,
  'SYP' => 17689.940277000001515261828899383544921875,
  'SZL' => 21.879287999999998959310687496326863765716552734375,
  'THB' => 42.615994000000000596628524363040924072265625,
  'TJS' => 12.7103739999999998389057509484700858592987060546875,
  'TMT' => 4.76874700000000029120883482391946017742156982421875,
  'TND' => 3.934161000000000019127810446661897003650665283203125,
  'TOP' => 3.275891000000000108371978058130480349063873291015625,
  'TRY' => 59.2596649999999982583176461048424243927001953125,
  'TTD' => 9.18592100000000044701664592139422893524169921875,
  'TWD' => 43.015996999999998706698534078896045684814453125,
  'TZS' => 3506.41636900000003151944838464260101318359375,
  'UAH' => 58.2643479999999982510416884906589984893798828125,
  'UGX' => 4826.512050999999701161868870258331298828125,
  'USD' => 1.3605549999999999588595755994901992380619049072265625,
  'UYU' => 52.17739999999999866986399865709245204925537109375,
  'UZS' => 16657.3889750000016647391021251678466796875,
  'VND' => 35288.687418000001343898475170135498046875,
  'VUV' => 163.25983600000000706131686456501483917236328125,
  'WST' => 3.7092679999999997875193002982996404170989990234375,
  'XAF' => 754.9641639999999824794940650463104248046875,
  'XAG' => 0.0167589999999999995916599715428674244321882724761962890625,
  'XAU' => 0.0002709999999999999735489364383056454244069755077362060546875,
  'XCD' => 3.676969000000000153960399984498508274555206298828125,
  'XDR' => 0.9385879999999999778736992084304802119731903076171875,
  'XOF' => 754.9641639999999824794940650463104248046875,
  'XPD' => 0.00079199999999999995230204330454171213204972445964813232421875,
  'XPF' => 137.343131999999997105987858958542346954345703125,
  'XPT' => 0.0006629999999999999608923939575788608635775744915008544921875,
  'YER' => 324.356406999999990148353390395641326904296875,
  'ZAR' => 21.774553000000000935187927098013460636138916015625,
  'ZMW' => 25.264095000000001078888089978136122226715087890625,
  'ZWL' => 438.09881300000000692307366989552974700927734375,
)
2026-02-09T09:39:01+00:00 INFO ENVIRONMENT: array (
  'WP_User' => 'Guest (non logged-in user)',
  'HTTP_REFERER' => '--',
  'HTTP_USER_AGENT' => 'Mozilla/5.0 AppleWebKit/537.36 (KHTML, like Gecko; compatible; bingbot/2.0; +http://www.bing.com/bingbot.htm) Chrome/116.0.1938.76 Safari/537.36',
  'REQUEST_URI' => '/sitemap_index.xml',
  'DOING_AJAX' => false,
  'DOING_CRON' => false,
  'WP_CLI' => false,
)
2026-02-09T09:39:01+00:00 INFO REQUEST GET https://public-api.wordpress.com/wpcom/v2/sites/%s/wcpay/currency/rates?test_mode=0&currency_from=gbp
2026-02-09T09:39:01+00:00 INFO HEADERS: array (
  'Content-Type' => 'application/json; charset=utf-8',
  'User-Agent' => 'WooCommerce Payments/8.6.0',
)
2026-02-09T09:39:01+00:00 INFO RESPONSE: array (
  'AED' => 4.9970879999999997522763806045986711978912353515625,
  'AFN' => 88.4416279999999943584043649025261402130126953125,
  'ALL' => 111.0888949999999937290340312756597995758056640625,
  'AMD' => 511.792380999999977575498633086681365966796875,
  'ANG' => 2.435545999999999988716581356129609048366546630859375,
  'AOA' => 1241.085182999999915409716777503490447998046875,
  'ARS' => 1948.16770399999995788675732910633087158203125,
  'AUD' => 1.932579000000000046810555431875400245189666748046875,
  'AWG' => 2.45255400000000012283862815820612013339996337890625,
  'AZN' => 2.313089000000000172718728208565153181552886962890625,
  'BAM' => 2.250341000000000146741285789175890386104583740234375,
  'BBD' => 2.721280999999999838934172657900489866733551025390625,
  'BDT' => 165.904819000000003370587364770472049713134765625,
  'BGN' => 2.242862000000000133326238938025198876857757568359375,
  'BHD' => 0.51296500000000000429878355134860612452030181884765625,
  'BIF' => 4020.18226199999980963184498250484466552734375,
  'BMD' => 1.360640000000000071622707764618098735809326171875,
  'BND' => 1.727508999999999961261210046359337866306304931640625,
  'BOB' => 9.37404599999999987858245731331408023834228515625,
  'BRL' => 7.09601099999999984646592565695755183696746826171875,
  'BSD' => 1.360640000000000071622707764618098735809326171875,
  'BTC' => 1.900000000000000104603825601401467793039046227931976318359375E-5,
  'BTN' => 122.879739000000000714862835593521595001220703125,
  'BWP' => 17.959467000000000069803718361072242259979248046875,
  'BYN' => 3.89725799999999988898480296484194695949554443359375,
  'BZD' => 2.728264999999999940172301648999564349651336669921875,
  'CAD' => 1.855471000000000092455820777104236185550689697265625,
  'CDF' => 3099.67517300000008617644198238849639892578125,
  'CHF' => 1.050621000000000027085889087175019085407257080078125,
  'CLF' => 0.029510000000000001507682867440962581895291805267333984375,
  'CLP' => 1165.225259999999934734660200774669647216796875,
  'CNH' => 9.4151550000000003848299456876702606678009033203125,
  'CNY' => 9.419442000000000092541085905395448207855224609375,
  'COP' => 5016.101321000000098138116300106048583984375,
  'CRC' => 672.5162759999999479987309314310550689697265625,
  'CUC' => 1.360640000000000071622707764618098735809326171875,
  'CUP' => 35.0364909999999980527718435041606426239013671875,
  'CVE' => 126.8723810000000042919054976664483547210693359375,
  'CZK' => 27.76114799999999860347088542766869068145751953125,
  'DJF' => 241.56610000000000582076609134674072265625,
  'DKK' => 8.5645959999999998757402863702736794948577880859375,
  'DOP' => 85.6149520000000023856046027503907680511474609375,
  'DZD' => 176.413486000000006015397957526147365570068359375,
  'EGP' => 63.814988999999997076884028501808643341064453125,
  'ERN' => 20.40960700000000116460796562023460865020751953125,
  'ETB' => 210.88889699999998583734850399196147918701171875,
  'EUR' => 1.1467020000000001100914914786699227988719940185546875,
  'FJD' => 2.991163999999999933976368993171490728855133056640625,
  'FKP' => 1,
  'GBP' => 1,
  'GEL' => 3.666926000000000129830368678085505962371826171875,
  'GGP' => 1,
  'GHS' => 14.9084959999999995261532603763043880462646484375,
  'GIP' => 1,
  'GMD' => 99.32675299999999651845428161323070526123046875,
  'GNF' => 11907.58417399999962071888148784637451171875,
  'GTQ' => 10.404996000000000577756509301252663135528564453125,
  'GYD' => 283.82171199999999089413904584944248199462890625,
  'HKD' => 10.63459399999999988040144671685993671417236328125,
  'HNL' => 35.833787999999998419298208318650722503662109375,
  'HRK' => 8.64024500000000017507773009128868579864501953125,
  'HTG' => 177.70995199999998703788151033222675323486328125,
  'HUF' => 432.4343979999999874053173698484897613525390625,
  'IDR' => 22881.63025800000104936771094799041748046875,
  'ILS' => 4.21586999999999978427922542323358356952667236328125,
  'IMP' => 1,
  'INR' => 123.4243809999999967885742080397903919219970703125,
  'IQD' => 1777.124117000000069310772232711315155029296875,
  'IRR' => 57263.913570999997318722307682037353515625,
  'ISK' => 166.270262000000002444721758365631103515625,
  'JEP' => 1,
  'JMD' => 212.317263999999994439349393360316753387451171875,
  'JOD' => 0.96469400000000005146461035110405646264553070068359375,
  'JPY' => 213.100142000000005282345227897167205810546875,
  'KES' => 175.522616999999996778569766320288181304931640625,
  'KGS' => 118.9880069999999960828063194639980792999267578125,
  'KHR' => 5474.5407679999998435960151255130767822265625,
  'KMF' => 570.108754999999973733793012797832489013671875,
  'KPW' => 1224.57639599999993151868693530559539794921875,
  'KRW' => 1989.43179499999996551196090877056121826171875,
  'KWD' => 0.418042999999999997928767925259307958185672760009765625,
  'KYD' => 1.130478000000000093905327958054840564727783203125,
  'KZT' => 671.198450999999977284460328519344329833984375,
  'LAK' => 29151.26406599999972968362271785736083984375,
  'LBP' => 121485.373447000005398876965045928955078125,
  'LKR' => 419.69039400000002615342964418232440948486328125,
  'LRD' => 255.033422999999999092324287630617618560791015625,
  'LSL' => 21.885259000000001350372258457355201244354248046875,
  'LYD' => 8.5902609999999999246256265905685722827911376953125,
  'MAD' => 12.45389300000000076806827564723789691925048828125,
  'MDL' => 23.110786999999998414523361134342849254608154296875,
  'MGA' => 6022.152976999999737017787992954254150390625,
  'MKD' => 70.764689000000004170942702330648899078369140625,
  'MMK' => 2857.2088610000000699074007570743560791015625,
  'MNT' => 4856.1257310000000870786607265472412109375,
  'MOP' => 10.9169029999999995794723872677423059940338134765625,
  'MUR' => 62.56225400000000291811375063844025135040283203125,
  'MVR' => 21.021895000000000663931132294237613677978515625,
  'MWK' => 2352.25065899999981411383487284183502197265625,
  'MXN' => 23.447811000000001513399183750152587890625,
  'MYR' => 5.35343999999999997640998117276467382907867431640625,
  'MZN' => 86.740826999999995905454852618277072906494140625,
  'NAD' => 21.88581500000000090722096501849591732025146484375,
  'NGN' => 1854.7434100000000398722477257251739501953125,
  'NIO' => 49.9244709999999969340933603234589099884033203125,
  'NOK' => 13.1373230000000003059312803088687360286712646484375,
  'NPR' => 196.60260299999998778730514459311962127685546875,
  'NZD' => 2.2620670000000000499085217597894370555877685546875,
  'OMR' => 0.52315699999999998315303173512802459299564361572265625,
  'PAB' => 1.360640000000000071622707764618098735809326171875,
  'PEN' => 4.56448300000000006804157237638719379901885986328125,
  'PGK' => 5.81745200000000028950353225809521973133087158203125,
  'PHP' => 79.664141999999998233761289156973361968994140625,
  'PKR' => 379.326053000000001702574081718921661376953125,
  'PLN' => 4.83120499999999974960473991814069449901580810546875,
  'PYG' => 8963.152652999999190797097980976104736328125,
  'QAR' => 4.94464500000000040103032006300054490566253662109375,
  'RON' => 5.8402770000000003847162588499486446380615234375,
  'RSD' => 134.618706000000003086825017817318439483642578125,
  'RUB' => 105.113864000000006626578397117555141448974609375,
  'RWF' => 1979.9255720000001019798219203948974609375,
  'SAR' => 5.10306800000000038153302739374339580535888671875,
  'SBD' => 10.964242999999999739202394266612827777862548828125,
  'SCR' => 19.914300999999998253997546271421015262603759765625,
  'SDG' => 818.4252249999999548890627920627593994140625,
  'SEK' => 12.2324280000000005230731403571553528308868408203125,
  'SGD' => 1.7260780000000000011795009413617663085460662841796875,
  'SHP' => 1,
  'SLL' => 28531.9497130000017932616174221038818359375,
  'SOS' => 773.882757999999967069015838205814361572265625,
  'SRD' => 51.4566999999999978854248183779418468475341796875,
  'SSP' => 177.237023999999991019649314694106578826904296875,
  'STD' => 30317.51816300000064074993133544921875,
  'SVC' => 11.8697269999999992506900525768287479877471923828125,
  'SYP' => 17691.0470050000003539025783538818359375,
  'SZL' => 21.8806569999999993569872458465397357940673828125,
  'THB' => 42.4550430000000034169715945608913898468017578125,
  'TJS' => 12.711169999999999191686583799310028553009033203125,
  'TMT' => 4.7690450000000002006572685786522924900054931640625,
  'TND' => 3.93440700000000020963852875865995883941650390625,
  'TOP' => 3.27609599999999989705656844307668507099151611328125,
  'TRY' => 59.3229019999999991341610439121723175048828125,
  'TTD' => 9.1864959999999999951114659779705107212066650390625,
  'TWD' => 42.97555700000000200589056476019322872161865234375,
  'TZS' => 3505.1417559999999866704456508159637451171875,
  'UAH' => 58.2679940000000016198100638575851917266845703125,
  'UGX' => 4826.814010000000052968971431255340576171875,
  'USD' => 1.360640000000000071622707764618098735809326171875,
  'UYU' => 52.18066499999999763304003863595426082611083984375,
  'UZS' => 16658.43110399999932269565761089324951171875,
  'VND' => 35258.886767000003601424396038055419921875,
  'VUV' => 163.270049999999997680788510479032993316650390625,
  'WST' => 3.709499999999999797495320308371447026729583740234375,
  'XAF' => 752.186883999999963634763844311237335205078125,
  'XAG' => 0.0166350000000000004807265696626927820034325122833251953125,
  'XAU' => 0.0002709999999999999735489364383056454244069755077362060546875,
  'XCD' => 3.6771989999999998843804860371164977550506591796875,
  'XDR' => 0.93864599999999998036770421094843186438083648681640625,
  'XOF' => 752.186883999999963634763844311237335205078125,
  'XPD' => 0.00079199999999999995230204330454171213204972445964813232421875,
  'XPF' => 136.837888999999989891875884495675563812255859375,
  'XPT' => 0.000663999999999999985199339302965881870477460324764251708984375,
  'YER' => 324.37669899999997369377524591982364654541015625,
  'ZAR' => 21.744716000000000377667674911208450794219970703125,
  'ZMW' => 25.2656759999999991350705386139452457427978515625,
  'ZWL' => 438.1262219999999842912075109779834747314453125,
)
2026-02-09T11:42:27+00:00 INFO ENVIRONMENT: array (
  'WP_User' => 'Guest (non logged-in user)',
  'HTTP_REFERER' => '--',
  'HTTP_USER_AGENT' => '--',
  'REQUEST_URI' => '/wp-admin/',
  'DOING_AJAX' => false,
  'DOING_CRON' => false,
  'WP_CLI' => false,
)
2026-02-09T11:42:27+00:00 INFO REQUEST GET https://public-api.wordpress.com/wpcom/v2/sites/%s/wcpay/accounts?test_mode=0
2026-02-09T11:42:27+00:00 INFO HEADERS: array (
  'Content-Type' => 'application/json; charset=utf-8',
  'User-Agent' => 'WooCommerce Payments/8.6.0',
)
2026-02-09T11:42:30+00:00 INFO RESPONSE: array (
  'account_id' => 'acct_1QJjXwFt5S7zes6j',
  'email' => '(redacted)',
  'communications_email' => 'contactus@papapoke.co.uk',
  'live_publishable_key' => 'pk_live_51ETDmyFuiXB5oUVxaIafkGPnwuNcBxr1pXVhvLJ4BrWuiqfG6SldjatOGLQhuqXnDmgqwRA7tDoSFlbY4wFji7KR0079TvtxNs',
  'test_publishable_key' => 'pk_test_51ETDmyFuiXB5oUVxwSobQMW5Tno1GclIq7ePZWzLeW4q8oa7Zb8hI5VfwI5sNT5nXuKYinLukNvGCXmsQXAoDGHG00MqHqlYHR',
  'is_live' => true,
  'is_test_drive' => false,
  'created' => '2024-11-10 22:23:55',
  'has_pending_requirements' => false,
  'has_future_requirements' => false,
  'has_overdue_requirements' => false,
  'details_submitted' => true,
  'current_deadline' => NULL,
  'status' => 'complete',
  'capabilities' => 
  array (
    'card_payments' => 'active',
    'transfers' => 'active',
    'afterpay_clearpay_payments' => 'unrequested',
    'alipay_payments' => 'unrequested',
    'amazon_pay_payments' => 'unrequested',
    'bacs_debit_payments' => 'unrequested',
    'bancontact_payments' => 'unrequested',
    'bank_transfer_payments' => 'unrequested',
    'billie_payments' => 'unrequested',
    'cartes_bancaires_payments' => 'unrequested',
    'eps_payments' => 'unrequested',
    'gb_bank_transfer_payments' => 'unrequested',
    'ideal_payments' => 'unrequested',
    'kakao_pay_payments' => 'unrequested',
    'klarna' => 'unrequested',
    'klarna_payments' => 'unrequested',
    'kr_card_payments' => 'unrequested',
    'legacy_payments' => 'unrequested',
    'link_payments' => 'unrequested',
    'mb_way_payments' => 'unrequested',
    'multibanco_payments' => 'unrequested',
    'naver_pay_payments' => 'unrequested',
    'p24_payments' => 'unrequested',
    'pay_by_bank_payments' => 'unrequested',
    'payco_payments' => 'unrequested',
    'revolut_pay_payments' => 'unrequested',
    'samsung_pay_payments' => 'unrequested',
    'sepa_bank_transfer_payments' => 'unrequested',
    'sepa_debit_payments' => 'unrequested',
    'twint_payments' => 'unrequested',
    'us_bank_account_ach_payments' => 'unrequested',
    'us_bank_transfer_payments' => 'unrequested',
    'wechat_pay_payments' => 'unrequested',
  ),
  'capability_requirements' => 
  array (
    'afterpay_clearpay_payments' => 
    array (
    ),
    'alipay_payments' => 
    array (
      0 => 'business_profile.product_description',
    ),
    'amazon_pay_payments' => 
    array (
    ),
    'bacs_debit_payments' => 
    array (
    ),
    'bancontact_payments' => 
    array (
    ),
    'bank_transfer_payments' => 
    array (
    ),
    'billie_payments' => 
    array (
    ),
    'card_payments' => 
    array (
    ),
    'cartes_bancaires_payments' => 
    array (
    ),
    'eps_payments' => 
    array (
    ),
    'gb_bank_transfer_payments' => 
    array (
    ),
    'ideal_payments' => 
    array (
    ),
    'kakao_pay_payments' => 
    array (
    ),
    'klarna' => 
    array (
    ),
    'klarna_payments' => 
    array (
    ),
    'kr_card_payments' => 
    array (
    ),
    'legacy_payments' => 
    array (
    ),
    'link_payments' => 
    array (
    ),
    'mb_way_payments' => 
    array (
    ),
    'multibanco_payments' => 
    array (
    ),
    'naver_pay_payments' => 
    array (
    ),
    'p24_payments' => 
    array (
    ),
    'pay_by_bank_payments' => 
    array (
    ),
    'payco_payments' => 
    array (
    ),
    'revolut_pay_payments' => 
    array (
    ),
    'samsung_pay_payments' => 
    array (
    ),
    'sepa_bank_transfer_payments' => 
    array (
    ),
    'sepa_debit_payments' => 
    array (
    ),
    'transfers' => 
    array (
    ),
    'twint_payments' => 
    array (
    ),
    'us_bank_account_ach_payments' => 
    array (
    ),
    'us_bank_transfer_payments' => 
    array (
    ),
    'wechat_pay_payments' => 
    array (
      0 => 'business_profile.product_description',
    ),
  ),
  'payments_enabled' => true,
  'deposits' => 
  array (
    'status' => 'enabled',
    'restrictions' => 'deposits_unrestricted',
    'interval' => 'daily',
    'weekly_anchor' => '',
    'monthly_anchor' => NULL,
    'delay_days' => 3,
    'completed_waiting_period' => false,
    'minimum_manual_deposit_amounts' => 
    array (
      'aud' => 500,
      'bgn' => 100,
      'cad' => 500,
      'chf' => 500,
      'czk' => 3000,
      'dkk' => 5000,
      'eur' => 500,
      'gbp' => 500,
      'hkd' => 5000,
      'huf' => 36000,
      'nok' => 5000,
      'nzd' => 500,
      'jpy' => 50,
      'sek' => 5000,
      'sgd' => 500,
      'usd' => 500,
      'ron' => 500,
      'pln' => 500,
      'aed' => 200,
    ),
    'minimum_scheduled_deposit_amounts' => 
    array (
      'aed' => 200,
      'aud' => 0,
      'bgn' => 100,
      'cad' => 0,
      'chf' => 500,
      'czk' => 3000,
      'dkk' => 2000,
      'eur' => 100,
      'gbp' => 100,
      'hkd' => 0,
      'huf' => 36000,
      'jpy' => 1,
      'nok' => 2000,
      'nzd' => 0,
      'pln' => 500,
      'ron' => 500,
      'sek' => 2000,
      'sgd' => 100,
      'usd' => 0,
    ),
  ),
  'lifetime_total_payment_volume' => 0,
  'requirements' => 
  array (
    'errors' => 
    array (
    ),
  ),
  'statement_descriptor' => 'PAPA POKE',
  'statement_descriptor_kanji' => '',
  'statement_descriptor_kana' => '',
  'latest_tos_agreement' => 
  array (
    'date' => '2024-11-10 22:23:55',
    'source' => 'signup',
    'is_current_version' => true,
  ),
  'fees' => 
  array (
    'base' => 
    array (
      'percentage_rate' => 0.01499999999999999944488848768742172978818416595458984375,
      'fixed_rate' => 25,
      'currency' => 'gbp',
    ),
    'discount' => 
    array (
    ),
    'card' => 
    array (
      'base' => 
      array (
        'percentage_rate' => 0.01499999999999999944488848768742172978818416595458984375,
        'fixed_rate' => 25,
        'currency' => 'gbp',
      ),
      'additional' => 
      array (
        'percentage_rate' => 0.0200000000000000004163336342344337026588618755340576171875,
        'fixed_rate' => 0,
        'currency' => 'eur',
      ),
      'fx' => 
      array (
        'percentage_rate' => 0.0200000000000000004163336342344337026588618755340576171875,
        'fixed_rate' => 0,
        'currency' => 'gbp',
      ),
      'discount' => 
      array (
      ),
    ),
    'card_present' => 
    array (
      'base' => 
      array (
        'percentage_rate' => 0.01400000000000000029143354396410359186120331287384033203125,
        'fixed_rate' => 20,
        'currency' => 'gbp',
      ),
      'additional' => 
      array (
        'percentage_rate' => 0.0200000000000000004163336342344337026588618755340576171875,
        'fixed_rate' => 0,
        'currency' => 'gbp',
      ),
      'fx' => 
      array (
        'percentage_rate' => 0.0200000000000000004163336342344337026588618755340576171875,
        'fixed_rate' => 0,
        'currency' => 'gbp',
      ),
      'discount' => 
      array (
      ),
    ),
    'bancontact' => 
    array (
      'base' => 
      array (
        'percentage_rate' => 0.01400000000000000029143354396410359186120331287384033203125,
        'fixed_rate' => 20,
        'currency' => 'gbp',
      ),
      'additional' => 
      array (
        'percentage_rate' => 0,
        'fixed_rate' => 0,
        'currency' => 'gbp',
      ),
      'fx' => 
      array (
        'percentage_rate' => 0,
        'fixed_rate' => 0,
        'currency' => 'gbp',
      ),
      'discount' => 
      array (
      ),
    ),
    'eps' => 
    array (
      'base' => 
      array (
        'percentage_rate' => 0.01600000000000000033306690738754696212708950042724609375,
        'fixed_rate' => 20,
        'currency' => 'gbp',
      ),
      'additional' => 
      array (
        'percentage_rate' => 0,
        'fixed_rate' => 0,
        'currency' => 'gbp',
      ),
      'fx' => 
      array (
        'percentage_rate' => 0,
        'fixed_rate' => 0,
        'currency' => 'gbp',
      ),
      'discount' => 
      array (
      ),
    ),
    'ideal' => 
    array (
      'base' => 
      array (
        'percentage_rate' => 0,
        'fixed_rate' => 25,
        'currency' => 'gbp',
      ),
      'additional' => 
      array (
        'percentage_rate' => 0,
        'fixed_rate' => 0,
        'currency' => 'gbp',
      ),
      'fx' => 
      array (
        'percentage_rate' => 0,
        'fixed_rate' => 0,
        'currency' => 'gbp',
      ),
      'discount' => 
      array (
      ),
    ),
    'p24' => 
    array (
      'base' => 
      array (
        'percentage_rate' => 0.021999999999999998723243521681069978512823581695556640625,
        'fixed_rate' => 20,
        'currency' => 'gbp',
      ),
      'additional' => 
      array (
        'percentage_rate' => 0,
        'fixed_rate' => 0,
        'currency' => 'gbp',
      ),
      'fx' => 
      array (
        'percentage_rate' => 0,
        'fixed_rate' => 0,
        'currency' => 'gbp',
      ),
      'discount' => 
      array (
      ),
    ),
    'klarna' => 
    array (
      'base' => 
      array (
        'percentage_rate' => 0.049899999999999999911182158029987476766109466552734375,
        'fixed_rate' => 35,
        'currency' => 'gbp',
      ),
      'additional' => 
      array (
        'percentage_rate' => 0,
        'fixed_rate' => 0,
        'currency' => 'gbp',
      ),
      'fx' => 
      array (
        'percentage_rate' => 0,
        'fixed_rate' => 0,
        'currency' => 'gbp',
      ),
      'discount' => 
      array (
      ),
    ),
    'afterpay_clearpay' => 
    array (
      'base' => 
      array (
        'percentage_rate' => 0.059999999999999997779553950749686919152736663818359375,
        'fixed_rate' => 30,
        'currency' => 'gbp',
      ),
      'additional' => 
      array (
        'percentage_rate' => 0,
        'fixed_rate' => 0,
        'currency' => 'gbp',
      ),
      'fx' => 
      array (
        'percentage_rate' => 0,
        'fixed_rate' => 0,
        'currency' => 'gbp',
      ),
      'discount' => 
      array (
      ),
    ),
  ),
  'capital' => 
  array (
    'has_active_loan' => false,
    'has_previous_loans' => false,
    'loans' => 
    array (
    ),
  ),
  'fraud_services' => 
  array (
    'stripe' => 
    array (
    ),
    'sift' => 
    array (
      'beacon_key' => '1d81b5c86a',
      'sandbox_beacon_key' => '43e8654e6f',
    ),
  ),
  'store_currencies' => 
  array (
    'default' => 'gbp',
    'supported' => 
    array (
      0 => 'gbp',
    ),
  ),
  'customer_currencies' => 
  array (
    'supported' => 
    array (
      0 => 'usd',
      1 => 'aed',
      2 => 'afn',
      3 => 'all',
      4 => 'amd',
      5 => 'ang',
      6 => 'aoa',
      7 => 'ars',
      8 => 'aud',
      9 => 'awg',
      10 => 'azn',
      11 => 'bam',
      12 => 'bbd',
      13 => 'bdt',
      14 => 'bif',
      15 => 'bmd',
      16 => 'bnd',
      17 => 'bob',
      18 => 'brl',
      19 => 'bsd',
      20 => 'bwp',
      21 => 'byn',
      22 => 'bzd',
      23 => 'cad',
      24 => 'cdf',
      25 => 'chf',
      26 => 'clp',
      27 => 'cny',
      28 => 'cop',
      29 => 'crc',
      30 => 'cve',
      31 => 'czk',
      32 => 'djf',
      33 => 'dkk',
      34 => 'dop',
      35 => 'dzd',
      36 => 'egp',
      37 => 'etb',
      38 => 'eur',
      39 => 'fjd',
      40 => 'fkp',
      41 => 'gbp',
      42 => 'gel',
      43 => 'gip',
      44 => 'gmd',
      45 => 'gnf',
      46 => 'gtq',
      47 => 'gyd',
      48 => 'hkd',
      49 => 'hnl',
      50 => 'htg',
      51 => 'huf',
      52 => 'idr',
      53 => 'ils',
      54 => 'inr',
      55 => 'isk',
      56 => 'jmd',
      57 => 'jpy',
      58 => 'kes',
      59 => 'kgs',
      60 => 'khr',
      61 => 'kmf',
      62 => 'krw',
      63 => 'kyd',
      64 => 'kzt',
      65 => 'lak',
      66 => 'lbp',
      67 => 'lkr',
      68 => 'lrd',
      69 => 'lsl',
      70 => 'mad',
      71 => 'mdl',
      72 => 'mga',
      73 => 'mkd',
      74 => 'mmk',
      75 => 'mnt',
      76 => 'mop',
      77 => 'mur',
      78 => 'mvr',
      79 => 'mwk',
      80 => 'mxn',
      81 => 'myr',
      82 => 'mzn',
      83 => 'nad',
      84 => 'ngn',
      85 => 'nio',
      86 => 'nok',
      87 => 'npr',
      88 => 'nzd',
      89 => 'pab',
      90 => 'pen',
      91 => 'pgk',
      92 => 'php',
      93 => 'pkr',
      94 => 'pln',
      95 => 'pyg',
      96 => 'qar',
      97 => 'ron',
      98 => 'rsd',
      99 => 'rub',
      100 => 'rwf',
      101 => 'sar',
      102 => 'sbd',
      103 => 'scr',
      104 => 'sek',
      105 => 'sgd',
      106 => 'shp',
      107 => 'sle',
      108 => 'sos',
      109 => 'srd',
      110 => 'std',
      111 => 'szl',
      112 => 'thb',
      113 => 'tjs',
      114 => 'top',
      115 => 'try',
      116 => 'ttd',
      117 => 'twd',
      118 => 'tzs',
      119 => 'uah',
      120 => 'ugx',
      121 => 'uyu',
      122 => 'uzs',
      123 => 'vnd',
      124 => 'vuv',
      125 => 'wst',
      126 => 'xaf',
      127 => 'xcd',
      128 => 'xcg',
      129 => 'xof',
      130 => 'xpf',
      131 => 'yer',
      132 => 'zar',
      133 => 'zmw',
    ),
  ),
  'country' => '(redacted)',
  'instant_deposits_eligible' => false,
  'card_present_eligible' => true,
  'has_card_readers_available' => false,
  'platform_checkout_eligible' => false,
  'platform_direct_checkout_eligible' => false,
  'platform_global_theme_support_enabled' => false,
  'business_profile' => 
  array (
    'name' => '(redacted)',
    'url' => 'https://papapoke.co.uk',
    'support_address' => 
    array (
    ),
    'support_email' => 'contactus@papapoke.co.uk',
    'support_phone' => '+447387156597',
  ),
  'branding' => 
  array (
    'icon' => NULL,
    'logo' => NULL,
    'primary_color' => NULL,
    'secondary_color' => NULL,
  ),
  'locale' => 'en_GB',
  'has_more_failed_events' => false,
  'has_submitted_vat_data' => false,
  'is_documents_enabled' => true,
  'card_testing_protection_eligible' => false,
  'fraud_mitigation_settings' => 
  array (
    'avs_check_enabled' => false,
    'cvc_check_enabled' => true,
  ),
  'is_deferred_intent_creation_upe_enabled' => true,
  'pre_check_save_my_info' => false,
  'is_tokenized_ece_disabled' => false,
  'ece_confirmation_tokens_disabled' => true,
  'eligibility_wporg_review_campaign_2025' => false,
  'progressive_onboarding' => 
  array (
    'is_enabled' => false,
    'is_complete' => false,
  ),
)
2026-02-09T12:06:52+00:00 INFO ENVIRONMENT: array (
  'WP_User' => 'Guest (non logged-in user)',
  'HTTP_REFERER' => '--',
  'HTTP_USER_AGENT' => 'WordPress/6.9.1; https://papapoke.co.uk',
  'REQUEST_URI' => '/wp-cron.php?doing_wp_cron=1770638812.3877880573272705078125',
  'DOING_AJAX' => false,
  'DOING_CRON' => true,
  'WP_CLI' => false,
)
2026-02-09T12:06:52+00:00 INFO REQUEST POST https://public-api.wordpress.com/wpcom/v2/sites/%s/wcpay/compatibility
2026-02-09T12:06:52+00:00 INFO HEADERS: array (
  'Content-Type' => 'application/json; charset=utf-8',
  'User-Agent' => 'WooCommerce Payments/8.6.0',
  'Idempotency-Key' => 'b8fe4445-e9bb-41de-af8d-c18b3e05f8f4',
)
2026-02-09T12:06:52+00:00 INFO BODY: array (
  'test_mode' => false,
  'compatibility_data' => 
  array (
    'woopayments_version' => '8.6.0',
    'woocommerce_version' => '10.0.5',
    'woocommerce_permalinks' => 
    array (
      'product_base' => 'product',
      'category_base' => 'product-category',
      'tag_base' => 'product-tag',
      'attribute_base' => '',
      'use_verbose_page_rules' => false,
    ),
    'woocommerce_shop' => 'https://papapoke.co.uk/?page_id=7',
    'woocommerce_cart' => 'Not set',
    'woocommerce_checkout' => 'https://papapoke.co.uk/checkout/',
    'blog_theme' => 'papa',
    'active_plugins' => 
    array (
      0 => 'added-to-cart-popup-woocommerce/xoo-cp-main.php',
      1 => 'advanced-custom-fields-pro/acf.php',
      2 => 'classic-editor/classic-editor.php',
      3 => 'classic-widgets/classic-widgets.php',
      4 => 'contact-form-7/wp-contact-form-7.php',
      5 => 'health-check/health-check.php',
      6 => 'popup-maker/popup-maker.php',
      8 => 'regenerate-thumbnails/regenerate-thumbnails.php',
      9 => 'shipping-zones-by-drawing-for-woocommerce/shipping-zones-by-drawing.php',
      10 => 'svg-support/svg-support.php',
      11 => 'webp-converter-for-media/webp-converter-for-media.php',
      12 => 'woo-pincode-checker/woo-pincode-checker.php',
      13 => 'woocommerce-google-analytics-integration/woocommerce-google-analytics-integration.php',
      14 => 'woocommerce-lightbox/main.php',
      15 => 'woocommerce-payments/woocommerce-payments.php',
      17 => 'woocommerce/woocommerce.php',
      18 => 'wordpress-seo/wp-seo.php',
      19 => 'wp-rocket/wp-rocket.php',
      20 => 'wp-sitemap-page/wp-sitemap-page.php',
    ),
    'post_types_count' => 
    array (
      'post' => 0,
      'page' => 7,
      'attachment' => 0,
      'product' => 55,
      'popup' => 2,
      'popup_theme' => 8,
      'szbdzones' => 2,
    ),
  ),
)
2026-02-09T12:06:53+00:00 INFO RESPONSE: array (
  'result' => 'success',
)
2026-02-09T15:40:19+00:00 INFO ENVIRONMENT: array (
  'WP_User' => 'Guest (non logged-in user)',
  'HTTP_REFERER' => '--',
  'HTTP_USER_AGENT' => 'facebookexternalhit/1.1 (+http://www.facebook.com/externalhit_uatext.php)',
  'REQUEST_URI' => '/',
  'DOING_AJAX' => false,
  'DOING_CRON' => false,
  'WP_CLI' => false,
)
2026-02-09T15:40:19+00:00 INFO ENVIRONMENT: array (
  'WP_User' => 'Guest (non logged-in user)',
  'HTTP_REFERER' => '--',
  'HTTP_USER_AGENT' => 'facebookexternalhit/1.1 (+http://www.facebook.com/externalhit_uatext.php)',
  'REQUEST_URI' => '/',
  'DOING_AJAX' => false,
  'DOING_CRON' => false,
  'WP_CLI' => false,
)
2026-02-09T15:40:19+00:00 INFO ENVIRONMENT: array (
  'WP_User' => 'Guest (non logged-in user)',
  'HTTP_REFERER' => '--',
  'HTTP_USER_AGENT' => 'facebookexternalhit/1.1 (+http://www.facebook.com/externalhit_uatext.php)',
  'REQUEST_URI' => '/',
  'DOING_AJAX' => false,
  'DOING_CRON' => false,
  'WP_CLI' => false,
)
2026-02-09T15:40:19+00:00 INFO ENVIRONMENT: array (
  'WP_User' => 'Guest (non logged-in user)',
  'HTTP_REFERER' => '--',
  'HTTP_USER_AGENT' => 'facebookexternalhit/1.1 (+http://www.facebook.com/externalhit_uatext.php)',
  'REQUEST_URI' => '/',
  'DOING_AJAX' => false,
  'DOING_CRON' => false,
  'WP_CLI' => false,
)
2026-02-09T15:40:19+00:00 INFO REQUEST GET https://public-api.wordpress.com/wpcom/v2/sites/%s/wcpay/currency/rates?test_mode=0&currency_from=gbp
2026-02-09T15:40:19+00:00 INFO REQUEST GET https://public-api.wordpress.com/wpcom/v2/sites/%s/wcpay/currency/rates?test_mode=0&currency_from=gbp
2026-02-09T15:40:19+00:00 INFO REQUEST GET https://public-api.wordpress.com/wpcom/v2/sites/%s/wcpay/currency/rates?test_mode=0&currency_from=gbp
2026-02-09T15:40:19+00:00 INFO REQUEST GET https://public-api.wordpress.com/wpcom/v2/sites/%s/wcpay/currency/rates?test_mode=0&currency_from=gbp
2026-02-09T15:40:19+00:00 INFO HEADERS: array (
  'Content-Type' => 'application/json; charset=utf-8',
  'User-Agent' => 'WooCommerce Payments/8.6.0',
)
2026-02-09T15:40:19+00:00 INFO HEADERS: array (
  'Content-Type' => 'application/json; charset=utf-8',
  'User-Agent' => 'WooCommerce Payments/8.6.0',
)
2026-02-09T15:40:19+00:00 INFO HEADERS: array (
  'Content-Type' => 'application/json; charset=utf-8',
  'User-Agent' => 'WooCommerce Payments/8.6.0',
)
2026-02-09T15:40:19+00:00 INFO HEADERS: array (
  'Content-Type' => 'application/json; charset=utf-8',
  'User-Agent' => 'WooCommerce Payments/8.6.0',
)
2026-02-09T15:40:19+00:00 INFO RESPONSE: array (
  'AED' => 5.016771999999999565034158877097070217132568359375,
  'AFN' => 88.789998999999994566678651608526706695556640625,
  'ALL' => 110.990510000000000445652403868734836578369140625,
  'AMD' => 514.6969410000000380023266188800334930419921875,
  'ANG' => 2.445139999999999869118028072989545762538909912109375,
  'AOA' => 1245.973807999999962703441269695758819580078125,
  'ARS' => 1955.144931000000042331521399319171905517578125,
  'AUD' => 1.9298169999999998935891198925673961639404296875,
  'AWG' => 2.462215000000000042490455598453991115093231201171875,
  'AZN' => 2.322200000000000041922021409845910966396331787109375,
  'BAM' => 2.249455999999999900040847933269105851650238037109375,
  'BBD' => 2.73200000000000020605739337042905390262603759765625,
  'BDT' => 166.840221000000013873432180844247341156005859375,
  'BGN' => 2.242427999999999865821109779062680900096893310546875,
  'BHD' => 0.51500500000000004607869641404249705374240875244140625,
  'BIF' => 4039.47280199999977412517182528972625732421875,
  'BMD' => 1.366000000000000103028696685214526951313018798828125,
  'BND' => 1.7323649999999999327116029235185123980045318603515625,
  'BOB' => 9.4531720000000003523155100992880761623382568359375,
  'BRL' => 7.1057959999999997791064743069000542163848876953125,
  'BSD' => 1.366000000000000103028696685214526951313018798828125,
  'BTC' => 2.000000000000000163606107828062619091724627651274204254150390625E-5,
  'BTN' => 123.7596080000000000609361450187861919403076171875,
  'BWP' => 17.990815999999998808789314352907240390777587890625,
  'BYN' => 3.93447000000000013386625141720287501811981201171875,
  'BZD' => 2.745549000000000017251977624255232512950897216796875,
  'CAD' => 1.8556129999999999569126885035075247287750244140625,
  'CDF' => 3118.27474500000016632839106023311614990234375,
  'CHF' => 1.0481450000000001043787278831587173044681549072265625,
  'CLF' => 0.029565000000000001001421168211891199462115764617919921875,
  'CLP' => 1167.274314000000003943569026887416839599609375,
  'CNH' => 9.4484750000000001790567694115452468395233154296875,
  'CNY' => 9.4562720000000002329443304915912449359893798828125,
  'COP' => 5028.6147950000004129833541810512542724609375,
  'CRC' => 676.7546290000000226427800953388214111328125,
  'CUC' => 1.366000000000000103028696685214526951313018798828125,
  'CUP' => 35.17450000000000187583282240666449069976806640625,
  'CVE' => 126.820862000000005309630068950355052947998046875,
  'CZK' => 27.7724189999999993005985743366181850433349609375,
  'DJF' => 243.09802300000001196167431771755218505859375,
  'DKK' => 8.5664929999999994691961546777747571468353271484375,
  'DOP' => 85.939301999999997860868461430072784423828125,
  'DZD' => 176.854188999999990983269526623189449310302734375,
  'EGP' => 64.010896000000002459273673593997955322265625,
  'ERN' => 20.489999999999998436805981327779591083526611328125,
  'ETB' => 211.71958699999998998464434407651424407958984375,
  'EUR' => 1.1467819999999999680539986002258956432342529296875,
  'FJD' => 2.992360000000000130881971927010454237461090087890625,
  'FKP' => 1,
  'GBP' => 1,
  'GEL' => 3.681369999999999809148221174837090075016021728515625,
  'GGP' => 1,
  'GHS' => 15.0234000000000005314859663485549390316009521484375,
  'GIP' => 1,
  'GMD' => 99.7180010000000009995346772484481334686279296875,
  'GNF' => 11984.726106000000072526745498180389404296875,
  'GTQ' => 10.472082000000000334694050252437591552734375,
  'GYD' => 285.60791599999998879866325296461582183837890625,
  'HKD' => 10.6745520000000002625029082992114126682281494140625,
  'HNL' => 36.06068900000000354566509486176073551177978515625,
  'HRK' => 8.6385729999999991690629030927084386348724365234375,
  'HTG' => 179.022523000000006732079782523214817047119140625,
  'HUF' => 432.15145999999998593921191059052944183349609375,
  'IDR' => 22955.16096800000013899989426136016845703125,
  'ILS' => 4.21744300000000027495161702972836792469024658203125,
  'IMP' => 1,
  'INR' => 123.8552130000000062182152760215103626251220703125,
  'IQD' => 1788.36809700000003431341610848903656005859375,
  'IRR' => 57489.4757129999998142011463642120361328125,
  'ISK' => 166.283178999999989855496096424758434295654296875,
  'JEP' => 1,
  'JMD' => 213.153580000000005156834959052503108978271484375,
  'JOD' => 0.9684939999999999660218463759520091116428375244140625,
  'JPY' => 212.844996000000008962160791270434856414794921875,
  'KES' => 176.145699000000007572452886961400508880615234375,
  'KGS' => 119.4566990000000004101821104995906352996826171875,
  'KHR' => 5505.868868999999904190190136432647705078125,
  'KMF' => 572.35440900000003239256329834461212158203125,
  'KPW' => 1229.399994000000106098013930022716522216796875,
  'KRW' => 1990.589901000000054409611038863658905029296875,
  'KWD' => 0.419215999999999977543296836302033625543117523193359375,
  'KYD' => 1.1376239999999999685798002246883697807788848876953125,
  'KZT' => 674.178830999999945561285130679607391357421875,
  'LAK' => 29266.09068499999921186827123165130615234375,
  'LBP' => 122243.359215999997104518115520477294921875,
  'LKR' => 422.51920699999999442297848872840404510498046875,
  'LRD' => 256.037998000000015963451005518436431884765625,
  'LSL' => 21.971464999999998468638295889832079410552978515625,
  'LYD' => 8.630734000000000349928086507134139537811279296875,
  'MAD' => 12.48518299999999925375959719531238079071044921875,
  'MDL' => 23.207741999999999649162418791092932224273681640625,
  'MGA' => 6045.87419399999998859129846096038818359375,
  'MKD' => 70.658919999999994843165040947496891021728515625,
  'MMK' => 2868.46338599999990037758834660053253173828125,
  'MNT' => 4875.2539759999999660067260265350341796875,
  'MOP' => 10.9904770000000002738715920713730156421661376953125,
  'MUR' => 62.80868600000000157024260261096060276031494140625,
  'MVR' => 21.10470000000000112549969344399869441986083984375,
  'MWK' => 2367.14268700000002354499883949756622314453125,
  'MXN' => 23.468515000000000014779288903810083866119384765625,
  'MYR' => 5.37452699999999961022467687143944203853607177734375,
  'MZN' => 87.0824980000000010704752639867365360260009765625,
  'NAD' => 21.97202300000000008139977580867707729339599609375,
  'NGN' => 1854.7957710000000588479451835155487060546875,
  'NIO' => 50.23839000000000254431142820976674556732177734375,
  'NOK' => 13.0921280000000006538130037370137870311737060546875,
  'NPR' => 198.015138000000007423295755870640277862548828125,
  'NZD' => 2.258621000000000211827000384801067411899566650390625,
  'OMR' => 0.52521399999999995866772906083497218787670135498046875,
  'PAB' => 1.366000000000000103028696685214526951313018798828125,
  'PEN' => 4.5848279999999999034798747743479907512664794921875,
  'PGK' => 5.84036600000000039045744415489025413990020751953125,
  'PHP' => 79.8249449999999995952748577110469341278076171875,
  'PKR' => 380.82021500000001879016053862869739532470703125,
  'PLN' => 4.82834699999999994446397977299056947231292724609375,
  'PYG' => 9001.103956000000835047103464603424072265625,
  'QAR' => 4.9763380000000001501803126302547752857208251953125,
  'RON' => 5.83705500000000032656544135534204542636871337890625,
  'RSD' => 134.61929900000001225635060109198093414306640625,
  'RUB' => 105.692531999999999925421434454619884490966796875,
  'RWF' => 1993.11527299999988827039487659931182861328125,
  'SAR' => 5.12340899999999965785946187679655849933624267578125,
  'SBD' => 11.007431000000000409499989473260939121246337890625,
  'SCR' => 19.99349399999999832289176993072032928466796875,
  'SDG' => 821.6489960000000110085238702595233917236328125,
  'SEK' => 12.1987550000000002370370566495694220066070556640625,
  'SGD' => 1.7291510000000001046061015586019493639469146728515625,
  'SHP' => 1,
  'SLL' => 28644.33685699999841745011508464813232421875,
  'SOS' => 778.7732939999999643987393938004970550537109375,
  'SRD' => 51.86906900000000320005710818804800510406494140625,
  'SSP' => 177.9351589999999987412593327462673187255859375,
  'STD' => 30436.93864799999937531538307666778564453125,
  'SVC' => 11.9454189999999993432311384822241961956024169921875,
  'SYP' => 17760.73191099999894504435360431671142578125,
  'SZL' => 21.87030800000000141380951390601694583892822265625,
  'THB' => 42.516750000000001818989403545856475830078125,
  'TJS' => 12.7847279999999994259951563435606658458709716796875,
  'TMT' => 4.7878299999999995861799106933176517486572265625,
  'TND' => 3.9433910000000000906084096641279757022857666015625,
  'TOP' => 3.289000000000000145661260830820538103580474853515625,
  'TRY' => 59.551861999999999852661858312785625457763671875,
  'TTD' => 9.2484429999999999694182406528852880001068115234375,
  'TWD' => 43.08773599999999959209162625484168529510498046875,
  'TZS' => 3529.19348399999989851494319736957550048828125,
  'UAH' => 58.8470099999999973761077853851020336151123046875,
  'UGX' => 4859.3975600000003396417014300823211669921875,
  'USD' => 1.366000000000000103028696685214526951313018798828125,
  'UYU' => 52.38620399999999932560967863537371158599853515625,
  'UZS' => 16724.04854300000079092569649219512939453125,
  'VND' => 35406.9488070000006700865924358367919921875,
  'VUV' => 163.913169000000010555595508776605129241943359375,
  'WST' => 3.7241119999999998668727130279876291751861572265625,
  'XAF' => 752.2397829999999885330908000469207763671875,
  'XAG' => 0.0167810000000000007769340726326845469884574413299560546875,
  'XAU' => 0.000271999999999999997855881783692666431306861340999603271484375,
  'XCD' => 3.691682999999999825746499482193030416965484619140625,
  'XDR' => 0.94234399999999995944932607017108239233493804931640625,
  'XOF' => 752.2397829999999885330908000469207763671875,
  'XPD' => 0.000795000000000000025222879340702775152749381959438323974609375,
  'XPF' => 136.84751299999999218925950117409229278564453125,
  'XPT' => 0.000666000000000000033813229993739923884277231991291046142578125,
  'YER' => 325.65441700000002356318873353302478790283203125,
  'ZAR' => 21.73691600000000079262463259510695934295654296875,
  'ZMW' => 25.808458000000001675289240665733814239501953125,
  'ZWL' => 439.8519979999999804931576363742351531982421875,
)
2026-02-09T15:40:19+00:00 INFO RESPONSE: array (
  'AED' => 5.016771999999999565034158877097070217132568359375,
  'AFN' => 88.789998999999994566678651608526706695556640625,
  'ALL' => 110.990510000000000445652403868734836578369140625,
  'AMD' => 514.6969410000000380023266188800334930419921875,
  'ANG' => 2.445139999999999869118028072989545762538909912109375,
  'AOA' => 1245.973807999999962703441269695758819580078125,
  'ARS' => 1955.144931000000042331521399319171905517578125,
  'AUD' => 1.9298169999999998935891198925673961639404296875,
  'AWG' => 2.462215000000000042490455598453991115093231201171875,
  'AZN' => 2.322200000000000041922021409845910966396331787109375,
  'BAM' => 2.249455999999999900040847933269105851650238037109375,
  'BBD' => 2.73200000000000020605739337042905390262603759765625,
  'BDT' => 166.840221000000013873432180844247341156005859375,
  'BGN' => 2.242427999999999865821109779062680900096893310546875,
  'BHD' => 0.51500500000000004607869641404249705374240875244140625,
  'BIF' => 4039.47280199999977412517182528972625732421875,
  'BMD' => 1.366000000000000103028696685214526951313018798828125,
  'BND' => 1.7323649999999999327116029235185123980045318603515625,
  'BOB' => 9.4531720000000003523155100992880761623382568359375,
  'BRL' => 7.1057959999999997791064743069000542163848876953125,
  'BSD' => 1.366000000000000103028696685214526951313018798828125,
  'BTC' => 2.000000000000000163606107828062619091724627651274204254150390625E-5,
  'BTN' => 123.7596080000000000609361450187861919403076171875,
  'BWP' => 17.990815999999998808789314352907240390777587890625,
  'BYN' => 3.93447000000000013386625141720287501811981201171875,
  'BZD' => 2.745549000000000017251977624255232512950897216796875,
  'CAD' => 1.8556129999999999569126885035075247287750244140625,
  'CDF' => 3118.27474500000016632839106023311614990234375,
  'CHF' => 1.0481450000000001043787278831587173044681549072265625,
  'CLF' => 0.029565000000000001001421168211891199462115764617919921875,
  'CLP' => 1167.274314000000003943569026887416839599609375,
  'CNH' => 9.4484750000000001790567694115452468395233154296875,
  'CNY' => 9.4562720000000002329443304915912449359893798828125,
  'COP' => 5028.6147950000004129833541810512542724609375,
  'CRC' => 676.7546290000000226427800953388214111328125,
  'CUC' => 1.366000000000000103028696685214526951313018798828125,
  'CUP' => 35.17450000000000187583282240666449069976806640625,
  'CVE' => 126.820862000000005309630068950355052947998046875,
  'CZK' => 27.7724189999999993005985743366181850433349609375,
  'DJF' => 243.09802300000001196167431771755218505859375,
  'DKK' => 8.5664929999999994691961546777747571468353271484375,
  'DOP' => 85.939301999999997860868461430072784423828125,
  'DZD' => 176.854188999999990983269526623189449310302734375,
  'EGP' => 64.010896000000002459273673593997955322265625,
  'ERN' => 20.489999999999998436805981327779591083526611328125,
  'ETB' => 211.71958699999998998464434407651424407958984375,
  'EUR' => 1.1467819999999999680539986002258956432342529296875,
  'FJD' => 2.992360000000000130881971927010454237461090087890625,
  'FKP' => 1,
  'GBP' => 1,
  'GEL' => 3.681369999999999809148221174837090075016021728515625,
  'GGP' => 1,
  'GHS' => 15.0234000000000005314859663485549390316009521484375,
  'GIP' => 1,
  'GMD' => 99.7180010000000009995346772484481334686279296875,
  'GNF' => 11984.726106000000072526745498180389404296875,
  'GTQ' => 10.472082000000000334694050252437591552734375,
  'GYD' => 285.60791599999998879866325296461582183837890625,
  'HKD' => 10.6745520000000002625029082992114126682281494140625,
  'HNL' => 36.06068900000000354566509486176073551177978515625,
  'HRK' => 8.6385729999999991690629030927084386348724365234375,
  'HTG' => 179.022523000000006732079782523214817047119140625,
  'HUF' => 432.15145999999998593921191059052944183349609375,
  'IDR' => 22955.16096800000013899989426136016845703125,
  'ILS' => 4.21744300000000027495161702972836792469024658203125,
  'IMP' => 1,
  'INR' => 123.8552130000000062182152760215103626251220703125,
  'IQD' => 1788.36809700000003431341610848903656005859375,
  'IRR' => 57489.4757129999998142011463642120361328125,
  'ISK' => 166.283178999999989855496096424758434295654296875,
  'JEP' => 1,
  'JMD' => 213.153580000000005156834959052503108978271484375,
  'JOD' => 0.9684939999999999660218463759520091116428375244140625,
  'JPY' => 212.844996000000008962160791270434856414794921875,
  'KES' => 176.145699000000007572452886961400508880615234375,
  'KGS' => 119.4566990000000004101821104995906352996826171875,
  'KHR' => 5505.868868999999904190190136432647705078125,
  'KMF' => 572.35440900000003239256329834461212158203125,
  'KPW' => 1229.399994000000106098013930022716522216796875,
  'KRW' => 1990.589901000000054409611038863658905029296875,
  'KWD' => 0.419215999999999977543296836302033625543117523193359375,
  'KYD' => 1.1376239999999999685798002246883697807788848876953125,
  'KZT' => 674.178830999999945561285130679607391357421875,
  'LAK' => 29266.09068499999921186827123165130615234375,
  'LBP' => 122243.359215999997104518115520477294921875,
  'LKR' => 422.51920699999999442297848872840404510498046875,
  'LRD' => 256.037998000000015963451005518436431884765625,
  'LSL' => 21.971464999999998468638295889832079410552978515625,
  'LYD' => 8.630734000000000349928086507134139537811279296875,
  'MAD' => 12.48518299999999925375959719531238079071044921875,
  'MDL' => 23.207741999999999649162418791092932224273681640625,
  'MGA' => 6045.87419399999998859129846096038818359375,
  'MKD' => 70.658919999999994843165040947496891021728515625,
  'MMK' => 2868.46338599999990037758834660053253173828125,
  'MNT' => 4875.2539759999999660067260265350341796875,
  'MOP' => 10.9904770000000002738715920713730156421661376953125,
  'MUR' => 62.80868600000000157024260261096060276031494140625,
  'MVR' => 21.10470000000000112549969344399869441986083984375,
  'MWK' => 2367.14268700000002354499883949756622314453125,
  'MXN' => 23.468515000000000014779288903810083866119384765625,
  'MYR' => 5.37452699999999961022467687143944203853607177734375,
  'MZN' => 87.0824980000000010704752639867365360260009765625,
  'NAD' => 21.97202300000000008139977580867707729339599609375,
  'NGN' => 1854.7957710000000588479451835155487060546875,
  'NIO' => 50.23839000000000254431142820976674556732177734375,
  'NOK' => 13.0921280000000006538130037370137870311737060546875,
  'NPR' => 198.015138000000007423295755870640277862548828125,
  'NZD' => 2.258621000000000211827000384801067411899566650390625,
  'OMR' => 0.52521399999999995866772906083497218787670135498046875,
  'PAB' => 1.366000000000000103028696685214526951313018798828125,
  'PEN' => 4.5848279999999999034798747743479907512664794921875,
  'PGK' => 5.84036600000000039045744415489025413990020751953125,
  'PHP' => 79.8249449999999995952748577110469341278076171875,
  'PKR' => 380.82021500000001879016053862869739532470703125,
  'PLN' => 4.82834699999999994446397977299056947231292724609375,
  'PYG' => 9001.103956000000835047103464603424072265625,
  'QAR' => 4.9763380000000001501803126302547752857208251953125,
  'RON' => 5.83705500000000032656544135534204542636871337890625,
  'RSD' => 134.61929900000001225635060109198093414306640625,
  'RUB' => 105.692531999999999925421434454619884490966796875,
  'RWF' => 1993.11527299999988827039487659931182861328125,
  'SAR' => 5.12340899999999965785946187679655849933624267578125,
  'SBD' => 11.007431000000000409499989473260939121246337890625,
  'SCR' => 19.99349399999999832289176993072032928466796875,
  'SDG' => 821.6489960000000110085238702595233917236328125,
  'SEK' => 12.1987550000000002370370566495694220066070556640625,
  'SGD' => 1.7291510000000001046061015586019493639469146728515625,
  'SHP' => 1,
  'SLL' => 28644.33685699999841745011508464813232421875,
  'SOS' => 778.7732939999999643987393938004970550537109375,
  'SRD' => 51.86906900000000320005710818804800510406494140625,
  'SSP' => 177.9351589999999987412593327462673187255859375,
  'STD' => 30436.93864799999937531538307666778564453125,
  'SVC' => 11.9454189999999993432311384822241961956024169921875,
  'SYP' => 17760.73191099999894504435360431671142578125,
  'SZL' => 21.87030800000000141380951390601694583892822265625,
  'THB' => 42.516750000000001818989403545856475830078125,
  'TJS' => 12.7847279999999994259951563435606658458709716796875,
  'TMT' => 4.7878299999999995861799106933176517486572265625,
  'TND' => 3.9433910000000000906084096641279757022857666015625,
  'TOP' => 3.289000000000000145661260830820538103580474853515625,
  'TRY' => 59.551861999999999852661858312785625457763671875,
  'TTD' => 9.2484429999999999694182406528852880001068115234375,
  'TWD' => 43.08773599999999959209162625484168529510498046875,
  'TZS' => 3529.19348399999989851494319736957550048828125,
  'UAH' => 58.8470099999999973761077853851020336151123046875,
  'UGX' => 4859.3975600000003396417014300823211669921875,
  'USD' => 1.366000000000000103028696685214526951313018798828125,
  'UYU' => 52.38620399999999932560967863537371158599853515625,
  'UZS' => 16724.04854300000079092569649219512939453125,
  'VND' => 35406.9488070000006700865924358367919921875,
  'VUV' => 163.913169000000010555595508776605129241943359375,
  'WST' => 3.7241119999999998668727130279876291751861572265625,
  'XAF' => 752.2397829999999885330908000469207763671875,
  'XAG' => 0.0167810000000000007769340726326845469884574413299560546875,
  'XAU' => 0.000271999999999999997855881783692666431306861340999603271484375,
  'XCD' => 3.691682999999999825746499482193030416965484619140625,
  'XDR' => 0.94234399999999995944932607017108239233493804931640625,
  'XOF' => 752.2397829999999885330908000469207763671875,
  'XPD' => 0.000795000000000000025222879340702775152749381959438323974609375,
  'XPF' => 136.84751299999999218925950117409229278564453125,
  'XPT' => 0.000666000000000000033813229993739923884277231991291046142578125,
  'YER' => 325.65441700000002356318873353302478790283203125,
  'ZAR' => 21.73691600000000079262463259510695934295654296875,
  'ZMW' => 25.808458000000001675289240665733814239501953125,
  'ZWL' => 439.8519979999999804931576363742351531982421875,
)
2026-02-09T15:40:20+00:00 INFO RESPONSE: array (
  'AED' => 5.016771999999999565034158877097070217132568359375,
  'AFN' => 88.789998999999994566678651608526706695556640625,
  'ALL' => 110.990510000000000445652403868734836578369140625,
  'AMD' => 514.6969410000000380023266188800334930419921875,
  'ANG' => 2.445139999999999869118028072989545762538909912109375,
  'AOA' => 1245.973807999999962703441269695758819580078125,
  'ARS' => 1955.144931000000042331521399319171905517578125,
  'AUD' => 1.9298169999999998935891198925673961639404296875,
  'AWG' => 2.462215000000000042490455598453991115093231201171875,
  'AZN' => 2.322200000000000041922021409845910966396331787109375,
  'BAM' => 2.249455999999999900040847933269105851650238037109375,
  'BBD' => 2.73200000000000020605739337042905390262603759765625,
  'BDT' => 166.840221000000013873432180844247341156005859375,
  'BGN' => 2.242427999999999865821109779062680900096893310546875,
  'BHD' => 0.51500500000000004607869641404249705374240875244140625,
  'BIF' => 4039.47280199999977412517182528972625732421875,
  'BMD' => 1.366000000000000103028696685214526951313018798828125,
  'BND' => 1.7323649999999999327116029235185123980045318603515625,
  'BOB' => 9.4531720000000003523155100992880761623382568359375,
  'BRL' => 7.1057959999999997791064743069000542163848876953125,
  'BSD' => 1.366000000000000103028696685214526951313018798828125,
  'BTC' => 2.000000000000000163606107828062619091724627651274204254150390625E-5,
  'BTN' => 123.7596080000000000609361450187861919403076171875,
  'BWP' => 17.990815999999998808789314352907240390777587890625,
  'BYN' => 3.93447000000000013386625141720287501811981201171875,
  'BZD' => 2.745549000000000017251977624255232512950897216796875,
  'CAD' => 1.8556129999999999569126885035075247287750244140625,
  'CDF' => 3118.27474500000016632839106023311614990234375,
  'CHF' => 1.0481450000000001043787278831587173044681549072265625,
  'CLF' => 0.029565000000000001001421168211891199462115764617919921875,
  'CLP' => 1167.274314000000003943569026887416839599609375,
  'CNH' => 9.4484750000000001790567694115452468395233154296875,
  'CNY' => 9.4562720000000002329443304915912449359893798828125,
  'COP' => 5028.6147950000004129833541810512542724609375,
  'CRC' => 676.7546290000000226427800953388214111328125,
  'CUC' => 1.366000000000000103028696685214526951313018798828125,
  'CUP' => 35.17450000000000187583282240666449069976806640625,
  'CVE' => 126.820862000000005309630068950355052947998046875,
  'CZK' => 27.7724189999999993005985743366181850433349609375,
  'DJF' => 243.09802300000001196167431771755218505859375,
  'DKK' => 8.5664929999999994691961546777747571468353271484375,
  'DOP' => 85.939301999999997860868461430072784423828125,
  'DZD' => 176.854188999999990983269526623189449310302734375,
  'EGP' => 64.010896000000002459273673593997955322265625,
  'ERN' => 20.489999999999998436805981327779591083526611328125,
  'ETB' => 211.71958699999998998464434407651424407958984375,
  'EUR' => 1.1467819999999999680539986002258956432342529296875,
  'FJD' => 2.992360000000000130881971927010454237461090087890625,
  'FKP' => 1,
  'GBP' => 1,
  'GEL' => 3.681369999999999809148221174837090075016021728515625,
  'GGP' => 1,
  'GHS' => 15.0234000000000005314859663485549390316009521484375,
  'GIP' => 1,
  'GMD' => 99.7180010000000009995346772484481334686279296875,
  'GNF' => 11984.726106000000072526745498180389404296875,
  'GTQ' => 10.472082000000000334694050252437591552734375,
  'GYD' => 285.60791599999998879866325296461582183837890625,
  'HKD' => 10.6745520000000002625029082992114126682281494140625,
  'HNL' => 36.06068900000000354566509486176073551177978515625,
  'HRK' => 8.6385729999999991690629030927084386348724365234375,
  'HTG' => 179.022523000000006732079782523214817047119140625,
  'HUF' => 432.15145999999998593921191059052944183349609375,
  'IDR' => 22955.16096800000013899989426136016845703125,
  'ILS' => 4.21744300000000027495161702972836792469024658203125,
  'IMP' => 1,
  'INR' => 123.8552130000000062182152760215103626251220703125,
  'IQD' => 1788.36809700000003431341610848903656005859375,
  'IRR' => 57489.4757129999998142011463642120361328125,
  'ISK' => 166.283178999999989855496096424758434295654296875,
  'JEP' => 1,
  'JMD' => 213.153580000000005156834959052503108978271484375,
  'JOD' => 0.9684939999999999660218463759520091116428375244140625,
  'JPY' => 212.844996000000008962160791270434856414794921875,
  'KES' => 176.145699000000007572452886961400508880615234375,
  'KGS' => 119.4566990000000004101821104995906352996826171875,
  'KHR' => 5505.868868999999904190190136432647705078125,
  'KMF' => 572.35440900000003239256329834461212158203125,
  'KPW' => 1229.399994000000106098013930022716522216796875,
  'KRW' => 1990.589901000000054409611038863658905029296875,
  'KWD' => 0.419215999999999977543296836302033625543117523193359375,
  'KYD' => 1.1376239999999999685798002246883697807788848876953125,
  'KZT' => 674.178830999999945561285130679607391357421875,
  'LAK' => 29266.09068499999921186827123165130615234375,
  'LBP' => 122243.359215999997104518115520477294921875,
  'LKR' => 422.51920699999999442297848872840404510498046875,
  'LRD' => 256.037998000000015963451005518436431884765625,
  'LSL' => 21.971464999999998468638295889832079410552978515625,
  'LYD' => 8.630734000000000349928086507134139537811279296875,
  'MAD' => 12.48518299999999925375959719531238079071044921875,
  'MDL' => 23.207741999999999649162418791092932224273681640625,
  'MGA' => 6045.87419399999998859129846096038818359375,
  'MKD' => 70.658919999999994843165040947496891021728515625,
  'MMK' => 2868.46338599999990037758834660053253173828125,
  'MNT' => 4875.2539759999999660067260265350341796875,
  'MOP' => 10.9904770000000002738715920713730156421661376953125,
  'MUR' => 62.80868600000000157024260261096060276031494140625,
  'MVR' => 21.10470000000000112549969344399869441986083984375,
  'MWK' => 2367.14268700000002354499883949756622314453125,
  'MXN' => 23.468515000000000014779288903810083866119384765625,
  'MYR' => 5.37452699999999961022467687143944203853607177734375,
  'MZN' => 87.0824980000000010704752639867365360260009765625,
  'NAD' => 21.97202300000000008139977580867707729339599609375,
  'NGN' => 1854.7957710000000588479451835155487060546875,
  'NIO' => 50.23839000000000254431142820976674556732177734375,
  'NOK' => 13.0921280000000006538130037370137870311737060546875,
  'NPR' => 198.015138000000007423295755870640277862548828125,
  'NZD' => 2.258621000000000211827000384801067411899566650390625,
  'OMR' => 0.52521399999999995866772906083497218787670135498046875,
  'PAB' => 1.366000000000000103028696685214526951313018798828125,
  'PEN' => 4.5848279999999999034798747743479907512664794921875,
  'PGK' => 5.84036600000000039045744415489025413990020751953125,
  'PHP' => 79.8249449999999995952748577110469341278076171875,
  'PKR' => 380.82021500000001879016053862869739532470703125,
  'PLN' => 4.82834699999999994446397977299056947231292724609375,
  'PYG' => 9001.103956000000835047103464603424072265625,
  'QAR' => 4.9763380000000001501803126302547752857208251953125,
  'RON' => 5.83705500000000032656544135534204542636871337890625,
  'RSD' => 134.61929900000001225635060109198093414306640625,
  'RUB' => 105.692531999999999925421434454619884490966796875,
  'RWF' => 1993.11527299999988827039487659931182861328125,
  'SAR' => 5.12340899999999965785946187679655849933624267578125,
  'SBD' => 11.007431000000000409499989473260939121246337890625,
  'SCR' => 19.99349399999999832289176993072032928466796875,
  'SDG' => 821.6489960000000110085238702595233917236328125,
  'SEK' => 12.1987550000000002370370566495694220066070556640625,
  'SGD' => 1.7291510000000001046061015586019493639469146728515625,
  'SHP' => 1,
  'SLL' => 28644.33685699999841745011508464813232421875,
  'SOS' => 778.7732939999999643987393938004970550537109375,
  'SRD' => 51.86906900000000320005710818804800510406494140625,
  'SSP' => 177.9351589999999987412593327462673187255859375,
  'STD' => 30436.93864799999937531538307666778564453125,
  'SVC' => 11.9454189999999993432311384822241961956024169921875,
  'SYP' => 17760.73191099999894504435360431671142578125,
  'SZL' => 21.87030800000000141380951390601694583892822265625,
  'THB' => 42.516750000000001818989403545856475830078125,
  'TJS' => 12.7847279999999994259951563435606658458709716796875,
  'TMT' => 4.7878299999999995861799106933176517486572265625,
  'TND' => 3.9433910000000000906084096641279757022857666015625,
  'TOP' => 3.289000000000000145661260830820538103580474853515625,
  'TRY' => 59.551861999999999852661858312785625457763671875,
  'TTD' => 9.2484429999999999694182406528852880001068115234375,
  'TWD' => 43.08773599999999959209162625484168529510498046875,
  'TZS' => 3529.19348399999989851494319736957550048828125,
  'UAH' => 58.8470099999999973761077853851020336151123046875,
  'UGX' => 4859.3975600000003396417014300823211669921875,
  'USD' => 1.366000000000000103028696685214526951313018798828125,
  'UYU' => 52.38620399999999932560967863537371158599853515625,
  'UZS' => 16724.04854300000079092569649219512939453125,
  'VND' => 35406.9488070000006700865924358367919921875,
  'VUV' => 163.913169000000010555595508776605129241943359375,
  'WST' => 3.7241119999999998668727130279876291751861572265625,
  'XAF' => 752.2397829999999885330908000469207763671875,
  'XAG' => 0.0167810000000000007769340726326845469884574413299560546875,
  'XAU' => 0.000271999999999999997855881783692666431306861340999603271484375,
  'XCD' => 3.691682999999999825746499482193030416965484619140625,
  'XDR' => 0.94234399999999995944932607017108239233493804931640625,
  'XOF' => 752.2397829999999885330908000469207763671875,
  'XPD' => 0.000795000000000000025222879340702775152749381959438323974609375,
  'XPF' => 136.84751299999999218925950117409229278564453125,
  'XPT' => 0.000666000000000000033813229993739923884277231991291046142578125,
  'YER' => 325.65441700000002356318873353302478790283203125,
  'ZAR' => 21.73691600000000079262463259510695934295654296875,
  'ZMW' => 25.808458000000001675289240665733814239501953125,
  'ZWL' => 439.8519979999999804931576363742351531982421875,
)
2026-02-09T15:40:20+00:00 INFO RESPONSE: array (
  'AED' => 5.016771999999999565034158877097070217132568359375,
  'AFN' => 88.789998999999994566678651608526706695556640625,
  'ALL' => 110.990510000000000445652403868734836578369140625,
  'AMD' => 514.6969410000000380023266188800334930419921875,
  'ANG' => 2.445139999999999869118028072989545762538909912109375,
  'AOA' => 1245.973807999999962703441269695758819580078125,
  'ARS' => 1955.144931000000042331521399319171905517578125,
  'AUD' => 1.9298169999999998935891198925673961639404296875,
  'AWG' => 2.462215000000000042490455598453991115093231201171875,
  'AZN' => 2.322200000000000041922021409845910966396331787109375,
  'BAM' => 2.249455999999999900040847933269105851650238037109375,
  'BBD' => 2.73200000000000020605739337042905390262603759765625,
  'BDT' => 166.840221000000013873432180844247341156005859375,
  'BGN' => 2.242427999999999865821109779062680900096893310546875,
  'BHD' => 0.51500500000000004607869641404249705374240875244140625,
  'BIF' => 4039.47280199999977412517182528972625732421875,
  'BMD' => 1.366000000000000103028696685214526951313018798828125,
  'BND' => 1.7323649999999999327116029235185123980045318603515625,
  'BOB' => 9.4531720000000003523155100992880761623382568359375,
  'BRL' => 7.1057959999999997791064743069000542163848876953125,
  'BSD' => 1.366000000000000103028696685214526951313018798828125,
  'BTC' => 2.000000000000000163606107828062619091724627651274204254150390625E-5,
  'BTN' => 123.7596080000000000609361450187861919403076171875,
  'BWP' => 17.990815999999998808789314352907240390777587890625,
  'BYN' => 3.93447000000000013386625141720287501811981201171875,
  'BZD' => 2.745549000000000017251977624255232512950897216796875,
  'CAD' => 1.8556129999999999569126885035075247287750244140625,
  'CDF' => 3118.27474500000016632839106023311614990234375,
  'CHF' => 1.0481450000000001043787278831587173044681549072265625,
  'CLF' => 0.029565000000000001001421168211891199462115764617919921875,
  'CLP' => 1167.274314000000003943569026887416839599609375,
  'CNH' => 9.4484750000000001790567694115452468395233154296875,
  'CNY' => 9.4562720000000002329443304915912449359893798828125,
  'COP' => 5028.6147950000004129833541810512542724609375,
  'CRC' => 676.7546290000000226427800953388214111328125,
  'CUC' => 1.366000000000000103028696685214526951313018798828125,
  'CUP' => 35.17450000000000187583282240666449069976806640625,
  'CVE' => 126.820862000000005309630068950355052947998046875,
  'CZK' => 27.7724189999999993005985743366181850433349609375,
  'DJF' => 243.09802300000001196167431771755218505859375,
  'DKK' => 8.5664929999999994691961546777747571468353271484375,
  'DOP' => 85.939301999999997860868461430072784423828125,
  'DZD' => 176.854188999999990983269526623189449310302734375,
  'EGP' => 64.010896000000002459273673593997955322265625,
  'ERN' => 20.489999999999998436805981327779591083526611328125,
  'ETB' => 211.71958699999998998464434407651424407958984375,
  'EUR' => 1.1467819999999999680539986002258956432342529296875,
  'FJD' => 2.992360000000000130881971927010454237461090087890625,
  'FKP' => 1,
  'GBP' => 1,
  'GEL' => 3.681369999999999809148221174837090075016021728515625,
  'GGP' => 1,
  'GHS' => 15.0234000000000005314859663485549390316009521484375,
  'GIP' => 1,
  'GMD' => 99.7180010000000009995346772484481334686279296875,
  'GNF' => 11984.726106000000072526745498180389404296875,
  'GTQ' => 10.472082000000000334694050252437591552734375,
  'GYD' => 285.60791599999998879866325296461582183837890625,
  'HKD' => 10.6745520000000002625029082992114126682281494140625,
  'HNL' => 36.06068900000000354566509486176073551177978515625,
  'HRK' => 8.6385729999999991690629030927084386348724365234375,
  'HTG' => 179.022523000000006732079782523214817047119140625,
  'HUF' => 432.15145999999998593921191059052944183349609375,
  'IDR' => 22955.16096800000013899989426136016845703125,
  'ILS' => 4.21744300000000027495161702972836792469024658203125,
  'IMP' => 1,
  'INR' => 123.8552130000000062182152760215103626251220703125,
  'IQD' => 1788.36809700000003431341610848903656005859375,
  'IRR' => 57489.4757129999998142011463642120361328125,
  'ISK' => 166.283178999999989855496096424758434295654296875,
  'JEP' => 1,
  'JMD' => 213.153580000000005156834959052503108978271484375,
  'JOD' => 0.9684939999999999660218463759520091116428375244140625,
  'JPY' => 212.844996000000008962160791270434856414794921875,
  'KES' => 176.145699000000007572452886961400508880615234375,
  'KGS' => 119.4566990000000004101821104995906352996826171875,
  'KHR' => 5505.868868999999904190190136432647705078125,
  'KMF' => 572.35440900000003239256329834461212158203125,
  'KPW' => 1229.399994000000106098013930022716522216796875,
  'KRW' => 1990.589901000000054409611038863658905029296875,
  'KWD' => 0.419215999999999977543296836302033625543117523193359375,
  'KYD' => 1.1376239999999999685798002246883697807788848876953125,
  'KZT' => 674.178830999999945561285130679607391357421875,
  'LAK' => 29266.09068499999921186827123165130615234375,
  'LBP' => 122243.359215999997104518115520477294921875,
  'LKR' => 422.51920699999999442297848872840404510498046875,
  'LRD' => 256.037998000000015963451005518436431884765625,
  'LSL' => 21.971464999999998468638295889832079410552978515625,
  'LYD' => 8.630734000000000349928086507134139537811279296875,
  'MAD' => 12.48518299999999925375959719531238079071044921875,
  'MDL' => 23.207741999999999649162418791092932224273681640625,
  'MGA' => 6045.87419399999998859129846096038818359375,
  'MKD' => 70.658919999999994843165040947496891021728515625,
  'MMK' => 2868.46338599999990037758834660053253173828125,
  'MNT' => 4875.2539759999999660067260265350341796875,
  'MOP' => 10.9904770000000002738715920713730156421661376953125,
  'MUR' => 62.80868600000000157024260261096060276031494140625,
  'MVR' => 21.10470000000000112549969344399869441986083984375,
  'MWK' => 2367.14268700000002354499883949756622314453125,
  'MXN' => 23.468515000000000014779288903810083866119384765625,
  'MYR' => 5.37452699999999961022467687143944203853607177734375,
  'MZN' => 87.0824980000000010704752639867365360260009765625,
  'NAD' => 21.97202300000000008139977580867707729339599609375,
  'NGN' => 1854.7957710000000588479451835155487060546875,
  'NIO' => 50.23839000000000254431142820976674556732177734375,
  'NOK' => 13.0921280000000006538130037370137870311737060546875,
  'NPR' => 198.015138000000007423295755870640277862548828125,
  'NZD' => 2.258621000000000211827000384801067411899566650390625,
  'OMR' => 0.52521399999999995866772906083497218787670135498046875,
  'PAB' => 1.366000000000000103028696685214526951313018798828125,
  'PEN' => 4.5848279999999999034798747743479907512664794921875,
  'PGK' => 5.84036600000000039045744415489025413990020751953125,
  'PHP' => 79.8249449999999995952748577110469341278076171875,
  'PKR' => 380.82021500000001879016053862869739532470703125,
  'PLN' => 4.82834699999999994446397977299056947231292724609375,
  'PYG' => 9001.103956000000835047103464603424072265625,
  'QAR' => 4.9763380000000001501803126302547752857208251953125,
  'RON' => 5.83705500000000032656544135534204542636871337890625,
  'RSD' => 134.61929900000001225635060109198093414306640625,
  'RUB' => 105.692531999999999925421434454619884490966796875,
  'RWF' => 1993.11527299999988827039487659931182861328125,
  'SAR' => 5.12340899999999965785946187679655849933624267578125,
  'SBD' => 11.007431000000000409499989473260939121246337890625,
  'SCR' => 19.99349399999999832289176993072032928466796875,
  'SDG' => 821.6489960000000110085238702595233917236328125,
  'SEK' => 12.1987550000000002370370566495694220066070556640625,
  'SGD' => 1.7291510000000001046061015586019493639469146728515625,
  'SHP' => 1,
  'SLL' => 28644.33685699999841745011508464813232421875,
  'SOS' => 778.7732939999999643987393938004970550537109375,
  'SRD' => 51.86906900000000320005710818804800510406494140625,
  'SSP' => 177.9351589999999987412593327462673187255859375,
  'STD' => 30436.93864799999937531538307666778564453125,
  'SVC' => 11.9454189999999993432311384822241961956024169921875,
  'SYP' => 17760.73191099999894504435360431671142578125,
  'SZL' => 21.87030800000000141380951390601694583892822265625,
  'THB' => 42.516750000000001818989403545856475830078125,
  'TJS' => 12.7847279999999994259951563435606658458709716796875,
  'TMT' => 4.7878299999999995861799106933176517486572265625,
  'TND' => 3.9433910000000000906084096641279757022857666015625,
  'TOP' => 3.289000000000000145661260830820538103580474853515625,
  'TRY' => 59.551861999999999852661858312785625457763671875,
  'TTD' => 9.2484429999999999694182406528852880001068115234375,
  'TWD' => 43.08773599999999959209162625484168529510498046875,
  'TZS' => 3529.19348399999989851494319736957550048828125,
  'UAH' => 58.8470099999999973761077853851020336151123046875,
  'UGX' => 4859.3975600000003396417014300823211669921875,
  'USD' => 1.366000000000000103028696685214526951313018798828125,
  'UYU' => 52.38620399999999932560967863537371158599853515625,
  'UZS' => 16724.04854300000079092569649219512939453125,
  'VND' => 35406.9488070000006700865924358367919921875,
  'VUV' => 163.913169000000010555595508776605129241943359375,
  'WST' => 3.7241119999999998668727130279876291751861572265625,
  'XAF' => 752.2397829999999885330908000469207763671875,
  'XAG' => 0.0167810000000000007769340726326845469884574413299560546875,
  'XAU' => 0.000271999999999999997855881783692666431306861340999603271484375,
  'XCD' => 3.691682999999999825746499482193030416965484619140625,
  'XDR' => 0.94234399999999995944932607017108239233493804931640625,
  'XOF' => 752.2397829999999885330908000469207763671875,
  'XPD' => 0.000795000000000000025222879340702775152749381959438323974609375,
  'XPF' => 136.84751299999999218925950117409229278564453125,
  'XPT' => 0.000666000000000000033813229993739923884277231991291046142578125,
  'YER' => 325.65441700000002356318873353302478790283203125,
  'ZAR' => 21.73691600000000079262463259510695934295654296875,
  'ZMW' => 25.808458000000001675289240665733814239501953125,
  'ZWL' => 439.8519979999999804931576363742351531982421875,
)
2026-02-09T16:20:13+00:00 INFO ENVIRONMENT: array (
  'WP_User' => 'Guest (non logged-in user)',
  'HTTP_REFERER' => '--',
  'HTTP_USER_AGENT' => 'WP Rocket/Preload',
  'REQUEST_URI' => '/product-category/rolls/',
  'DOING_AJAX' => false,
  'DOING_CRON' => false,
  'WP_CLI' => false,
)
2026-02-09T16:20:13+00:00 INFO REQUEST GET https://public-api.wordpress.com/wpcom/v2/sites/%s/wcpay/disputes?test_mode=0&pagesize=50&search%5B0%5D=warning_needs_response&search%5B1%5D=needs_response
2026-02-09T16:20:13+00:00 INFO HEADERS: array (
  'Content-Type' => 'application/json; charset=utf-8',
  'User-Agent' => 'WooCommerce Payments/8.6.0',
)
2026-02-09T16:20:13+00:00 INFO RESPONSE: array (
  'data' => 
  array (
  ),
)
2026-02-09T22:38:47+00:00 INFO ENVIRONMENT: array (
  'WP_User' => 'Guest (non logged-in user)',
  'HTTP_REFERER' => '--',
  'HTTP_USER_AGENT' => 'WordPress/6.9.1; https://papapoke.co.uk',
  'REQUEST_URI' => '/wp-cron.php?doing_wp_cron=1770676726.7252719402313232421875',
  'DOING_AJAX' => false,
  'DOING_CRON' => true,
  'WP_CLI' => false,
)
2026-02-09T22:38:47+00:00 INFO REQUEST GET https://public-api.wordpress.com/wpcom/v2/wcpay/woopay/compatibility?test_mode=0
2026-02-09T22:38:47+00:00 INFO HEADERS: array (
  'Content-Type' => 'application/json; charset=utf-8',
  'User-Agent' => 'WooCommerce Payments/8.6.0',
)
2026-02-09T22:38:47+00:00 INFO RESPONSE: array (
  'incompatible_extensions' => 
  array (
    0 => 'class-wcdonation',
    1 => 'woocommerce-avatax',
    2 => 'woocommerce-table-rate-shipping',
    3 => 'woocommerce-memberships-for-teams',
    4 => 'woocommerce-checkout-add-ons',
    5 => 'woocommerce-checkout-field-editor',
    6 => 'woocommerce-eu-vat-number',
    7 => 'woocommerce-order-delivery',
    8 => 'woocommerce-pdf-product-vouchers',
    9 => 'woocommerce-shipping-local-pickup-plus',
    10 => 'woocommerce-shipping-multiple-addresses',
    11 => 'woocommerce-smart-coupons',
    12 => 'woocommerce-subscriptions-gifting',
    13 => 'advanced-product-fields-for-woocommerce',
    14 => 'mage-eventpress',
  ),
  'adapted_extensions' => 
  array (
    0 => 'woocommerce-points-and-rewards',
    1 => 'woocommerce-gift-cards',
  ),
  'available_countries' => 
  array (
    0 => 'US',
  ),
)
2026-02-09T22:54:43+00:00 INFO ENVIRONMENT: array (
  'WP_User' => 'Guest (non logged-in user)',
  'HTTP_REFERER' => '--',
  'HTTP_USER_AGENT' => 'Mozilla/5.0 (Windows NT 10.0; Win64; x64) AppleWebKit/537.36 (KHTML, like Gecko) Chrome/139.0.0.0 Safari/537.36',
  'REQUEST_URI' => '/product/seaweed-salad/?add-to-cart=459',
  'DOING_AJAX' => false,
  'DOING_CRON' => false,
  'WP_CLI' => false,
)
2026-02-09T22:54:43+00:00 INFO REQUEST GET https://public-api.wordpress.com/wpcom/v2/sites/%s/wcpay/currency/rates?test_mode=0&currency_from=gbp
2026-02-09T22:54:43+00:00 INFO HEADERS: array (
  'Content-Type' => 'application/json; charset=utf-8',
  'User-Agent' => 'WooCommerce Payments/8.6.0',
)
2026-02-09T22:54:43+00:00 INFO RESPONSE: array (
  'AED' => 5.0292440000000002697788659133948385715484619140625,
  'AFN' => 89.6856800000000049521986511535942554473876953125,
  'ALL' => 111.254332000000005109541234560310840606689453125,
  'AMD' => 515.920362999999952080543152987957000732421875,
  'ANG' => 2.45095200000000001949729266925714910030364990234375,
  'AOA' => 1255.59944700000005468609742820262908935546875,
  'ARS' => 1939.63605899999993198434822261333465576171875,
  'AUD' => 1.9305950000000000610356210017926059663295745849609375,
  'AWG' => 2.46464399999999983492671162821352481842041015625,
  'AZN' => 2.327719999999999789253024573554284870624542236328125,
  'BAM' => 2.25480299999999989069010553066618740558624267578125,
  'BBD' => 2.73849400000000020583001969498582184314727783203125,
  'BDT' => 167.236796999999995705366018228232860565185546875,
  'BGN' => 2.247784999999999921982407613540999591350555419921875,
  'BHD' => 0.516167999999999960181185088003985583782196044921875,
  'BIF' => 4053.31326300000000628642737865447998046875,
  'BMD' => 1.369247000000000102915009847492910921573638916015625,
  'BND' => 1.7364829999999999987636556397774256765842437744140625,
  'BOB' => 9.47564200000000056434146245010197162628173828125,
  'BRL' => 7.1089929999999998955217961338348686695098876953125,
  'BSD' => 1.369247000000000102915009847492910921573638916015625,
  'BTC' => 1.900000000000000104603825601401467793039046227931976318359375E-5,
  'BTN' => 124.0537810000000007448761607520282268524169921875,
  'BWP' => 18.033578999999999581405063509009778499603271484375,
  'BYN' => 3.94382199999999993877963788690976798534393310546875,
  'BZD' => 2.752075000000000049027448767446912825107574462890625,
  'CAD' => 1.85645199999999999107558323885314166545867919921875,
  'CDF' => 3032.881978999999773805029690265655517578125,
  'CHF' => 1.0495989999999999486846036234055645763874053955078125,
  'CLF' => 0.0295750000000000005939693181744587491266429424285888671875,
  'CLP' => 1167.7896399999999630381353199481964111328125,
  'CNH' => 9.4689110000000002997921910719014704227447509765625,
  'CNY' => 9.4786120000000000374029696104116737842559814453125,
  'COP' => 5013.4605810000002747983671724796295166015625,
  'CRC' => 678.363258999999970910721458494663238525390625,
  'CUC' => 1.369247000000000102915009847492910921573638916015625,
  'CUP' => 35.25810899999999747933543403632938861846923828125,
  'CVE' => 128.469594000000000733052729628980159759521484375,
  'CZK' => 27.83213500000000095724317361600697040557861328125,
  'DJF' => 243.725955999999996492988429963588714599609375,
  'DKK' => 8.5872860000000006408527042367495596408843994140625,
  'DOP' => 85.8517829999999975143509800545871257781982421875,
  'DZD' => 177.255842999999998710336512885987758636474609375,
  'EGP' => 64.1627749999999963392838253639638423919677734375,
  'ERN' => 20.538703999999999183501131483353674411773681640625,
  'ETB' => 212.438662999999991143340594135224819183349609375,
  'EUR' => 1.149397000000000002017941369558684527873992919921875,
  'FJD' => 2.9975550000000001915623215609230101108551025390625,
  'FKP' => 1,
  'GBP' => 1,
  'GEL' => 3.690120999999999984453324941569007933139801025390625,
  'GGP' => 1,
  'GHS' => 15.0548699999999993082155924639664590358734130859375,
  'GIP' => 1,
  'GMD' => 99.955027999999998655766830779612064361572265625,
  'GNF' => 11995.2878459999992628581821918487548828125,
  'GTQ' => 10.4969739999999998047996996319852769374847412109375,
  'GYD' => 286.28679899999997360282577574253082275390625,
  'HKD' => 10.7007329999999996061887941323220729827880859375,
  'HNL' => 36.22343000000000046156856114976108074188232421875,
  'HRK' => 8.659212000000000131194610730744898319244384765625,
  'HTG' => 179.44805500000001075022737495601177215576171875,
  'HUF' => 432.95245999999997366103343665599822998046875,
  'IDR' => 23000.8186930000010761432349681854248046875,
  'ILS' => 4.2203549999999996344968167250044643878936767578125,
  'IMP' => 1,
  'INR' => 124.2746769999999969513737596571445465087890625,
  'IQD' => 1792.6190059999998993589542806148529052734375,
  'IRR' => 57626.126850000000558793544769287109375,
  'ISK' => 166.66473799999999982901499606668949127197265625,
  'JEP' => 1,
  'JMD' => 213.660241000000013400494935922324657440185546875,
  'JOD' => 0.97079599999999999226929503493010997772216796875,
  'JPY' => 213.498459999999994352037901990115642547607421875,
  'KES' => 176.63285600000000385989551432430744171142578125,
  'KGS' => 119.740645000000000663931132294237613677978515625,
  'KHR' => 5518.9561899999998786370269954204559326171875,
  'KMF' => 573.714881999999988693161867558956146240234375,
  'KPW' => 1232.322249000000056184944696724414825439453125,
  'KRW' => 1996.364049000000022715539671480655670166015625,
  'KWD' => 0.420071000000000027707613980965106748044490814208984375,
  'KYD' => 1.1403280000000000082849282989627681672573089599609375,
  'KZT' => 675.781338000000005195033736526966094970703125,
  'LAK' => 29335.6554959999994025565683841705322265625,
  'LBP' => 121444.891703999994206242263317108154296875,
  'LKR' => 423.52352500000000645741238258779048919677734375,
  'LRD' => 254.88537600000000793443177826702594757080078125,
  'LSL' => 22.0236909999999994624886312521994113922119140625,
  'LYD' => 8.65124899999999996680344338528811931610107421875,
  'MAD' => 12.5148600000000005394440449890680611133575439453125,
  'MDL' => 23.2629069999999984474925440736114978790283203125,
  'MGA' => 6079.4564280000004146131686866283416748046875,
  'MKD' => 70.829262999999997418854036368429660797119140625,
  'MMK' => 2875.2816560000001118169166147708892822265625,
  'MNT' => 4886.8423400000001493026502430438995361328125,
  'MOP' => 11.0166009999999996438191374181769788265228271484375,
  'MUR' => 62.95798099999999664078131900168955326080322265625,
  'MVR' => 21.154865999999998393832356669008731842041015625,
  'MWK' => 2372.76932900000019799335859715938568115234375,
  'MXN' => 23.558825999999999822875906829722225666046142578125,
  'MYR' => 5.3873020000000000351292328559793531894683837890625,
  'MZN' => 87.28949099999999816645868122577667236328125,
  'NAD' => 22.024249999999998550492819049395620822906494140625,
  'NGN' => 1867.550136999999949694029055535793304443359375,
  'NIO' => 50.3578049999999990404830896295607089996337890625,
  'NOK' => 13.12812100000000015143086784519255161285400390625,
  'NPR' => 198.4858150000000023283064365386962890625,
  'NZD' => 2.26134900000000005348965714802034199237823486328125,
  'OMR' => 0.52640900000000001579536501594702713191509246826171875,
  'PAB' => 1.369247000000000102915009847492910921573638916015625,
  'PEN' => 4.59572599999999997777422322542406618595123291015625,
  'PGK' => 5.84120699999999981599785314756445586681365966796875,
  'PHP' => 80.0975250000000045247361413203179836273193359375,
  'PKR' => 381.725415999999995619873516261577606201171875,
  'PLN' => 4.83627699999999993707433532108552753925323486328125,
  'PYG' => 9022.499368999999205698259174823760986328125,
  'QAR' => 4.98590700000000008884626367944292724132537841796875,
  'RON' => 5.85051800000000010726353139034472405910491943359375,
  'RSD' => 134.93517900000000508953235112130641937255859375,
  'RUB' => 105.4338220000000063691913965158164501190185546875,
  'RWF' => 1997.852861000000075364368967711925506591796875,
  'SAR' => 5.13532899999999958851049086661078035831451416015625,
  'SBD' => 11.0335950000000000414956957683898508548736572265625,
  'SCR' => 18.764455999999999136207406991161406040191650390625,
  'SDG' => 823.602035999999998239218257367610931396484375,
  'SEK' => 12.211444000000000187355908565223217010498046875,
  'SGD' => 1.73293300000000005667288860422559082508087158203125,
  'SHP' => 1,
  'SLL' => 28712.42377499999929568730294704437255859375,
  'SOS' => 780.6244199999999864303390495479106903076171875,
  'SRD' => 51.99235999999999791043592267669737339019775390625,
  'SSP' => 178.358106999999989739080774597823619842529296875,
  'STD' => 30509.286538000000291503965854644775390625,
  'SVC' => 11.97381299999999981764631229452788829803466796875,
  'SYP' => 17802.94875500000125612132251262664794921875,
  'SZL' => 21.922292999999999807414496899582445621490478515625,
  'THB' => 42.6102800000000030422597774304449558258056640625,
  'TJS' => 12.8151170000000007576090865768492221832275390625,
  'TMT' => 4.7992109999999996716724126599729061126708984375,
  'TND' => 3.89893100000000014659917724202387034893035888671875,
  'TOP' => 3.2968180000000000262616595136933028697967529296875,
  'TRY' => 59.68602800000000030422597774304449558258056640625,
  'TTD' => 9.2704260000000004993125912733376026153564453125,
  'TWD' => 43.20836800000000010868461686186492443084716796875,
  'TZS' => 3537.58229500000015832483768463134765625,
  'UAH' => 58.98688800000000043155523599125444889068603515625,
  'UGX' => 4870.9482340000004114699549973011016845703125,
  'USD' => 1.369247000000000102915009847492910921573638916015625,
  'UYU' => 52.51072500000000076170181273482739925384521484375,
  'UZS' => 16807.50622700000167242251336574554443359375,
  'VND' => 35491.110293999998248182237148284912109375,
  'VUV' => 164.302786999999995032339938916265964508056640625,
  'WST' => 3.73296399999999994889776644413359463214874267578125,
  'XAF' => 753.954895999999962441506795585155487060546875,
  'XAG' => 0.016424000000000001098232615959204849787056446075439453125,
  'XAU' => 0.0002700000000000000034520997171938461178797297179698944091796875,
  'XCD' => 3.700457999999999803009131937869824469089508056640625,
  'XDR' => 0.94458399999999997920241412430186755955219268798828125,
  'XOF' => 753.954895999999962441506795585155487060546875,
  'XPD' => 0.000796999999999999965416552782926373765803873538970947265625,
  'XPF' => 137.159525999999999612555257044732570648193359375,
  'XPT' => 0.00066799999999999997400690343596352249733172357082366943359375,
  'YER' => 326.428490000000010695657692849636077880859375,
  'ZAR' => 21.7716419999999999390638549812138080596923828125,
  'ZMW' => 25.869803999999998467274053837172687053680419921875,
  'ZWL' => 440.8975159999999959836713969707489013671875,
)
