2026-02-11T05:37:51+00:00 INFO ENVIRONMENT: array (
  'WP_User' => 'Guest (non logged-in user)',
  'HTTP_REFERER' => '--',
  'HTTP_USER_AGENT' => 'Mozilla/5.0 AppleWebKit/537.36 (KHTML, like Gecko; compatible; bingbot/2.0; +http://www.bing.com/bingbot.htm) Chrome/116.0.1938.76 Safari/537.36',
  'REQUEST_URI' => '/sitemap.xml',
  'DOING_AJAX' => false,
  'DOING_CRON' => false,
  'WP_CLI' => false,
)
2026-02-11T05:37:51+00:00 INFO REQUEST GET https://public-api.wordpress.com/wpcom/v2/sites/%s/wcpay/currency/rates?test_mode=0&currency_from=gbp
2026-02-11T05:37:51+00:00 INFO HEADERS: array (
  'Content-Type' => 'application/json; charset=utf-8',
  'User-Agent' => 'WooCommerce Payments/8.6.0',
)
2026-02-11T05:37:51+00:00 INFO RESPONSE: array (
  'AED' => 5.01628600000000002268052412546239793300628662109375,
  'AFN' => 89.466781999999994923200574703514575958251953125,
  'ALL' => 110.6105170000000015306795830838382244110107421875,
  'AMD' => 515.2409930000000031213858164846897125244140625,
  'ANG' => 2.444970000000000087680973592796362936496734619140625,
  'AOA' => 1250.279999000000088926753960549831390380859375,
  'ARS' => 1917.73880899999994653626345098018646240234375,
  'AUD' => 1.9196869999999999212292323136352933943271636962890625,
  'AWG' => 2.462044000000000121275434139533899724483489990234375,
  'AZN' => 2.32203800000000004644107320928014814853668212890625,
  'BAM' => 2.245264000000000148560275192721746861934661865234375,
  'BBD' => 2.731809999999999849507048566010780632495880126953125,
  'BDT' => 167.17212299999999913779902271926403045654296875,
  'BGN' => 2.243472000000000132757804749417118728160858154296875,
  'BHD' => 0.5148989999999999955804241835721768438816070556640625,
  'BIF' => 4050.42036099999995713005773723125457763671875,
  'BMD' => 1.3659049999999999247535242830053903162479400634765625,
  'BND' => 1.73016199999999997771737980656325817108154296875,
  'BOB' => 9.4437870000000003756213118322193622589111328125,
  'BRL' => 7.099154999999999660076355212368071079254150390625,
  'BSD' => 1.3659049999999999247535242830053903162479400634765625,
  'BTC' => 2.000000000000000163606107828062619091724627651274204254150390625E-5,
  'BTN' => 123.730131000000000085492501966655254364013671875,
  'BWP' => 17.9284320000000008121787686832249164581298828125,
  'BYN' => 3.92607000000000017081447367672808468341827392578125,
  'BZD' => 2.748444999999999804884964760276488959789276123046875,
  'CAD' => 1.847407000000000021344703782233409583568572998046875,
  'CDF' => 3123.93839200000002165324985980987548828125,
  'CHF' => 1.047622000000000053177018344285897910594940185546875,
  'CLF' => 0.02959900000000000030997426847534370608627796173095703125,
  'CLP' => 1168.750268999999889274477027356624603271484375,
  'CNH' => 9.440129999999999910187398199923336505889892578125,
  'CNY' => 9.4412719999999996645101418835110962390899658203125,
  'COP' => 4994.8265359999995780526660382747650146484375,
  'CRC' => 676.2904889999999795691110193729400634765625,
  'CUC' => 1.3659049999999999247535242830053903162479400634765625,
  'CUP' => 35.1720540000000028157955966889858245849609375,
  'CVE' => 126.5887440000000054851625463925302028656005859375,
  'CZK' => 27.816928000000000764657670515589416027069091796875,
  'DJF' => 243.354679000000004407411324791610240936279296875,
  'DKK' => 8.57046700000000072350303526036441326141357421875,
  'DOP' => 85.65284800000000586805981583893299102783203125,
  'DZD' => 176.780474999999995588950696401298046112060546875,
  'EGP' => 63.90864599999999740020939498208463191986083984375,
  'ERN' => 20.488575000000000869704308570362627506256103515625,
  'ETB' => 212.14257900000001200169208459556102752685546875,
  'EUR' => 1.147165999999999907998926573782227933406829833984375,
  'FJD' => 2.985663000000000177891479324898682534694671630859375,
  'FKP' => 1,
  'GBP' => 1,
  'GEL' => 3.67428400000000010550138540565967559814453125,
  'GGP' => 1,
  'GHS' => 15.039339999999999264446159941144287586212158203125,
  'GIP' => 1,
  'GMD' => 100.39402200000000675572664476931095123291015625,
  'GNF' => 11996.70195500000045285560190677642822265625,
  'GTQ' => 10.4804680000000001172111296909861266613006591796875,
  'GYD' => 285.91960899999997991471900604665279388427734375,
  'HKD' => 10.675236999999999198962541413493454456329345703125,
  'HNL' => 36.1128690000000034387994674034416675567626953125,
  'HRK' => 8.6425959999999992788843883317895233631134033203125,
  'HTG' => 179.26137499999998681232682429254055023193359375,
  'HUF' => 433.82833699999997634222381748259067535400390625,
  'IDR' => 22915.94673600000169244594871997833251953125,
  'ILS' => 4.21081199999999977734432832221500575542449951171875,
  'IMP' => 1,
  'INR' => 123.7334589999999963083610055036842823028564453125,
  'IQD' => 1790.198701999999912004568614065647125244140625,
  'IRR' => 57485.47764399999869056046009063720703125,
  'ISK' => 166.312591999999995096004568040370941162109375,
  'JEP' => 1,
  'JMD' => 213.81632700000000113504938781261444091796875,
  'JOD' => 0.96842700000000003779376811507972888648509979248046875,
  'JPY' => 209.84922000000000252839527092874050140380859375,
  'KES' => 176.1471080000000029031070880591869354248046875,
  'KGS' => 119.4483919999999983474481268785893917083740234375,
  'KHR' => 5508.1075769999997646664269268512725830078125,
  'KMF' => 566.030888000000004467437975108623504638671875,
  'KPW' => 1229.3144959999999628053046762943267822265625,
  'KRW' => 1989.5179060000000390573404729366302490234375,
  'KWD' => 0.419099999999999972555286831266130320727825164794921875,
  'KYD' => 1.1388380000000000169535496752359904348850250244140625,
  'KZT' => 672.36210600000003978493623435497283935546875,
  'LAK' => 29348.75848100000075646676123142242431640625,
  'LBP' => 122357.404651000004378147423267364501953125,
  'LKR' => 422.85692999999997709892340935766696929931640625,
  'LRD' => 254.876629000000008318238542415201663970947265625,
  'LSL' => 21.770239000000000118006937555037438869476318359375,
  'LYD' => 8.615795999999999565943653578869998455047607421875,
  'MAD' => 12.45877300000000076352080213837325572967529296875,
  'MDL' => 23.128906000000000631189323030412197113037109375,
  'MGA' => 6049.995611000000280910171568393707275390625,
  'MKD' => 70.7027680000000060545062297023832798004150390625,
  'MMK' => 2868.263899999999921419657766819000244140625,
  'MNT' => 4874.9149289999995744437910616397857666015625,
  'MOP' => 11.0043399999999991223376127891242504119873046875,
  'MUR' => 62.39454599999999828696672921068966388702392578125,
  'MVR' => 21.103232999999999464080246980302035808563232421875,
  'MWK' => 2369.6024950000000899308361113071441650390625,
  'MXN' => 23.44873199999999968667907523922622203826904296875,
  'MYR' => 5.3611769999999996372253008303232491016387939453125,
  'MZN' => 87.0764420000000001209627953357994556427001953125,
  'NAD' => 21.77051300000000111367626232095062732696533203125,
  'NGN' => 1851.429585000000088257365860044956207275390625,
  'NIO' => 50.294206000000002632077666930854320526123046875,
  'NOK' => 12.96432300000000026329871616326272487640380859375,
  'NPR' => 197.96241800000001376247382722795009613037109375,
  'NZD' => 2.254713000000000189260163097060285508632659912109375,
  'OMR' => 0.525198000000000053688609114033170044422149658203125,
  'PAB' => 1.3659049999999999247535242830053903162479400634765625,
  'PEN' => 4.58891100000000040637360143591649830341339111328125,
  'PGK' => 5.8628739999999996967972037964500486850738525390625,
  'PHP' => 79.8173440000000056215867516584694385528564453125,
  'PKR' => 382.2989109999999755018507130444049835205078125,
  'PLN' => 4.84006999999999987238652465748600661754608154296875,
  'PYG' => 8994.6234069999991334043443202972412109375,
  'QAR' => 4.98146600000000017161028154077939689159393310546875,
  'RON' => 5.8400639999999999218971424852497875690460205078125,
  'RSD' => 134.645451000000008434653864242136478424072265625,
  'RUB' => 105.752534999999994624886312521994113922119140625,
  'RWF' => 1995.235186999999996260157786309719085693359375,
  'SAR' => 5.12349199999999971311126500950194895267486572265625,
  'SBD' => 11.0066649999999999209876477834768593311309814453125,
  'SCR' => 18.908715999999998302882886491715908050537109375,
  'SDG' => 821.5918550000000095678842626512050628662109375,
  'SEK' => 12.10430900000000065119820646941661834716796875,
  'SGD' => 1.7256910000000000859898818816873244941234588623046875,
  'SHP' => 1,
  'SLL' => 28642.344805000000633299350738525390625,
  'SOS' => 780.989227000000028056092560291290283203125,
  'SRD' => 51.75413999999999958845364744774997234344482421875,
  'SSP' => 177.922785000000004629328032024204730987548828125,
  'STD' => 30434.821930999998585321009159088134765625,
  'SVC' => 11.957646000000000441332304035313427448272705078125,
  'SYP' => 17759.496752999999444000422954559326171875,
  'SZL' => 21.74900099999999980582288117147982120513916015625,
  'THB' => 42.55545299999999997453414835035800933837890625,
  'TJS' => 12.8256870000000002818296707118861377239227294921875,
  'TMT' => 4.79432700000000000528643795405514538288116455078125,
  'TND' => 3.93709299999999995378630046616308391094207763671875,
  'TOP' => 3.288771000000000110929931906866841018199920654296875,
  'TRY' => 59.605086000000000012732925824820995330810546875,
  'TTD' => 9.26912899999999950750861898995935916900634765625,
  'TWD' => 42.98503099999999932379068923182785511016845703125,
  'TZS' => 3531.75771500000018932041712105274200439453125,
  'UAH' => 58.85593300000000027694113668985664844512939453125,
  'UGX' => 4858.4963690000004135072231292724609375,
  'USD' => 1.3659049999999999247535242830053903162479400634765625,
  'UYU' => 52.38256100000000259342414210550487041473388671875,
  'UZS' => 16836.90798100000029080547392368316650390625,
  'VND' => 35415.8676780000023427419364452362060546875,
  'VUV' => 163.90176999999999907231540419161319732666015625,
  'WST' => 3.7238530000000000796944732428528368473052978515625,
  'XAF' => 752.4918699999999489591573365032672882080078125,
  'XAG' => 0.0165779999999999989868104677270821412093937397003173828125,
  'XAU' => 0.0002700000000000000034520997171938461178797297179698944091796875,
  'XCD' => 3.69142700000000001381295078317634761333465576171875,
  'XDR' => 0.936544000000000043115733205922879278659820556640625,
  'XOF' => 752.4918699999999489591573365032672882080078125,
  'XPD' => 0.000795000000000000025222879340702775152749381959438323974609375,
  'XPF' => 136.89337199999999938881956040859222412109375,
  'XPT' => 0.000666000000000000033813229993739923884277231991291046142578125,
  'YER' => 325.52925800000002709566615521907806396484375,
  'ZAR' => 21.72321600000000074714989750646054744720458984375,
  'ZMW' => 25.998923999999998812882040510885417461395263671875,
  'ZWL' => 439.8214090000000169311533682048320770263671875,
)
2026-02-11T11:40:08+00:00 INFO ENVIRONMENT: array (
  'WP_User' => 'Guest (non logged-in user)',
  'HTTP_REFERER' => 'https://papapoke.co.uk/',
  'HTTP_USER_AGENT' => 'Mozilla/5.0 (Windows NT 10.0; Win64; x64) AppleWebKit/537.36 (KHTML, like Gecko) Chrome/116.0.0.0 Safari/537.36',
  'REQUEST_URI' => '/product/avocado-nigiri-v/1024',
  'DOING_AJAX' => false,
  'DOING_CRON' => false,
  'WP_CLI' => false,
)
2026-02-11T11:40:08+00:00 INFO REQUEST GET https://public-api.wordpress.com/wpcom/v2/sites/%s/wcpay/currency/rates?test_mode=0&currency_from=gbp
2026-02-11T11:40:08+00:00 INFO HEADERS: array (
  'Content-Type' => 'application/json; charset=utf-8',
  'User-Agent' => 'WooCommerce Payments/8.6.0',
)
2026-02-11T11:40:08+00:00 INFO RESPONSE: array (
  'AED' => 5.02814199999999988932586347800679504871368408203125,
  'AFN' => 89.678235000000000809450284577906131744384765625,
  'ALL' => 110.8719420000000042136889533139765262603759765625,
  'AMD' => 516.45875200000000404543243348598480224609375,
  'ANG' => 2.4507490000000000662794263917021453380584716796875,
  'AOA' => 1248.831644000000096639269031584262847900390625,
  'ARS' => 1922.214791999999988547642715275287628173828125,
  'AUD' => 1.9258770000000000610640427112230099737644195556640625,
  'AWG' => 2.467862999999999917832838036702014505863189697265625,
  'AZN' => 2.327526999999999901547198533080518245697021484375,
  'BAM' => 2.250570000000000181472614713129587471485137939453125,
  'BBD' => 2.738267000000000006565414878423325717449188232421875,
  'BDT' => 167.5672299999999950159690342843532562255859375,
  'BGN' => 2.24710400000000021236701286397874355316162109375,
  'BHD' => 0.516059999999999963193886287626810371875762939453125,
  'BIF' => 4059.99342800000022180029191076755523681640625,
  'BMD' => 1.3691329999999999333937239498482085764408111572265625,
  'BND' => 1.734250999999999987011278790305368602275848388671875,
  'BOB' => 9.4661069999999991608774507767520844936370849609375,
  'BRL' => 7.1177130000000001786020220606587827205657958984375,
  'BSD' => 1.3691329999999999333937239498482085764408111572265625,
  'BTC' => 2.000000000000000163606107828062619091724627651274204254150390625E-5,
  'BTN' => 124.0225640000000026930138119496405124664306640625,
  'BWP' => 17.9708049999999985857357387430965900421142578125,
  'BYN' => 3.935350000000000125766064229537732899188995361328125,
  'BZD' => 2.754941000000000084213525042287074029445648193359375,
  'CAD' => 1.8507119999999999127027194845140911638736724853515625,
  'CDF' => 3131.3217420000000856816768646240234375,
  'CHF' => 1.0496239999999998904200992910773493349552154541015625,
  'CLF' => 0.029669000000000000927258270166930742561817169189453125,
  'CLP' => 1171.5125809999999546562321484088897705078125,
  'CNH' => 9.4576820000000001442685970687307417392730712890625,
  'CNY' => 9.459205000000000751469997339881956577301025390625,
  'COP' => 5003.2486109999999825959093868732452392578125,
  'CRC' => 677.8888849999999592910171486437320709228515625,
  'CUC' => 1.3691329999999999333937239498482085764408111572265625,
  'CUP' => 35.25518199999999779947756906040012836456298828125,
  'CVE' => 126.887934000000001333319232799112796783447265625,
  'CZK' => 27.86846800000000001773514668457210063934326171875,
  'DJF' => 243.92984200000000782893039286136627197265625,
  'DKK' => 8.5837479999999999336068867705762386322021484375,
  'DOP' => 85.855286000000006652044248767197132110595703125,
  'DZD' => 177.00520399999999199280864559113979339599609375,
  'EGP' => 64.23110800000000608633854426443576812744140625,
  'ERN' => 20.53699900000000155841917148791253566741943359375,
  'ETB' => 212.643972999999988360286806710064411163330078125,
  'EUR' => 1.1489979999999999638049530403804965317249298095703125,
  'FJD' => 2.9934039999999999537294570473022758960723876953125,
  'FKP' => 1,
  'GBP' => 1,
  'GEL' => 3.6829689999999999372448655776679515838623046875,
  'GGP' => 1,
  'GHS' => 15.0748850000000000903810359886847436428070068359375,
  'GIP' => 1,
  'GMD' => 100.6312999999999959754859446547925472259521484375,
  'GNF' => 12025.0558600000003934837877750396728515625,
  'GTQ' => 10.505238999999999549572748946957290172576904296875,
  'GYD' => 286.5953729999999950450728647410869598388671875,
  'HKD' => 10.702963000000000448608261649496853351593017578125,
  'HNL' => 36.19821999999999917463355814106762409210205078125,
  'HRK' => 8.6565940000000001219859768752939999103546142578125,
  'HTG' => 179.685055000000005520632839761674404144287109375,
  'HUF' => 434.8574429999999892970663495361804962158203125,
  'IDR' => 22986.23214899999948102049529552459716796875,
  'ILS' => 4.21717000000000030723867894266732037067413330078125,
  'IMP' => 1,
  'INR' => 124.215361000000001467924448661506175994873046875,
  'IQD' => 1794.42979100000002290471456944942474365234375,
  'IRR' => 57621.3431320000017876736819744110107421875,
  'ISK' => 166.6098289999999906285665929317474365234375,
  'JEP' => 1,
  'JMD' => 214.321675999999996520273271016776561737060546875,
  'JOD' => 0.9707149999999999945288209346472285687923431396484375,
  'JPY' => 209.851351999999991448930813930928707122802734375,
  'KES' => 176.618192999999990888682077638804912567138671875,
  'KGS' => 119.73070500000000038198777474462985992431640625,
  'KHR' => 5521.1258509999997841077856719493865966796875,
  'KMF' => 567.36868800000002011074684560298919677734375,
  'KPW' => 1232.219949999999926149030216038227081298828125,
  'KRW' => 1984.668276999999989129719324409961700439453125,
  'KWD' => 0.420109000000000010199840971836238168179988861083984375,
  'KYD' => 1.1415290000000000159019464263110421597957611083984375,
  'KZT' => 673.951217000000042389729060232639312744140625,
  'LAK' => 29418.1235369999994873069226741790771484375,
  'LBP' => 122570.19756400000187568366527557373046875,
  'LKR' => 423.85634199999998372732079587876796722412109375,
  'LRD' => 255.479024000000009664290701039135456085205078125,
  'LSL' => 21.8216919999999987567207426764070987701416015625,
  'LYD' => 8.63615899999999925285010249353945255279541015625,
  'MAD' => 12.4882190000000008467395673505961894989013671875,
  'MDL' => 23.131288000000001403577698511071503162384033203125,
  'MGA' => 6064.294624000000112573616206645965576171875,
  'MKD' => 70.831693000000001347871148027479648590087890625,
  'MMK' => 2875.04296999999996842234395444393157958984375,
  'MNT' => 4886.4366689999997106497175991535186767578125,
  'MOP' => 11.0303489999999992932089298847131431102752685546875,
  'MUR' => 62.54200800000000270983946393243968486785888671875,
  'MVR' => 21.153109000000000605723471380770206451416015625,
  'MWK' => 2375.202991000000110943801701068878173828125,
  'MXN' => 23.4821409999999985984686645679175853729248046875,
  'MYR' => 5.3628949999999999675992512493394315242767333984375,
  'MZN' => 87.2822450000000031877789297141134738922119140625,
  'NAD' => 21.821967000000000780346454121172428131103515625,
  'NGN' => 1852.053967999999940730049274861812591552734375,
  'NIO' => 50.41307499999999919282345217652618885040283203125,
  'NOK' => 12.9599299999999999499777914024889469146728515625,
  'NPR' => 198.430297999999993407982401549816131591796875,
  'NZD' => 2.259128000000000024982682589325122535228729248046875,
  'OMR' => 0.52643399999999995753086068361881189048290252685546875,
  'PAB' => 1.3691329999999999333937239498482085764408111572265625,
  'PEN' => 4.599757000000000317641024594195187091827392578125,
  'PGK' => 5.87673100000000037113068174221552908420562744140625,
  'PHP' => 79.7130020000000030222508939914405345916748046875,
  'PKR' => 383.20246500000001788066583685576915740966796875,
  'PLN' => 4.8480220000000002755768946371972560882568359375,
  'PYG' => 9015.88197500000023865140974521636962890625,
  'QAR' => 4.99323899999999998300381776061840355396270751953125,
  'RON' => 5.850305999999999784222382004372775554656982421875,
  'RSD' => 134.8774270000000115032889880239963531494140625,
  'RUB' => 105.9016179999999991423464962281286716461181640625,
  'RWF' => 1999.950876000000107524101622402667999267578125,
  'SAR' => 5.1349970000000002556816980359144508838653564453125,
  'SBD' => 11.0326789999999999025703800725750625133514404296875,
  'SCR' => 18.80828100000000091540641733445227146148681640625,
  'SDG' => 823.5336670000000367508619092404842376708984375,
  'SEK' => 12.1322329999999993788151186890900135040283203125,
  'SGD' => 1.7282539999999999569268993582227267324924468994140625,
  'SHP' => 1,
  'SLL' => 28710.04027000000132829882204532623291015625,
  'SOS' => 782.8350759999999581850715912878513336181640625,
  'SRD' => 51.87646000000000157115209731273353099822998046875,
  'SSP' => 178.3433009999999967476469464600086212158203125,
  'STD' => 30506.7538710000007995404303073883056640625,
  'SVC' => 11.9859069999999992006678439793176949024200439453125,
  'SYP' => 17801.47087900000042282044887542724609375,
  'SZL' => 21.8004040000000003374225343577563762664794921875,
  'THB' => 42.5503690000000034387994674034416675567626953125,
  'TJS' => 12.8559999999999998721023075631819665431976318359375,
  'TMT' => 4.80565800000000020730794858536683022975921630859375,
  'TND' => 3.946397999999999850473386686644516885280609130859375,
  'TOP' => 3.29654399999999991877075444790534675121307373046875,
  'TRY' => 59.7502080000000006521077011711895465850830078125,
  'TTD' => 9.2910360000000000724185156286694109439849853515625,
  'TWD' => 42.973398000000003094100975431501865386962890625,
  'TZS' => 3562.353352000000086263753473758697509765625,
  'UAH' => 58.99503700000000350200934917666018009185791015625,
  'UGX' => 4869.9793040000004111789166927337646484375,
  'USD' => 1.3691329999999999333937239498482085764408111572265625,
  'UYU' => 52.5063659999999998717612470500171184539794921875,
  'UZS' => 16876.70159100000091711990535259246826171875,
  'VND' => 35574.874525999999605119228363037109375,
  'VUV' => 164.28914800000001150692696683108806610107421875,
  'WST' => 3.732654000000000138470568344928324222564697265625,
  'XAF' => 753.693586999999979525455273687839508056640625,
  'XAG' => 0.016423000000000000098143715376863838173449039459228515625,
  'XAU' => 0.0002709999999999999735489364383056454244069755077362060546875,
  'XCD' => 3.7001509999999999678266249247826635837554931640625,
  'XDR' => 0.93875799999999998135535861365497112274169921875,
  'XOF' => 753.693586999999979525455273687839508056640625,
  'XPD' => 0.000796999999999999965416552782926373765803873538970947265625,
  'XPF' => 137.1119889999999941210262477397918701171875,
  'XPT' => 0.00066799999999999997400690343596352249733172357082366943359375,
  'YER' => 326.298637999999982639565132558345794677734375,
  'ZAR' => 21.719218000000001467242327635176479816436767578125,
  'ZMW' => 26.060372000000000980435288511216640472412109375,
  'ZWL' => 440.860914999999977226252667605876922607421875,
)
2026-02-11T16:43:39+00:00 INFO ENVIRONMENT: array (
  'WP_User' => 'Guest (non logged-in user)',
  'HTTP_REFERER' => 'https://papapoke.co.uk/',
  'HTTP_USER_AGENT' => 'Mozilla/5.0 (Windows NT 10.0; Win64; x64) AppleWebKit/537.36 (KHTML, like Gecko) Chrome/103.0.0.0 Safari/537.36',
  'REQUEST_URI' => '/product/office-lunch-box-1-person/loading',
  'DOING_AJAX' => false,
  'DOING_CRON' => false,
  'WP_CLI' => false,
)
2026-02-11T16:43:39+00:00 INFO REQUEST GET https://public-api.wordpress.com/wpcom/v2/sites/%s/wcpay/disputes?test_mode=0&pagesize=50&search%5B0%5D=warning_needs_response&search%5B1%5D=needs_response
2026-02-11T16:43:39+00:00 INFO HEADERS: array (
  'Content-Type' => 'application/json; charset=utf-8',
  'User-Agent' => 'WooCommerce Payments/8.6.0',
)
2026-02-11T16:43:40+00:00 INFO RESPONSE: array (
  'data' => 
  array (
  ),
)
2026-02-11T17:40:30+00:00 INFO ENVIRONMENT: array (
  'WP_User' => 'Guest (non logged-in user)',
  'HTTP_REFERER' => 'https://papapoke.co.uk/',
  'HTTP_USER_AGENT' => 'Mozilla/5.0 (Windows NT 10.0; Win64; x64) AppleWebKit/537.36 (KHTML, like Gecko) Chrome/120.0.0.0 Safari/537.36',
  'REQUEST_URI' => '/product-category/loading',
  'DOING_AJAX' => false,
  'DOING_CRON' => false,
  'WP_CLI' => false,
)
2026-02-11T17:40:30+00:00 INFO REQUEST GET https://public-api.wordpress.com/wpcom/v2/sites/%s/wcpay/currency/rates?test_mode=0&currency_from=gbp
2026-02-11T17:40:30+00:00 INFO HEADERS: array (
  'Content-Type' => 'application/json; charset=utf-8',
  'User-Agent' => 'WooCommerce Payments/8.6.0',
)
2026-02-11T17:40:30+00:00 INFO RESPONSE: array (
  'AED' => 5.01365600000000011249312592553906142711639404296875,
  'AFN' => 89.419881000000003723471309058368206024169921875,
  'ALL' => 110.6176970000000068239387474022805690765380859375,
  'AMD' => 514.7310320000000274376361630856990814208984375,
  'ANG' => 2.4436879999999998602788764401338994503021240234375,
  'AOA' => 1245.2338890000000901636667549610137939453125,
  'ARS' => 1910.5094380000000455765984952449798583984375,
  'AUD' => 1.9190359999999999640607484252541325986385345458984375,
  'AWG' => 2.460752999999999968139263728517107665538787841796875,
  'AZN' => 2.320821000000000022822632672614417970180511474609375,
  'BAM' => 2.242626000000000008327560863108374178409576416015625,
  'BBD' => 2.7303779999999999716919774073176085948944091796875,
  'BDT' => 167.033110999999991008735378272831439971923828125,
  'BGN' => 2.250372000000000038966163629083894193172454833984375,
  'BHD' => 0.51471199999999994734167785281897522509098052978515625,
  'BIF' => 4047.11615200000005643232725560665130615234375,
  'BMD' => 1.36518899999999998584598870365880429744720458984375,
  'BND' => 1.7292549999999999865707422941341064870357513427734375,
  'BOB' => 9.4358149999999998414068613783456385135650634765625,
  'BRL' => 7.098826999999999998181010596454143524169921875,
  'BSD' => 1.36518899999999998584598870365880429744720458984375,
  'BTC' => 2.099999999999999883795211153003634763081208802759647369384765625E-5,
  'BTN' => 123.7500610000000023092070478014647960662841796875,
  'BWP' => 17.890094000000001273065208806656301021575927734375,
  'BYN' => 3.91662599999999994082600096589885652065277099609375,
  'BZD' => 2.74622499999999991615595718030817806720733642578125,
  'CAD' => 1.856716000000000033054448067559860646724700927734375,
  'CDF' => 3134.1249859999998079729266464710235595703125,
  'CHF' => 1.0549710000000001031139618135057389736175537109375,
  'CLF' => 0.02957100000000000006306066779870889149606227874755859375,
  'CLP' => 1167.700712999999950625351630151271820068359375,
  'CNH' => 9.4370519999999995519601725391112267971038818359375,
  'CNY' => 9.4379609999999996006181390839628875255584716796875,
  'COP' => 5023.4994159999996554688550531864166259765625,
  'CRC' => 675.376809999999977662810124456882476806640625,
  'CUC' => 1.36518899999999998584598870365880429744720458984375,
  'CUP' => 35.15361500000000205545802600681781768798828125,
  'CVE' => 126.4357810000000057470970205031335353851318359375,
  'CZK' => 27.918623000000000189402271644212305545806884765625,
  'DJF' => 243.158422000000001617081579752266407012939453125,
  'DKK' => 8.595907000000000408590494771488010883331298828125,
  'DOP' => 85.5862460000000027093847165815532207489013671875,
  'DZD' => 176.958224000000001296939444728195667266845703125,
  'EGP' => 63.84935399999999816600393387489020824432373046875,
  'ERN' => 20.477834000000001424268702976405620574951171875,
  'ETB' => 211.97246499999999969077180139720439910888671875,
  'EUR' => 1.1506760000000000321307425110717304050922393798828125,
  'FJD' => 2.986692000000000124515509014599956572055816650390625,
  'FKP' => 1,
  'GBP' => 1,
  'GEL' => 3.67235800000000001119815351557917892932891845703125,
  'GGP' => 1,
  'GHS' => 15.0062599999999992661514625069685280323028564453125,
  'GIP' => 1,
  'GMD' => 100.3413919999999990295691532082855701446533203125,
  'GNF' => 11985.831867999999303719960153102874755859375,
  'GTQ' => 10.472390000000000753743734094314277172088623046875,
  'GYD' => 285.67616600000002335946192033588886260986328125,
  'HKD' => 10.67120800000000002683009370230138301849365234375,
  'HNL' => 36.0840519999999997935447026975452899932861328125,
  'HRK' => 8.6692800000000005411493475548923015594482421875,
  'HTG' => 178.95827900000000454383553005754947662353515625,
  'HUF' => 436.29695299999997359918779693543910980224609375,
  'IDR' => 22911.622598000001744367182254791259765625,
  'ILS' => 4.195660000000000167119651450775563716888427734375,
  'IMP' => 1,
  'INR' => 123.8623769999999950641722534783184528350830078125,
  'IQD' => 1788.777493999999933294020593166351318359375,
  'IRR' => 57455.3419809999977587722241878509521484375,
  'ISK' => 166.416532999999986941475071944296360015869140625,
  'JEP' => 1,
  'JMD' => 213.64451500000001260559656657278537750244140625,
  'JOD' => 0.9679189999999999738378164693131111562252044677734375,
  'JPY' => 209.341712999999998601197148673236370086669921875,
  'KES' => 176.15032999999999674400896765291690826416015625,
  'KGS' => 119.385773000000000365616870112717151641845703125,
  'KHR' => 5501.6410580000001573353074491024017333984375,
  'KMF' => 565.734157999999979438143782317638397216796875,
  'KPW' => 1228.6700510000000576837919652462005615234375,
  'KRW' => 1980.598549000000048181391321122646331787109375,
  'KWD' => 0.4190650000000000208189021577709354460239410400390625,
  'KYD' => 1.1379390000000000338076233674655668437480926513671875,
  'KZT' => 673.727724999999963984009809792041778564453125,
  'LAK' => 29325.773149000000557862222194671630859375,
  'LBP' => 122276.300012000006972812116146087646484375,
  'LKR' => 422.38145500000001675289240665733814239501953125,
  'LRD' => 254.66036600000001044463715516030788421630859375,
  'LSL' => 21.684487000000000733734850655309855937957763671875,
  'LYD' => 8.5964639999999992170387486112304031848907470703125,
  'MAD' => 12.444520000000000692352841724641621112823486328125,
  'MDL' => 22.894456999999999169403963605873286724090576171875,
  'MGA' => 6045.1082479999995484831742942333221435546875,
  'MKD' => 70.98777400000000170621206052601337432861328125,
  'MMK' => 2866.760267999999996391125023365020751953125,
  'MNT' => 4872.359347999999954481609165668487548828125,
  'MOP' => 10.9941859999999991259755915962159633636474609375,
  'MUR' => 62.36183100000000223417373490519821643829345703125,
  'MVR' => 21.092169999999999419060259242542088031768798828125,
  'MWK' => 2367.7197820000001229345798492431640625,
  'MXN' => 23.521240999999999843339537619613111019134521484375,
  'MYR' => 5.3440320000000003375362211954779922962188720703125,
  'MZN' => 87.0307940000000002100932761095464229583740234375,
  'NAD' => 21.684487000000000733734850655309855937957763671875,
  'NGN' => 1844.943645000000060463207773864269256591796875,
  'NIO' => 50.24637700000000251066012424416840076446533203125,
  'NOK' => 12.9482820000000007354401532211340963840484619140625,
  'NPR' => 197.999920000000003028617356903851032257080078125,
  'NZD' => 2.25729999999999986215470926254056394100189208984375,
  'OMR' => 0.5248779999999999557047658527153544127941131591796875,
  'PAB' => 1.36518899999999998584598870365880429744720458984375,
  'PEN' => 4.5845520000000004046114554512314498424530029296875,
  'PGK' => 5.8605479999999996465476215234957635402679443359375,
  'PHP' => 79.5427289999999942438080324791371822357177734375,
  'PKR' => 382.09849800000000641375663690268993377685546875,
  'PLN' => 4.8509130000000002524984665797092020511627197265625,
  'PYG' => 8989.908148000000437605194747447967529296875,
  'QAR' => 4.978426999999999935653249849565327167510986328125,
  'RON' => 5.85857199999999966877339829807169735431671142578125,
  'RSD' => 135.046030000000001791704562492668628692626953125,
  'RUB' => 105.2582440000000048030415200628340244293212890625,
  'RWF' => 1993.57418099999995320104062557220458984375,
  'SAR' => 5.119975000000000164845914696343243122100830078125,
  'SBD' => 11.0008949999999998681232682429254055023193359375,
  'SCR' => 18.798564999999999969304553815163671970367431640625,
  'SDG' => 821.161151000000018029822967946529388427734375,
  'SEK' => 12.17237300000000033151081879623234272003173828125,
  'SGD' => 1.7242409999999999126174543562228791415691375732421875,
  'SHP' => 1,
  'SLL' => 28627.3296029999983147718012332916259765625,
  'SOS' => 780.4098629999999729989212937653064727783203125,
  'SRD' => 51.57274300000000266663846559822559356689453125,
  'SSP' => 177.829511999999994031895766966044902801513671875,
  'STD' => 30418.86705699999947682954370975494384765625,
  'SVC' => 11.948133999999999588226273772306740283966064453125,
  'SYP' => 17750.18667600000117090530693531036376953125,
  'SZL' => 21.67519899999999921647031442262232303619384765625,
  'THB' => 42.50037999999999982492226990871131420135498046875,
  'TJS' => 12.8218300000000002825117917382158339023590087890625,
  'TMT' => 4.79181399999999957373120196280069649219512939453125,
  'TND' => 3.9264869999999998384510035975836217403411865234375,
  'TOP' => 3.287046999999999830066599315614439547061920166015625,
  'TRY' => 59.5832300000000003592504072003066539764404296875,
  'TTD' => 9.260338000000000846512193675152957439422607421875,
  'TWD' => 42.871938000000000101863406598567962646484375,
  'TZS' => 3528.36970299999984490568749606609344482421875,
  'UAH' => 58.75076700000000329282556776888668537139892578125,
  'UGX' => 4855.94939499999964027665555477142333984375,
  'USD' => 1.36518899999999998584598870365880429744720458984375,
  'UYU' => 52.35510000000000019326762412674725055694580078125,
  'UZS' => 16823.935349999999743886291980743408203125,
  'VND' => 35491.7189409999991767108440399169921875,
  'VUV' => 163.815847999999988360286806710064411163330078125,
  'WST' => 3.72190099999999990387777870637364685535430908203125,
  'XAF' => 754.7940459999999802676029503345489501953125,
  'XAG' => 0.0163769999999999991968646639861617586575448513031005859375,
  'XAU' => 0.0002689999999999999791451543718068251109798438847064971923828125,
  'XCD' => 3.689490999999999853997678656014613807201385498046875,
  'XDR' => 0.93605400000000005267253300189622677862644195556640625,
  'XOF' => 754.7940459999999802676029503345489501953125,
  'XPD' => 0.000795000000000000025222879340702775152749381959438323974609375,
  'XPF' => 137.3121840000000020154402591288089752197265625,
  'XPT' => 0.000666000000000000033813229993739923884277231991291046142578125,
  'YER' => 325.3586050000000113868736661970615386962890625,
  'ZAR' => 21.736838999999999799683791934512555599212646484375,
  'ZMW' => 25.97859100000000154295776155777275562286376953125,
  'ZWL' => 439.59084100000001171792973764240741729736328125,
)
2026-02-11T22:22:55+00:00 INFO ENVIRONMENT: array (
  'WP_User' => 'Guest (non logged-in user)',
  'HTTP_REFERER' => '--',
  'HTTP_USER_AGENT' => 'WordPress/6.9.1; https://papapoke.co.uk',
  'REQUEST_URI' => '/wp-cron.php?doing_wp_cron=1770848575.1676859855651855468750',
  'DOING_AJAX' => false,
  'DOING_CRON' => true,
  'WP_CLI' => false,
)
2026-02-11T22:22:55+00:00 INFO REQUEST GET https://public-api.wordpress.com/wpcom/v2/wcpay/woopay/compatibility?test_mode=0
2026-02-11T22:22:55+00:00 INFO HEADERS: array (
  'Content-Type' => 'application/json; charset=utf-8',
  'User-Agent' => 'WooCommerce Payments/8.6.0',
)
2026-02-11T22:22:55+00:00 INFO RESPONSE: array (
  'incompatible_extensions' => 
  array (
    0 => 'class-wcdonation',
    1 => 'woocommerce-avatax',
    2 => 'woocommerce-table-rate-shipping',
    3 => 'woocommerce-memberships-for-teams',
    4 => 'woocommerce-checkout-add-ons',
    5 => 'woocommerce-checkout-field-editor',
    6 => 'woocommerce-eu-vat-number',
    7 => 'woocommerce-order-delivery',
    8 => 'woocommerce-pdf-product-vouchers',
    9 => 'woocommerce-shipping-local-pickup-plus',
    10 => 'woocommerce-shipping-multiple-addresses',
    11 => 'woocommerce-smart-coupons',
    12 => 'woocommerce-subscriptions-gifting',
    13 => 'advanced-product-fields-for-woocommerce',
    14 => 'mage-eventpress',
  ),
  'adapted_extensions' => 
  array (
    0 => 'woocommerce-points-and-rewards',
    1 => 'woocommerce-gift-cards',
  ),
  'available_countries' => 
  array (
    0 => 'US',
  ),
)
2026-02-11T23:17:50+00:00 INFO ENVIRONMENT: array (
  'WP_User' => 'Guest (non logged-in user)',
  'HTTP_REFERER' => '--',
  'HTTP_USER_AGENT' => 'Mozilla/5.0 (Windows NT 10.0) AppleWebKit/537.36 (KHTML, like Gecko) Chrome/66.0.3359.2 Safari/537.36',
  'REQUEST_URI' => '/product/chicken-karaage/',
  'DOING_AJAX' => false,
  'DOING_CRON' => false,
  'WP_CLI' => false,
)
2026-02-11T23:17:50+00:00 INFO REQUEST GET https://public-api.wordpress.com/wpcom/v2/sites/%s/wcpay/accounts?test_mode=0
2026-02-11T23:17:50+00:00 INFO HEADERS: array (
  'Content-Type' => 'application/json; charset=utf-8',
  'User-Agent' => 'WooCommerce Payments/8.6.0',
)
2026-02-11T23:17:54+00:00 INFO RESPONSE: array (
  'account_id' => 'acct_1QJjXwFt5S7zes6j',
  'email' => '(redacted)',
  'communications_email' => 'contactus@papapoke.co.uk',
  'live_publishable_key' => 'pk_live_51ETDmyFuiXB5oUVxaIafkGPnwuNcBxr1pXVhvLJ4BrWuiqfG6SldjatOGLQhuqXnDmgqwRA7tDoSFlbY4wFji7KR0079TvtxNs',
  'test_publishable_key' => 'pk_test_51ETDmyFuiXB5oUVxwSobQMW5Tno1GclIq7ePZWzLeW4q8oa7Zb8hI5VfwI5sNT5nXuKYinLukNvGCXmsQXAoDGHG00MqHqlYHR',
  'is_live' => true,
  'is_test_drive' => false,
  'created' => '2024-11-10 22:23:55',
  'has_pending_requirements' => false,
  'has_future_requirements' => false,
  'has_overdue_requirements' => false,
  'details_submitted' => true,
  'current_deadline' => NULL,
  'status' => 'complete',
  'capabilities' => 
  array (
    'card_payments' => 'active',
    'transfers' => 'active',
    'afterpay_clearpay_payments' => 'unrequested',
    'alipay_payments' => 'unrequested',
    'amazon_pay_payments' => 'unrequested',
    'bacs_debit_payments' => 'unrequested',
    'bancontact_payments' => 'unrequested',
    'bank_transfer_payments' => 'unrequested',
    'billie_payments' => 'unrequested',
    'cartes_bancaires_payments' => 'unrequested',
    'eps_payments' => 'unrequested',
    'gb_bank_transfer_payments' => 'unrequested',
    'ideal_payments' => 'unrequested',
    'kakao_pay_payments' => 'unrequested',
    'klarna' => 'unrequested',
    'klarna_payments' => 'unrequested',
    'kr_card_payments' => 'unrequested',
    'legacy_payments' => 'unrequested',
    'link_payments' => 'unrequested',
    'mb_way_payments' => 'unrequested',
    'multibanco_payments' => 'unrequested',
    'naver_pay_payments' => 'unrequested',
    'p24_payments' => 'unrequested',
    'pay_by_bank_payments' => 'unrequested',
    'payco_payments' => 'unrequested',
    'revolut_pay_payments' => 'unrequested',
    'samsung_pay_payments' => 'unrequested',
    'sepa_bank_transfer_payments' => 'unrequested',
    'sepa_debit_payments' => 'unrequested',
    'twint_payments' => 'unrequested',
    'us_bank_account_ach_payments' => 'unrequested',
    'us_bank_transfer_payments' => 'unrequested',
    'wechat_pay_payments' => 'unrequested',
  ),
  'capability_requirements' => 
  array (
    'afterpay_clearpay_payments' => 
    array (
    ),
    'alipay_payments' => 
    array (
      0 => 'business_profile.product_description',
    ),
    'amazon_pay_payments' => 
    array (
    ),
    'bacs_debit_payments' => 
    array (
    ),
    'bancontact_payments' => 
    array (
    ),
    'bank_transfer_payments' => 
    array (
    ),
    'billie_payments' => 
    array (
    ),
    'card_payments' => 
    array (
    ),
    'cartes_bancaires_payments' => 
    array (
    ),
    'eps_payments' => 
    array (
    ),
    'gb_bank_transfer_payments' => 
    array (
    ),
    'ideal_payments' => 
    array (
    ),
    'kakao_pay_payments' => 
    array (
    ),
    'klarna' => 
    array (
    ),
    'klarna_payments' => 
    array (
    ),
    'kr_card_payments' => 
    array (
    ),
    'legacy_payments' => 
    array (
    ),
    'link_payments' => 
    array (
    ),
    'mb_way_payments' => 
    array (
    ),
    'multibanco_payments' => 
    array (
    ),
    'naver_pay_payments' => 
    array (
    ),
    'p24_payments' => 
    array (
    ),
    'pay_by_bank_payments' => 
    array (
    ),
    'payco_payments' => 
    array (
    ),
    'revolut_pay_payments' => 
    array (
    ),
    'samsung_pay_payments' => 
    array (
    ),
    'sepa_bank_transfer_payments' => 
    array (
    ),
    'sepa_debit_payments' => 
    array (
    ),
    'transfers' => 
    array (
    ),
    'twint_payments' => 
    array (
    ),
    'us_bank_account_ach_payments' => 
    array (
    ),
    'us_bank_transfer_payments' => 
    array (
    ),
    'wechat_pay_payments' => 
    array (
      0 => 'business_profile.product_description',
    ),
  ),
  'payments_enabled' => true,
  'deposits' => 
  array (
    'status' => 'enabled',
    'restrictions' => 'deposits_unrestricted',
    'interval' => 'daily',
    'weekly_anchor' => '',
    'monthly_anchor' => NULL,
    'delay_days' => 3,
    'completed_waiting_period' => false,
    'minimum_manual_deposit_amounts' => 
    array (
      'aud' => 500,
      'bgn' => 100,
      'cad' => 500,
      'chf' => 500,
      'czk' => 3000,
      'dkk' => 5000,
      'eur' => 500,
      'gbp' => 500,
      'hkd' => 5000,
      'huf' => 36000,
      'nok' => 5000,
      'nzd' => 500,
      'jpy' => 50,
      'sek' => 5000,
      'sgd' => 500,
      'usd' => 500,
      'ron' => 500,
      'pln' => 500,
      'aed' => 200,
    ),
    'minimum_scheduled_deposit_amounts' => 
    array (
      'aed' => 200,
      'aud' => 0,
      'bgn' => 100,
      'cad' => 0,
      'chf' => 500,
      'czk' => 3000,
      'dkk' => 2000,
      'eur' => 100,
      'gbp' => 100,
      'hkd' => 0,
      'huf' => 36000,
      'jpy' => 1,
      'nok' => 2000,
      'nzd' => 0,
      'pln' => 500,
      'ron' => 500,
      'sek' => 2000,
      'sgd' => 100,
      'usd' => 0,
    ),
  ),
  'lifetime_total_payment_volume' => 0,
  'requirements' => 
  array (
    'errors' => 
    array (
    ),
  ),
  'statement_descriptor' => 'PAPA POKE',
  'statement_descriptor_kanji' => '',
  'statement_descriptor_kana' => '',
  'latest_tos_agreement' => 
  array (
    'date' => '2024-11-10 22:23:55',
    'source' => 'signup',
    'is_current_version' => true,
  ),
  'fees' => 
  array (
    'base' => 
    array (
      'percentage_rate' => 0.01499999999999999944488848768742172978818416595458984375,
      'fixed_rate' => 25,
      'currency' => 'gbp',
    ),
    'discount' => 
    array (
    ),
    'card' => 
    array (
      'base' => 
      array (
        'percentage_rate' => 0.01499999999999999944488848768742172978818416595458984375,
        'fixed_rate' => 25,
        'currency' => 'gbp',
      ),
      'additional' => 
      array (
        'percentage_rate' => 0.0200000000000000004163336342344337026588618755340576171875,
        'fixed_rate' => 0,
        'currency' => 'eur',
      ),
      'fx' => 
      array (
        'percentage_rate' => 0.0200000000000000004163336342344337026588618755340576171875,
        'fixed_rate' => 0,
        'currency' => 'gbp',
      ),
      'discount' => 
      array (
      ),
    ),
    'card_present' => 
    array (
      'base' => 
      array (
        'percentage_rate' => 0.01400000000000000029143354396410359186120331287384033203125,
        'fixed_rate' => 20,
        'currency' => 'gbp',
      ),
      'additional' => 
      array (
        'percentage_rate' => 0.0200000000000000004163336342344337026588618755340576171875,
        'fixed_rate' => 0,
        'currency' => 'gbp',
      ),
      'fx' => 
      array (
        'percentage_rate' => 0.0200000000000000004163336342344337026588618755340576171875,
        'fixed_rate' => 0,
        'currency' => 'gbp',
      ),
      'discount' => 
      array (
      ),
    ),
    'bancontact' => 
    array (
      'base' => 
      array (
        'percentage_rate' => 0.01400000000000000029143354396410359186120331287384033203125,
        'fixed_rate' => 20,
        'currency' => 'gbp',
      ),
      'additional' => 
      array (
        'percentage_rate' => 0,
        'fixed_rate' => 0,
        'currency' => 'gbp',
      ),
      'fx' => 
      array (
        'percentage_rate' => 0,
        'fixed_rate' => 0,
        'currency' => 'gbp',
      ),
      'discount' => 
      array (
      ),
    ),
    'eps' => 
    array (
      'base' => 
      array (
        'percentage_rate' => 0.01600000000000000033306690738754696212708950042724609375,
        'fixed_rate' => 20,
        'currency' => 'gbp',
      ),
      'additional' => 
      array (
        'percentage_rate' => 0,
        'fixed_rate' => 0,
        'currency' => 'gbp',
      ),
      'fx' => 
      array (
        'percentage_rate' => 0,
        'fixed_rate' => 0,
        'currency' => 'gbp',
      ),
      'discount' => 
      array (
      ),
    ),
    'ideal' => 
    array (
      'base' => 
      array (
        'percentage_rate' => 0,
        'fixed_rate' => 25,
        'currency' => 'gbp',
      ),
      'additional' => 
      array (
        'percentage_rate' => 0,
        'fixed_rate' => 0,
        'currency' => 'gbp',
      ),
      'fx' => 
      array (
        'percentage_rate' => 0,
        'fixed_rate' => 0,
        'currency' => 'gbp',
      ),
      'discount' => 
      array (
      ),
    ),
    'p24' => 
    array (
      'base' => 
      array (
        'percentage_rate' => 0.021999999999999998723243521681069978512823581695556640625,
        'fixed_rate' => 20,
        'currency' => 'gbp',
      ),
      'additional' => 
      array (
        'percentage_rate' => 0,
        'fixed_rate' => 0,
        'currency' => 'gbp',
      ),
      'fx' => 
      array (
        'percentage_rate' => 0,
        'fixed_rate' => 0,
        'currency' => 'gbp',
      ),
      'discount' => 
      array (
      ),
    ),
    'klarna' => 
    array (
      'base' => 
      array (
        'percentage_rate' => 0.049899999999999999911182158029987476766109466552734375,
        'fixed_rate' => 35,
        'currency' => 'gbp',
      ),
      'additional' => 
      array (
        'percentage_rate' => 0,
        'fixed_rate' => 0,
        'currency' => 'gbp',
      ),
      'fx' => 
      array (
        'percentage_rate' => 0,
        'fixed_rate' => 0,
        'currency' => 'gbp',
      ),
      'discount' => 
      array (
      ),
    ),
    'afterpay_clearpay' => 
    array (
      'base' => 
      array (
        'percentage_rate' => 0.059999999999999997779553950749686919152736663818359375,
        'fixed_rate' => 30,
        'currency' => 'gbp',
      ),
      'additional' => 
      array (
        'percentage_rate' => 0,
        'fixed_rate' => 0,
        'currency' => 'gbp',
      ),
      'fx' => 
      array (
        'percentage_rate' => 0,
        'fixed_rate' => 0,
        'currency' => 'gbp',
      ),
      'discount' => 
      array (
      ),
    ),
  ),
  'capital' => 
  array (
    'has_active_loan' => false,
    'has_previous_loans' => false,
    'loans' => 
    array (
    ),
  ),
  'fraud_services' => 
  array (
    'stripe' => 
    array (
    ),
    'sift' => 
    array (
      'beacon_key' => '1d81b5c86a',
      'sandbox_beacon_key' => '43e8654e6f',
    ),
  ),
  'store_currencies' => 
  array (
    'default' => 'gbp',
    'supported' => 
    array (
      0 => 'gbp',
    ),
  ),
  'customer_currencies' => 
  array (
    'supported' => 
    array (
      0 => 'usd',
      1 => 'aed',
      2 => 'afn',
      3 => 'all',
      4 => 'amd',
      5 => 'ang',
      6 => 'aoa',
      7 => 'ars',
      8 => 'aud',
      9 => 'awg',
      10 => 'azn',
      11 => 'bam',
      12 => 'bbd',
      13 => 'bdt',
      14 => 'bif',
      15 => 'bmd',
      16 => 'bnd',
      17 => 'bob',
      18 => 'brl',
      19 => 'bsd',
      20 => 'bwp',
      21 => 'byn',
      22 => 'bzd',
      23 => 'cad',
      24 => 'cdf',
      25 => 'chf',
      26 => 'clp',
      27 => 'cny',
      28 => 'cop',
      29 => 'crc',
      30 => 'cve',
      31 => 'czk',
      32 => 'djf',
      33 => 'dkk',
      34 => 'dop',
      35 => 'dzd',
      36 => 'egp',
      37 => 'etb',
      38 => 'eur',
      39 => 'fjd',
      40 => 'fkp',
      41 => 'gbp',
      42 => 'gel',
      43 => 'gip',
      44 => 'gmd',
      45 => 'gnf',
      46 => 'gtq',
      47 => 'gyd',
      48 => 'hkd',
      49 => 'hnl',
      50 => 'htg',
      51 => 'huf',
      52 => 'idr',
      53 => 'ils',
      54 => 'inr',
      55 => 'isk',
      56 => 'jmd',
      57 => 'jpy',
      58 => 'kes',
      59 => 'kgs',
      60 => 'khr',
      61 => 'kmf',
      62 => 'krw',
      63 => 'kyd',
      64 => 'kzt',
      65 => 'lak',
      66 => 'lbp',
      67 => 'lkr',
      68 => 'lrd',
      69 => 'lsl',
      70 => 'mad',
      71 => 'mdl',
      72 => 'mga',
      73 => 'mkd',
      74 => 'mmk',
      75 => 'mnt',
      76 => 'mop',
      77 => 'mur',
      78 => 'mvr',
      79 => 'mwk',
      80 => 'mxn',
      81 => 'myr',
      82 => 'mzn',
      83 => 'nad',
      84 => 'ngn',
      85 => 'nio',
      86 => 'nok',
      87 => 'npr',
      88 => 'nzd',
      89 => 'pab',
      90 => 'pen',
      91 => 'pgk',
      92 => 'php',
      93 => 'pkr',
      94 => 'pln',
      95 => 'pyg',
      96 => 'qar',
      97 => 'ron',
      98 => 'rsd',
      99 => 'rub',
      100 => 'rwf',
      101 => 'sar',
      102 => 'sbd',
      103 => 'scr',
      104 => 'sek',
      105 => 'sgd',
      106 => 'shp',
      107 => 'sle',
      108 => 'sos',
      109 => 'srd',
      110 => 'std',
      111 => 'szl',
      112 => 'thb',
      113 => 'tjs',
      114 => 'top',
      115 => 'try',
      116 => 'ttd',
      117 => 'twd',
      118 => 'tzs',
      119 => 'uah',
      120 => 'ugx',
      121 => 'uyu',
      122 => 'uzs',
      123 => 'vnd',
      124 => 'vuv',
      125 => 'wst',
      126 => 'xaf',
      127 => 'xcd',
      128 => 'xcg',
      129 => 'xof',
      130 => 'xpf',
      131 => 'yer',
      132 => 'zar',
      133 => 'zmw',
    ),
  ),
  'country' => '(redacted)',
  'instant_deposits_eligible' => false,
  'card_present_eligible' => true,
  'has_card_readers_available' => false,
  'platform_checkout_eligible' => false,
  'platform_direct_checkout_eligible' => false,
  'platform_global_theme_support_enabled' => false,
  'business_profile' => 
  array (
    'name' => '(redacted)',
    'url' => 'https://papapoke.co.uk',
    'support_address' => 
    array (
    ),
    'support_email' => 'contactus@papapoke.co.uk',
    'support_phone' => '+447387156597',
  ),
  'branding' => 
  array (
    'icon' => NULL,
    'logo' => NULL,
    'primary_color' => NULL,
    'secondary_color' => NULL,
  ),
  'locale' => 'en_GB',
  'has_more_failed_events' => false,
  'has_submitted_vat_data' => false,
  'is_documents_enabled' => true,
  'card_testing_protection_eligible' => false,
  'fraud_mitigation_settings' => 
  array (
    'avs_check_enabled' => false,
    'cvc_check_enabled' => true,
  ),
  'is_deferred_intent_creation_upe_enabled' => true,
  'pre_check_save_my_info' => false,
  'is_tokenized_ece_disabled' => false,
  'ece_confirmation_tokens_disabled' => true,
  'eligibility_wporg_review_campaign_2025' => false,
  'progressive_onboarding' => 
  array (
    'is_enabled' => false,
    'is_complete' => false,
  ),
)
2026-02-11T23:26:00+00:00 INFO ENVIRONMENT: array (
  'WP_User' => 'Guest (non logged-in user)',
  'HTTP_REFERER' => '--',
  'HTTP_USER_AGENT' => 'WordPress/6.9.1; https://papapoke.co.uk',
  'REQUEST_URI' => '/wp-cron.php?doing_wp_cron=1770852359.8577001094818115234375',
  'DOING_AJAX' => false,
  'DOING_CRON' => true,
  'WP_CLI' => false,
)
2026-02-11T23:26:00+00:00 INFO REQUEST POST https://public-api.wordpress.com/wpcom/v2/sites/%s/wcpay/compatibility
2026-02-11T23:26:00+00:00 INFO HEADERS: array (
  'Content-Type' => 'application/json; charset=utf-8',
  'User-Agent' => 'WooCommerce Payments/8.6.0',
  'Idempotency-Key' => '0c4a09ca-f724-4af3-962f-5bfeed43b8b0',
)
2026-02-11T23:26:00+00:00 INFO BODY: array (
  'test_mode' => false,
  'compatibility_data' => 
  array (
    'woopayments_version' => '8.6.0',
    'woocommerce_version' => '10.0.5',
    'woocommerce_permalinks' => 
    array (
      'product_base' => 'product',
      'category_base' => 'product-category',
      'tag_base' => 'product-tag',
      'attribute_base' => '',
      'use_verbose_page_rules' => false,
    ),
    'woocommerce_shop' => 'https://papapoke.co.uk/?page_id=7',
    'woocommerce_cart' => 'Not set',
    'woocommerce_checkout' => 'https://papapoke.co.uk/checkout/',
    'blog_theme' => 'papa',
    'active_plugins' => 
    array (
      0 => 'added-to-cart-popup-woocommerce/xoo-cp-main.php',
      1 => 'advanced-custom-fields-pro/acf.php',
      2 => 'classic-editor/classic-editor.php',
      3 => 'classic-widgets/classic-widgets.php',
      4 => 'contact-form-7/wp-contact-form-7.php',
      5 => 'health-check/health-check.php',
      6 => 'popup-maker/popup-maker.php',
      8 => 'regenerate-thumbnails/regenerate-thumbnails.php',
      9 => 'shipping-zones-by-drawing-for-woocommerce/shipping-zones-by-drawing.php',
      10 => 'svg-support/svg-support.php',
      11 => 'webp-converter-for-media/webp-converter-for-media.php',
      12 => 'woo-pincode-checker/woo-pincode-checker.php',
      13 => 'woocommerce-google-analytics-integration/woocommerce-google-analytics-integration.php',
      14 => 'woocommerce-lightbox/main.php',
      15 => 'woocommerce-payments/woocommerce-payments.php',
      17 => 'woocommerce/woocommerce.php',
      18 => 'wordpress-seo/wp-seo.php',
      19 => 'wp-rocket/wp-rocket.php',
      20 => 'wp-sitemap-page/wp-sitemap-page.php',
    ),
    'post_types_count' => 
    array (
      'post' => 0,
      'page' => 7,
      'attachment' => 0,
      'product' => 55,
      'popup' => 2,
      'popup_theme' => 8,
      'szbdzones' => 2,
    ),
  ),
)
2026-02-11T23:26:00+00:00 INFO RESPONSE: array (
  'result' => 'success',
)
2026-02-11T23:43:45+00:00 INFO ENVIRONMENT: array (
  'WP_User' => 'Guest (non logged-in user)',
  'HTTP_REFERER' => '--',
  'HTTP_USER_AGENT' => 'Mozilla/5.0 (Linux; Android 6.0.1; Nexus 5X Build/MMB29P) AppleWebKit/537.36 (KHTML, like Gecko) Chrome/144.0.7559.132 Mobile Safari/537.36 (compatible; Googlebot/2.1; +http://www.google.com/bot.html)',
  'REQUEST_URI' => '/product/ahi-poke/?add-to-cart=112',
  'DOING_AJAX' => false,
  'DOING_CRON' => false,
  'WP_CLI' => false,
)
2026-02-11T23:43:45+00:00 INFO REQUEST GET https://public-api.wordpress.com/wpcom/v2/sites/%s/wcpay/currency/rates?test_mode=0&currency_from=gbp
2026-02-11T23:43:45+00:00 INFO HEADERS: array (
  'Content-Type' => 'application/json; charset=utf-8',
  'User-Agent' => 'WooCommerce Payments/8.6.0',
)
2026-02-11T23:43:46+00:00 INFO RESPONSE: array (
  'AED' => 5.00278099999999970037833918468095362186431884765625,
  'AFN' => 89.213762000000002672095433808863162994384765625,
  'ALL' => 110.3798919999999981200744514353573322296142578125,
  'AMD' => 513.544544999999970968929119408130645751953125,
  'ANG' => 2.438054999999999861159949432476423680782318115234375,
  'AOA' => 1248.99260499999991225195117294788360595703125,
  'ARS' => 1912.66600599999992482480593025684356689453125,
  'AUD' => 1.91184799999999999187139110290445387363433837890625,
  'AWG' => 2.45167599999999996640553945326246321201324462890625,
  'AZN' => 2.315472000000000196706650967826135456562042236328125,
  'BAM' => 2.2374559999999998893827068968676030635833740234375,
  'BBD' => 2.724083999999999949892526274197734892368316650390625,
  'BDT' => 166.648088999999998804923961870372295379638671875,
  'BGN' => 2.2438359999999999416786522488109767436981201171875,
  'BHD' => 0.51352600000000003799272008109255693852901458740234375,
  'BIF' => 4024.8344040000001768930815160274505615234375,
  'BMD' => 1.3620419999999999749462631370988674461841583251953125,
  'BND' => 1.72526899999999994150812199222855269908905029296875,
  'BOB' => 9.41406500000000079353412729687988758087158203125,
  'BRL' => 7.0823470000000003921059033018536865711212158203125,
  'BSD' => 1.3620419999999999749462631370988674461841583251953125,
  'BTC' => 2.000000000000000163606107828062619091724627651274204254150390625E-5,
  'BTN' => 123.46480900000000247018761001527309417724609375,
  'BWP' => 17.848856999999998862449501757510006427764892578125,
  'BYN' => 3.90759800000000012687451089732348918914794921875,
  'BZD' => 2.739895000000000191420213013770990073680877685546875,
  'CAD' => 1.8490040000000000919300191526417620480060577392578125,
  'CDF' => 3030.5436719999997876584529876708984375,
  'CHF' => 1.0508319999999999883044665693887509405612945556640625,
  'CLF' => 0.0294850000000000007915890165577366133220493793487548828125,
  'CLP' => 1164.968227999999953681253828108310699462890625,
  'CNH' => 9.409966000000000718728188076056540012359619140625,
  'CNY' => 9.4162060000000007420339898089878261089324951171875,
  'COP' => 5013.324572999999872990883886814117431640625,
  'CRC' => 673.8200239999999894280335865914821624755859375,
  'CUC' => 1.3620419999999999749462631370988674461841583251953125,
  'CUP' => 35.07258399999999909368852968327701091766357421875,
  'CVE' => 126.5337109999999967158146318979561328887939453125,
  'CZK' => 27.83331199999999938654582365415990352630615234375,
  'DJF' => 242.20918399999999337524059228599071502685546875,
  'DKK' => 8.5723649999999995685584508464671671390533447265625,
  'DOP' => 85.29788600000000542422640137374401092529296875,
  'DZD' => 176.493593000000004167304723523557186126708984375,
  'EGP' => 63.7047519999999991568984114564955234527587890625,
  'ERN' => 20.430631000000001762373358360491693019866943359375,
  'ETB' => 211.184628000000003567038220353424549102783203125,
  'EUR' => 1.1473649999999999682387397115235216915607452392578125,
  'FJD' => 2.97721999999999997754684954998083412647247314453125,
  'FKP' => 1,
  'GBP' => 1,
  'GEL' => 3.6638929999999998443627191591076552867889404296875,
  'GGP' => 1,
  'GHS' => 14.989273000000000735099092707969248294830322265625,
  'GIP' => 1,
  'GMD' => 100.1100990000000052759787649847567081451416015625,
  'GNF' => 11957.027082000000518746674060821533203125,
  'GTQ' => 10.4482510000000008432152753812260925769805908203125,
  'GYD' => 285.01766400000002477099769748747348785400390625,
  'HKD' => 10.6482270000000003307150109321810305118560791015625,
  'HNL' => 36.1009260000000011814336176030337810516357421875,
  'HRK' => 8.64385300000000000864019966684281826019287109375,
  'HTG' => 178.54576900000000705404090695083141326904296875,
  'HUF' => 435.3519820000000208892743103206157684326171875,
  'IDR' => 22867.8696270000000367872416973114013671875,
  'ILS' => 4.19116700000000008685674401931464672088623046875,
  'IMP' => 1,
  'INR' => 123.559494999999998299244907684624195098876953125,
  'IQD' => 1784.956171999999924082658253610134124755859375,
  'IRR' => 57322.9038050000017392449080944061279296875,
  'ISK' => 166.60498999999998659404809586703777313232421875,
  'JEP' => 1,
  'JMD' => 213.152051000000000158252078108489513397216796875,
  'JOD' => 0.96568799999999999084110413605230860412120819091796875,
  'JPY' => 208.793033000000008314600563608109951019287109375,
  'KES' => 175.703430999999994810423231683671474456787109375,
  'KGS' => 119.110581999999993740857462398707866668701171875,
  'KHR' => 5489.0296609999995780526660382747650146484375,
  'KMF' => 565.24718299999994997051544487476348876953125,
  'KPW' => 1225.837890000000015788828022778034210205078125,
  'KRW' => 1969.47880699999996068072505295276641845703125,
  'KWD' => 0.41807899999999997842081711496575735509395599365234375,
  'KYD' => 1.135315999999999991842969393474049866199493408203125,
  'KZT' => 672.1747400000000425279722549021244049072265625,
  'LAK' => 29208.99282600000151433050632476806640625,
  'LBP' => 122243.51009500000509433448314666748046875,
  'LKR' => 421.40783900000002404340193606913089752197265625,
  'LRD' => 254.08899800000000368527253158390522003173828125,
  'LSL' => 21.670089999999998298108039307408034801483154296875,
  'LYD' => 8.580864999999999298552211257629096508026123046875,
  'MAD' => 12.4473620000000000374029696104116737842559814453125,
  'MDL' => 22.8416840000000007648850441910326480865478515625,
  'MGA' => 6033.8465009999999892897903919219970703125,
  'MKD' => 70.6972650000000015779733075760304927825927734375,
  'MMK' => 2860.15220499999986714101396501064300537109375,
  'MNT' => 4861.1282540000001972657628357410430908203125,
  'MOP' => 10.968844000000000704631020198576152324676513671875,
  'MUR' => 62.21808300000000002683009370230138301849365234375,
  'MVR' => 21.057171000000000304908098769374191761016845703125,
  'MWK' => 2365.1861060000001089065335690975189208984375,
  'MXN' => 23.406969000000000136196831590496003627777099609375,
  'MYR' => 5.3323949999999999960209606797434389591217041015625,
  'MZN' => 87.034480999999999539795680902898311614990234375,
  'NAD' => 21.738192000000001513626557425595819950103759765625,
  'NGN' => 1840.41852599999992889934219419956207275390625,
  'NIO' => 50.00737600000000071531758294440805912017822265625,
  'NOK' => 12.9287690000000008438973964075557887554168701171875,
  'NPR' => 197.54351700000000846557668410241603851318359375,
  'NZD' => 2.252076000000000188805415746173821389675140380859375,
  'OMR' => 0.5237000000000000543565192856476642191410064697265625,
  'PAB' => 1.3620419999999999749462631370988674461841583251953125,
  'PEN' => 4.56965100000000035151970223523676395416259765625,
  'PGK' => 5.83635000000000037090330806677229702472686767578125,
  'PHP' => 79.28446999999999889041646383702754974365234375,
  'PKR' => 380.82697100000001455555320717394351959228515625,
  'PLN' => 4.83685200000000037334757507778704166412353515625,
  'PYG' => 8969.1858439999996335245668888092041015625,
  'QAR' => 4.9595359999999999445208231918513774871826171875,
  'RON' => 5.838665999999999911551640252582728862762451171875,
  'RSD' => 134.6787229999999908613972365856170654296875,
  'RUB' => 105.0125929999999954134182189591228961944580078125,
  'RWF' => 1978.366150000000061481841839849948883056640625,
  'SAR' => 5.108230999999999966121322358958423137664794921875,
  'SBD' => 10.9666359999999993846131474128924310207366943359375,
  'SCR' => 18.9650120000000015352270565927028656005859375,
  'SDG' => 819.268323000000009415089152753353118896484375,
  'SEK' => 12.11828799999999972669684211723506450653076171875,
  'SGD' => 1.7189110000000000777475861468701623380184173583984375,
  'SHP' => 1,
  'SLL' => 28561.34180800000103772617876529693603515625,
  'SOS' => 778.40706000000000130967237055301666259765625,
  'SRD' => 51.45386400000000293175617116503417491912841796875,
  'SSP' => 177.41960399999999253850546665489673614501953125,
  'STD' => 30348.7496549999996204860508441925048828125,
  'SVC' => 11.92059199999999918873072601854801177978515625,
  'SYP' => 17709.27137900000161607749760150909423828125,
  'SZL' => 21.670089999999998298108039307408034801483154296875,
  'THB' => 42.27778699999999645342541043646633625030517578125,
  'TJS' => 12.792275000000000062527760746888816356658935546875,
  'TMT' => 4.7671469999999995792450135922990739345550537109375,
  'TND' => 3.861730000000000107007736005471087992191314697265625,
  'TOP' => 3.279469999999999885176293901167809963226318359375,
  'TRY' => 59.43379399999999890269464231096208095550537109375,
  'TTD' => 9.238991999999999649162418791092932224273681640625,
  'TWD' => 42.71023199999999775400283397175371646881103515625,
  'TZS' => 3520.2365890000000945292413234710693359375,
  'UAH' => 58.61534300000000285990608972497284412384033203125,
  'UGX' => 4844.7561269999996511614881455898284912109375,
  'USD' => 1.3620419999999999749462631370988674461841583251953125,
  'UYU' => 52.23441799999999801684680278412997722625732421875,
  'UZS' => 16753.1178250000011757947504520416259765625,
  'VND' => 35409.908297000001766718924045562744140625,
  'VUV' => 163.43824200000000246291165240108966827392578125,
  'WST' => 3.7133219999999997895656633772887289524078369140625,
  'XAF' => 752.6219760000000178479240275919437408447265625,
  'XAG' => 0.016337999999999998357314012764618382789194583892822265625,
  'XAU' => 0.000268000000000000009048317650695025804452598094940185546875,
  'XCD' => 3.6809870000000000089812601800076663494110107421875,
  'XDR' => 0.93389599999999994839328110174392350018024444580078125,
  'XOF' => 752.6219760000000178479240275919437408447265625,
  'XPD' => 0.000792999999999999976608988649928733138949610292911529541015625,
  'XPF' => 136.917041000000011763404472731053829193115234375,
  'XPT' => 0.000663999999999999985199339302965881870477460324764251708984375,
  'YER' => 324.71085499999998091880115680396556854248046875,
  'ZAR' => 21.6286300000000011323209037072956562042236328125,
  'ZMW' => 25.91870899999999977580955601297318935394287109375,
  'ZWL' => 438.57755600000001550142769701778888702392578125,
)
