2026-01-19T01:34:04+00:00 INFO ENVIRONMENT: array (
  'WP_User' => 'Guest (non logged-in user)',
  'HTTP_REFERER' => '--',
  'HTTP_USER_AGENT' => 'Mozilla/5.0 (Windows NT 10.0; Win64; x64) AppleWebKit/537.36 (KHTML, like Gecko) Chrome/117.0.0.0 Safari/537.36',
  'REQUEST_URI' => '/product/unagi-dragon-roll?add-to-cart=200',
  'DOING_AJAX' => false,
  'DOING_CRON' => false,
  'WP_CLI' => false,
)
2026-01-19T01:34:04+00:00 INFO REQUEST GET https://public-api.wordpress.com/wpcom/v2/sites/%s/wcpay/currency/rates?test_mode=0&currency_from=gbp
2026-01-19T01:34:04+00:00 INFO HEADERS: array (
  'Content-Type' => 'application/json; charset=utf-8',
  'User-Agent' => 'WooCommerce Payments/8.6.0',
)
2026-01-19T01:34:04+00:00 INFO RESPONSE: array (
  'AED' => 4.91690399999999971925035424646921455860137939453125,
  'AFN' => 87.691877000000005182300810702145099639892578125,
  'ALL' => 111.5066599999999965575625537894666194915771484375,
  'AMD' => 509.01294100000001208172761835157871246337890625,
  'ANG' => 2.39646500000000006735945135005749762058258056640625,
  'AOA' => 1224.548117999999931271304376423358917236328125,
  'ARS' => 1907.038205999999945561285130679607391357421875,
  'AUD' => 2.004742999999999941707073958241380751132965087890625,
  'AWG' => 2.4098530000000000228510543820448219776153564453125,
  'AZN' => 2.275971999999999884067847233382053673267364501953125,
  'BAM' => 2.256205000000000016058265828178264200687408447265625,
  'BBD' => 2.677614999999999856328258829307742416858673095703125,
  'BDT' => 163.9492579999999861684045754373073577880859375,
  'BGN' => 2.2537549999999999528199623455293476581573486328125,
  'BHD' => 0.50526400000000004641975692720734514296054840087890625,
  'BIF' => 3964.6727430000000822474248707294464111328125,
  'BMD' => 1.33880700000000008031975085032172501087188720703125,
  'BND' => 1.7255510000000000569997382626752369105815887451171875,
  'BOB' => 9.2622319999999991324557413463480770587921142578125,
  'BRL' => 7.18921299999999963148411552538163959980010986328125,
  'BSD' => 1.33880700000000008031975085032172501087188720703125,
  'BTC' => 1.3999999999999999789990039189557791132756392471492290496826171875E-5,
  'BTN' => 121.611052000000000816726242192089557647705078125,
  'BWP' => 17.9026759999999995898178895004093647003173828125,
  'BYN' => 3.865819999999999811990392117877490818500518798828125,
  'BZD' => 2.69595599999999979701215124805457890033721923828125,
  'CAD' => 1.86171400000000009100631359615363180637359619140625,
  'CDF' => 2984.9313560000000506988726556301116943359375,
  'CHF' => 1.0712489999999998957491698092781007289886474609375,
  'CLF' => 0.030064000000000000445421477479612804017961025238037109375,
  'CLP' => 1186.261310000000094078131951391696929931640625,
  'CNH' => 9.3210040000000002891056283260695636272430419921875,
  'CNY' => 9.329947000000000656427801004610955715179443359375,
  'COP' => 4937.9149250000000392901711165904998779296875,
  'CRC' => 655.12857699999995020334608852863311767578125,
  'CUC' => 1.33880700000000008031975085032172501087188720703125,
  'CUP' => 34.4742880000000013751559890806674957275390625,
  'CVE' => 127.2653930000000030986484489403665065765380859375,
  'CZK' => 27.97906400000000104455466498620808124542236328125,
  'DJF' => 238.48950500000000829459168016910552978515625,
  'DKK' => 8.615190999999999377223502960987389087677001953125,
  'DOP' => 85.2699520000000035224729799665510654449462890625,
  'DZD' => 174.256852000000009184077498503029346466064453125,
  'EGP' => 63.0256200000000035288394428789615631103515625,
  'ERN' => 20.082108999999999099372871569357812404632568359375,
  'ETB' => 209.008607000000012021700968034565448760986328125,
  'EUR' => 1.1530409999999999826059138285927474498748779296875,
  'FJD' => 3.051677000000000195001348402001895010471343994140625,
  'FKP' => 1,
  'GBP' => 1,
  'GEL' => 3.601392000000000148673962030443362891674041748046875,
  'GGP' => 1,
  'GHS' => 14.5202270000000002170281732105650007724761962890625,
  'GIP' => 1,
  'GMD' => 99.0717460000000045283741201274096965789794921875,
  'GNF' => 11731.36230799999975715763866901397705078125,
  'GTQ' => 10.2773979999999998113935362198390066623687744140625,
  'GYD' => 280.3932810000000017680577002465724945068359375,
  'HKD' => 10.440535000000000565023583476431667804718017578125,
  'HNL' => 35.37902299999999655710780643858015537261962890625,
  'HRK' => 8.68219500000000010686562745831906795501708984375,
  'HTG' => 175.589007000000009384166332893073558807373046875,
  'HUF' => 444.00173699999999143983586691319942474365234375,
  'IDR' => 22625.8374960000001010484993457794189453125,
  'ILS' => 4.2106919999999998793782651773653924465179443359375,
  'IMP' => 1,
  'INR' => 121.4425399999999939382178126834332942962646484375,
  'IQD' => 1755.57432500000004438334144651889801025390625,
  'IRR' => 56345.043478999999933876097202301025390625,
  'ISK' => 168.680622999999997091435943730175495147705078125,
  'JEP' => 1,
  'JMD' => 211.535157999999995581674738787114620208740234375,
  'JOD' => 0.949214000000000002188471626141108572483062744140625,
  'JPY' => 211.24772400000000516229192726314067840576171875,
  'KES' => 172.871411999999992303855833597481250762939453125,
  'KGS' => 117.078697000000005346009857021272182464599609375,
  'KHR' => 5394.9656199999999444116838276386260986328125,
  'KMF' => 568.9930000000000518411980010569095611572265625,
  'KPW' => 1204.9265580000001136795617640018463134765625,
  'KRW' => 1972.8396419999999125138856470584869384765625,
  'KWD' => 0.4121259999999999923403493085061199963092803955078125,
  'KYD' => 1.117027999999999909874759396188892424106597900390625,
  'KZT' => 685.44455900000002657179720699787139892578125,
  'LAK' => 28973.8705499999996391125023365020751953125,
  'LBP' => 120000.5982059999951161444187164306640625,
  'LKR' => 415.248745999999982814188115298748016357421875,
  'LRD' => 244.265178999999989173375070095062255859375,
  'LSL' => 21.95674700000000001409716787748038768768310546875,
  'LYD' => 7.2796570000000002664819476194679737091064453125,
  'MAD' => 12.347556000000000864247340359725058078765869140625,
  'MDL' => 22.942848999999998937937562004663050174713134765625,
  'MGA' => 6203.19567800000004353933036327362060546875,
  'MKD' => 71.0096750000000014324541552923619747161865234375,
  'MMK' => 2811.361421999999947729520499706268310546875,
  'MNT' => 4766.1539419999999154242686927318572998046875,
  'MOP' => 10.7691759999999998598241290892474353313446044921875,
  'MUR' => 61.9867789999999985184331308118999004364013671875,
  'MVR' => 20.69796099999999938745531835593283176422119140625,
  'MWK' => 2323.27123600000004444154910743236541748046875,
  'MXN' => 23.62335600000000113141140900552272796630859375,
  'MYR' => 5.43221099999999967877784001757390797138214111328125,
  'MZN' => 85.54977700000000595537130720913410186767578125,
  'NAD' => 21.95674700000000001409716787748038768768310546875,
  'NGN' => 1902.496934999999893989297561347484588623046875,
  'NIO' => 49.27571300000000320551407639868557453155517578125,
  'NOK' => 13.501609999999999445208231918513774871826171875,
  'NPR' => 194.577238999999991619915817864239215850830078125,
  'NZD' => 2.3261359999999999814690454513765871524810791015625,
  'OMR' => 0.5135520000000000084838802649755962193012237548828125,
  'PAB' => 1.33880700000000008031975085032172501087188720703125,
  'PEN' => 4.50318899999999988637000569724477827548980712890625,
  'PGK' => 5.72296699999999969321606840821914374828338623046875,
  'PHP' => 79.5465760000000017271304386667907238006591796875,
  'PKR' => 375.0673219999999901119736023247241973876953125,
  'PLN' => 4.86983600000000027563373805605806410312652587890625,
  'PYG' => 9161.9452999999994062818586826324462890625,
  'QAR' => 4.874492000000000047066350816749036312103271484375,
  'RON' => 5.876538000000000039335645851679146289825439453125,
  'RSD' => 135.442824000000001660737325437366962432861328125,
  'RUB' => 104.240283000000005131369107402861118316650390625,
  'RWF' => 1953.670609999999896899680607020854949951171875,
  'SAR' => 5.02052700000000040603254092275165021419525146484375,
  'SBD' => 10.875949999999999562305674771778285503387451171875,
  'SCR' => 18.22891200000000111458575702272355556488037109375,
  'SDG' => 805.2925830000000360087142325937747955322265625,
  'SEK' => 12.3365570000000008832330422592349350452423095703125,
  'SGD' => 1.7239850000000001006839056572061963379383087158203125,
  'SHP' => 1,
  'SLL' => 28074.11940400000094086863100528717041015625,
  'SOS' => 764.801216999999951440258882939815521240234375,
  'SRD' => 51.35463899999999881629264564253389835357666015625,
  'SSP' => 174.39303699999999253122950904071331024169921875,
  'STD' => 29831.03620600000067497603595256805419921875,
  'SVC' => 11.7286230000000006867821866762824356555938720703125,
  'SYP' => 17407.17234499999904073774814605712890625,
  'SZL' => 21.962607999999999464080246980302035808563232421875,
  'THB' => 42.06376999999999810597728355787694454193115234375,
  'TJS' => 12.4595420000000007831886250642128288745880126953125,
  'TMT' => 4.6992139999999995580992617760784924030303955078125,
  'TND' => 3.9029579999999999273541106958873569965362548828125,
  'TOP' => 3.22352699999999980917664288426749408245086669921875,
  'TRY' => 57.93616999999999706005837651900947093963623046875,
  'TTD' => 9.1018830000000008340066415257751941680908203125,
  'TWD' => 42.33308699999999902274794294498860836029052734375,
  'TZS' => 3377.13387999999986277543939650058746337890625,
  'UAH' => 58.12699500000000085719875642098486423492431640625,
  'UGX' => 4765.5114700000003722379915416240692138671875,
  'USD' => 1.33880700000000008031975085032172501087188720703125,
  'UYU' => 51.80238800000000054524207371287047863006591796875,
  'UZS' => 16040.128258999999161460436880588531494140625,
  'VND' => 35176.31671600000117905437946319580078125,
  'VUV' => 162.397323999999997568011167459189891815185546875,
  'WST' => 3.7055509999999998171915649436414241790771484375,
  'XAF' => 756.345233000000007450580596923828125,
  'XAG' => 0.0144220000000000007911449273478865507058799266815185546875,
  'XAU' => 0.0002869999999999999829893015945714296321966685354709625244140625,
  'XCD' => 3.61819399999999991024424161878414452075958251953125,
  'XDR' => 0.94110499999999996934008095195167697966098785400390625,
  'XOF' => 756.345233000000007450580596923828125,
  'XPD' => 0.000730999999999999987461418715639638321590609848499298095703125,
  'XPF' => 137.5943760000000111176632344722747802734375,
  'XPT' => 0.000573000000000000050091875092306281658238731324672698974609375,
  'YER' => 319.27195499999999128704075701534748077392578125,
  'ZAR' => 21.987432999999999339024725486524403095245361328125,
  'ZMW' => 26.909963000000001187572706840001046657562255859375,
  'ZWL' => 431.0959460000000262880348600447177886962890625,
)
2026-01-19T08:09:40+00:00 INFO ENVIRONMENT: array (
  'WP_User' => 'Guest (non logged-in user)',
  'HTTP_REFERER' => 'https://www.google.com/',
  'HTTP_USER_AGENT' => 'Mozilla/5.0 (Macintosh; Intel Mac OS X 13_6_1; rv:120.0) Gecko/20100101 Firefox/120.0',
  'REQUEST_URI' => '/wp-admin/',
  'DOING_AJAX' => false,
  'DOING_CRON' => false,
  'WP_CLI' => false,
)
2026-01-19T08:09:40+00:00 INFO REQUEST GET https://public-api.wordpress.com/wpcom/v2/sites/%s/wcpay/accounts?test_mode=0
2026-01-19T08:09:40+00:00 INFO HEADERS: array (
  'Content-Type' => 'application/json; charset=utf-8',
  'User-Agent' => 'WooCommerce Payments/8.6.0',
)
2026-01-19T08:09:43+00:00 INFO RESPONSE: array (
  'account_id' => 'acct_1QJjXwFt5S7zes6j',
  'email' => '(redacted)',
  'communications_email' => 'contactus@papapoke.co.uk',
  'live_publishable_key' => 'pk_live_51ETDmyFuiXB5oUVxaIafkGPnwuNcBxr1pXVhvLJ4BrWuiqfG6SldjatOGLQhuqXnDmgqwRA7tDoSFlbY4wFji7KR0079TvtxNs',
  'test_publishable_key' => 'pk_test_51ETDmyFuiXB5oUVxwSobQMW5Tno1GclIq7ePZWzLeW4q8oa7Zb8hI5VfwI5sNT5nXuKYinLukNvGCXmsQXAoDGHG00MqHqlYHR',
  'is_live' => true,
  'is_test_drive' => false,
  'created' => '2024-11-10 22:23:55',
  'has_pending_requirements' => false,
  'has_future_requirements' => false,
  'has_overdue_requirements' => false,
  'details_submitted' => true,
  'current_deadline' => NULL,
  'status' => 'complete',
  'capabilities' => 
  array (
    'card_payments' => 'active',
    'transfers' => 'active',
    'afterpay_clearpay_payments' => 'unrequested',
    'alipay_payments' => 'unrequested',
    'amazon_pay_payments' => 'unrequested',
    'bacs_debit_payments' => 'unrequested',
    'bancontact_payments' => 'unrequested',
    'bank_transfer_payments' => 'unrequested',
    'billie_payments' => 'unrequested',
    'cartes_bancaires_payments' => 'unrequested',
    'eps_payments' => 'unrequested',
    'gb_bank_transfer_payments' => 'unrequested',
    'ideal_payments' => 'unrequested',
    'kakao_pay_payments' => 'unrequested',
    'klarna' => 'unrequested',
    'klarna_payments' => 'unrequested',
    'kr_card_payments' => 'unrequested',
    'legacy_payments' => 'unrequested',
    'link_payments' => 'unrequested',
    'mb_way_payments' => 'unrequested',
    'multibanco_payments' => 'unrequested',
    'naver_pay_payments' => 'unrequested',
    'p24_payments' => 'unrequested',
    'pay_by_bank_payments' => 'unrequested',
    'payco_payments' => 'unrequested',
    'revolut_pay_payments' => 'unrequested',
    'samsung_pay_payments' => 'unrequested',
    'sepa_bank_transfer_payments' => 'unrequested',
    'sepa_debit_payments' => 'unrequested',
    'twint_payments' => 'unrequested',
    'us_bank_account_ach_payments' => 'unrequested',
    'us_bank_transfer_payments' => 'unrequested',
    'wechat_pay_payments' => 'unrequested',
  ),
  'capability_requirements' => 
  array (
    'afterpay_clearpay_payments' => 
    array (
    ),
    'alipay_payments' => 
    array (
      0 => 'business_profile.product_description',
    ),
    'amazon_pay_payments' => 
    array (
    ),
    'bacs_debit_payments' => 
    array (
    ),
    'bancontact_payments' => 
    array (
    ),
    'bank_transfer_payments' => 
    array (
    ),
    'billie_payments' => 
    array (
    ),
    'card_payments' => 
    array (
    ),
    'cartes_bancaires_payments' => 
    array (
    ),
    'eps_payments' => 
    array (
    ),
    'gb_bank_transfer_payments' => 
    array (
    ),
    'ideal_payments' => 
    array (
    ),
    'kakao_pay_payments' => 
    array (
    ),
    'klarna' => 
    array (
    ),
    'klarna_payments' => 
    array (
    ),
    'kr_card_payments' => 
    array (
    ),
    'legacy_payments' => 
    array (
    ),
    'link_payments' => 
    array (
    ),
    'mb_way_payments' => 
    array (
    ),
    'multibanco_payments' => 
    array (
    ),
    'naver_pay_payments' => 
    array (
    ),
    'p24_payments' => 
    array (
    ),
    'pay_by_bank_payments' => 
    array (
    ),
    'payco_payments' => 
    array (
    ),
    'revolut_pay_payments' => 
    array (
    ),
    'samsung_pay_payments' => 
    array (
    ),
    'sepa_bank_transfer_payments' => 
    array (
    ),
    'sepa_debit_payments' => 
    array (
    ),
    'transfers' => 
    array (
    ),
    'twint_payments' => 
    array (
    ),
    'us_bank_account_ach_payments' => 
    array (
    ),
    'us_bank_transfer_payments' => 
    array (
    ),
    'wechat_pay_payments' => 
    array (
      0 => 'business_profile.product_description',
    ),
  ),
  'payments_enabled' => true,
  'deposits' => 
  array (
    'status' => 'enabled',
    'restrictions' => 'deposits_unrestricted',
    'interval' => 'daily',
    'weekly_anchor' => '',
    'monthly_anchor' => NULL,
    'delay_days' => 3,
    'completed_waiting_period' => false,
    'minimum_manual_deposit_amounts' => 
    array (
      'aud' => 500,
      'bgn' => 100,
      'cad' => 500,
      'chf' => 500,
      'czk' => 3000,
      'dkk' => 5000,
      'eur' => 500,
      'gbp' => 500,
      'hkd' => 5000,
      'huf' => 36000,
      'nok' => 5000,
      'nzd' => 500,
      'jpy' => 50,
      'sek' => 5000,
      'sgd' => 500,
      'usd' => 500,
      'ron' => 500,
      'pln' => 500,
      'aed' => 200,
    ),
    'minimum_scheduled_deposit_amounts' => 
    array (
      'aed' => 200,
      'aud' => 0,
      'bgn' => 100,
      'cad' => 0,
      'chf' => 500,
      'czk' => 3000,
      'dkk' => 2000,
      'eur' => 100,
      'gbp' => 100,
      'hkd' => 0,
      'huf' => 36000,
      'jpy' => 1,
      'nok' => 2000,
      'nzd' => 0,
      'pln' => 500,
      'ron' => 500,
      'sek' => 2000,
      'sgd' => 100,
      'usd' => 0,
    ),
  ),
  'lifetime_total_payment_volume' => 0,
  'requirements' => 
  array (
    'errors' => 
    array (
    ),
  ),
  'statement_descriptor' => 'PAPA POKE',
  'statement_descriptor_kanji' => '',
  'statement_descriptor_kana' => '',
  'latest_tos_agreement' => 
  array (
    'date' => '2024-11-10 22:23:55',
    'source' => 'signup',
    'is_current_version' => true,
  ),
  'fees' => 
  array (
    'base' => 
    array (
      'percentage_rate' => 0.01499999999999999944488848768742172978818416595458984375,
      'fixed_rate' => 25,
      'currency' => 'gbp',
    ),
    'discount' => 
    array (
    ),
    'card' => 
    array (
      'base' => 
      array (
        'percentage_rate' => 0.01499999999999999944488848768742172978818416595458984375,
        'fixed_rate' => 25,
        'currency' => 'gbp',
      ),
      'additional' => 
      array (
        'percentage_rate' => 0.0200000000000000004163336342344337026588618755340576171875,
        'fixed_rate' => 0,
        'currency' => 'eur',
      ),
      'fx' => 
      array (
        'percentage_rate' => 0.0200000000000000004163336342344337026588618755340576171875,
        'fixed_rate' => 0,
        'currency' => 'gbp',
      ),
      'discount' => 
      array (
      ),
    ),
    'card_present' => 
    array (
      'base' => 
      array (
        'percentage_rate' => 0.01400000000000000029143354396410359186120331287384033203125,
        'fixed_rate' => 20,
        'currency' => 'gbp',
      ),
      'additional' => 
      array (
        'percentage_rate' => 0.0200000000000000004163336342344337026588618755340576171875,
        'fixed_rate' => 0,
        'currency' => 'gbp',
      ),
      'fx' => 
      array (
        'percentage_rate' => 0.0200000000000000004163336342344337026588618755340576171875,
        'fixed_rate' => 0,
        'currency' => 'gbp',
      ),
      'discount' => 
      array (
      ),
    ),
    'bancontact' => 
    array (
      'base' => 
      array (
        'percentage_rate' => 0.01400000000000000029143354396410359186120331287384033203125,
        'fixed_rate' => 20,
        'currency' => 'gbp',
      ),
      'additional' => 
      array (
        'percentage_rate' => 0,
        'fixed_rate' => 0,
        'currency' => 'gbp',
      ),
      'fx' => 
      array (
        'percentage_rate' => 0,
        'fixed_rate' => 0,
        'currency' => 'gbp',
      ),
      'discount' => 
      array (
      ),
    ),
    'eps' => 
    array (
      'base' => 
      array (
        'percentage_rate' => 0.01600000000000000033306690738754696212708950042724609375,
        'fixed_rate' => 20,
        'currency' => 'gbp',
      ),
      'additional' => 
      array (
        'percentage_rate' => 0,
        'fixed_rate' => 0,
        'currency' => 'gbp',
      ),
      'fx' => 
      array (
        'percentage_rate' => 0,
        'fixed_rate' => 0,
        'currency' => 'gbp',
      ),
      'discount' => 
      array (
      ),
    ),
    'ideal' => 
    array (
      'base' => 
      array (
        'percentage_rate' => 0,
        'fixed_rate' => 25,
        'currency' => 'gbp',
      ),
      'additional' => 
      array (
        'percentage_rate' => 0,
        'fixed_rate' => 0,
        'currency' => 'gbp',
      ),
      'fx' => 
      array (
        'percentage_rate' => 0,
        'fixed_rate' => 0,
        'currency' => 'gbp',
      ),
      'discount' => 
      array (
      ),
    ),
    'p24' => 
    array (
      'base' => 
      array (
        'percentage_rate' => 0.021999999999999998723243521681069978512823581695556640625,
        'fixed_rate' => 20,
        'currency' => 'gbp',
      ),
      'additional' => 
      array (
        'percentage_rate' => 0,
        'fixed_rate' => 0,
        'currency' => 'gbp',
      ),
      'fx' => 
      array (
        'percentage_rate' => 0,
        'fixed_rate' => 0,
        'currency' => 'gbp',
      ),
      'discount' => 
      array (
      ),
    ),
    'klarna' => 
    array (
      'base' => 
      array (
        'percentage_rate' => 0.049899999999999999911182158029987476766109466552734375,
        'fixed_rate' => 35,
        'currency' => 'gbp',
      ),
      'additional' => 
      array (
        'percentage_rate' => 0,
        'fixed_rate' => 0,
        'currency' => 'gbp',
      ),
      'fx' => 
      array (
        'percentage_rate' => 0,
        'fixed_rate' => 0,
        'currency' => 'gbp',
      ),
      'discount' => 
      array (
      ),
    ),
    'afterpay_clearpay' => 
    array (
      'base' => 
      array (
        'percentage_rate' => 0.059999999999999997779553950749686919152736663818359375,
        'fixed_rate' => 30,
        'currency' => 'gbp',
      ),
      'additional' => 
      array (
        'percentage_rate' => 0,
        'fixed_rate' => 0,
        'currency' => 'gbp',
      ),
      'fx' => 
      array (
        'percentage_rate' => 0,
        'fixed_rate' => 0,
        'currency' => 'gbp',
      ),
      'discount' => 
      array (
      ),
    ),
  ),
  'capital' => 
  array (
    'has_active_loan' => false,
    'has_previous_loans' => false,
    'loans' => 
    array (
    ),
  ),
  'fraud_services' => 
  array (
    'stripe' => 
    array (
    ),
    'sift' => 
    array (
      'beacon_key' => '1d81b5c86a',
      'sandbox_beacon_key' => '43e8654e6f',
    ),
  ),
  'store_currencies' => 
  array (
    'default' => 'gbp',
    'supported' => 
    array (
      0 => 'gbp',
    ),
  ),
  'customer_currencies' => 
  array (
    'supported' => 
    array (
      0 => 'usd',
      1 => 'aed',
      2 => 'afn',
      3 => 'all',
      4 => 'amd',
      5 => 'ang',
      6 => 'aoa',
      7 => 'ars',
      8 => 'aud',
      9 => 'awg',
      10 => 'azn',
      11 => 'bam',
      12 => 'bbd',
      13 => 'bdt',
      15 => 'bif',
      16 => 'bmd',
      17 => 'bnd',
      18 => 'bob',
      19 => 'brl',
      20 => 'bsd',
      21 => 'bwp',
      22 => 'byn',
      23 => 'bzd',
      24 => 'cad',
      25 => 'cdf',
      26 => 'chf',
      27 => 'clp',
      28 => 'cny',
      29 => 'cop',
      30 => 'crc',
      31 => 'cve',
      32 => 'czk',
      33 => 'djf',
      34 => 'dkk',
      35 => 'dop',
      36 => 'dzd',
      37 => 'egp',
      38 => 'etb',
      39 => 'eur',
      40 => 'fjd',
      41 => 'fkp',
      42 => 'gbp',
      43 => 'gel',
      44 => 'gip',
      45 => 'gmd',
      46 => 'gnf',
      47 => 'gtq',
      48 => 'gyd',
      49 => 'hkd',
      50 => 'hnl',
      51 => 'htg',
      52 => 'huf',
      53 => 'idr',
      54 => 'ils',
      55 => 'inr',
      56 => 'isk',
      57 => 'jmd',
      58 => 'jpy',
      59 => 'kes',
      60 => 'kgs',
      61 => 'khr',
      62 => 'kmf',
      63 => 'krw',
      64 => 'kyd',
      65 => 'kzt',
      66 => 'lak',
      67 => 'lbp',
      68 => 'lkr',
      69 => 'lrd',
      70 => 'lsl',
      71 => 'mad',
      72 => 'mdl',
      73 => 'mga',
      74 => 'mkd',
      75 => 'mmk',
      76 => 'mnt',
      77 => 'mop',
      78 => 'mur',
      79 => 'mvr',
      80 => 'mwk',
      81 => 'mxn',
      82 => 'myr',
      83 => 'mzn',
      84 => 'nad',
      85 => 'ngn',
      86 => 'nio',
      87 => 'nok',
      88 => 'npr',
      89 => 'nzd',
      90 => 'pab',
      91 => 'pen',
      92 => 'pgk',
      93 => 'php',
      94 => 'pkr',
      95 => 'pln',
      96 => 'pyg',
      97 => 'qar',
      98 => 'ron',
      99 => 'rsd',
      100 => 'rub',
      101 => 'rwf',
      102 => 'sar',
      103 => 'sbd',
      104 => 'scr',
      105 => 'sek',
      106 => 'sgd',
      107 => 'shp',
      108 => 'sle',
      109 => 'sos',
      110 => 'srd',
      111 => 'std',
      112 => 'szl',
      113 => 'thb',
      114 => 'tjs',
      115 => 'top',
      116 => 'try',
      117 => 'ttd',
      118 => 'twd',
      119 => 'tzs',
      120 => 'uah',
      121 => 'ugx',
      122 => 'uyu',
      123 => 'uzs',
      124 => 'vnd',
      125 => 'vuv',
      126 => 'wst',
      127 => 'xaf',
      128 => 'xcd',
      129 => 'xcg',
      130 => 'xof',
      131 => 'xpf',
      132 => 'yer',
      133 => 'zar',
      134 => 'zmw',
    ),
  ),
  'country' => '(redacted)',
  'instant_deposits_eligible' => false,
  'card_present_eligible' => true,
  'has_card_readers_available' => false,
  'platform_checkout_eligible' => false,
  'platform_direct_checkout_eligible' => false,
  'platform_global_theme_support_enabled' => false,
  'business_profile' => 
  array (
    'name' => '(redacted)',
    'url' => 'https://papapoke.co.uk',
    'support_address' => 
    array (
    ),
    'support_email' => 'contactus@papapoke.co.uk',
    'support_phone' => '+447387156597',
  ),
  'branding' => 
  array (
    'icon' => NULL,
    'logo' => NULL,
    'primary_color' => NULL,
    'secondary_color' => NULL,
  ),
  'locale' => 'en_GB',
  'has_more_failed_events' => false,
  'has_submitted_vat_data' => false,
  'is_documents_enabled' => true,
  'card_testing_protection_eligible' => false,
  'fraud_mitigation_settings' => 
  array (
    'avs_check_enabled' => false,
    'cvc_check_enabled' => true,
  ),
  'is_deferred_intent_creation_upe_enabled' => true,
  'pre_check_save_my_info' => false,
  'is_tokenized_ece_disabled' => false,
  'ece_confirmation_tokens_disabled' => false,
  'eligibility_wporg_review_campaign_2025' => false,
  'progressive_onboarding' => 
  array (
    'is_enabled' => false,
    'is_complete' => false,
  ),
)
2026-01-19T08:09:44+00:00 INFO ENVIRONMENT: array (
  'WP_User' => 'Guest (non logged-in user)',
  'HTTP_REFERER' => 'https://www.google.com/',
  'HTTP_USER_AGENT' => 'Mozilla/5.0 (Macintosh; Intel Mac OS X 13_6_1; rv:120.0) Gecko/20100101 Firefox/120.0',
  'REQUEST_URI' => '/wp-admin/',
  'DOING_AJAX' => false,
  'DOING_CRON' => false,
  'WP_CLI' => false,
)
2026-01-19T08:09:44+00:00 INFO REQUEST GET https://public-api.wordpress.com/wpcom/v2/sites/%s/wcpay/currency/rates?test_mode=0&currency_from=gbp
2026-01-19T08:09:44+00:00 INFO HEADERS: array (
  'Content-Type' => 'application/json; charset=utf-8',
  'User-Agent' => 'WooCommerce Payments/8.6.0',
)
2026-01-19T08:09:44+00:00 INFO RESPONSE: array (
  'AED' => 4.92010300000000011522161003085784614086151123046875,
  'AFN' => 87.7513320000000049958543968386948108673095703125,
  'ALL' => 111.4714560000000034278855309821665287017822265625,
  'AMD' => 508.711058999999977459083311259746551513671875,
  'ANG' => 2.398089999999999832880348549224436283111572265625,
  'AOA' => 1225.378359999999929641489870846271514892578125,
  'ARS' => 1915.106109000000060405000112950801849365234375,
  'AUD' => 2.0007000000000001449507180950604379177093505859375,
  'AWG' => 2.41148700000000015819523468962870538234710693359375,
  'AZN' => 2.27751500000000017820411812863312661647796630859375,
  'BAM' => 2.254558999999999979735321176121942698955535888671875,
  'BBD' => 2.679429999999999978399500832892954349517822265625,
  'BDT' => 163.8295699999999897045199759304523468017578125,
  'BGN' => 2.253287999999999957623231239267624914646148681640625,
  'BHD' => 0.50505900000000003569056161722983233630657196044921875,
  'BIF' => 3965.68625199999996766564436256885528564453125,
  'BMD' => 1.3397149999999999891997504164464771747589111328125,
  'BND' => 1.72433600000000009089262675843201577663421630859375,
  'BOB' => 9.2554730000000002831939127645455300807952880859375,
  'BRL' => 7.18690099999999976176923155435360968112945556640625,
  'BSD' => 1.3397149999999999891997504164464771747589111328125,
  'BTC' => 1.3999999999999999789990039189557791132756392471492290496826171875E-5,
  'BTN' => 121.522334000000000742147676646709442138671875,
  'BWP' => 17.889610000000001122089088312350213527679443359375,
  'BYN' => 3.862998999999999849563891984871588647365570068359375,
  'BZD' => 2.6939890000000001890612111310474574565887451171875,
  'CAD' => 1.8610219999999999540563067057519219815731048583984375,
  'CDF' => 3055.7379890000001978478394448757171630859375,
  'CHF' => 1.070133999999999918628645900753326714038848876953125,
  'CLF' => 0.0300820000000000010997869281936800689436495304107666015625,
  'CLP' => 1185.588492999999971289071254432201385498046875,
  'CNH' => 9.3226530000000007447624739143066108226776123046875,
  'CNY' => 9.32883700000000004592948243953287601470947265625,
  'COP' => 4933.6234400000003006425686180591583251953125,
  'CRC' => 654.647576999999955660314299166202545166015625,
  'CUC' => 1.3397149999999999891997504164464771747589111328125,
  'CUP' => 34.49766100000000079717210610397160053253173828125,
  'CVE' => 127.1085499999999939291228656657040119171142578125,
  'CZK' => 27.96580399999999855253918212838470935821533203125,
  'DJF' => 238.528219000000007099515642039477825164794921875,
  'DKK' => 8.6073889999999995126245266874320805072784423828125,
  'DOP' => 85.338110999999997829945641569793224334716796875,
  'DZD' => 174.57022299999999859210220165550708770751953125,
  'EGP' => 63.4989580000000017889760783873498439788818359375,
  'ERN' => 20.0957250000000016143530956469476222991943359375,
  'ETB' => 209.01181700000000773798092268407344818115234375,
  'EUR' => 1.15199300000000004473577064345590770244598388671875,
  'FJD' => 3.056693999999999800110117575968615710735321044921875,
  'FKP' => 1,
  'GBP' => 1,
  'GEL' => 3.6038329999999998420889824046753346920013427734375,
  'GGP' => 1,
  'GHS' => 14.5131899999999998129851519479416310787200927734375,
  'GIP' => 1,
  'GMD' => 99.1389159999999947103788144886493682861328125,
  'GNF' => 11727.0337639999997918494045734405517578125,
  'GTQ' => 10.2698979999999995271764419157989323139190673828125,
  'GYD' => 280.18873700000000326326698996126651763916015625,
  'HKD' => 10.4444309999999997984332367195747792720794677734375,
  'HNL' => 35.3250349999999997407940099947154521942138671875,
  'HRK' => 8.6804089999999991533741194871254265308380126953125,
  'HTG' => 175.464616000000006579284672625362873077392578125,
  'HUF' => 444.1226570000000037907739169895648956298828125,
  'IDR' => 22678.7520589999985531903803348541259765625,
  'ILS' => 4.2264590000000001879243427538312971591949462890625,
  'IMP' => 1,
  'INR' => 121.745731000000006361005944199860095977783203125,
  'IQD' => 1754.72662799999989147181622684001922607421875,
  'IRR' => 56383.2453569999997853301465511322021484375,
  'ISK' => 168.42896899999999504871084354817867279052734375,
  'JEP' => 1,
  'JMD' => 211.380818000000004985849955119192600250244140625,
  'JOD' => 0.94985799999999998011190882607479579746723175048828125,
  'JPY' => 211.54401200000000926593202166259288787841796875,
  'KES' => 172.82323500000001104126567952334880828857421875,
  'KGS' => 117.15807599999999411011231131851673126220703125,
  'KHR' => 5392.6898090000004231114871799945831298828125,
  'KMF' => 569.37877600000001621083356440067291259765625,
  'KPW' => 1205.74349699999993390520103275775909423828125,
  'KRW' => 1974.15905900000007022754289209842681884765625,
  'KWD' => 0.41272399999999997977084831290994770824909210205078125,
  'KYD' => 1.1162129999999998997139982748194597661495208740234375,
  'KZT' => 684.944629999999961000867187976837158203125,
  'LAK' => 28963.195600999999442137777805328369140625,
  'LBP' => 119971.300300999995670281350612640380859375,
  'LKR' => 414.9458670000000211075530387461185455322265625,
  'LRD' => 241.778915000000012014425010420382022857666015625,
  'LSL' => 21.932438999999998685552782262675464153289794921875,
  'LYD' => 7.2784969999999997725126377190463244915008544921875,
  'MAD' => 12.3322920000000006979234967730008065700531005859375,
  'MDL' => 22.96519299999999930150806903839111328125,
  'MGA' => 6224.9214309999997567501850426197052001953125,
  'MKD' => 70.914839000000000623913365416228771209716796875,
  'MMK' => 2813.267522000000099069438874721527099609375,
  'MNT' => 4769.3853890000000319560058414936065673828125,
  'MOP' => 10.7613170000000000214868123293854296207427978515625,
  'MUR' => 62.0020090000000010377334547229111194610595703125,
  'MVR' => 20.711994000000000681893652654252946376800537109375,
  'MWK' => 2322.69212500000003274180926382541656494140625,
  'MXN' => 23.607462999999999198053046711720526218414306640625,
  'MYR' => 5.43388399999999993639221429475583136081695556640625,
  'MZN' => 85.60777899999999362989910878241062164306640625,
  'NAD' => 21.932438999999998685552782262675464153289794921875,
  'NGN' => 1903.18572700000004260800778865814208984375,
  'NIO' => 49.29181799999999924466465017758309841156005859375,
  'NOK' => 13.4944129999999997693294062628410756587982177734375,
  'NPR' => 194.43522999999999001374817453324794769287109375,
  'NZD' => 2.319697000000000119968035505735315382480621337890625,
  'OMR' => 0.515117000000000047066350816749036312103271484375,
  'PAB' => 1.3397149999999999891997504164464771747589111328125,
  'PEN' => 4.500932999999999850615495233796536922454833984375,
  'PGK' => 5.72227800000000019764456737902946770191192626953125,
  'PHP' => 79.6333340000000049485606723465025424957275390625,
  'PKR' => 374.86885999999998375642462633550167083740234375,
  'PLN' => 4.8652569999999997207851265557110309600830078125,
  'PYG' => 9155.12787799999932758510112762451171875,
  'QAR' => 4.87027599999999960544982968713156878948211669921875,
  'RON' => 5.86312899999999981304199536680243909358978271484375,
  'RSD' => 135.264307999999999765350366942584514617919921875,
  'RUB' => 104.1458949999999958890839479863643646240234375,
  'RWF' => 1952.994480999999950654455460608005523681640625,
  'SAR' => 5.02125199999999960454033498535864055156707763671875,
  'SBD' => 10.883323000000000746467776480130851268768310546875,
  'SCR' => 19.954491000000000866521077114157378673553466796875,
  'SDG' => 805.838571000000001731677912175655364990234375,
  'SEK' => 12.331492000000000786030796007253229618072509765625,
  'SGD' => 1.7228470000000000172946101884008385241031646728515625,
  'SHP' => 1,
  'SLL' => 28093.153625999999349005520343780517578125,
  'SOS' => 764.162555999999995037796907126903533935546875,
  'SRD' => 51.38945799999999763940650154836475849151611328125,
  'SSP' => 174.51127500000001191438059322535991668701171875,
  'STD' => 29851.26161700000011478550732135772705078125,
  'SVC' => 11.72006400000000070349415182135999202728271484375,
  'SYP' => 17418.97438899999906425364315509796142578125,
  'SZL' => 21.93808800000000047702997107990086078643798828125,
  'THB' => 41.892887999999999237843439914286136627197265625,
  'TJS' => 12.450450000000000017053025658242404460906982421875,
  'TMT' => 4.70239999999999991331378623726777732372283935546875,
  'TND' => 3.9287060000000000314912540488876402378082275390625,
  'TOP' => 3.225712000000000134747324409545399248600006103515625,
  'TRY' => 57.9742729999999966139512252993881702423095703125,
  'TTD' => 9.095240000000000435420588473789393901824951171875,
  'TWD' => 42.26197799999999915598891675472259521484375,
  'TZS' => 3376.493085000000064610503613948822021484375,
  'UAH' => 58.084575000000000954969436861574649810791015625,
  'UGX' => 4762.0408489999999801511876285076141357421875,
  'USD' => 1.3397149999999999891997504164464771747589111328125,
  'UYU' => 51.72511399999999781584847369231283664703369140625,
  'UZS' => 16032.796619999999165884219110012054443359375,
  'VND' => 35195.45566700000199489295482635498046875,
  'VUV' => 162.507429000000001906300894916057586669921875,
  'WST' => 3.70806300000000010896883395616896450519561767578125,
  'XAF' => 755.657605999999987034243531525135040283203125,
  'XAG' => 0.0143590000000000002355893258254582178778946399688720703125,
  'XAU' => 0.0002869999999999999829893015945714296321966685354709625244140625,
  'XCD' => 3.6206469999999999487272361875511705875396728515625,
  'XDR' => 0.9404179999999999761683966426062397658824920654296875,
  'XOF' => 755.657605999999987034243531525135040283203125,
  'XPD' => 0.000738999999999999965076546981634919575299136340618133544921875,
  'XPF' => 137.469282999999990124706528149545192718505859375,
  'XPT' => 0.0005779999999999999547861673221404998912476003170013427734375,
  'YER' => 319.488421000000016647391021251678466796875,
  'ZAR' => 21.991654000000000479531081509776413440704345703125,
  'ZMW' => 26.890325000000000699174051987938582897186279296875,
  'ZWL' => 431.3882290000000239160726778209209442138671875,
)
2026-01-19T09:10:25+00:00 INFO ENVIRONMENT: array (
  'WP_User' => 'Guest (non logged-in user)',
  'HTTP_REFERER' => '--',
  'HTTP_USER_AGENT' => 'WordPress/6.9; https://papapoke.co.uk',
  'REQUEST_URI' => '/wp-cron.php?doing_wp_cron=1768813825.6467530727386474609375',
  'DOING_AJAX' => false,
  'DOING_CRON' => true,
  'WP_CLI' => false,
)
2026-01-19T09:10:25+00:00 INFO REQUEST POST https://public-api.wordpress.com/wpcom/v2/sites/%s/wcpay/compatibility
2026-01-19T09:10:25+00:00 INFO HEADERS: array (
  'Content-Type' => 'application/json; charset=utf-8',
  'User-Agent' => 'WooCommerce Payments/8.6.0',
  'Idempotency-Key' => '707b1ae4-37ff-4bdf-a4f5-48a25f74e3f7',
)
2026-01-19T09:10:25+00:00 INFO BODY: array (
  'test_mode' => false,
  'compatibility_data' => 
  array (
    'woopayments_version' => '8.6.0',
    'woocommerce_version' => '10.0.5',
    'woocommerce_permalinks' => 
    array (
      'product_base' => 'product',
      'category_base' => 'product-category',
      'tag_base' => 'product-tag',
      'attribute_base' => '',
      'use_verbose_page_rules' => false,
    ),
    'woocommerce_shop' => 'https://papapoke.co.uk/?page_id=7',
    'woocommerce_cart' => 'Not set',
    'woocommerce_checkout' => 'https://papapoke.co.uk/checkout/',
    'blog_theme' => 'papa',
    'active_plugins' => 
    array (
      0 => 'added-to-cart-popup-woocommerce/xoo-cp-main.php',
      1 => 'advanced-custom-fields-pro/acf.php',
      2 => 'classic-editor/classic-editor.php',
      3 => 'classic-widgets/classic-widgets.php',
      4 => 'contact-form-7/wp-contact-form-7.php',
      5 => 'health-check/health-check.php',
      6 => 'popup-maker/popup-maker.php',
      8 => 'regenerate-thumbnails/regenerate-thumbnails.php',
      9 => 'shipping-zones-by-drawing-for-woocommerce/shipping-zones-by-drawing.php',
      10 => 'svg-support/svg-support.php',
      11 => 'webp-converter-for-media/webp-converter-for-media.php',
      12 => 'woo-pincode-checker/woo-pincode-checker.php',
      13 => 'woocommerce-google-analytics-integration/woocommerce-google-analytics-integration.php',
      14 => 'woocommerce-lightbox/main.php',
      15 => 'woocommerce-payments/woocommerce-payments.php',
      17 => 'woocommerce/woocommerce.php',
      18 => 'wordpress-seo/wp-seo.php',
      19 => 'wp-rocket/wp-rocket.php',
      20 => 'wp-sitemap-page/wp-sitemap-page.php',
    ),
    'post_types_count' => 
    array (
      'post' => 0,
      'page' => 7,
      'attachment' => 0,
      'product' => 51,
      'popup' => 2,
      'popup_theme' => 8,
      'szbdzones' => 2,
    ),
  ),
)
2026-01-19T09:10:26+00:00 INFO RESPONSE: array (
  'result' => 'success',
)
2026-01-19T09:16:00+00:00 INFO ENVIRONMENT: array (
  'WP_User' => 'Guest (non logged-in user)',
  'HTTP_REFERER' => 'http://www.papapoke.co.uk',
  'HTTP_USER_AGENT' => 'Mozilla/5.0 (iPhone; CPU iPhone OS 13_2_3 like Mac OS X) AppleWebKit/605.1.15 (KHTML, like Gecko) Version/13.0.3 Mobile/15E148 Safari/604.1',
  'REQUEST_URI' => '/',
  'DOING_AJAX' => false,
  'DOING_CRON' => false,
  'WP_CLI' => false,
)
2026-01-19T09:16:00+00:00 INFO REQUEST GET https://public-api.wordpress.com/wpcom/v2/sites/%s/wcpay/disputes?test_mode=0&pagesize=50&search%5B0%5D=warning_needs_response&search%5B1%5D=needs_response
2026-01-19T09:16:00+00:00 INFO HEADERS: array (
  'Content-Type' => 'application/json; charset=utf-8',
  'User-Agent' => 'WooCommerce Payments/8.6.0',
)
2026-01-19T09:16:00+00:00 INFO RESPONSE: array (
  'data' => 
  array (
  ),
)
2026-01-19T13:03:12+00:00 INFO ENVIRONMENT: array (
  'WP_User' => 'vk',
  'HTTP_REFERER' => 'https://papapoke.co.uk/wp-admin/edit.php?post_type=product',
  'HTTP_USER_AGENT' => 'Mozilla/5.0 (Macintosh; Intel Mac OS X 10_15_7) AppleWebKit/537.36 (KHTML, like Gecko) Chrome/143.0.0.0 Safari/537.36',
  'REQUEST_URI' => '/wp-admin/edit.php?s=&post_status=all&post_type=product&_wpnonce=1e1ec95e24&_wp_http_referer=wp-adminedit.phppost_typeproduct&action=-1&product_cat=bowl&product_type=&stock_status=&product_brand=&filter_action=Filter&paged=1&action2=-1',
  'DOING_AJAX' => false,
  'DOING_CRON' => false,
  'WP_CLI' => false,
)
2026-01-19T13:03:12+00:00 INFO REQUEST GET https://public-api.wordpress.com/wpcom/v2/sites/%s/wcpay/accounts?test_mode=0
2026-01-19T13:03:12+00:00 INFO HEADERS: array (
  'Content-Type' => 'application/json; charset=utf-8',
  'User-Agent' => 'WooCommerce Payments/8.6.0',
)
2026-01-19T13:03:13+00:00 INFO RESPONSE: array (
  'account_id' => 'acct_1QJjXwFt5S7zes6j',
  'email' => '(redacted)',
  'communications_email' => 'contactus@papapoke.co.uk',
  'live_publishable_key' => 'pk_live_51ETDmyFuiXB5oUVxaIafkGPnwuNcBxr1pXVhvLJ4BrWuiqfG6SldjatOGLQhuqXnDmgqwRA7tDoSFlbY4wFji7KR0079TvtxNs',
  'test_publishable_key' => 'pk_test_51ETDmyFuiXB5oUVxwSobQMW5Tno1GclIq7ePZWzLeW4q8oa7Zb8hI5VfwI5sNT5nXuKYinLukNvGCXmsQXAoDGHG00MqHqlYHR',
  'is_live' => true,
  'is_test_drive' => false,
  'created' => '2024-11-10 22:23:55',
  'has_pending_requirements' => false,
  'has_future_requirements' => false,
  'has_overdue_requirements' => false,
  'details_submitted' => true,
  'current_deadline' => NULL,
  'status' => 'complete',
  'capabilities' => 
  array (
    'card_payments' => 'active',
    'transfers' => 'active',
    'afterpay_clearpay_payments' => 'unrequested',
    'alipay_payments' => 'unrequested',
    'amazon_pay_payments' => 'unrequested',
    'bacs_debit_payments' => 'unrequested',
    'bancontact_payments' => 'unrequested',
    'bank_transfer_payments' => 'unrequested',
    'billie_payments' => 'unrequested',
    'cartes_bancaires_payments' => 'unrequested',
    'eps_payments' => 'unrequested',
    'gb_bank_transfer_payments' => 'unrequested',
    'ideal_payments' => 'unrequested',
    'kakao_pay_payments' => 'unrequested',
    'klarna' => 'unrequested',
    'klarna_payments' => 'unrequested',
    'kr_card_payments' => 'unrequested',
    'legacy_payments' => 'unrequested',
    'link_payments' => 'unrequested',
    'mb_way_payments' => 'unrequested',
    'multibanco_payments' => 'unrequested',
    'naver_pay_payments' => 'unrequested',
    'p24_payments' => 'unrequested',
    'pay_by_bank_payments' => 'unrequested',
    'payco_payments' => 'unrequested',
    'revolut_pay_payments' => 'unrequested',
    'samsung_pay_payments' => 'unrequested',
    'sepa_bank_transfer_payments' => 'unrequested',
    'sepa_debit_payments' => 'unrequested',
    'twint_payments' => 'unrequested',
    'us_bank_account_ach_payments' => 'unrequested',
    'us_bank_transfer_payments' => 'unrequested',
    'wechat_pay_payments' => 'unrequested',
  ),
  'capability_requirements' => 
  array (
    'afterpay_clearpay_payments' => 
    array (
    ),
    'alipay_payments' => 
    array (
      0 => 'business_profile.product_description',
    ),
    'amazon_pay_payments' => 
    array (
    ),
    'bacs_debit_payments' => 
    array (
    ),
    'bancontact_payments' => 
    array (
    ),
    'bank_transfer_payments' => 
    array (
    ),
    'billie_payments' => 
    array (
    ),
    'card_payments' => 
    array (
    ),
    'cartes_bancaires_payments' => 
    array (
    ),
    'eps_payments' => 
    array (
    ),
    'gb_bank_transfer_payments' => 
    array (
    ),
    'ideal_payments' => 
    array (
    ),
    'kakao_pay_payments' => 
    array (
    ),
    'klarna' => 
    array (
    ),
    'klarna_payments' => 
    array (
    ),
    'kr_card_payments' => 
    array (
    ),
    'legacy_payments' => 
    array (
    ),
    'link_payments' => 
    array (
    ),
    'mb_way_payments' => 
    array (
    ),
    'multibanco_payments' => 
    array (
    ),
    'naver_pay_payments' => 
    array (
    ),
    'p24_payments' => 
    array (
    ),
    'pay_by_bank_payments' => 
    array (
    ),
    'payco_payments' => 
    array (
    ),
    'revolut_pay_payments' => 
    array (
    ),
    'samsung_pay_payments' => 
    array (
    ),
    'sepa_bank_transfer_payments' => 
    array (
    ),
    'sepa_debit_payments' => 
    array (
    ),
    'transfers' => 
    array (
    ),
    'twint_payments' => 
    array (
    ),
    'us_bank_account_ach_payments' => 
    array (
    ),
    'us_bank_transfer_payments' => 
    array (
    ),
    'wechat_pay_payments' => 
    array (
      0 => 'business_profile.product_description',
    ),
  ),
  'payments_enabled' => true,
  'deposits' => 
  array (
    'status' => 'enabled',
    'restrictions' => 'deposits_unrestricted',
    'interval' => 'daily',
    'weekly_anchor' => '',
    'monthly_anchor' => NULL,
    'delay_days' => 3,
    'completed_waiting_period' => false,
    'minimum_manual_deposit_amounts' => 
    array (
      'aud' => 500,
      'bgn' => 100,
      'cad' => 500,
      'chf' => 500,
      'czk' => 3000,
      'dkk' => 5000,
      'eur' => 500,
      'gbp' => 500,
      'hkd' => 5000,
      'huf' => 36000,
      'nok' => 5000,
      'nzd' => 500,
      'jpy' => 50,
      'sek' => 5000,
      'sgd' => 500,
      'usd' => 500,
      'ron' => 500,
      'pln' => 500,
      'aed' => 200,
    ),
    'minimum_scheduled_deposit_amounts' => 
    array (
      'aed' => 200,
      'aud' => 0,
      'bgn' => 100,
      'cad' => 0,
      'chf' => 500,
      'czk' => 3000,
      'dkk' => 2000,
      'eur' => 100,
      'gbp' => 100,
      'hkd' => 0,
      'huf' => 36000,
      'jpy' => 1,
      'nok' => 2000,
      'nzd' => 0,
      'pln' => 500,
      'ron' => 500,
      'sek' => 2000,
      'sgd' => 100,
      'usd' => 0,
    ),
  ),
  'lifetime_total_payment_volume' => 0,
  'requirements' => 
  array (
    'errors' => 
    array (
    ),
  ),
  'statement_descriptor' => 'PAPA POKE',
  'statement_descriptor_kanji' => '',
  'statement_descriptor_kana' => '',
  'latest_tos_agreement' => 
  array (
    'date' => '2024-11-10 22:23:55',
    'source' => 'signup',
    'is_current_version' => true,
  ),
  'fees' => 
  array (
    'base' => 
    array (
      'percentage_rate' => 0.01499999999999999944488848768742172978818416595458984375,
      'fixed_rate' => 25,
      'currency' => 'gbp',
    ),
    'discount' => 
    array (
    ),
    'card' => 
    array (
      'base' => 
      array (
        'percentage_rate' => 0.01499999999999999944488848768742172978818416595458984375,
        'fixed_rate' => 25,
        'currency' => 'gbp',
      ),
      'additional' => 
      array (
        'percentage_rate' => 0.0200000000000000004163336342344337026588618755340576171875,
        'fixed_rate' => 0,
        'currency' => 'eur',
      ),
      'fx' => 
      array (
        'percentage_rate' => 0.0200000000000000004163336342344337026588618755340576171875,
        'fixed_rate' => 0,
        'currency' => 'gbp',
      ),
      'discount' => 
      array (
      ),
    ),
    'card_present' => 
    array (
      'base' => 
      array (
        'percentage_rate' => 0.01400000000000000029143354396410359186120331287384033203125,
        'fixed_rate' => 20,
        'currency' => 'gbp',
      ),
      'additional' => 
      array (
        'percentage_rate' => 0.0200000000000000004163336342344337026588618755340576171875,
        'fixed_rate' => 0,
        'currency' => 'gbp',
      ),
      'fx' => 
      array (
        'percentage_rate' => 0.0200000000000000004163336342344337026588618755340576171875,
        'fixed_rate' => 0,
        'currency' => 'gbp',
      ),
      'discount' => 
      array (
      ),
    ),
    'bancontact' => 
    array (
      'base' => 
      array (
        'percentage_rate' => 0.01400000000000000029143354396410359186120331287384033203125,
        'fixed_rate' => 20,
        'currency' => 'gbp',
      ),
      'additional' => 
      array (
        'percentage_rate' => 0,
        'fixed_rate' => 0,
        'currency' => 'gbp',
      ),
      'fx' => 
      array (
        'percentage_rate' => 0,
        'fixed_rate' => 0,
        'currency' => 'gbp',
      ),
      'discount' => 
      array (
      ),
    ),
    'eps' => 
    array (
      'base' => 
      array (
        'percentage_rate' => 0.01600000000000000033306690738754696212708950042724609375,
        'fixed_rate' => 20,
        'currency' => 'gbp',
      ),
      'additional' => 
      array (
        'percentage_rate' => 0,
        'fixed_rate' => 0,
        'currency' => 'gbp',
      ),
      'fx' => 
      array (
        'percentage_rate' => 0,
        'fixed_rate' => 0,
        'currency' => 'gbp',
      ),
      'discount' => 
      array (
      ),
    ),
    'ideal' => 
    array (
      'base' => 
      array (
        'percentage_rate' => 0,
        'fixed_rate' => 25,
        'currency' => 'gbp',
      ),
      'additional' => 
      array (
        'percentage_rate' => 0,
        'fixed_rate' => 0,
        'currency' => 'gbp',
      ),
      'fx' => 
      array (
        'percentage_rate' => 0,
        'fixed_rate' => 0,
        'currency' => 'gbp',
      ),
      'discount' => 
      array (
      ),
    ),
    'p24' => 
    array (
      'base' => 
      array (
        'percentage_rate' => 0.021999999999999998723243521681069978512823581695556640625,
        'fixed_rate' => 20,
        'currency' => 'gbp',
      ),
      'additional' => 
      array (
        'percentage_rate' => 0,
        'fixed_rate' => 0,
        'currency' => 'gbp',
      ),
      'fx' => 
      array (
        'percentage_rate' => 0,
        'fixed_rate' => 0,
        'currency' => 'gbp',
      ),
      'discount' => 
      array (
      ),
    ),
    'klarna' => 
    array (
      'base' => 
      array (
        'percentage_rate' => 0.049899999999999999911182158029987476766109466552734375,
        'fixed_rate' => 35,
        'currency' => 'gbp',
      ),
      'additional' => 
      array (
        'percentage_rate' => 0,
        'fixed_rate' => 0,
        'currency' => 'gbp',
      ),
      'fx' => 
      array (
        'percentage_rate' => 0,
        'fixed_rate' => 0,
        'currency' => 'gbp',
      ),
      'discount' => 
      array (
      ),
    ),
    'afterpay_clearpay' => 
    array (
      'base' => 
      array (
        'percentage_rate' => 0.059999999999999997779553950749686919152736663818359375,
        'fixed_rate' => 30,
        'currency' => 'gbp',
      ),
      'additional' => 
      array (
        'percentage_rate' => 0,
        'fixed_rate' => 0,
        'currency' => 'gbp',
      ),
      'fx' => 
      array (
        'percentage_rate' => 0,
        'fixed_rate' => 0,
        'currency' => 'gbp',
      ),
      'discount' => 
      array (
      ),
    ),
  ),
  'capital' => 
  array (
    'has_active_loan' => false,
    'has_previous_loans' => false,
    'loans' => 
    array (
    ),
  ),
  'fraud_services' => 
  array (
    'stripe' => 
    array (
    ),
    'sift' => 
    array (
      'beacon_key' => '1d81b5c86a',
      'sandbox_beacon_key' => '43e8654e6f',
    ),
  ),
  'store_currencies' => 
  array (
    'default' => 'gbp',
    'supported' => 
    array (
      0 => 'gbp',
    ),
  ),
  'customer_currencies' => 
  array (
    'supported' => 
    array (
      0 => 'usd',
      1 => 'aed',
      2 => 'afn',
      3 => 'all',
      4 => 'amd',
      5 => 'ang',
      6 => 'aoa',
      7 => 'ars',
      8 => 'aud',
      9 => 'awg',
      10 => 'azn',
      11 => 'bam',
      12 => 'bbd',
      13 => 'bdt',
      15 => 'bif',
      16 => 'bmd',
      17 => 'bnd',
      18 => 'bob',
      19 => 'brl',
      20 => 'bsd',
      21 => 'bwp',
      22 => 'byn',
      23 => 'bzd',
      24 => 'cad',
      25 => 'cdf',
      26 => 'chf',
      27 => 'clp',
      28 => 'cny',
      29 => 'cop',
      30 => 'crc',
      31 => 'cve',
      32 => 'czk',
      33 => 'djf',
      34 => 'dkk',
      35 => 'dop',
      36 => 'dzd',
      37 => 'egp',
      38 => 'etb',
      39 => 'eur',
      40 => 'fjd',
      41 => 'fkp',
      42 => 'gbp',
      43 => 'gel',
      44 => 'gip',
      45 => 'gmd',
      46 => 'gnf',
      47 => 'gtq',
      48 => 'gyd',
      49 => 'hkd',
      50 => 'hnl',
      51 => 'htg',
      52 => 'huf',
      53 => 'idr',
      54 => 'ils',
      55 => 'inr',
      56 => 'isk',
      57 => 'jmd',
      58 => 'jpy',
      59 => 'kes',
      60 => 'kgs',
      61 => 'khr',
      62 => 'kmf',
      63 => 'krw',
      64 => 'kyd',
      65 => 'kzt',
      66 => 'lak',
      67 => 'lbp',
      68 => 'lkr',
      69 => 'lrd',
      70 => 'lsl',
      71 => 'mad',
      72 => 'mdl',
      73 => 'mga',
      74 => 'mkd',
      75 => 'mmk',
      76 => 'mnt',
      77 => 'mop',
      78 => 'mur',
      79 => 'mvr',
      80 => 'mwk',
      81 => 'mxn',
      82 => 'myr',
      83 => 'mzn',
      84 => 'nad',
      85 => 'ngn',
      86 => 'nio',
      87 => 'nok',
      88 => 'npr',
      89 => 'nzd',
      90 => 'pab',
      91 => 'pen',
      92 => 'pgk',
      93 => 'php',
      94 => 'pkr',
      95 => 'pln',
      96 => 'pyg',
      97 => 'qar',
      98 => 'ron',
      99 => 'rsd',
      100 => 'rub',
      101 => 'rwf',
      102 => 'sar',
      103 => 'sbd',
      104 => 'scr',
      105 => 'sek',
      106 => 'sgd',
      107 => 'shp',
      108 => 'sle',
      109 => 'sos',
      110 => 'srd',
      111 => 'std',
      112 => 'szl',
      113 => 'thb',
      114 => 'tjs',
      115 => 'top',
      116 => 'try',
      117 => 'ttd',
      118 => 'twd',
      119 => 'tzs',
      120 => 'uah',
      121 => 'ugx',
      122 => 'uyu',
      123 => 'uzs',
      124 => 'vnd',
      125 => 'vuv',
      126 => 'wst',
      127 => 'xaf',
      128 => 'xcd',
      129 => 'xcg',
      130 => 'xof',
      131 => 'xpf',
      132 => 'yer',
      133 => 'zar',
      134 => 'zmw',
    ),
  ),
  'country' => '(redacted)',
  'instant_deposits_eligible' => false,
  'card_present_eligible' => true,
  'has_card_readers_available' => false,
  'platform_checkout_eligible' => false,
  'platform_direct_checkout_eligible' => false,
  'platform_global_theme_support_enabled' => false,
  'business_profile' => 
  array (
    'name' => '(redacted)',
    'url' => 'https://papapoke.co.uk',
    'support_address' => 
    array (
    ),
    'support_email' => 'contactus@papapoke.co.uk',
    'support_phone' => '+447387156597',
  ),
  'branding' => 
  array (
    'icon' => NULL,
    'logo' => NULL,
    'primary_color' => NULL,
    'secondary_color' => NULL,
  ),
  'locale' => 'en_GB',
  'has_more_failed_events' => false,
  'has_submitted_vat_data' => false,
  'is_documents_enabled' => true,
  'card_testing_protection_eligible' => false,
  'fraud_mitigation_settings' => 
  array (
    'avs_check_enabled' => false,
    'cvc_check_enabled' => true,
  ),
  'is_deferred_intent_creation_upe_enabled' => true,
  'pre_check_save_my_info' => false,
  'is_tokenized_ece_disabled' => false,
  'ece_confirmation_tokens_disabled' => false,
  'eligibility_wporg_review_campaign_2025' => false,
  'progressive_onboarding' => 
  array (
    'is_enabled' => false,
    'is_complete' => false,
  ),
)
2026-01-19T13:03:13+00:00 INFO ENVIRONMENT: array (
  'WP_User' => 'vk',
  'HTTP_REFERER' => 'https://papapoke.co.uk/wp-admin/edit.php?post_type=product',
  'HTTP_USER_AGENT' => 'Mozilla/5.0 (Macintosh; Intel Mac OS X 10_15_7) AppleWebKit/537.36 (KHTML, like Gecko) Chrome/143.0.0.0 Safari/537.36',
  'REQUEST_URI' => '/wp-admin/edit.php?s=&post_status=all&post_type=product&_wpnonce=1e1ec95e24&_wp_http_referer=wp-adminedit.phppost_typeproduct&action=-1&product_cat=bowl&product_type=&stock_status=&product_brand=&filter_action=Filter&paged=1&action2=-1',
  'DOING_AJAX' => false,
  'DOING_CRON' => false,
  'WP_CLI' => false,
)
2026-01-19T13:03:13+00:00 INFO REQUEST GET https://public-api.wordpress.com/wpcom/v2/sites/%s/wcpay/disputes/status_counts?test_mode=0
2026-01-19T13:03:13+00:00 INFO HEADERS: array (
  'Content-Type' => 'application/json; charset=utf-8',
  'User-Agent' => 'WooCommerce Payments/8.6.0',
)
2026-01-19T13:03:13+00:00 INFO RESPONSE: array (
)
2026-01-19T13:06:27+00:00 INFO ENVIRONMENT: array (
  'WP_User' => 'vk',
  'HTTP_REFERER' => '--',
  'HTTP_USER_AGENT' => 'WordPress/6.9; https://papapoke.co.uk',
  'REQUEST_URI' => '/wp-admin/admin-ajax.php?action=as_async_request_queue_runner&nonce=352a390a27',
  'DOING_AJAX' => true,
  'DOING_CRON' => false,
  'WP_CLI' => false,
)
2026-01-19T13:06:27+00:00 INFO REQUEST POST https://public-api.wordpress.com/wpcom/v2/sites/%s/wcpay/compatibility
2026-01-19T13:06:27+00:00 INFO HEADERS: array (
  'Content-Type' => 'application/json; charset=utf-8',
  'User-Agent' => 'WooCommerce Payments/8.6.0',
  'Idempotency-Key' => 'e6b3c4ae-57ec-4310-8ca6-f34a4bb7989c',
)
2026-01-19T13:06:27+00:00 INFO BODY: array (
  'test_mode' => false,
  'compatibility_data' => 
  array (
    'woopayments_version' => '8.6.0',
    'woocommerce_version' => '10.0.5',
    'woocommerce_permalinks' => 
    array (
      'product_base' => 'product',
      'category_base' => 'product-category',
      'tag_base' => 'product-tag',
      'attribute_base' => '',
      'use_verbose_page_rules' => false,
    ),
    'woocommerce_shop' => 'https://papapoke.co.uk/?page_id=7',
    'woocommerce_cart' => 'Not set',
    'woocommerce_checkout' => 'https://papapoke.co.uk/checkout/',
    'blog_theme' => 'papa',
    'active_plugins' => 
    array (
      0 => 'added-to-cart-popup-woocommerce/xoo-cp-main.php',
      1 => 'advanced-custom-fields-pro/acf.php',
      2 => 'classic-editor/classic-editor.php',
      3 => 'classic-widgets/classic-widgets.php',
      4 => 'contact-form-7/wp-contact-form-7.php',
      5 => 'health-check/health-check.php',
      6 => 'popup-maker/popup-maker.php',
      8 => 'regenerate-thumbnails/regenerate-thumbnails.php',
      9 => 'shipping-zones-by-drawing-for-woocommerce/shipping-zones-by-drawing.php',
      10 => 'svg-support/svg-support.php',
      11 => 'webp-converter-for-media/webp-converter-for-media.php',
      12 => 'woo-pincode-checker/woo-pincode-checker.php',
      13 => 'woocommerce-google-analytics-integration/woocommerce-google-analytics-integration.php',
      14 => 'woocommerce-lightbox/main.php',
      15 => 'woocommerce-payments/woocommerce-payments.php',
      17 => 'woocommerce/woocommerce.php',
      18 => 'wordpress-seo/wp-seo.php',
      19 => 'wp-rocket/wp-rocket.php',
      20 => 'wp-sitemap-page/wp-sitemap-page.php',
    ),
    'post_types_count' => 
    array (
      'post' => 0,
      'page' => 7,
      'attachment' => 0,
      'product' => 51,
      'popup' => 2,
      'popup_theme' => 8,
      'szbdzones' => 2,
    ),
  ),
)
2026-01-19T13:06:27+00:00 INFO RESPONSE: array (
  'result' => 'success',
)
2026-01-19T13:07:58+00:00 INFO ENVIRONMENT: array (
  'WP_User' => 'vk',
  'HTTP_REFERER' => 'https://papapoke.co.uk/',
  'HTTP_USER_AGENT' => 'Mozilla/5.0 (Macintosh; Intel Mac OS X 10_15_7) AppleWebKit/537.36 (KHTML, like Gecko) Chrome/143.0.0.0 Safari/537.36',
  'REQUEST_URI' => '/checkout/',
  'DOING_AJAX' => false,
  'DOING_CRON' => false,
  'WP_CLI' => false,
)
2026-01-19T13:07:58+00:00 INFO REQUEST GET https://public-api.wordpress.com/wpcom/v2/sites/%s/wcpay/payment_methods?test_mode=0&customer=cus_Sx0q8YpTeBtYGz&type=card&limit=100
2026-01-19T13:07:58+00:00 INFO HEADERS: array (
  'Content-Type' => 'application/json; charset=utf-8',
  'User-Agent' => 'WooCommerce Payments/8.6.0',
)
2026-01-19T13:07:58+00:00 INFO RESPONSE: array (
  'object' => 'list',
  'data' => 
  array (
  ),
  'has_more' => false,
  'url' => '/v1/payment_methods',
)
2026-01-19T14:19:07+00:00 INFO ENVIRONMENT: array (
  'WP_User' => 'Guest (non logged-in user)',
  'HTTP_REFERER' => '--',
  'HTTP_USER_AGENT' => 'WP Rocket/Preload',
  'REQUEST_URI' => '/product/red-dragon-roll/',
  'DOING_AJAX' => false,
  'DOING_CRON' => false,
  'WP_CLI' => false,
)
2026-01-19T14:19:07+00:00 INFO REQUEST GET https://public-api.wordpress.com/wpcom/v2/sites/%s/wcpay/currency/rates?test_mode=0&currency_from=gbp
2026-01-19T14:19:07+00:00 INFO HEADERS: array (
  'Content-Type' => 'application/json; charset=utf-8',
  'User-Agent' => 'WooCommerce Payments/8.6.0',
)
2026-01-19T14:19:07+00:00 INFO RESPONSE: array (
  'AED' => 4.9243550000000002597744241938926279544830322265625,
  'AFN' => 87.8271600000000063346305978484451770782470703125,
  'ALL' => 111.567779999999999063220457173883914947509765625,
  'AMD' => 509.15064499999999725332600064575672149658203125,
  'ANG' => 2.4001619999999999066631062305532395839691162109375,
  'AOA' => 1222.83296500000005835318006575107574462890625,
  'ARS' => 1916.695148999999901207047514617443084716796875,
  'AUD' => 2.00031699999999990069454725016839802265167236328125,
  'AWG' => 2.41357100000000013295675671542994678020477294921875,
  'AZN' => 2.279484000000000065710992203094065189361572265625,
  'BAM' => 2.25650700000000004052935764775611460208892822265625,
  'BBD' => 2.681744999999999823359075890039093792438507080078125,
  'BDT' => 163.9711379999999962819856591522693634033203125,
  'BGN' => 2.2555329999999997880877344869077205657958984375,
  'BHD' => 0.5054849999999999621280721839866600930690765380859375,
  'BIF' => 3969.11306999999987965566106140613555908203125,
  'BMD' => 1.3408729999999999815685214343830011785030364990234375,
  'BND' => 1.725826000000000082224005382158793509006500244140625,
  'BOB' => 9.263470999999999122564986464567482471466064453125,
  'BRL' => 7.21456500000000033878677641041576862335205078125,
  'BSD' => 1.3408729999999999815685214343830011785030364990234375,
  'BTC' => 1.3999999999999999789990039189557791132756392471492290496826171875E-5,
  'BTN' => 121.62734399999999368446879088878631591796875,
  'BWP' => 17.905069000000001011585482046939432621002197265625,
  'BYN' => 3.866337000000000134747324409545399248600006103515625,
  'BZD' => 2.696317000000000074777517511392943561077117919921875,
  'CAD' => 1.862244000000000010430767360958270728588104248046875,
  'CDF' => 3058.37850500000013198587112128734588623046875,
  'CHF' => 1.070859000000000005314859663485549390316009521484375,
  'CLF' => 0.030145999999999999185984478344835224561393260955810546875,
  'CLP' => 1190.346301999999923282302916049957275390625,
  'CNH' => 9.3269350000000006417621989385224878787994384765625,
  'CNY' => 9.3370329999999999159854269237257540225982666015625,
  'COP' => 4938.339254000000437372364103794097900390625,
  'CRC' => 655.213269999999965875758789479732513427734375,
  'CUC' => 1.3408729999999999815685214343830011785030364990234375,
  'CUP' => 34.52747099999999846886566956527531147003173828125,
  'CVE' => 127.2183870000000069921952672302722930908203125,
  'CZK' => 28.004124999999998379962562466971576213836669921875,
  'DJF' => 238.7343349999999873034539632499217987060546875,
  'DKK' => 8.6146510000000002804654286592267453670501708984375,
  'DOP' => 85.4118529999999935853338683955371379852294921875,
  'DZD' => 174.569403999999991583536029793322086334228515625,
  'EGP' => 63.56782299999999708006725995801389217376708984375,
  'ERN' => 20.11308999999999969077180139720439910888671875,
  'ETB' => 209.19242800000000670479494147002696990966796875,
  'EUR' => 1.15304699999999993309529600082896649837493896484375,
  'FJD' => 3.05933499999999991558752299170009791851043701171875,
  'FKP' => 1,
  'GBP' => 1,
  'GEL' => 3.6069469999999999032525010989047586917877197265625,
  'GGP' => 1,
  'GHS' => 14.52573100000000039244696381501853466033935546875,
  'GIP' => 1,
  'GMD' => 99.22458399999999301144271157681941986083984375,
  'GNF' => 11737.1672969999999622814357280731201171875,
  'GTQ' => 10.278772000000000019781509763561189174652099609375,
  'GYD' => 280.43085300000001325315679423511028289794921875,
  'HKD' => 10.4552870000000002193019099649973213672637939453125,
  'HNL' => 35.355559999999996989572537131607532501220703125,
  'HRK' => 8.68905099999999919191395747475326061248779296875,
  'HTG' => 175.61623800000000983345671556890010833740234375,
  'HUF' => 445.31487199999997983468347229063510894775390625,
  'IDR' => 22771.28364299999884678982198238372802734375,
  'ILS' => 4.24150899999999975165110299712978303432464599609375,
  'IMP' => 1,
  'INR' => 121.8509949999999975034370436333119869232177734375,
  'IQD' => 1756.24291700000003402237780392169952392578125,
  'IRR' => 56431.9670980000009876675903797149658203125,
  'ISK' => 168.58792099999999436477082781493663787841796875,
  'JEP' => 1,
  'JMD' => 211.563476000000008525603334419429302215576171875,
  'JOD' => 0.95067900000000005178435458219610154628753662109375,
  'JPY' => 211.831063999999997804479789920151233673095703125,
  'KES' => 172.9725740000000087093212641775608062744140625,
  'KGS' => 117.2593150000000008503775461576879024505615234375,
  'KHR' => 5397.349726000000373460352420806884765625,
  'KMF' => 569.8707869999999502397258765995502471923828125,
  'KPW' => 1206.7854010000000926083885133266448974609375,
  'KRW' => 1975.589694999999892388586886227130889892578125,
  'KWD' => 0.41310700000000000198241423277067951858043670654296875,
  'KYD' => 1.11717800000000000437694325228221714496612548828125,
  'KZT' => 685.5365020000000413347152061760425567626953125,
  'LAK' => 28988.223201000000699423253536224365234375,
  'LBP' => 120074.9695840000058524310588836669921875,
  'LKR' => 415.30442799999997305349097587168216705322265625,
  'LRD' => 241.987840000000005602487362921237945556640625,
  'LSL' => 21.95139100000000098589225672185420989990234375,
  'LYD' => 7.2847869999999996792894307873211801052093505859375,
  'MAD' => 12.342949000000000836507751955650746822357177734375,
  'MDL' => 22.942592999999998681914803455583751201629638671875,
  'MGA' => 6230.3004940000000715372152626514434814453125,
  'MKD' => 70.9789329999999978326741256751120090484619140625,
  'MMK' => 2815.69851500000004307366907596588134765625,
  'MNT' => 4773.5066969999998036655597388744354248046875,
  'MOP' => 10.7706169999999996633732735062949359416961669921875,
  'MUR' => 62.05558599999999813690010341815650463104248046875,
  'MVR' => 20.729890999999998513203536276705563068389892578125,
  'MWK' => 2324.69920400000000881846062839031219482421875,
  'MXN' => 23.67509400000000141517375595867633819580078125,
  'MYR' => 5.43723799999999979348785927868448197841644287109375,
  'MZN' => 85.6817549999999954479790176264941692352294921875,
  'NAD' => 21.95139100000000098589225672185420989990234375,
  'NGN' => 1904.723032999999986714101396501064300537109375,
  'NIO' => 49.3344110000000029003786039538681507110595703125,
  'NOK' => 13.5424120000000005603624231298454105854034423828125,
  'NPR' => 194.603244999999986930561135523021221160888671875,
  'NZD' => 2.318184000000000022367885321727953851222991943359375,
  'OMR' => 0.515565000000000051016968427575193345546722412109375,
  'PAB' => 1.3408729999999999815685214343830011785030364990234375,
  'PEN' => 4.5048230000000000217141860048286616802215576171875,
  'PGK' => 5.7272230000000003968807504861615598201751708984375,
  'PHP' => 79.7202379999999948267941363155841827392578125,
  'PKR' => 375.19279000000000223735696636140346527099609375,
  'PLN' => 4.8732670000000002374918040004558861255645751953125,
  'PYG' => 9163.038983000000371248461306095123291015625,
  'QAR' => 4.87448399999999981702103468705900013446807861328125,
  'RON' => 5.87101100000000020173729353700764477252960205078125,
  'RSD' => 135.29910699999999224019120447337627410888671875,
  'RUB' => 104.056229000000001860826159827411174774169921875,
  'RWF' => 1954.682097999999996318365447223186492919921875,
  'SAR' => 5.02825100000000002609112925711087882518768310546875,
  'SBD' => 10.8927279999999999660076355212368071079254150390625,
  'SCR' => 18.665918999999998817429514019750058650970458984375,
  'SDG' => 806.5349099999999680221662856638431549072265625,
  'SEK' => 12.37981500000000067984728957526385784149169921875,
  'SGD' => 1.7232160000000000810160827313666231930255889892578125,
  'SHP' => 1,
  'SLL' => 28117.42940799999996670521795749664306640625,
  'SOS' => 764.8228820000000496293068863451480865478515625,
  'SRD' => 51.433863999999999805368133820593357086181640625,
  'SSP' => 174.662073999999989837306202389299869537353515625,
  'STD' => 29877.05660999999963678419589996337890625,
  'SVC' => 11.7301909999999995903863236890174448490142822265625,
  'SYP' => 17434.02642700000069453381001949310302734375,
  'SZL' => 21.95704500000000081172402133233845233917236328125,
  'THB' => 41.92171400000000147656464832834899425506591796875,
  'TJS' => 12.46120799999999917417881079018115997314453125,
  'TMT' => 4.70646300000000028518343242467381060123443603515625,
  'TND' => 3.9321000000000001506350599811412394046783447265625,
  'TOP' => 3.228499999999999925393012745189480483531951904296875,
  'TRY' => 58.01701299999999861256583244539797306060791015625,
  'TTD' => 9.1030990000000002737579052336513996124267578125,
  'TWD' => 42.3025209999999987076080287806689739227294921875,
  'TZS' => 3386.11513400000012552482075989246368408203125,
  'UAH' => 58.1347669999999965284587233327329158782958984375,
  'UGX' => 4766.1558109999996304395608603954315185546875,
  'USD' => 1.3408729999999999815685214343830011785030364990234375,
  'UYU' => 51.76981099999999713645593146793544292449951171875,
  'UZS' => 16046.650837999999566818587481975555419921875,
  'VND' => 35216.6169650000010733492672443389892578125,
  'VUV' => 162.64785499999999274223227985203266143798828125,
  'WST' => 3.711266999999999871562295084004290401935577392578125,
  'XAF' => 756.3492939999999862266122363507747650146484375,
  'XAG' => 0.01439799999999999934041650107019449933432042598724365234375,
  'XAU' => 0.0002869999999999999829893015945714296321966685354709625244140625,
  'XCD' => 3.6237750000000001904254531837068498134613037109375,
  'XDR' => 0.94123000000000001108446667785756289958953857421875,
  'XOF' => 756.3492939999999862266122363507747650146484375,
  'XPD' => 0.000733999999999999951962037503250257941544987261295318603515625,
  'XPF' => 137.595114999999992733137332834303379058837890625,
  'XPT' => 0.000576000000000000014592493879916901278193108737468719482421875,
  'YER' => 319.7644970000000057552824728190898895263671875,
  'ZAR' => 22.0883290000000016561898519285023212432861328125,
  'ZMW' => 26.9135610000000013997123460285365581512451171875,
  'ZWL' => 431.76099900000002662636688910424709320068359375,
)
2026-01-19T20:23:28+00:00 INFO ENVIRONMENT: array (
  'WP_User' => 'Guest (non logged-in user)',
  'HTTP_REFERER' => '--',
  'HTTP_USER_AGENT' => 'Mozilla/5.0 (Windows NT 10.0; Win64; x64) AppleWebKit/537.36 (KHTML, like Gecko) Chrome/104.0.5112.81 Safari/537.36',
  'REQUEST_URI' => '/product/hosomaki-roll-with-salmon?add-to-cart=424',
  'DOING_AJAX' => false,
  'DOING_CRON' => false,
  'WP_CLI' => false,
)
2026-01-19T20:23:28+00:00 INFO ENVIRONMENT: array (
  'WP_User' => 'Guest (non logged-in user)',
  'HTTP_REFERER' => '--',
  'HTTP_USER_AGENT' => 'Mozilla/5.0 (Windows NT 10.0; Win64; x64) AppleWebKit/537.36 (KHTML, like Gecko) Chrome/107.0.0.0 Safari/537.36',
  'REQUEST_URI' => '/product/california-tobiko-roll/?add-to-cart=201',
  'DOING_AJAX' => false,
  'DOING_CRON' => false,
  'WP_CLI' => false,
)
2026-01-19T20:23:28+00:00 INFO REQUEST GET https://public-api.wordpress.com/wpcom/v2/sites/%s/wcpay/currency/rates?test_mode=0&currency_from=gbp
2026-01-19T20:23:28+00:00 INFO REQUEST GET https://public-api.wordpress.com/wpcom/v2/sites/%s/wcpay/currency/rates?test_mode=0&currency_from=gbp
2026-01-19T20:23:28+00:00 INFO HEADERS: array (
  'Content-Type' => 'application/json; charset=utf-8',
  'User-Agent' => 'WooCommerce Payments/8.6.0',
)
2026-01-19T20:23:28+00:00 INFO HEADERS: array (
  'Content-Type' => 'application/json; charset=utf-8',
  'User-Agent' => 'WooCommerce Payments/8.6.0',
)
2026-01-19T20:23:28+00:00 INFO RESPONSE: array (
  'AED' => 4.93281599999999986749799063545651733875274658203125,
  'AFN' => 87.978059000000001788066583685576915740966796875,
  'ALL' => 111.43243400000000065119820646941661834716796875,
  'AMD' => 508.54749099999997952181729488074779510498046875,
  'ANG' => 2.40428599999999992320454111904837191104888916015625,
  'AOA' => 1224.933960000000070067471824586391448974609375,
  'ARS' => 1928.834587999999939711415208876132965087890625,
  'AUD' => 1.999964999999999992752464095246978104114532470703125,
  'AWG' => 2.41771799999999981167775331414304673671722412109375,
  'AZN' => 2.283399999999999874233935770462267100811004638671875,
  'BAM' => 2.25841199999999986403054208494722843170166015625,
  'BBD' => 2.686352999999999990876631272840313613414764404296875,
  'BDT' => 164.2295149999999921419657766819000244140625,
  'BGN' => 2.255571000000000214669171327841468155384063720703125,
  'BHD' => 0.5063539999999999707824827055446803569793701171875,
  'BIF' => 3975.0882879999999204301275312900543212890625,
  'BMD' => 1.3431759999999999255493321470567025244235992431640625,
  'BND' => 1.7258750000000000479616346638067625463008880615234375,
  'BOB' => 9.3118250000000006849631972727365791797637939453125,
  'BRL' => 7.193113000000000312184056383557617664337158203125,
  'BSD' => 1.3431759999999999255493321470567025244235992431640625,
  'BTC' => 1.3999999999999999789990039189557791132756392471492290496826171875E-5,
  'BTN' => 121.959057999999998855855665169656276702880859375,
  'BWP' => 17.99200700000000097134034149348735809326171875,
  'BYN' => 3.8650310000000001053876985679380595684051513671875,
  'BZD' => 2.7004760000000000985664883046410977840423583984375,
  'CAD' => 1.862179999999999946425077723688445985317230224609375,
  'CDF' => 3063.038658999999825027771294116973876953125,
  'CHF' => 1.070767000000000024328983272425830364227294921875,
  'CLF' => 0.030201999999999999679811679698104853741824626922607421875,
  'CLP' => 1192.539228999999977531842887401580810546875,
  'CNH' => 9.3434889999999999332658262574113905429840087890625,
  'CNY' => 9.35334399999999988040144671685993671417236328125,
  'COP' => 4957.134090999999898485839366912841796875,
  'CRC' => 654.3916199999999889769242145121097564697265625,
  'CUC' => 1.3431759999999999255493321470567025244235992431640625,
  'CUP' => 34.58679399999999759529600851237773895263671875,
  'CVE' => 127.3202830000000034260665415786206722259521484375,
  'CZK' => 28.02058699999999902274794294498860836029052734375,
  'DJF' => 239.100556000000011636075214482843875885009765625,
  'DKK' => 8.615522999999999598230715491808950901031494140625,
  'DOP' => 85.450410000000005084075382910668849945068359375,
  'DZD' => 174.76821400000000039653968997299671173095703125,
  'EGP' => 63.69467499999999660076355212368071079254150390625,
  'ERN' => 20.14764699999999919555193628184497356414794921875,
  'ETB' => 209.540884000000005471520125865936279296875,
  'EUR' => 1.1531789999999999540847284151823259890079498291015625,
  'FJD' => 3.06459100000000006502887117676436901092529296875,
  'FKP' => 1,
  'GBP' => 1,
  'GEL' => 3.613144999999999829043417776119895279407501220703125,
  'GGP' => 1,
  'GHS' => 14.5081559999999996080077835358679294586181640625,
  'GIP' => 1,
  'GMD' => 99.3950650000000024419932742603123188018798828125,
  'GNF' => 11754.449123000000327010639011859893798828125,
  'GTQ' => 10.2956190000000002982005753437988460063934326171875,
  'GYD' => 280.91721599999999625651980750262737274169921875,
  'HKD' => 10.4721430000000008675442586536519229412078857421875,
  'HNL' => 35.41111000000000075260686571709811687469482421875,
  'HRK' => 8.689189999999999969304553815163671970367431640625,
  'HTG' => 175.832325999999994792233337648212909698486328125,
  'HUF' => 444.37713300000001481748768128454685211181640625,
  'IDR' => 22807.80805999999938649125397205352783203125,
  'ILS' => 4.23825900000000022060930859879590570926666259765625,
  'IMP' => 1,
  'INR' => 122.11218700000000580985215492546558380126953125,
  'IQD' => 1759.008262999999942621798254549503326416015625,
  'IRR' => 56528.92494399999850429594516754150390625,
  'ISK' => 168.582078999999993129677022807300090789794921875,
  'JEP' => 1,
  'JMD' => 211.89208800000000110230757854878902435302734375,
  'JOD' => 0.95231200000000004735056791105307638645172119140625,
  'JPY' => 212.263520999999997229679138399660587310791015625,
  'KES' => 173.216037999999997509803506545722484588623046875,
  'KGS' => 117.4607819999999946958268992602825164794921875,
  'KHR' => 5407.679178000000320025719702243804931640625,
  'KMF' => 570.849903000000040265149436891078948974609375,
  'KPW' => 1208.8588239999999132123775780200958251953125,
  'KRW' => 1978.403755000000046493369154632091522216796875,
  'KWD' => 0.41365499999999999491961943931528367102146148681640625,
  'KYD' => 1.1189430000000000209325889954925514757633209228515625,
  'KZT' => 683.006163000000015017576515674591064453125,
  'LAK' => 29037.09438099999897531233727931976318359375,
  'LBP' => 120217.555710000000544823706150054931640625,
  'LKR' => 415.9027389999999968495103530585765838623046875,
  'LRD' => 243.026621000000005778929335065186023712158203125,
  'LSL' => 22.12518899999999888450474827550351619720458984375,
  'LYD' => 7.2963959999999996597352946992032229900360107421875,
  'MAD' => 12.376507000000000147110768011771142482757568359375,
  'MDL' => 22.84715200000000123736754176206886768341064453125,
  'MGA' => 6087.7816579999998793937265872955322265625,
  'MKD' => 71.0049510000000054787960834801197052001953125,
  'MMK' => 2820.5362709999999424326233565807342529296875,
  'MNT' => 4781.708236000000397325493395328521728515625,
  'MOP' => 10.78448900000000065801941673271358013153076171875,
  'MUR' => 62.162205999999997629856807179749011993408203125,
  'MVR' => 20.765508000000000521367837791331112384796142578125,
  'MWK' => 2328.29884499999980107531882822513580322265625,
  'MXN' => 23.60910700000000161935531650669872760772705078125,
  'MYR' => 5.44657999999999997697841536137275397777557373046875,
  'MZN' => 85.828967000000005782567313872277736663818359375,
  'NAD' => 22.12518899999999888450474827550351619720458984375,
  'NGN' => 1906.450955000000021755113266408443450927734375,
  'NIO' => 49.4111199999999968213160173036158084869384765625,
  'NOK' => 13.510816999999999410420059575699269771575927734375,
  'NPR' => 195.134902000000010957592166960239410400390625,
  'NZD' => 2.317827999999999999403144101961515843868255615234375,
  'OMR' => 0.5164699999999999846522769075818359851837158203125,
  'PAB' => 1.3431759999999999255493321470567025244235992431640625,
  'PEN' => 4.51004999999999967030817060731351375579833984375,
  'PGK' => 5.736428000000000082536644185893237590789794921875,
  'PHP' => 79.802143999999998413841240108013153076171875,
  'PKR' => 375.72591899999997622217051684856414794921875,
  'PLN' => 4.87146800000000013142198440618813037872314453125,
  'PYG' => 8951.392991999999139807187020778656005859375,
  'QAR' => 4.9085260000000001667785909376107156276702880859375,
  'RON' => 5.8730390000000003425384420552290976047515869140625,
  'RSD' => 135.384422999999998182829585857689380645751953125,
  'RUB' => 104.096228999999993902747519314289093017578125,
  'RWF' => 1958.349768000000040046870708465576171875,
  'SAR' => 5.03673199999999976483877617283724248409271240234375,
  'SBD' => 10.9114430000000002252136255265213549137115478515625,
  'SCR' => 17.927088999999998719658833579160273075103759765625,
  'SDG' => 807.9206470000000308573362417519092559814453125,
  'SEK' => 12.3633410000000001360831447527743875980377197265625,
  'SGD' => 1.7255119999999999347295442930771969258785247802734375,
  'SHP' => 1,
  'SLL' => 28165.7390010000017355196177959442138671875,
  'SOS' => 766.0549939999999651263351552188396453857421875,
  'SRD' => 51.432242000000002235537976957857608795166015625,
  'SSP' => 174.962166999999993777237250469624996185302734375,
  'STD' => 29928.389483999999356456100940704345703125,
  'SVC' => 11.747669999999999390638549812138080596923828125,
  'SYP' => 17463.98047099999894271604716777801513671875,
  'SZL' => 22.117892999999998693283487227745354175567626953125,
  'THB' => 41.9474009999999992714947438798844814300537109375,
  'TJS' => 12.514312000000000324462234857492148876190185546875,
  'TMT' => 4.71455000000000001847411112976260483264923095703125,
  'TND' => 3.933259000000000060737193052773363888263702392578125,
  'TOP' => 3.234046999999999894015445534023456275463104248046875,
  'TRY' => 58.10903799999999819192453287541866302490234375,
  'TTD' => 9.1132100000000004769162842421792447566986083984375,
  'TWD' => 42.38863400000000325462679029442369937896728515625,
  'TZS' => 3391.93294400000013411045074462890625,
  'UAH' => 58.1050070000000005165929906070232391357421875,
  'UGX' => 4678.9960330000003523309715092182159423828125,
  'USD' => 1.3431759999999999255493321470567025244235992431640625,
  'UYU' => 51.8449370000000016034391592256724834442138671875,
  'UZS' => 16062.595830000000205473043024539947509765625,
  'VND' => 35277.1239350000032573007047176361083984375,
  'VUV' => 162.92730599999998730709194205701351165771484375,
  'WST' => 3.71764399999999994861354934982955455780029296875,
  'XAF' => 756.4356679999999641950125806033611297607421875,
  'XAG' => 0.0142089999999999994084731724797165952622890472412109375,
  'XAU' => 0.0002869999999999999829893015945714296321966685354709625244140625,
  'XCD' => 3.63000200000000017297452359343878924846649169921875,
  'XDR' => 0.94284800000000001940492211360833607614040374755859375,
  'XOF' => 756.4356679999999641950125806033611297607421875,
  'XPD' => 0.000720000000000000045345671662033737447927705943584442138671875,
  'XPF' => 137.610827999999997928171069361269474029541015625,
  'XPT' => 0.0005720000000000000257849297469192606513388454914093017578125,
  'YER' => 320.3138959999999997307895682752132415771484375,
  'ZAR' => 21.999853999999999132342054508626461029052734375,
  'ZMW' => 26.888124999999998721023075631819665431976318359375,
  'ZWL' => 432.50282399999997551276464946568012237548828125,
)
2026-01-19T20:23:28+00:00 INFO RESPONSE: array (
  'AED' => 4.93281599999999986749799063545651733875274658203125,
  'AFN' => 87.978059000000001788066583685576915740966796875,
  'ALL' => 111.43243400000000065119820646941661834716796875,
  'AMD' => 508.54749099999997952181729488074779510498046875,
  'ANG' => 2.40428599999999992320454111904837191104888916015625,
  'AOA' => 1224.933960000000070067471824586391448974609375,
  'ARS' => 1928.834587999999939711415208876132965087890625,
  'AUD' => 1.999964999999999992752464095246978104114532470703125,
  'AWG' => 2.41771799999999981167775331414304673671722412109375,
  'AZN' => 2.283399999999999874233935770462267100811004638671875,
  'BAM' => 2.25841199999999986403054208494722843170166015625,
  'BBD' => 2.686352999999999990876631272840313613414764404296875,
  'BDT' => 164.2295149999999921419657766819000244140625,
  'BGN' => 2.255571000000000214669171327841468155384063720703125,
  'BHD' => 0.5063539999999999707824827055446803569793701171875,
  'BIF' => 3975.0882879999999204301275312900543212890625,
  'BMD' => 1.3431759999999999255493321470567025244235992431640625,
  'BND' => 1.7258750000000000479616346638067625463008880615234375,
  'BOB' => 9.3118250000000006849631972727365791797637939453125,
  'BRL' => 7.193113000000000312184056383557617664337158203125,
  'BSD' => 1.3431759999999999255493321470567025244235992431640625,
  'BTC' => 1.3999999999999999789990039189557791132756392471492290496826171875E-5,
  'BTN' => 121.959057999999998855855665169656276702880859375,
  'BWP' => 17.99200700000000097134034149348735809326171875,
  'BYN' => 3.8650310000000001053876985679380595684051513671875,
  'BZD' => 2.7004760000000000985664883046410977840423583984375,
  'CAD' => 1.862179999999999946425077723688445985317230224609375,
  'CDF' => 3063.038658999999825027771294116973876953125,
  'CHF' => 1.070767000000000024328983272425830364227294921875,
  'CLF' => 0.030201999999999999679811679698104853741824626922607421875,
  'CLP' => 1192.539228999999977531842887401580810546875,
  'CNH' => 9.3434889999999999332658262574113905429840087890625,
  'CNY' => 9.35334399999999988040144671685993671417236328125,
  'COP' => 4957.134090999999898485839366912841796875,
  'CRC' => 654.3916199999999889769242145121097564697265625,
  'CUC' => 1.3431759999999999255493321470567025244235992431640625,
  'CUP' => 34.58679399999999759529600851237773895263671875,
  'CVE' => 127.3202830000000034260665415786206722259521484375,
  'CZK' => 28.02058699999999902274794294498860836029052734375,
  'DJF' => 239.100556000000011636075214482843875885009765625,
  'DKK' => 8.615522999999999598230715491808950901031494140625,
  'DOP' => 85.450410000000005084075382910668849945068359375,
  'DZD' => 174.76821400000000039653968997299671173095703125,
  'EGP' => 63.69467499999999660076355212368071079254150390625,
  'ERN' => 20.14764699999999919555193628184497356414794921875,
  'ETB' => 209.540884000000005471520125865936279296875,
  'EUR' => 1.1531789999999999540847284151823259890079498291015625,
  'FJD' => 3.06459100000000006502887117676436901092529296875,
  'FKP' => 1,
  'GBP' => 1,
  'GEL' => 3.613144999999999829043417776119895279407501220703125,
  'GGP' => 1,
  'GHS' => 14.5081559999999996080077835358679294586181640625,
  'GIP' => 1,
  'GMD' => 99.3950650000000024419932742603123188018798828125,
  'GNF' => 11754.449123000000327010639011859893798828125,
  'GTQ' => 10.2956190000000002982005753437988460063934326171875,
  'GYD' => 280.91721599999999625651980750262737274169921875,
  'HKD' => 10.4721430000000008675442586536519229412078857421875,
  'HNL' => 35.41111000000000075260686571709811687469482421875,
  'HRK' => 8.689189999999999969304553815163671970367431640625,
  'HTG' => 175.832325999999994792233337648212909698486328125,
  'HUF' => 444.37713300000001481748768128454685211181640625,
  'IDR' => 22807.80805999999938649125397205352783203125,
  'ILS' => 4.23825900000000022060930859879590570926666259765625,
  'IMP' => 1,
  'INR' => 122.11218700000000580985215492546558380126953125,
  'IQD' => 1759.008262999999942621798254549503326416015625,
  'IRR' => 56528.92494399999850429594516754150390625,
  'ISK' => 168.582078999999993129677022807300090789794921875,
  'JEP' => 1,
  'JMD' => 211.89208800000000110230757854878902435302734375,
  'JOD' => 0.95231200000000004735056791105307638645172119140625,
  'JPY' => 212.263520999999997229679138399660587310791015625,
  'KES' => 173.216037999999997509803506545722484588623046875,
  'KGS' => 117.4607819999999946958268992602825164794921875,
  'KHR' => 5407.679178000000320025719702243804931640625,
  'KMF' => 570.849903000000040265149436891078948974609375,
  'KPW' => 1208.8588239999999132123775780200958251953125,
  'KRW' => 1978.403755000000046493369154632091522216796875,
  'KWD' => 0.41365499999999999491961943931528367102146148681640625,
  'KYD' => 1.1189430000000000209325889954925514757633209228515625,
  'KZT' => 683.006163000000015017576515674591064453125,
  'LAK' => 29037.09438099999897531233727931976318359375,
  'LBP' => 120217.555710000000544823706150054931640625,
  'LKR' => 415.9027389999999968495103530585765838623046875,
  'LRD' => 243.026621000000005778929335065186023712158203125,
  'LSL' => 22.12518899999999888450474827550351619720458984375,
  'LYD' => 7.2963959999999996597352946992032229900360107421875,
  'MAD' => 12.376507000000000147110768011771142482757568359375,
  'MDL' => 22.84715200000000123736754176206886768341064453125,
  'MGA' => 6087.7816579999998793937265872955322265625,
  'MKD' => 71.0049510000000054787960834801197052001953125,
  'MMK' => 2820.5362709999999424326233565807342529296875,
  'MNT' => 4781.708236000000397325493395328521728515625,
  'MOP' => 10.78448900000000065801941673271358013153076171875,
  'MUR' => 62.162205999999997629856807179749011993408203125,
  'MVR' => 20.765508000000000521367837791331112384796142578125,
  'MWK' => 2328.29884499999980107531882822513580322265625,
  'MXN' => 23.60910700000000161935531650669872760772705078125,
  'MYR' => 5.44657999999999997697841536137275397777557373046875,
  'MZN' => 85.828967000000005782567313872277736663818359375,
  'NAD' => 22.12518899999999888450474827550351619720458984375,
  'NGN' => 1906.450955000000021755113266408443450927734375,
  'NIO' => 49.4111199999999968213160173036158084869384765625,
  'NOK' => 13.510816999999999410420059575699269771575927734375,
  'NPR' => 195.134902000000010957592166960239410400390625,
  'NZD' => 2.317827999999999999403144101961515843868255615234375,
  'OMR' => 0.5164699999999999846522769075818359851837158203125,
  'PAB' => 1.3431759999999999255493321470567025244235992431640625,
  'PEN' => 4.51004999999999967030817060731351375579833984375,
  'PGK' => 5.736428000000000082536644185893237590789794921875,
  'PHP' => 79.802143999999998413841240108013153076171875,
  'PKR' => 375.72591899999997622217051684856414794921875,
  'PLN' => 4.87146800000000013142198440618813037872314453125,
  'PYG' => 8951.392991999999139807187020778656005859375,
  'QAR' => 4.9085260000000001667785909376107156276702880859375,
  'RON' => 5.8730390000000003425384420552290976047515869140625,
  'RSD' => 135.384422999999998182829585857689380645751953125,
  'RUB' => 104.096228999999993902747519314289093017578125,
  'RWF' => 1958.349768000000040046870708465576171875,
  'SAR' => 5.03673199999999976483877617283724248409271240234375,
  'SBD' => 10.9114430000000002252136255265213549137115478515625,
  'SCR' => 17.927088999999998719658833579160273075103759765625,
  'SDG' => 807.9206470000000308573362417519092559814453125,
  'SEK' => 12.3633410000000001360831447527743875980377197265625,
  'SGD' => 1.7255119999999999347295442930771969258785247802734375,
  'SHP' => 1,
  'SLL' => 28165.7390010000017355196177959442138671875,
  'SOS' => 766.0549939999999651263351552188396453857421875,
  'SRD' => 51.432242000000002235537976957857608795166015625,
  'SSP' => 174.962166999999993777237250469624996185302734375,
  'STD' => 29928.389483999999356456100940704345703125,
  'SVC' => 11.747669999999999390638549812138080596923828125,
  'SYP' => 17463.98047099999894271604716777801513671875,
  'SZL' => 22.117892999999998693283487227745354175567626953125,
  'THB' => 41.9474009999999992714947438798844814300537109375,
  'TJS' => 12.514312000000000324462234857492148876190185546875,
  'TMT' => 4.71455000000000001847411112976260483264923095703125,
  'TND' => 3.933259000000000060737193052773363888263702392578125,
  'TOP' => 3.234046999999999894015445534023456275463104248046875,
  'TRY' => 58.10903799999999819192453287541866302490234375,
  'TTD' => 9.1132100000000004769162842421792447566986083984375,
  'TWD' => 42.38863400000000325462679029442369937896728515625,
  'TZS' => 3391.93294400000013411045074462890625,
  'UAH' => 58.1050070000000005165929906070232391357421875,
  'UGX' => 4678.9960330000003523309715092182159423828125,
  'USD' => 1.3431759999999999255493321470567025244235992431640625,
  'UYU' => 51.8449370000000016034391592256724834442138671875,
  'UZS' => 16062.595830000000205473043024539947509765625,
  'VND' => 35277.1239350000032573007047176361083984375,
  'VUV' => 162.92730599999998730709194205701351165771484375,
  'WST' => 3.71764399999999994861354934982955455780029296875,
  'XAF' => 756.4356679999999641950125806033611297607421875,
  'XAG' => 0.0142089999999999994084731724797165952622890472412109375,
  'XAU' => 0.0002869999999999999829893015945714296321966685354709625244140625,
  'XCD' => 3.63000200000000017297452359343878924846649169921875,
  'XDR' => 0.94284800000000001940492211360833607614040374755859375,
  'XOF' => 756.4356679999999641950125806033611297607421875,
  'XPD' => 0.000720000000000000045345671662033737447927705943584442138671875,
  'XPF' => 137.610827999999997928171069361269474029541015625,
  'XPT' => 0.0005720000000000000257849297469192606513388454914093017578125,
  'YER' => 320.3138959999999997307895682752132415771484375,
  'ZAR' => 21.999853999999999132342054508626461029052734375,
  'ZMW' => 26.888124999999998721023075631819665431976318359375,
  'ZWL' => 432.50282399999997551276464946568012237548828125,
)
2026-01-19T22:26:58+00:00 INFO ENVIRONMENT: array (
  'WP_User' => 'Guest (non logged-in user)',
  'HTTP_REFERER' => '--',
  'HTTP_USER_AGENT' => 'WordPress/6.9; https://papapoke.co.uk',
  'REQUEST_URI' => '/wp-cron.php?doing_wp_cron=1768861618.2273559570312500000000',
  'DOING_AJAX' => false,
  'DOING_CRON' => true,
  'WP_CLI' => false,
)
2026-01-19T22:26:58+00:00 INFO REQUEST GET https://public-api.wordpress.com/wpcom/v2/wcpay/woopay/compatibility?test_mode=0
2026-01-19T22:26:58+00:00 INFO HEADERS: array (
  'Content-Type' => 'application/json; charset=utf-8',
  'User-Agent' => 'WooCommerce Payments/8.6.0',
)
2026-01-19T22:26:58+00:00 INFO RESPONSE: array (
  'incompatible_extensions' => 
  array (
    0 => 'class-wcdonation',
    1 => 'woocommerce-avatax',
    2 => 'woocommerce-table-rate-shipping',
    3 => 'woocommerce-memberships-for-teams',
    4 => 'woocommerce-checkout-add-ons',
    5 => 'woocommerce-checkout-field-editor',
    6 => 'woocommerce-eu-vat-number',
    7 => 'woocommerce-order-delivery',
    8 => 'woocommerce-pdf-product-vouchers',
    9 => 'woocommerce-shipping-local-pickup-plus',
    10 => 'woocommerce-shipping-multiple-addresses',
    11 => 'woocommerce-smart-coupons',
    12 => 'woocommerce-subscriptions-gifting',
    13 => 'advanced-product-fields-for-woocommerce',
    14 => 'mage-eventpress',
  ),
  'adapted_extensions' => 
  array (
    0 => 'woocommerce-points-and-rewards',
    1 => 'woocommerce-gift-cards',
  ),
  'available_countries' => 
  array (
    0 => 'US',
  ),
)
